TN:
SF:/Users/pragalbha/Documents/GoComet/frontend-service/components/admin/workflow/index.jsx
FN:22,(anonymous_0)
FN:27,(anonymous_1)
FN:40,(anonymous_2)
FN:43,(anonymous_3)
FN:48,(anonymous_4)
FN:58,(anonymous_5)
FN:66,(anonymous_6)
FN:91,(anonymous_7)
FN:95,(anonymous_8)
FN:104,(anonymous_9)
FN:115,(anonymous_10)
FN:156,(anonymous_11)
FN:157,(anonymous_12)
FN:158,(anonymous_13)
FN:161,(anonymous_14)
FNF:15
FNH:0
FNDA:0,(anonymous_0)
FNDA:0,(anonymous_1)
FNDA:0,(anonymous_2)
FNDA:0,(anonymous_3)
FNDA:0,(anonymous_4)
FNDA:0,(anonymous_5)
FNDA:0,(anonymous_6)
FNDA:0,(anonymous_7)
FNDA:0,(anonymous_8)
FNDA:0,(anonymous_9)
FNDA:0,(anonymous_10)
FNDA:0,(anonymous_11)
FNDA:0,(anonymous_12)
FNDA:0,(anonymous_13)
FNDA:0,(anonymous_14)
DA:17,0
DA:19,0
DA:20,0
DA:22,0
DA:23,0
DA:24,0
DA:25,0
DA:26,0
DA:27,0
DA:28,0
DA:29,0
DA:30,0
DA:31,0
DA:33,0
DA:35,0
DA:38,0
DA:40,0
DA:44,0
DA:45,0
DA:49,0
DA:50,0
DA:52,0
DA:53,0
DA:55,0
DA:57,0
DA:59,0
DA:60,0
DA:61,0
DA:67,0
DA:73,0
DA:75,0
DA:79,0
DA:80,0
DA:81,0
DA:82,0
DA:83,0
DA:85,0
DA:86,0
DA:87,0
DA:91,0
DA:92,0
DA:95,0
DA:96,0
DA:104,0
DA:118,0
DA:119,0
DA:121,0
DA:153,0
DA:161,0
DA:162,0
DA:163,0
DA:164,0
LF:52
LH:0
BRDA:23,0,0,0
BRDA:23,0,1,0
BRDA:26,1,0,0
BRDA:26,1,1,0
BRDA:28,2,0,0
BRDA:28,2,1,0
BRDA:30,3,0,0
BRDA:30,3,1,0
BRDA:40,4,0,0
BRDA:40,4,1,0
BRDA:53,5,0,0
BRDA:53,5,1,0
BRDA:55,6,0,0
BRDA:55,6,1,0
BRDA:55,7,0,0
BRDA:55,7,1,0
BRDA:59,8,0,0
BRDA:59,8,1,0
BRDA:60,9,0,0
BRDA:60,9,1,0
BRDA:119,10,0,0
BRDA:119,10,1,0
BRDA:163,11,0,0
BRDA:163,11,1,0
BRF:24
BRH:0
end_of_record
TN:
SF:/Users/pragalbha/Documents/GoComet/frontend-service/components/admin/workflow/styles.jsx
FNF:0
FNH:0
DA:5,0
DA:6,0
DA:10,0
DA:14,0
DA:20,0
DA:24,0
LF:6
LH:0
BRF:0
BRH:0
end_of_record
TN:
SF:/Users/pragalbha/Documents/GoComet/frontend-service/components/admin/workflow/Instructions/index.jsx
FN:6,(anonymous_0)
FN:7,(anonymous_1)
FN:9,(anonymous_2)
FN:20,(anonymous_3)
FNF:4
FNH:0
FNDA:0,(anonymous_0)
FNDA:0,(anonymous_1)
FNDA:0,(anonymous_2)
FNDA:0,(anonymous_3)
DA:6,0
DA:7,0
DA:8,0
DA:9,0
DA:11,0
DA:12,0
DA:14,0
DA:17,0
DA:20,0
DA:31,0
DA:33,0
DA:176,0
DA:179,0
DA:191,0
LF:14
LH:0
BRDA:8,0,0,0
BRDA:8,0,1,0
BRDA:11,1,0,0
BRDA:11,1,1,0
BRDA:12,2,0,0
BRDA:12,2,1,0
BRDA:14,3,0,0
BRDA:14,3,1,0
BRDA:31,4,0,0
BRDA:31,4,1,0
BRDA:181,5,0,0
BRDA:181,5,1,0
BRF:12
BRH:0
end_of_record
TN:
SF:/Users/pragalbha/Documents/GoComet/frontend-service/components/admin/workflow/Instructions/View/index.jsx
FN:5,(anonymous_0)
FNF:1
FNH:0
FNDA:0,(anonymous_0)
DA:5,0
DA:6,0
DA:19,0
LF:3
LH:0
BRDA:8,0,0,0
BRDA:8,0,1,0
BRDA:9,1,0,0
BRDA:9,1,1,0
BRF:4
BRH:0
end_of_record
TN:
SF:/Users/pragalbha/Documents/GoComet/frontend-service/components/admin/workflow/Instructions/View/styles.jsx
FNF:0
FNH:0
DA:4,0
DA:12,0
LF:2
LH:0
BRF:0
BRH:0
end_of_record
TN:
SF:/Users/pragalbha/Documents/GoComet/frontend-service/components/admin/workflow/StatusAction/FlowAction.jsx
FN:8,(anonymous_0)
FN:28,(anonymous_1)
FN:57,(anonymous_2)
FNF:3
FNH:0
FNDA:0,(anonymous_0)
FNDA:0,(anonymous_1)
FNDA:0,(anonymous_2)
DA:8,0
DA:11,0
DA:13,0
DA:29,0
DA:51,0
LF:5
LH:0
BRDA:11,0,0,0
BRDA:11,0,1,0
BRDA:16,1,0,0
BRDA:16,1,1,0
BRDA:22,2,0,0
BRDA:22,2,1,0
BRDA:32,3,0,0
BRDA:32,3,1,0
BRF:8
BRH:0
end_of_record
TN:
SF:/Users/pragalbha/Documents/GoComet/frontend-service/components/admin/workflow/StatusAction/index.jsx
FN:28,(anonymous_0)
FN:37,(anonymous_1)
FN:77,(anonymous_2)
FN:88,(anonymous_3)
FN:109,(anonymous_4)
FN:110,(anonymous_5)
FNF:6
FNH:0
FNDA:0,(anonymous_0)
FNDA:0,(anonymous_1)
FNDA:0,(anonymous_2)
FNDA:0,(anonymous_3)
FNDA:0,(anonymous_4)
FNDA:0,(anonymous_5)
DA:12,0
DA:13,0
DA:15,0
DA:20,0
DA:28,0
DA:29,0
DA:30,0
DA:31,0
DA:32,0
DA:33,0
DA:38,0
DA:41,0
DA:43,0
DA:78,0
DA:89,0
DA:107,0
LF:16
LH:0
BRDA:29,0,0,0
BRDA:29,0,1,0
BRDA:41,1,0,0
BRDA:41,1,1,0
BRDA:76,2,0,0
BRDA:76,2,1,0
BRDA:77,3,0,0
BRDA:77,3,1,0
BRDA:87,4,0,0
BRDA:87,4,1,0
BRDA:88,5,0,0
BRDA:88,5,1,0
BRF:12
BRH:0
end_of_record
TN:
SF:/Users/pragalbha/Documents/GoComet/frontend-service/components/admin/workflow/StatusAction/styles.jsx
FNF:0
FNH:0
DA:4,0
LF:1
LH:0
BRF:0
BRH:0
end_of_record
