TN:
SF:/home/psp/gocomet/engagement-app/components/client/tracking/details/Icons.jsx
FN:1,(anonymous_0)
FN:3,(anonymous_1)
FNF:2
FNH:0
FNDA:0,(anonymous_0)
FNDA:0,(anonymous_1)
DA:1,0
DA:3,0
DA:4,0
LF:3
LH:0
BRF:0
BRH:0
end_of_record
TN:
SF:/home/psp/gocomet/engagement-app/components/client/tracking/details/ReportError.jsx
FN:11,(anonymous_0)
FN:17,(anonymous_1)
FN:21,(anonymous_2)
FN:27,(anonymous_3)
FN:76,(anonymous_4)
FN:77,(anonymous_5)
FNF:6
FNH:0
FNDA:0,(anonymous_0)
FNDA:0,(anonymous_1)
FNDA:0,(anonymous_2)
FNDA:0,(anonymous_3)
FNDA:0,(anonymous_4)
FNDA:0,(anonymous_5)
DA:8,0
DA:12,0
DA:14,0
DA:17,0
DA:18,0
DA:21,0
DA:22,0
DA:23,0
DA:24,0
DA:28,0
DA:29,0
DA:31,0
DA:74,0
LF:13
LH:0
BRF:0
BRH:0
end_of_record
TN:
SF:/home/psp/gocomet/engagement-app/components/client/tracking/details/index.jsx
FN:52,(anonymous_0)
FN:53,(anonymous_1)
FN:54,(anonymous_2)
FN:82,(anonymous_3)
FN:102,(anonymous_4)
FN:106,(anonymous_5)
FN:111,(anonymous_6)
FN:152,(anonymous_7)
FN:158,(anonymous_8)
FN:179,(anonymous_9)
FN:187,(anonymous_10)
FN:192,(anonymous_11)
FN:202,(anonymous_12)
FN:205,(anonymous_13)
FN:214,(anonymous_14)
FN:233,(anonymous_15)
FN:237,(anonymous_16)
FN:238,(anonymous_17)
FN:242,(anonymous_18)
FN:247,(anonymous_19)
FN:249,(anonymous_20)
FN:255,(anonymous_21)
FN:260,(anonymous_22)
FN:273,(anonymous_23)
FN:277,(anonymous_24)
FN:281,(anonymous_25)
FN:285,(anonymous_26)
FN:287,(anonymous_27)
FN:293,(anonymous_28)
FN:363,(anonymous_29)
FN:381,(anonymous_30)
FN:438,(anonymous_31)
FN:700,(anonymous_32)
FN:701,(anonymous_33)
FN:702,(anonymous_34)
FN:705,(anonymous_35)
FNF:36
FNH:0
FNDA:0,(anonymous_0)
FNDA:0,(anonymous_1)
FNDA:0,(anonymous_2)
FNDA:0,(anonymous_3)
FNDA:0,(anonymous_4)
FNDA:0,(anonymous_5)
FNDA:0,(anonymous_6)
FNDA:0,(anonymous_7)
FNDA:0,(anonymous_8)
FNDA:0,(anonymous_9)
FNDA:0,(anonymous_10)
FNDA:0,(anonymous_11)
FNDA:0,(anonymous_12)
FNDA:0,(anonymous_13)
FNDA:0,(anonymous_14)
FNDA:0,(anonymous_15)
FNDA:0,(anonymous_16)
FNDA:0,(anonymous_17)
FNDA:0,(anonymous_18)
FNDA:0,(anonymous_19)
FNDA:0,(anonymous_20)
FNDA:0,(anonymous_21)
FNDA:0,(anonymous_22)
FNDA:0,(anonymous_23)
FNDA:0,(anonymous_24)
FNDA:0,(anonymous_25)
FNDA:0,(anonymous_26)
FNDA:0,(anonymous_27)
FNDA:0,(anonymous_28)
FNDA:0,(anonymous_29)
FNDA:0,(anonymous_30)
FNDA:0,(anonymous_31)
FNDA:0,(anonymous_32)
FNDA:0,(anonymous_33)
FNDA:0,(anonymous_34)
FNDA:0,(anonymous_35)
DA:52,0
DA:53,0
DA:54,0
DA:55,0
DA:57,0
DA:58,0
DA:61,0
DA:80,0
DA:83,0
DA:84,0
DA:85,0
DA:86,0
DA:87,0
DA:91,0
DA:92,0
DA:93,0
DA:95,0
DA:96,0
DA:98,0
DA:99,0
DA:102,0
DA:103,0
DA:106,0
DA:107,0
DA:112,0
DA:113,0
DA:119,0
DA:121,0
DA:123,0
DA:124,0
DA:126,0
DA:129,0
DA:132,0
DA:134,0
DA:138,0
DA:141,0
DA:142,0
DA:143,0
DA:148,0
DA:152,0
DA:153,0
DA:154,0
DA:155,0
DA:156,0
DA:157,0
DA:158,0
DA:159,0
DA:160,0
DA:163,0
DA:164,0
DA:170,0
DA:175,0
DA:179,0
DA:180,0
DA:181,0
DA:182,0
DA:183,0
DA:187,0
DA:188,0
DA:192,0
DA:194,0
DA:195,0
DA:196,0
DA:197,0
DA:202,0
DA:203,0
DA:204,0
DA:205,0
DA:207,0
DA:214,0
DA:215,0
DA:216,0
DA:217,0
DA:218,0
DA:219,0
DA:220,0
DA:224,0
DA:225,0
DA:227,0
DA:233,0
DA:234,0
DA:237,0
DA:238,0
DA:242,0
DA:243,0
DA:244,0
DA:246,0
DA:247,0
DA:250,0
DA:255,0
DA:256,0
DA:257,0
DA:260,0
DA:261,0
DA:263,0
DA:264,0
DA:269,0
DA:273,0
DA:274,0
DA:277,0
DA:278,0
DA:281,0
DA:282,0
DA:285,0
DA:286,0
DA:287,0
DA:288,0
DA:309,0
DA:333,0
DA:334,0
DA:335,0
DA:336,0
DA:338,0
DA:339,0
DA:340,0
DA:341,0
DA:343,0
DA:347,0
DA:350,0
DA:351,0
DA:352,0
DA:353,0
DA:355,0
DA:359,0
DA:360,0
DA:363,0
DA:364,0
DA:365,0
DA:370,0
DA:381,0
DA:428,0
DA:438,0
DA:687,0
DA:705,0
DA:706,0
DA:707,0
DA:710,0
DA:711,0
DA:712,0
DA:713,0
DA:715,0
DA:716,0
DA:718,0
LF:143
LH:0
BRDA:80,0,0,0
BRDA:80,0,1,0
BRDA:84,1,0,0
BRDA:84,1,1,0
BRDA:95,2,0,0
BRDA:95,2,1,0
BRDA:98,3,0,0
BRDA:98,3,1,0
BRDA:111,4,0,0
BRDA:111,5,0,0
BRDA:117,6,0,0
BRDA:118,7,0,0
BRDA:121,8,0,0
BRDA:121,8,1,0
BRDA:123,9,0,0
BRDA:123,9,1,0
BRDA:124,10,0,0
BRDA:124,10,1,0
BRDA:134,11,0,0
BRDA:134,11,1,0
BRDA:135,12,0,0
BRDA:135,12,1,0
BRDA:135,12,2,0
BRDA:141,13,0,0
BRDA:141,13,1,0
BRDA:141,14,0,0
BRDA:141,14,1,0
BRDA:141,15,0,0
BRDA:141,15,1,0
BRDA:143,16,0,0
BRDA:143,16,1,0
BRDA:144,17,0,0
BRDA:144,17,1,0
BRDA:144,17,2,0
BRDA:154,18,0,0
BRDA:154,18,1,0
BRDA:157,19,0,0
BRDA:157,19,1,0
BRDA:161,20,0,0
BRDA:161,20,1,0
BRDA:161,20,2,0
BRDA:161,20,3,0
BRDA:163,21,0,0
BRDA:163,21,1,0
BRDA:182,22,0,0
BRDA:182,22,1,0
BRDA:182,23,0,0
BRDA:182,23,1,0
BRDA:194,24,0,0
BRDA:194,24,1,0
BRDA:195,25,0,0
BRDA:195,25,1,0
BRDA:196,26,0,0
BRDA:196,26,1,0
BRDA:204,27,0,0
BRDA:204,27,1,0
BRDA:205,28,0,0
BRDA:205,28,1,0
BRDA:214,29,0,0
BRDA:216,30,0,0
BRDA:216,30,1,0
BRDA:217,31,0,0
BRDA:217,31,1,0
BRDA:218,32,0,0
BRDA:218,32,1,0
BRDA:224,33,0,0
BRDA:224,33,1,0
BRDA:228,34,0,0
BRDA:228,34,1,0
BRDA:244,35,0,0
BRDA:244,35,1,0
BRDA:263,36,0,0
BRDA:263,36,1,0
BRDA:313,37,0,0
BRDA:315,38,0,0
BRDA:316,39,0,0
BRDA:317,40,0,0
BRDA:318,41,0,0
BRDA:320,42,0,0
BRDA:321,43,0,0
BRDA:322,44,0,0
BRDA:323,45,0,0
BRDA:324,46,0,0
BRDA:325,47,0,0
BRDA:334,48,0,0
BRDA:334,48,1,0
BRDA:335,49,0,0
BRDA:335,49,1,0
BRDA:336,50,0,0
BRDA:336,50,1,0
BRDA:338,51,0,0
BRDA:338,51,1,0
BRDA:338,52,0,0
BRDA:338,52,1,0
BRDA:340,53,0,0
BRDA:340,53,1,0
BRDA:341,54,0,0
BRDA:341,54,1,0
BRDA:343,55,0,0
BRDA:343,55,1,0
BRDA:343,56,0,0
BRDA:343,56,1,0
BRDA:343,57,0,0
BRDA:343,57,1,0
BRDA:347,58,0,0
BRDA:347,59,0,0
BRDA:347,60,0,0
BRDA:347,60,1,0
BRDA:351,61,0,0
BRDA:351,61,1,0
BRDA:351,62,0,0
BRDA:351,62,1,0
BRDA:352,63,0,0
BRDA:352,63,1,0
BRDA:359,64,0,0
BRDA:359,64,1,0
BRDA:359,65,0,0
BRDA:359,65,1,0
BRDA:364,66,0,0
BRDA:364,66,1,0
BRDA:370,67,0,0
BRDA:370,67,1,0
BRDA:381,68,0,0
BRDA:381,68,1,0
BRDA:407,69,0,0
BRDA:407,69,1,0
BRDA:412,70,0,0
BRDA:412,70,1,0
BRDA:432,71,0,0
BRDA:432,71,1,0
BRDA:432,72,0,0
BRDA:432,72,1,0
BRDA:443,73,0,0
BRDA:443,73,1,0
BRDA:450,74,0,0
BRDA:450,74,1,0
BRDA:478,75,0,0
BRDA:478,75,1,0
BRDA:478,76,0,0
BRDA:478,76,1,0
BRDA:480,77,0,0
BRDA:480,77,1,0
BRDA:498,78,0,0
BRDA:498,78,1,0
BRDA:536,79,0,0
BRDA:536,79,1,0
BRDA:536,79,2,0
BRDA:626,80,0,0
BRDA:626,80,1,0
BRDA:639,81,0,0
BRDA:639,81,1,0
BRDA:646,82,0,0
BRDA:646,82,1,0
BRDA:706,83,0,0
BRDA:706,83,1,0
BRDA:710,84,0,0
BRDA:710,84,1,0
BRDA:711,85,0,0
BRDA:711,85,1,0
BRDA:712,86,0,0
BRDA:712,86,1,0
BRDA:713,87,0,0
BRDA:713,87,1,0
BRDA:713,88,0,0
BRDA:713,88,1,0
BRDA:715,89,0,0
BRDA:715,89,1,0
BRDA:716,90,0,0
BRDA:716,90,1,0
BRF:169
BRH:0
end_of_record
TN:
SF:/home/psp/gocomet/engagement-app/components/client/tracking/details/styles.jsx
FN:80,(anonymous_0)
FNF:1
FNH:0
FNDA:0,(anonymous_0)
DA:6,0
DA:20,0
DA:26,0
DA:30,0
DA:34,0
DA:52,0
DA:80,0
DA:108,0
DA:136,0
DA:150,0
DA:171,0
DA:188,0
DA:195,0
DA:209,0
DA:226,0
DA:233,0
LF:16
LH:0
BRDA:80,0,0,0
BRDA:80,0,1,0
BRDA:80,1,0,0
BRDA:80,1,1,0
BRF:4
BRH:0
end_of_record
TN:
SF:/home/psp/gocomet/engagement-app/components/client/tracking/details/Documents/index.jsx
FN:21,(anonymous_0)
FN:27,(anonymous_1)
FN:27,(anonymous_2)
FN:29,(anonymous_3)
FN:117,(anonymous_4)
FN:120,(anonymous_5)
FNF:6
FNH:0
FNDA:0,(anonymous_0)
FNDA:0,(anonymous_1)
FNDA:0,(anonymous_2)
FNDA:0,(anonymous_3)
FNDA:0,(anonymous_4)
FNDA:0,(anonymous_5)
DA:17,0
DA:18,0
DA:22,0
DA:23,0
DA:27,0
DA:32,0
DA:33,0
DA:34,0
DA:35,0
DA:36,0
DA:37,0
DA:39,0
DA:41,0
DA:115,0
DA:120,0
DA:121,0
DA:123,0
LF:17
LH:0
BRDA:27,0,0,0
BRDA:27,0,1,0
BRDA:34,1,0,0
BRDA:34,1,1,0
BRDA:34,2,0,0
BRDA:34,2,1,0
BRDA:36,3,0,0
BRDA:36,3,1,0
BRDA:36,4,0,0
BRDA:36,4,1,0
BRDA:39,5,0,0
BRDA:39,5,1,0
BRF:12
BRH:0
end_of_record
TN:
SF:/home/psp/gocomet/engagement-app/components/client/tracking/details/Documents/styles.jsx
FNF:0
FNH:0
DA:4,0
DA:8,0
DA:13,0
DA:25,0
DA:30,0
LF:5
LH:0
BRF:0
BRH:0
end_of_record
TN:
SF:/home/psp/gocomet/engagement-app/components/client/tracking/details/Insight/index.jsx
FN:25,(anonymous_0)
FN:27,(anonymous_1)
FN:29,(anonymous_2)
FN:34,(anonymous_3)
FN:39,(anonymous_4)
FN:78,(anonymous_5)
FNF:6
FNH:0
FNDA:0,(anonymous_0)
FNDA:0,(anonymous_1)
FNDA:0,(anonymous_2)
FNDA:0,(anonymous_3)
FNDA:0,(anonymous_4)
FNDA:0,(anonymous_5)
DA:13,0
DA:23,0
DA:25,0
DA:26,0
DA:27,0
DA:29,0
DA:30,0
DA:33,0
DA:34,0
DA:35,0
DA:36,0
DA:39,0
DA:40,0
DA:43,0
DA:45,0
DA:78,0
DA:79,0
DA:86,0
LF:18
LH:0
BRDA:43,0,0,0
BRDA:43,0,1,0
BRF:2
BRH:0
end_of_record
TN:
SF:/home/psp/gocomet/engagement-app/components/client/tracking/details/Insight/styles.jsx
FN:21,(anonymous_0)
FN:37,(anonymous_1)
FNF:2
FNH:0
FNDA:0,(anonymous_0)
FNDA:0,(anonymous_1)
DA:4,0
DA:19,0
DA:21,0
DA:36,0
DA:37,0
DA:40,0
LF:6
LH:0
BRDA:21,0,0,0
BRDA:21,0,1,0
BRF:2
BRH:0
end_of_record
TN:
SF:/home/psp/gocomet/engagement-app/components/client/tracking/details/Map/index.jsx
FN:28,(anonymous_0)
FN:52,(anonymous_1)
FN:70,(anonymous_2)
FN:76,(anonymous_3)
FN:114,(anonymous_4)
FN:123,(anonymous_5)
FN:147,(anonymous_6)
FN:155,(anonymous_7)
FN:161,(anonymous_8)
FN:191,(anonymous_9)
FN:195,(anonymous_10)
FN:200,(anonymous_11)
FN:217,(anonymous_12)
FN:222,(anonymous_13)
FN:232,(anonymous_14)
FN:239,(anonymous_15)
FN:297,(anonymous_16)
FN:302,(anonymous_17)
FN:362,(anonymous_18)
FN:363,(anonymous_19)
FN:366,(anonymous_20)
FN:371,(anonymous_21)
FN:377,(anonymous_22)
FN:377,(anonymous_23)
FNF:24
FNH:0
FNDA:0,(anonymous_0)
FNDA:0,(anonymous_1)
FNDA:0,(anonymous_2)
FNDA:0,(anonymous_3)
FNDA:0,(anonymous_4)
FNDA:0,(anonymous_5)
FNDA:0,(anonymous_6)
FNDA:0,(anonymous_7)
FNDA:0,(anonymous_8)
FNDA:0,(anonymous_9)
FNDA:0,(anonymous_10)
FNDA:0,(anonymous_11)
FNDA:0,(anonymous_12)
FNDA:0,(anonymous_13)
FNDA:0,(anonymous_14)
FNDA:0,(anonymous_15)
FNDA:0,(anonymous_16)
FNDA:0,(anonymous_17)
FNDA:0,(anonymous_18)
FNDA:0,(anonymous_19)
FNDA:0,(anonymous_20)
FNDA:0,(anonymous_21)
FNDA:0,(anonymous_22)
FNDA:0,(anonymous_23)
DA:31,0
DA:32,0
DA:34,0
DA:35,0
DA:39,0
DA:45,0
DA:46,0
DA:48,0
DA:55,0
DA:56,0
DA:57,0
DA:60,0
DA:61,0
DA:64,0
DA:65,0
DA:70,0
DA:71,0
DA:73,0
DA:74,0
DA:76,0
DA:79,0
DA:81,0
DA:82,0
DA:83,0
DA:85,0
DA:86,0
DA:89,0
DA:90,0
DA:91,0
DA:92,0
DA:97,0
DA:98,0
DA:99,0
DA:100,0
DA:101,0
DA:103,0
DA:106,0
DA:114,0
DA:115,0
DA:120,0
DA:123,0
DA:124,0
DA:125,0
DA:128,0
DA:129,0
DA:131,0
DA:132,0
DA:135,0
DA:136,0
DA:139,0
DA:141,0
DA:142,0
DA:145,0
DA:147,0
DA:148,0
DA:155,0
DA:156,0
DA:157,0
DA:158,0
DA:161,0
DA:162,0
DA:163,0
DA:166,0
DA:184,0
DA:187,0
DA:188,0
DA:190,0
DA:191,0
DA:195,0
DA:196,0
DA:200,0
DA:201,0
DA:202,0
DA:205,0
DA:212,0
DA:214,0
DA:217,0
DA:218,0
DA:219,0
DA:221,0
DA:222,0
DA:223,0
DA:224,0
DA:229,0
DA:232,0
DA:233,0
DA:234,0
DA:235,0
DA:239,0
DA:240,0
DA:242,0
DA:243,0
DA:244,0
DA:248,0
DA:249,0
DA:250,0
DA:251,0
DA:255,0
DA:256,0
DA:257,0
DA:260,0
DA:284,0
DA:285,0
DA:286,0
DA:287,0
DA:289,0
DA:290,0
DA:291,0
DA:294,0
DA:297,0
DA:298,0
DA:299,0
DA:305,0
DA:307,0
DA:308,0
DA:315,0
DA:354,0
DA:366,0
DA:367,0
DA:368,0
DA:369,0
DA:371,0
DA:372,0
DA:374,0
DA:377,0
DA:381,0
LF:126
LH:0
BRDA:32,0,0,0
BRDA:32,0,1,0
BRDA:35,1,0,0
BRDA:35,1,1,0
BRDA:36,2,0,0
BRDA:36,2,1,0
BRDA:36,3,0,0
BRDA:36,3,1,0
BRDA:37,4,0,0
BRDA:37,4,1,0
BRDA:45,5,0,0
BRDA:45,5,1,0
BRDA:54,6,0,0
BRDA:56,7,0,0
BRDA:56,7,1,0
BRDA:56,8,0,0
BRDA:56,8,1,0
BRDA:60,9,0,0
BRDA:60,9,1,0
BRDA:60,10,0,0
BRDA:60,10,1,0
BRDA:64,11,0,0
BRDA:64,11,1,0
BRDA:64,12,0,0
BRDA:64,12,1,0
BRDA:64,12,2,0
BRDA:71,13,0,0
BRDA:76,14,0,0
BRDA:76,14,1,0
BRDA:79,15,0,0
BRDA:79,15,1,0
BRDA:81,16,0,0
BRDA:81,16,1,0
BRDA:85,17,0,0
BRDA:85,17,1,0
BRDA:89,18,0,0
BRDA:89,18,1,0
BRDA:91,19,0,0
BRDA:91,19,1,0
BRDA:91,20,0,0
BRDA:91,20,1,0
BRDA:91,20,2,0
BRDA:91,20,3,0
BRDA:98,21,0,0
BRDA:98,21,1,0
BRDA:100,22,0,0
BRDA:100,22,1,0
BRDA:125,23,0,0
BRDA:125,23,1,0
BRDA:128,24,0,0
BRDA:128,24,1,0
BRDA:129,25,0,0
BRDA:129,25,1,0
BRDA:131,26,0,0
BRDA:131,26,1,0
BRDA:131,27,0,0
BRDA:131,27,1,0
BRDA:132,28,0,0
BRDA:132,28,1,0
BRDA:135,29,0,0
BRDA:135,29,1,0
BRDA:136,30,0,0
BRDA:136,30,1,0
BRDA:141,31,0,0
BRDA:141,31,1,0
BRDA:157,32,0,0
BRDA:157,32,1,0
BRDA:161,33,0,0
BRDA:161,33,1,0
BRDA:188,34,0,0
BRDA:188,34,1,0
BRDA:191,35,0,0
BRDA:191,35,1,0
BRDA:196,36,0,0
BRDA:196,36,1,0
BRDA:200,37,0,0
BRDA:200,37,1,0
BRDA:219,38,0,0
BRDA:219,38,1,0
BRDA:222,39,0,0
BRDA:222,39,1,0
BRDA:222,40,0,0
BRDA:233,41,0,0
BRDA:233,41,1,0
BRDA:233,42,0,0
BRDA:233,42,1,0
BRDA:242,43,0,0
BRDA:242,43,1,0
BRDA:248,44,0,0
BRDA:248,45,0,0
BRDA:249,46,0,0
BRDA:249,46,1,0
BRDA:249,47,0,0
BRDA:249,47,1,0
BRDA:249,48,0,0
BRDA:249,48,1,0
BRDA:249,49,0,0
BRDA:249,49,1,0
BRDA:256,50,0,0
BRDA:256,50,1,0
BRDA:256,51,0,0
BRDA:256,51,1,0
BRDA:263,52,0,0
BRDA:263,52,1,0
BRDA:264,53,0,0
BRDA:264,53,1,0
BRDA:289,54,0,0
BRDA:289,54,1,0
BRDA:307,55,0,0
BRDA:307,55,1,0
BRDA:307,56,0,0
BRDA:307,56,1,0
BRDA:320,57,0,0
BRDA:320,57,1,0
BRDA:324,58,0,0
BRDA:324,58,1,0
BRDA:367,59,0,0
BRDA:367,59,1,0
BRDA:368,60,0,0
BRDA:368,60,1,0
BRDA:369,61,0,0
BRDA:369,61,1,0
BRDA:377,62,0,0
BRDA:377,62,1,0
BRF:124
BRH:0
end_of_record
TN:
SF:/home/psp/gocomet/engagement-app/components/client/tracking/details/Map/styles.jsx
FNF:0
FNH:0
DA:7,0
DA:86,0
DA:98,0
DA:103,0
DA:125,0
LF:5
LH:0
BRF:0
BRH:0
end_of_record
TN:
SF:/home/psp/gocomet/engagement-app/components/client/tracking/details/Map/helpers/MapStyle.jsx
FNF:0
FNH:0
DA:1,0
LF:1
LH:0
BRF:0
BRH:0
end_of_record
TN:
SF:/home/psp/gocomet/engagement-app/components/client/tracking/details/Map/helpers/MenuSider.jsx
FN:9,(anonymous_0)
FN:20,(anonymous_1)
FN:23,(anonymous_2)
FN:30,(anonymous_3)
FN:41,(anonymous_4)
FN:47,(anonymous_5)
FN:52,(anonymous_6)
FN:64,(anonymous_7)
FN:65,(anonymous_8)
FN:87,(anonymous_9)
FNF:10
FNH:0
FNDA:0,(anonymous_0)
FNDA:0,(anonymous_1)
FNDA:0,(anonymous_2)
FNDA:0,(anonymous_3)
FNDA:0,(anonymous_4)
FNDA:0,(anonymous_5)
FNDA:0,(anonymous_6)
FNDA:0,(anonymous_7)
FNDA:0,(anonymous_8)
FNDA:0,(anonymous_9)
DA:6,0
DA:10,0
DA:11,0
DA:12,0
DA:14,0
DA:20,0
DA:21,0
DA:22,0
DA:23,0
DA:25,0
DA:31,0
DA:35,0
DA:41,0
DA:42,0
DA:43,0
DA:44,0
DA:45,0
DA:47,0
DA:48,0
DA:53,0
DA:54,0
DA:56,0
DA:65,0
DA:66,0
DA:69,0
DA:86,0
LF:26
LH:0
BRDA:12,0,0,0
BRDA:12,0,1,0
BRDA:20,1,0,0
BRDA:23,2,0,0
BRDA:23,2,1,0
BRDA:31,3,0,0
BRDA:31,3,1,0
BRDA:47,4,0,0
BRDA:47,4,1,0
BRDA:70,5,0,0
BRDA:70,5,1,0
BRF:11
BRH:0
end_of_record
TN:
SF:/home/psp/gocomet/engagement-app/components/client/tracking/details/Map/helpers/common.jsx
FN:5,(anonymous_0)
FN:23,(anonymous_1)
FN:69,(anonymous_2)
FN:118,(anonymous_3)
FN:129,(anonymous_4)
FN:155,(anonymous_5)
FNF:6
FNH:0
FNDA:0,(anonymous_0)
FNDA:0,(anonymous_1)
FNDA:0,(anonymous_2)
FNDA:0,(anonymous_3)
FNDA:0,(anonymous_4)
FNDA:0,(anonymous_5)
DA:5,0
DA:23,0
DA:24,0
DA:33,0
DA:44,0
DA:53,0
DA:66,0
DA:69,0
DA:70,0
DA:72,0
DA:74,0
DA:84,0
DA:87,0
DA:97,0
DA:101,0
DA:112,0
DA:115,0
DA:118,0
DA:129,0
DA:130,0
DA:131,0
DA:143,0
DA:155,0
DA:156,0
LF:24
LH:0
BRDA:7,0,0,0
BRDA:7,0,1,0
BRDA:13,1,0,0
BRDA:13,1,1,0
BRDA:17,2,0,0
BRDA:17,2,1,0
BRDA:24,3,0,0
BRDA:24,3,1,0
BRDA:28,4,0,0
BRDA:28,4,1,0
BRDA:36,5,0,0
BRDA:36,5,1,0
BRDA:40,6,0,0
BRDA:40,6,1,0
BRDA:44,7,0,0
BRDA:44,7,1,0
BRDA:48,8,0,0
BRDA:48,8,1,0
BRDA:57,9,0,0
BRDA:57,9,1,0
BRDA:72,10,0,0
BRDA:72,10,1,0
BRDA:72,10,2,0
BRDA:72,10,3,0
BRDA:130,11,0,0
BRDA:130,11,1,0
BRDA:130,12,0,0
BRDA:130,12,1,0
BRF:28
BRH:0
end_of_record
TN:
SF:/home/psp/gocomet/engagement-app/components/client/tracking/details/MobileVerification/index.jsx
FN:19,(anonymous_0)
FN:27,(anonymous_1)
FN:31,(anonymous_2)
FN:38,(anonymous_3)
FN:74,(anonymous_4)
FN:79,(anonymous_5)
FN:134,(anonymous_6)
FN:164,(anonymous_7)
FN:194,(anonymous_8)
FN:204,(anonymous_9)
FNF:10
FNH:5
FNDA:5,(anonymous_0)
FNDA:0,(anonymous_1)
FNDA:1,(anonymous_2)
FNDA:1,(anonymous_3)
FNDA:0,(anonymous_4)
FNDA:0,(anonymous_5)
FNDA:1015,(anonymous_6)
FNDA:0,(anonymous_7)
FNDA:0,(anonymous_8)
FNDA:3,(anonymous_9)
DA:12,1
DA:14,1
DA:15,1
DA:17,1
DA:19,1
DA:20,5
DA:21,5
DA:22,5
DA:23,5
DA:24,5
DA:25,5
DA:27,5
DA:28,0
DA:31,5
DA:32,1
DA:33,1
DA:34,1
DA:35,1
DA:38,5
DA:39,1
DA:40,0
DA:41,0
DA:43,1
DA:44,1
DA:46,1
DA:47,1
DA:56,0
DA:59,0
DA:63,0
DA:64,0
DA:66,0
DA:71,0
DA:74,5
DA:75,0
DA:76,0
DA:79,5
DA:80,0
DA:81,0
DA:83,0
DA:84,0
DA:85,0
DA:89,0
DA:93,0
DA:94,0
DA:96,0
DA:100,0
DA:103,0
DA:104,0
DA:109,0
DA:113,5
DA:124,5
DA:135,1015
DA:153,5
DA:164,0
DA:170,5
DA:192,1
DA:204,1
DA:205,3
DA:206,3
LF:59
LH:34
BRDA:20,0,0,5
BRDA:20,0,1,0
BRDA:32,1,0,1
BRDA:32,1,1,0
BRDA:32,2,0,1
BRDA:32,2,1,0
BRDA:34,3,0,0
BRDA:34,3,1,1
BRDA:39,4,0,0
BRDA:39,4,1,1
BRDA:46,5,0,1
BRDA:46,5,1,0
BRDA:46,6,0,1
BRDA:46,6,1,0
BRDA:76,7,0,0
BRDA:76,7,1,0
BRDA:80,8,0,0
BRDA:80,8,1,0
BRDA:81,9,0,0
BRDA:81,9,1,0
BRDA:93,10,0,0
BRDA:93,10,1,0
BRDA:94,11,0,0
BRDA:94,11,1,0
BRDA:113,12,0,0
BRDA:113,12,1,5
BRDA:115,13,0,0
BRDA:115,13,1,0
BRDA:119,14,0,1
BRDA:119,14,1,4
BRDA:144,15,0,0
BRDA:144,15,1,5
BRDA:147,16,0,0
BRDA:147,16,1,5
BRDA:159,17,0,0
BRDA:159,17,1,5
BRDA:175,18,0,0
BRDA:175,18,1,5
BRF:38
BRH:14
end_of_record
TN:
SF:/home/psp/gocomet/engagement-app/components/client/tracking/details/MobileVerification/styles.jsx
FNF:0
FNH:0
DA:5,1
LF:1
LH:1
BRF:0
BRH:0
end_of_record
TN:
SF:/home/psp/gocomet/engagement-app/components/client/tracking/details/Summary/Delay.jsx
FN:7,(anonymous_0)
FN:8,(anonymous_1)
FN:12,(anonymous_2)
FN:22,(anonymous_3)
FN:29,(anonymous_4)
FNF:5
FNH:4
FNDA:6,(anonymous_0)
FNDA:6,(anonymous_1)
FNDA:6,(anonymous_2)
FNDA:0,(anonymous_3)
FNDA:6,(anonymous_4)
DA:7,1
DA:8,6
DA:9,6
DA:12,1
DA:13,6
DA:14,6
DA:15,6
DA:16,0
DA:17,6
DA:18,6
DA:19,0
DA:20,0
DA:22,0
DA:23,0
DA:26,6
DA:29,1
DA:30,6
DA:31,6
DA:32,6
DA:33,6
DA:34,6
DA:35,6
DA:36,6
DA:92,1
LF:24
LH:19
BRDA:15,0,0,0
BRDA:15,0,1,6
BRDA:15,1,0,6
BRDA:15,1,1,6
BRDA:17,2,0,6
BRDA:17,2,1,0
BRDA:19,3,0,0
BRDA:19,3,1,0
BRDA:23,4,0,0
BRDA:23,4,1,0
BRDA:30,5,0,6
BRDA:30,5,1,0
BRDA:31,6,0,6
BRDA:31,6,1,0
BRDA:32,7,0,0
BRDA:32,8,0,0
BRDA:32,9,0,0
BRDA:32,10,0,6
BRDA:32,10,1,0
BRDA:33,11,0,0
BRDA:33,11,1,6
BRDA:34,12,0,6
BRDA:34,12,1,0
BRDA:35,13,0,0
BRDA:35,14,0,6
BRDA:35,14,1,0
BRDA:44,15,0,3
BRDA:44,15,1,3
BRDA:44,16,0,6
BRDA:44,16,1,3
BRDA:50,17,0,3
BRDA:50,17,1,3
BRDA:51,18,0,3
BRDA:51,18,1,0
BRDA:52,19,0,3
BRDA:52,19,1,0
BRDA:55,20,0,3
BRDA:55,20,1,0
BRDA:57,21,0,0
BRDA:57,21,1,3
BRDA:67,22,0,3
BRDA:67,22,1,0
BRDA:71,23,0,3
BRDA:71,23,1,3
BRF:44
BRH:23
end_of_record
TN:
SF:/home/psp/gocomet/engagement-app/components/client/tracking/details/Summary/index.jsx
FN:40,(anonymous_0)
FN:46,(anonymous_1)
FN:52,(anonymous_2)
FN:106,(anonymous_3)
FN:115,(anonymous_4)
FN:139,(anonymous_5)
FN:142,(anonymous_6)
FN:142,(anonymous_7)
FN:147,(anonymous_8)
FN:158,(anonymous_9)
FN:326,(anonymous_10)
FN:327,(anonymous_11)
FN:328,(anonymous_12)
FNF:13
FNH:0
FNDA:0,(anonymous_0)
FNDA:0,(anonymous_1)
FNDA:0,(anonymous_2)
FNDA:0,(anonymous_3)
FNDA:0,(anonymous_4)
FNDA:0,(anonymous_5)
FNDA:0,(anonymous_6)
FNDA:0,(anonymous_7)
FNDA:0,(anonymous_8)
FNDA:0,(anonymous_9)
FNDA:0,(anonymous_10)
FNDA:0,(anonymous_11)
FNDA:0,(anonymous_12)
DA:40,0
DA:41,0
DA:46,0
DA:52,0
DA:53,0
DA:54,0
DA:55,0
DA:66,0
DA:67,0
DA:68,0
DA:76,0
DA:92,0
DA:106,0
DA:107,0
DA:108,0
DA:111,0
DA:115,0
DA:133,0
DA:135,0
DA:136,0
DA:138,0
DA:139,0
DA:142,0
DA:143,0
DA:147,0
DA:148,0
DA:152,0
DA:153,0
DA:155,0
DA:158,0
DA:159,0
DA:160,0
DA:167,0
DA:170,0
DA:312,0
LF:35
LH:0
BRDA:53,0,0,0
BRDA:67,1,0,0
BRDA:67,1,1,0
BRDA:77,2,0,0
BRDA:77,2,1,0
BRDA:83,3,0,0
BRDA:83,3,1,0
BRDA:107,4,0,0
BRDA:107,4,1,0
BRDA:133,5,0,0
BRDA:133,6,0,0
BRDA:133,6,1,0
BRDA:135,7,0,0
BRDA:135,7,1,0
BRDA:136,8,0,0
BRDA:136,8,1,0
BRDA:138,9,0,0
BRDA:138,9,1,0
BRDA:142,10,0,0
BRDA:142,10,1,0
BRDA:148,11,0,0
BRDA:148,11,1,0
BRDA:149,12,0,0
BRDA:149,12,1,0
BRDA:150,13,0,0
BRDA:150,13,1,0
BRDA:152,14,0,0
BRDA:152,14,1,0
BRDA:159,15,0,0
BRDA:159,15,1,0
BRDA:159,16,0,0
BRDA:159,16,1,0
BRDA:159,16,2,0
BRDA:162,17,0,0
BRDA:162,17,1,0
BRDA:195,18,0,0
BRDA:195,18,1,0
BRDA:199,19,0,0
BRDA:199,19,1,0
BRDA:204,20,0,0
BRDA:204,20,1,0
BRDA:204,21,0,0
BRDA:204,21,1,0
BRDA:224,22,0,0
BRDA:224,22,1,0
BRDA:237,23,0,0
BRDA:237,23,1,0
BRDA:256,24,0,0
BRDA:256,24,1,0
BRDA:256,24,2,0
BRF:50
BRH:0
end_of_record
TN:
SF:/home/psp/gocomet/engagement-app/components/client/tracking/details/Summary/styles.jsx
FNF:0
FNH:0
DA:6,1
DA:42,1
DA:47,1
DA:51,1
DA:56,1
DA:68,1
DA:81,1
DA:85,1
DA:95,1
LF:9
LH:9
BRF:0
BRH:0
end_of_record
TN:
SF:/home/psp/gocomet/engagement-app/components/client/tracking/details/Timeline/index.jsx
FN:11,(anonymous_0)
FN:12,(anonymous_1)
FN:28,(anonymous_2)
FN:161,(anonymous_3)
FNF:4
FNH:3
FNDA:4,(anonymous_0)
FNDA:4,(anonymous_1)
FNDA:24,(anonymous_2)
FNDA:0,(anonymous_3)
DA:11,1
DA:12,4
DA:15,4
DA:16,4
DA:17,0
DA:22,4
DA:23,4
DA:24,4
DA:25,4
DA:28,4
DA:31,24
DA:33,24
DA:35,12
DA:37,12
DA:74,12
DA:85,0
DA:116,12
DA:146,4
DA:149,4
DA:159,1
LF:20
LH:18
BRDA:11,0,0,0
BRDA:14,1,0,0
BRDA:16,2,0,0
BRDA:16,2,1,4
BRDA:16,3,0,4
BRDA:16,3,1,0
BRDA:21,4,0,1
BRDA:21,5,0,0
BRDA:21,6,0,4
BRDA:21,7,0,4
BRDA:22,8,0,4
BRDA:22,8,1,0
BRDA:23,9,0,4
BRDA:23,9,1,0
BRDA:28,10,0,4
BRDA:28,10,1,0
BRDA:31,11,0,24
BRDA:31,11,1,0
BRDA:33,12,0,12
BRDA:33,12,1,12
BRDA:41,13,0,0
BRDA:41,13,1,12
BRDA:41,14,0,12
BRDA:41,14,1,0
BRDA:43,15,0,0
BRDA:43,15,1,12
BRDA:43,16,0,12
BRDA:43,16,1,0
BRDA:43,16,2,0
BRDA:56,17,0,12
BRDA:56,17,1,0
BRDA:61,18,0,12
BRDA:61,18,1,9
BRDA:74,19,0,0
BRDA:74,19,1,12
BRDA:75,20,0,12
BRDA:75,20,1,0
BRDA:75,20,2,0
BRDA:75,20,3,0
BRDA:75,20,4,0
BRDA:75,20,5,0
BRDA:90,21,0,0
BRDA:90,21,1,0
BRDA:94,22,0,0
BRDA:94,22,1,0
BRDA:120,23,0,0
BRDA:120,23,1,12
BRDA:120,24,0,12
BRDA:120,24,1,0
BRDA:126,25,0,12
BRDA:126,25,1,2
BRDA:131,26,0,0
BRDA:131,26,1,12
BRDA:131,27,0,12
BRDA:131,27,1,0
BRDA:134,28,0,12
BRDA:134,28,1,11
BRF:57
BRH:28
end_of_record
TN:
SF:/home/psp/gocomet/engagement-app/components/client/tracking/details/Timeline/styles.jsx
FNF:0
FNH:0
DA:3,1
DA:11,1
DA:13,1
LF:3
LH:3
BRF:0
BRH:0
end_of_record
TN:
SF:/home/psp/gocomet/engagement-app/components/client/tracking/details/Timeline/Horizontal/index.jsx
FN:5,(anonymous_0)
FN:30,(anonymous_1)
FNF:2
FNH:0
FNDA:0,(anonymous_0)
FNDA:0,(anonymous_1)
DA:5,0
DA:8,0
DA:9,0
DA:28,0
LF:4
LH:0
BRDA:7,0,0,0
BRF:1
BRH:0
end_of_record
TN:
SF:/home/psp/gocomet/engagement-app/components/client/tracking/details/Timeline/Horizontal/styles.jsx
FNF:0
FNH:0
DA:5,0
DA:12,0
LF:2
LH:0
BRF:0
BRH:0
end_of_record
TN:
SF:/home/psp/gocomet/engagement-app/components/client/tracking/details/Timeline/Table/helpers.jsx
FN:8,(anonymous_0)
FN:10,(anonymous_1)
FN:27,(anonymous_2)
FN:33,(anonymous_3)
FN:36,(anonymous_4)
FN:45,(anonymous_5)
FN:61,(anonymous_6)
FN:89,(anonymous_7)
FN:145,(anonymous_8)
FNF:9
FNH:0
FNDA:0,(anonymous_0)
FNDA:0,(anonymous_1)
FNDA:0,(anonymous_2)
FNDA:0,(anonymous_3)
FNDA:0,(anonymous_4)
FNDA:0,(anonymous_5)
FNDA:0,(anonymous_6)
FNDA:0,(anonymous_7)
FNDA:0,(anonymous_8)
DA:8,0
DA:10,0
DA:11,0
DA:13,0
DA:15,0
DA:17,0
DA:19,0
DA:21,0
DA:23,0
DA:27,0
DA:28,0
DA:29,0
DA:30,0
DA:33,0
DA:34,0
DA:36,0
DA:37,0
DA:38,0
DA:42,0
DA:45,0
DA:46,0
DA:49,0
DA:50,0
DA:51,0
DA:54,0
DA:55,0
DA:58,0
DA:61,0
DA:62,0
DA:63,0
DA:66,0
DA:67,0
DA:76,0
DA:77,0
DA:86,0
DA:89,0
DA:97,0
DA:98,0
DA:100,0
DA:101,0
DA:121,0
DA:122,0
DA:142,0
DA:145,0
DA:146,0
DA:147,0
DA:149,0
DA:150,0
DA:170,0
LF:49
LH:0
BRDA:8,0,0,0
BRDA:8,0,1,0
BRDA:8,1,0,0
BRDA:8,1,1,0
BRDA:8,2,0,0
BRDA:8,2,1,0
BRDA:11,3,0,0
BRDA:11,3,1,0
BRDA:11,3,2,0
BRDA:11,3,3,0
BRDA:11,3,4,0
BRDA:11,3,5,0
BRDA:28,4,0,0
BRDA:28,4,1,0
BRDA:29,5,0,0
BRDA:29,5,1,0
BRDA:36,6,0,0
BRDA:36,6,1,0
BRDA:37,7,0,0
BRDA:37,7,1,0
BRDA:37,8,0,0
BRDA:37,8,1,0
BRDA:49,9,0,0
BRDA:49,9,1,0
BRDA:50,10,0,0
BRDA:50,10,1,0
BRDA:54,11,0,0
BRDA:54,11,1,0
BRDA:61,12,0,0
BRDA:66,13,0,0
BRDA:66,13,1,0
BRDA:66,14,0,0
BRDA:66,14,1,0
BRDA:69,15,0,0
BRDA:69,15,1,0
BRDA:76,16,0,0
BRDA:76,16,1,0
BRDA:76,17,0,0
BRDA:76,17,1,0
BRDA:79,18,0,0
BRDA:79,18,1,0
BRDA:86,19,0,0
BRDA:86,19,1,0
BRDA:100,20,0,0
BRDA:100,20,1,0
BRDA:100,21,0,0
BRDA:100,21,1,0
BRDA:109,22,0,0
BRDA:109,22,1,0
BRDA:121,23,0,0
BRDA:121,23,1,0
BRDA:121,24,0,0
BRDA:121,24,1,0
BRDA:121,24,2,0
BRDA:130,25,0,0
BRDA:130,25,1,0
BRDA:149,26,0,0
BRDA:149,26,1,0
BRDA:149,27,0,0
BRDA:149,27,1,0
BRDA:158,28,0,0
BRDA:158,28,1,0
BRF:62
BRH:0
end_of_record
TN:
SF:/home/psp/gocomet/engagement-app/components/client/tracking/details/Timeline/Table/index.jsx
FN:32,(anonymous_0)
FN:45,(anonymous_1)
FN:47,(anonymous_2)
FN:52,(anonymous_3)
FN:54,(anonymous_4)
FN:60,(anonymous_5)
FN:67,(anonymous_6)
FN:72,(anonymous_7)
FN:83,(anonymous_8)
FN:83,(anonymous_9)
FN:89,(anonymous_10)
FN:200,(anonymous_11)
FN:212,(anonymous_12)
FN:245,(anonymous_13)
FN:267,(anonymous_14)
FN:362,(anonymous_15)
FN:387,(anonymous_16)
FN:437,(anonymous_17)
FN:444,(anonymous_18)
FN:456,(anonymous_19)
FNF:20
FNH:0
FNDA:0,(anonymous_0)
FNDA:0,(anonymous_1)
FNDA:0,(anonymous_2)
FNDA:0,(anonymous_3)
FNDA:0,(anonymous_4)
FNDA:0,(anonymous_5)
FNDA:0,(anonymous_6)
FNDA:0,(anonymous_7)
FNDA:0,(anonymous_8)
FNDA:0,(anonymous_9)
FNDA:0,(anonymous_10)
FNDA:0,(anonymous_11)
FNDA:0,(anonymous_12)
FNDA:0,(anonymous_13)
FNDA:0,(anonymous_14)
FNDA:0,(anonymous_15)
FNDA:0,(anonymous_16)
FNDA:0,(anonymous_17)
FNDA:0,(anonymous_18)
FNDA:0,(anonymous_19)
DA:32,0
DA:40,0
DA:41,0
DA:42,0
DA:44,0
DA:45,0
DA:47,0
DA:48,0
DA:51,0
DA:52,0
DA:54,0
DA:55,0
DA:58,0
DA:60,0
DA:61,0
DA:62,0
DA:64,0
DA:67,0
DA:68,0
DA:69,0
DA:72,0
DA:75,0
DA:76,0
DA:77,0
DA:78,0
DA:79,0
DA:81,0
DA:83,0
DA:84,0
DA:87,0
DA:88,0
DA:89,0
DA:97,0
DA:98,0
DA:101,0
DA:104,0
DA:107,0
DA:109,0
DA:116,0
DA:118,0
DA:125,0
DA:128,0
DA:129,0
DA:163,0
DA:200,0
DA:201,0
DA:206,0
DA:207,0
DA:209,0
DA:212,0
DA:213,0
DA:214,0
DA:238,0
DA:241,0
DA:246,0
DA:247,0
DA:268,0
DA:273,0
DA:274,0
DA:275,0
DA:278,0
DA:285,0
DA:286,0
DA:289,0
DA:290,0
DA:291,0
DA:293,0
DA:313,0
DA:341,0
DA:354,0
DA:362,0
DA:363,0
DA:364,0
DA:367,0
DA:368,0
DA:371,0
DA:372,0
DA:375,0
DA:378,0
DA:388,0
DA:421,0
DA:424,0
DA:437,0
DA:438,0
DA:439,0
DA:441,0
DA:442,0
DA:444,0
DA:445,0
DA:451,0
DA:452,0
DA:453,0
DA:454,0
DA:455,0
DA:456,0
DA:457,0
DA:464,0
DA:475,0
DA:484,0
LF:99
LH:0
BRDA:45,0,0,0
BRDA:45,0,1,0
BRDA:52,1,0,0
BRDA:52,1,1,0
BRDA:58,2,0,0
BRDA:58,2,1,0
BRDA:61,3,0,0
BRDA:61,3,1,0
BRDA:68,4,0,0
BRDA:68,4,1,0
BRDA:68,5,0,0
BRDA:68,5,1,0
BRDA:72,6,0,0
BRDA:72,6,1,0
BRDA:75,7,0,0
BRDA:75,7,1,0
BRDA:78,8,0,0
BRDA:78,8,1,0
BRDA:83,9,0,0
BRDA:83,9,1,0
BRDA:89,10,0,0
BRDA:89,10,1,0
BRDA:89,11,0,0
BRDA:89,12,0,0
BRDA:96,13,0,0
BRDA:97,14,0,0
BRDA:97,14,1,0
BRDA:98,15,0,0
BRDA:98,15,1,0
BRDA:101,16,0,0
BRDA:101,16,1,0
BRDA:104,17,0,0
BRDA:104,17,1,0
BRDA:107,18,0,0
BRDA:107,18,1,0
BRDA:109,19,0,0
BRDA:109,19,1,0
BRDA:110,20,0,0
BRDA:110,20,1,0
BRDA:110,20,2,0
BRDA:110,20,3,0
BRDA:110,20,4,0
BRDA:118,21,0,0
BRDA:118,21,1,0
BRDA:119,22,0,0
BRDA:119,22,1,0
BRDA:119,22,2,0
BRDA:119,22,3,0
BRDA:119,22,4,0
BRDA:128,23,0,0
BRDA:128,23,1,0
BRDA:128,24,0,0
BRDA:128,24,1,0
BRDA:139,25,0,0
BRDA:139,25,1,0
BRDA:151,26,0,0
BRDA:151,26,1,0
BRDA:152,27,0,0
BRDA:152,27,1,0
BRDA:153,28,0,0
BRDA:153,28,1,0
BRDA:173,29,0,0
BRDA:173,29,1,0
BRDA:185,30,0,0
BRDA:185,30,1,0
BRDA:186,31,0,0
BRDA:186,31,1,0
BRDA:187,32,0,0
BRDA:187,32,1,0
BRDA:191,33,0,0
BRDA:191,33,1,0
BRDA:206,34,0,0
BRDA:206,34,1,0
BRDA:206,35,0,0
BRDA:206,35,1,0
BRDA:206,35,2,0
BRDA:213,36,0,0
BRDA:213,36,1,0
BRDA:253,37,0,0
BRDA:253,37,1,0
BRDA:267,38,0,0
BRDA:273,39,0,0
BRDA:273,39,1,0
BRDA:273,40,0,0
BRDA:273,40,1,0
BRDA:273,40,2,0
BRDA:274,41,0,0
BRDA:274,41,1,0
BRDA:280,42,0,0
BRDA:280,42,1,0
BRDA:280,43,0,0
BRDA:280,43,1,0
BRDA:289,44,0,0
BRDA:289,44,1,0
BRDA:289,45,0,0
BRDA:289,45,1,0
BRDA:289,45,2,0
BRDA:314,46,0,0
BRDA:314,46,1,0
BRDA:314,47,0,0
BRDA:314,47,1,0
BRDA:363,48,0,0
BRDA:363,48,1,0
BRDA:367,49,0,0
BRDA:367,49,1,0
BRDA:371,50,0,0
BRDA:371,50,1,0
BRDA:396,51,0,0
BRDA:396,51,1,0
BRDA:396,52,0,0
BRDA:396,52,1,0
BRDA:441,53,0,0
BRDA:441,53,1,0
BRDA:442,54,0,0
BRDA:442,54,1,0
BRDA:444,55,0,0
BRDA:444,55,1,0
BRDA:444,56,0,0
BRDA:444,56,1,0
BRDA:444,57,0,0
BRDA:444,57,1,0
BRDA:445,58,0,0
BRDA:445,58,1,0
BRDA:451,59,0,0
BRDA:451,59,1,0
BRDA:453,60,0,0
BRDA:453,60,1,0
BRDA:454,61,0,0
BRDA:454,61,1,0
BRDA:455,62,0,0
BRDA:455,62,1,0
BRDA:455,63,0,0
BRDA:455,63,1,0
BRDA:455,64,0,0
BRDA:455,64,1,0
BRDA:456,65,0,0
BRDA:456,65,1,0
BRF:137
BRH:0
end_of_record
TN:
SF:/home/psp/gocomet/engagement-app/components/client/tracking/details/Timeline/Table/styles.jsx
FNF:0
FNH:0
DA:6,0
DA:72,0
DA:144,0
DA:150,0
DA:164,0
DA:177,0
LF:6
LH:0
BRF:0
BRH:0
end_of_record
TN:
SF:/home/psp/gocomet/engagement-app/components/client/tracking/details/Timeline/Vertical/index.jsx
FN:5,(anonymous_0)
FN:27,(anonymous_1)
FNF:2
FNH:0
FNDA:0,(anonymous_0)
FNDA:0,(anonymous_1)
DA:5,0
DA:8,0
DA:24,0
LF:3
LH:0
BRDA:6,0,0,0
BRF:1
BRH:0
end_of_record
TN:
SF:/home/psp/gocomet/engagement-app/components/client/tracking/details/Timeline/Vertical/styles.jsx
FN:13,(anonymous_0)
FNF:1
FNH:0
FNDA:0,(anonymous_0)
DA:5,0
DA:12,0
DA:13,0
LF:3
LH:0
BRDA:13,0,0,0
BRDA:13,0,1,0
BRF:2
BRH:0
end_of_record
TN:
SF:/home/psp/gocomet/engagement-app/components/client/tracking/details/common/ShareTrackingModal.jsx
FN:23,(anonymous_0)
FN:36,(anonymous_1)
FN:55,(anonymous_2)
FN:64,(anonymous_3)
FN:79,(anonymous_4)
FN:100,(anonymous_5)
FN:105,(anonymous_6)
FN:115,(anonymous_7)
FN:140,(anonymous_8)
FN:164,(anonymous_9)
FN:213,(anonymous_10)
FN:216,(anonymous_11)
FN:217,(anonymous_12)
FN:230,(anonymous_13)
FNF:14
FNH:0
FNDA:0,(anonymous_0)
FNDA:0,(anonymous_1)
FNDA:0,(anonymous_2)
FNDA:0,(anonymous_3)
FNDA:0,(anonymous_4)
FNDA:0,(anonymous_5)
FNDA:0,(anonymous_6)
FNDA:0,(anonymous_7)
FNDA:0,(anonymous_8)
FNDA:0,(anonymous_9)
FNDA:0,(anonymous_10)
FNDA:0,(anonymous_11)
FNDA:0,(anonymous_12)
FNDA:0,(anonymous_13)
DA:19,0
DA:21,0
DA:23,0
DA:24,0
DA:36,0
DA:48,0
DA:49,0
DA:50,0
DA:51,0
DA:52,0
DA:53,0
DA:55,0
DA:56,0
DA:57,0
DA:64,0
DA:65,0
DA:70,0
DA:76,0
DA:79,0
DA:80,0
DA:90,0
DA:91,0
DA:92,0
DA:93,0
DA:97,0
DA:100,0
DA:101,0
DA:102,0
DA:105,0
DA:106,0
DA:107,0
DA:108,0
DA:109,0
DA:110,0
DA:111,0
DA:112,0
DA:115,0
DA:117,0
DA:122,0
DA:140,0
DA:141,0
DA:144,0
DA:164,0
DA:209,0
DA:225,0
DA:230,0
DA:231,0
DA:232,0
DA:234,0
LF:49
LH:0
BRDA:101,0,0,0
BRDA:101,0,1,0
BRDA:102,1,0,0
BRDA:102,1,1,0
BRDA:107,2,0,0
BRDA:107,2,1,0
BRDA:107,3,0,0
BRDA:107,3,1,0
BRDA:109,4,0,0
BRDA:109,4,1,0
BRDA:112,5,0,0
BRDA:112,5,1,0
BRDA:152,6,0,0
BRDA:152,6,1,0
BRDA:175,7,0,0
BRDA:175,7,1,0
BRDA:230,8,0,0
BRDA:231,9,0,0
BRDA:231,9,1,0
BRF:19
BRH:0
end_of_record
TN:
SF:/home/psp/gocomet/engagement-app/components/client/tracking/details/common/icons.jsx
FN:4,(anonymous_0)
FN:73,(anonymous_1)
FN:127,(anonymous_2)
FN:131,(anonymous_3)
FNF:4
FNH:0
FNDA:0,(anonymous_0)
FNDA:0,(anonymous_1)
FNDA:0,(anonymous_2)
FNDA:0,(anonymous_3)
DA:4,1
DA:5,0
DA:6,0
DA:67,1
DA:73,1
DA:74,0
DA:123,1
DA:127,1
DA:128,0
DA:131,1
DA:132,0
LF:11
LH:6
BRDA:5,0,0,0
BRDA:5,0,1,0
BRF:2
BRH:0
end_of_record
TN:
SF:/home/psp/gocomet/engagement-app/components/client/tracking/details/common/index.jsx
FN:6,(anonymous_0)
FN:7,(anonymous_1)
FN:17,(anonymous_2)
FN:52,(anonymous_3)
FN:65,(anonymous_4)
FN:88,(anonymous_5)
FN:119,(anonymous_6)
FNF:7
FNH:2
FNDA:0,(anonymous_0)
FNDA:0,(anonymous_1)
FNDA:0,(anonymous_2)
FNDA:24,(anonymous_3)
FNDA:12,(anonymous_4)
FNDA:0,(anonymous_5)
FNDA:0,(anonymous_6)
DA:6,1
DA:7,0
DA:8,0
DA:9,0
DA:14,0
DA:17,0
DA:18,0
DA:19,0
DA:24,0
DA:28,0
DA:29,0
DA:31,0
DA:52,1
DA:57,24
DA:58,0
DA:59,0
DA:60,0
DA:62,24
DA:65,1
DA:66,12
DA:67,12
DA:69,12
DA:75,0
DA:78,12
DA:83,0
DA:85,12
DA:88,1
DA:89,0
DA:117,1
LF:29
LH:12
BRDA:7,0,0,0
BRDA:7,1,0,0
BRDA:8,2,0,0
BRDA:8,2,1,0
BRDA:8,3,0,0
BRDA:8,3,1,0
BRDA:17,4,0,0
BRDA:17,5,0,0
BRDA:18,6,0,0
BRDA:18,6,1,0
BRDA:18,7,0,0
BRDA:18,7,1,0
BRDA:28,8,0,0
BRDA:28,8,1,0
BRDA:28,9,0,0
BRDA:28,9,1,0
BRDA:28,10,0,0
BRDA:28,10,1,0
BRDA:29,11,0,0
BRDA:29,11,1,0
BRDA:29,12,0,0
BRDA:29,12,1,0
BRDA:29,13,0,0
BRDA:29,13,1,0
BRDA:52,14,0,12
BRDA:57,15,0,0
BRDA:57,15,1,24
BRDA:62,16,0,12
BRDA:62,16,1,12
BRDA:69,17,0,0
BRDA:69,17,1,12
BRDA:70,18,0,12
BRDA:70,18,1,0
BRDA:70,18,2,0
BRDA:70,18,3,0
BRDA:78,19,0,0
BRDA:78,19,1,12
BRDA:79,20,0,12
BRDA:79,20,1,0
BRDA:79,20,2,0
BRF:40
BRH:8
end_of_record
TN:
SF:/home/psp/gocomet/engagement-app/components/client/tracking/details/common/styles.jsx
FNF:0
FNH:0
DA:4,1
DA:26,1
DA:48,1
DA:60,1
DA:124,1
DA:129,1
DA:149,1
DA:181,1
LF:8
LH:8
BRF:0
BRH:0
end_of_record
TN:
SF:/home/psp/gocomet/engagement-app/components/client/tracking/helpers/index.jsx
FN:7,(anonymous_0)
FN:9,(anonymous_1)
FN:12,(anonymous_2)
FN:14,(anonymous_3)
FN:16,(anonymous_4)
FN:22,(anonymous_5)
FN:45,(anonymous_6)
FN:75,(anonymous_7)
FN:95,(anonymous_8)
FN:122,(anonymous_9)
FN:159,(anonymous_10)
FN:185,(anonymous_11)
FN:199,(anonymous_12)
FN:210,(anonymous_13)
FN:229,(anonymous_14)
FN:230,(anonymous_15)
FN:231,(anonymous_16)
FN:232,(anonymous_17)
FN:234,(anonymous_18)
FN:244,(anonymous_19)
FN:260,(anonymous_20)
FNF:21
FNH:2
FNDA:0,(anonymous_0)
FNDA:0,(anonymous_1)
FNDA:0,(anonymous_2)
FNDA:0,(anonymous_3)
FNDA:0,(anonymous_4)
FNDA:0,(anonymous_5)
FNDA:0,(anonymous_6)
FNDA:0,(anonymous_7)
FNDA:0,(anonymous_8)
FNDA:24,(anonymous_9)
FNDA:0,(anonymous_10)
FNDA:36,(anonymous_11)
FNDA:0,(anonymous_12)
FNDA:0,(anonymous_13)
FNDA:0,(anonymous_14)
FNDA:0,(anonymous_15)
FNDA:0,(anonymous_16)
FNDA:0,(anonymous_17)
FNDA:0,(anonymous_18)
FNDA:0,(anonymous_19)
FNDA:0,(anonymous_20)
DA:7,1
DA:9,1
DA:12,1
DA:14,1
DA:16,1
DA:17,0
DA:22,1
DA:23,0
DA:25,0
DA:27,0
DA:29,0
DA:31,0
DA:33,0
DA:35,0
DA:37,0
DA:39,0
DA:41,0
DA:45,1
DA:46,0
DA:47,0
DA:49,0
DA:51,0
DA:55,0
DA:57,0
DA:59,0
DA:61,0
DA:63,0
DA:65,0
DA:67,0
DA:69,0
DA:71,0
DA:75,1
DA:76,0
DA:77,0
DA:79,0
DA:81,0
DA:83,0
DA:85,0
DA:87,0
DA:89,0
DA:91,0
DA:95,1
DA:96,0
DA:97,0
DA:99,0
DA:101,0
DA:103,0
DA:105,0
DA:107,0
DA:109,0
DA:111,0
DA:113,0
DA:115,0
DA:117,0
DA:122,1
DA:123,24
DA:128,24
DA:129,24
DA:136,1
DA:159,1
DA:160,0
DA:162,0
DA:164,0
DA:166,0
DA:168,0
DA:170,0
DA:172,0
DA:185,1
DA:186,36
DA:187,36
DA:199,1
DA:200,0
DA:201,0
DA:203,0
DA:204,0
DA:206,0
DA:210,1
DA:211,0
DA:212,0
DA:216,0
DA:217,0
DA:223,0
DA:226,0
DA:229,1
DA:230,1
DA:231,1
DA:232,1
DA:234,1
DA:235,0
DA:236,0
DA:238,0
DA:239,0
DA:241,0
DA:244,1
DA:245,0
DA:246,0
DA:247,0
DA:248,0
DA:251,0
DA:253,0
DA:255,0
DA:257,0
DA:260,1
DA:262,0
DA:263,0
DA:265,0
DA:267,0
DA:269,0
DA:273,0
DA:275,0
DA:277,0
LF:111
LH:27
BRDA:7,0,0,0
BRDA:7,1,0,0
BRDA:7,1,1,0
BRDA:9,2,0,0
BRDA:12,3,0,0
BRDA:12,4,0,0
BRDA:12,4,1,0
BRDA:14,5,0,0
BRDA:14,6,0,0
BRDA:14,6,1,0
BRDA:23,7,0,0
BRDA:23,7,1,0
BRDA:25,8,0,0
BRDA:25,8,1,0
BRDA:25,8,2,0
BRDA:25,8,3,0
BRDA:25,8,4,0
BRDA:25,8,5,0
BRDA:25,8,6,0
BRDA:25,8,7,0
BRDA:41,9,0,0
BRDA:41,9,1,0
BRDA:46,10,0,0
BRDA:46,10,1,0
BRDA:47,11,0,0
BRDA:47,11,1,0
BRDA:49,12,0,0
BRDA:49,12,1,0
BRDA:49,12,2,0
BRDA:49,12,3,0
BRDA:49,12,4,0
BRDA:49,12,5,0
BRDA:49,12,6,0
BRDA:49,12,7,0
BRDA:49,12,8,0
BRDA:49,12,9,0
BRDA:52,13,0,0
BRDA:52,13,1,0
BRDA:71,14,0,0
BRDA:71,14,1,0
BRDA:76,15,0,0
BRDA:76,15,1,0
BRDA:77,16,0,0
BRDA:77,16,1,0
BRDA:77,16,2,0
BRDA:77,16,3,0
BRDA:77,16,4,0
BRDA:77,16,5,0
BRDA:77,16,6,0
BRDA:96,17,0,0
BRDA:96,17,1,0
BRDA:97,18,0,0
BRDA:97,18,1,0
BRDA:97,18,2,0
BRDA:97,18,3,0
BRDA:97,18,4,0
BRDA:97,18,5,0
BRDA:97,18,6,0
BRDA:97,18,7,0
BRDA:97,18,8,0
BRDA:97,18,9,0
BRDA:117,19,0,0
BRDA:117,19,1,0
BRDA:123,20,0,24
BRDA:123,20,1,0
BRDA:128,21,0,24
BRDA:128,21,1,0
BRDA:130,22,0,24
BRDA:130,22,1,0
BRDA:130,22,2,0
BRDA:159,23,0,0
BRDA:160,24,0,0
BRDA:160,24,1,0
BRDA:160,24,2,0
BRDA:160,24,3,0
BRDA:160,24,4,0
BRDA:185,25,0,0
BRDA:200,26,0,0
BRDA:200,26,1,0
BRDA:201,27,0,0
BRDA:201,27,1,0
BRDA:203,28,0,0
BRDA:203,28,1,0
BRDA:211,29,0,0
BRDA:211,29,1,0
BRDA:212,30,0,0
BRDA:212,30,1,0
BRDA:213,31,0,0
BRDA:213,31,1,0
BRDA:214,32,0,0
BRDA:214,32,1,0
BRDA:216,33,0,0
BRDA:216,33,1,0
BRDA:235,34,0,0
BRDA:235,34,1,0
BRDA:238,35,0,0
BRDA:238,35,1,0
BRDA:244,36,0,0
BRDA:244,37,0,0
BRDA:244,38,0,0
BRDA:245,39,0,0
BRDA:245,39,1,0
BRDA:246,40,0,0
BRDA:246,40,1,0
BRDA:247,41,0,0
BRDA:247,41,1,0
BRDA:255,42,0,0
BRDA:255,42,1,0
BRDA:263,43,0,0
BRDA:263,43,1,0
BRDA:263,43,2,0
BRDA:263,43,3,0
BRDA:263,43,4,0
BRDA:263,43,5,0
BRDA:263,43,6,0
BRDA:263,43,7,0
BRF:116
BRH:3
end_of_record
TN:
SF:/home/psp/gocomet/engagement-app/components/client/tracking/helpers/shimmers.jsx
FN:15,(anonymous_0)
FN:64,(anonymous_1)
FN:102,(anonymous_2)
FNF:3
FNH:0
FNDA:0,(anonymous_0)
FNDA:0,(anonymous_1)
FNDA:0,(anonymous_2)
DA:15,0
DA:16,0
DA:19,0
DA:39,0
DA:40,0
DA:61,0
DA:64,0
DA:65,0
DA:67,0
DA:68,0
DA:69,0
DA:99,0
DA:102,0
DA:103,0
LF:14
LH:0
BRF:0
BRH:0
end_of_record
TN:
SF:/home/psp/gocomet/engagement-app/components/client/tracking/helpers/styles.jsx
FN:65,(anonymous_0)
FN:71,(anonymous_1)
FNF:2
FNH:0
FNDA:0,(anonymous_0)
FNDA:0,(anonymous_1)
DA:4,1
DA:17,1
DA:41,1
DA:48,1
DA:56,1
DA:61,1
DA:65,0
DA:68,1
DA:71,0
LF:9
LH:7
BRDA:65,0,0,0
BRDA:65,0,1,0
BRDA:71,1,0,0
BRDA:71,1,1,0
BRF:4
BRH:0
end_of_record
TN:
SF:/home/psp/gocomet/engagement-app/components/client/tracking/list/AddContainers.jsx
FN:17,(anonymous_0)
FN:25,(anonymous_1)
FN:33,(anonymous_2)
FN:45,(anonymous_3)
FN:55,(anonymous_4)
FN:69,(anonymous_5)
FN:73,(anonymous_6)
FN:77,(anonymous_7)
FN:81,(anonymous_8)
FN:84,(anonymous_9)
FN:100,(anonymous_10)
FN:108,(anonymous_11)
FN:114,(anonymous_12)
FN:122,(anonymous_13)
FN:132,(anonymous_14)
FN:301,(anonymous_15)
FN:396,(anonymous_16)
FN:397,(anonymous_17)
FN:398,(anonymous_18)
FN:401,(anonymous_19)
FNF:20
FNH:0
FNDA:0,(anonymous_0)
FNDA:0,(anonymous_1)
FNDA:0,(anonymous_2)
FNDA:0,(anonymous_3)
FNDA:0,(anonymous_4)
FNDA:0,(anonymous_5)
FNDA:0,(anonymous_6)
FNDA:0,(anonymous_7)
FNDA:0,(anonymous_8)
FNDA:0,(anonymous_9)
FNDA:0,(anonymous_10)
FNDA:0,(anonymous_11)
FNDA:0,(anonymous_12)
FNDA:0,(anonymous_13)
FNDA:0,(anonymous_14)
FNDA:0,(anonymous_15)
FNDA:0,(anonymous_16)
FNDA:0,(anonymous_17)
FNDA:0,(anonymous_18)
FNDA:0,(anonymous_19)
DA:17,0
DA:18,0
DA:19,0
DA:20,0
DA:21,0
DA:22,0
DA:25,0
DA:26,0
DA:27,0
DA:28,0
DA:34,0
DA:36,0
DA:42,0
DA:46,0
DA:48,0
DA:49,0
DA:55,0
DA:56,0
DA:57,0
DA:69,0
DA:70,0
DA:73,0
DA:74,0
DA:77,0
DA:78,0
DA:79,0
DA:80,0
DA:81,0
DA:84,0
DA:85,0
DA:87,0
DA:88,0
DA:90,0
DA:91,0
DA:93,0
DA:94,0
DA:97,0
DA:100,0
DA:101,0
DA:102,0
DA:103,0
DA:105,0
DA:108,0
DA:109,0
DA:110,0
DA:111,0
DA:114,0
DA:115,0
DA:116,0
DA:122,0
DA:123,0
DA:124,0
DA:125,0
DA:126,0
DA:127,0
DA:129,0
DA:135,0
DA:145,0
DA:146,0
DA:147,0
DA:148,0
DA:149,0
DA:150,0
DA:151,0
DA:157,0
DA:158,0
DA:160,0
DA:161,0
DA:164,0
DA:165,0
DA:168,0
DA:169,0
DA:170,0
DA:173,0
DA:255,0
DA:274,0
DA:287,0
DA:301,0
DA:302,0
DA:305,0
DA:306,0
DA:307,0
DA:308,0
DA:310,0
DA:311,0
DA:328,0
DA:329,0
DA:330,0
DA:332,0
DA:333,0
DA:335,0
DA:336,0
DA:338,0
DA:341,0
DA:389,0
DA:401,0
DA:402,0
DA:403,0
DA:404,0
DA:405,0
LF:100
LH:0
BRDA:18,0,0,0
BRDA:18,0,1,0
BRDA:19,1,0,0
BRDA:19,1,1,0
BRDA:20,2,0,0
BRDA:20,2,1,0
BRDA:21,3,0,0
BRDA:21,3,1,0
BRDA:26,4,0,0
BRDA:26,4,1,0
BRDA:27,5,0,0
BRDA:27,5,1,0
BRDA:50,6,0,0
BRDA:50,6,1,0
BRDA:80,7,0,0
BRDA:80,7,1,0
BRDA:80,8,0,0
BRDA:80,8,1,0
BRDA:81,9,0,0
BRDA:81,9,1,0
BRDA:81,10,0,0
BRDA:81,10,1,0
BRDA:85,11,0,0
BRDA:85,11,1,0
BRDA:87,12,0,0
BRDA:87,12,1,0
BRDA:88,13,0,0
BRDA:88,13,1,0
BRDA:90,14,0,0
BRDA:90,14,1,0
BRDA:91,15,0,0
BRDA:91,15,1,0
BRDA:93,16,0,0
BRDA:93,16,1,0
BRDA:94,17,0,0
BRDA:94,17,1,0
BRDA:97,18,0,0
BRDA:97,18,1,0
BRDA:102,19,0,0
BRDA:102,19,1,0
BRDA:103,20,0,0
BRDA:103,20,1,0
BRDA:103,21,0,0
BRDA:103,21,1,0
BRDA:110,22,0,0
BRDA:110,22,1,0
BRDA:110,23,0,0
BRDA:110,23,1,0
BRDA:115,24,0,0
BRDA:115,24,1,0
BRDA:124,25,0,0
BRDA:124,25,1,0
BRDA:126,26,0,0
BRDA:126,26,1,0
BRDA:140,27,0,0
BRDA:152,28,0,0
BRDA:152,28,1,0
BRDA:152,28,2,0
BRDA:152,28,3,0
BRDA:152,28,4,0
BRDA:152,28,5,0
BRDA:157,29,0,0
BRDA:157,29,1,0
BRDA:160,30,0,0
BRDA:160,30,1,0
BRDA:160,31,0,0
BRDA:160,31,1,0
BRDA:164,32,0,0
BRDA:164,32,1,0
BRDA:164,33,0,0
BRDA:164,33,1,0
BRDA:164,33,2,0
BRDA:169,34,0,0
BRDA:169,34,1,0
BRDA:169,35,0,0
BRDA:169,35,1,0
BRDA:181,36,0,0
BRDA:181,36,1,0
BRDA:195,37,0,0
BRDA:195,37,1,0
BRDA:219,38,0,0
BRDA:219,38,1,0
BRDA:222,39,0,0
BRDA:222,39,1,0
BRDA:232,40,0,0
BRDA:232,40,1,0
BRDA:232,41,0,0
BRDA:232,41,1,0
BRDA:232,42,0,0
BRDA:232,42,1,0
BRDA:233,43,0,0
BRDA:233,43,1,0
BRDA:241,44,0,0
BRDA:241,44,1,0
BRDA:302,45,0,0
BRDA:302,45,1,0
BRDA:306,46,0,0
BRDA:306,46,1,0
BRDA:307,47,0,0
BRDA:307,47,1,0
BRDA:308,48,0,0
BRDA:308,48,1,0
BRDA:310,49,0,0
BRDA:310,49,1,0
BRDA:319,50,0,0
BRDA:319,50,1,0
BRDA:329,51,0,0
BRDA:329,51,1,0
BRDA:329,52,0,0
BRDA:329,52,1,0
BRDA:332,53,0,0
BRDA:332,53,1,0
BRDA:332,54,0,0
BRDA:332,54,1,0
BRDA:335,55,0,0
BRDA:335,55,1,0
BRDA:335,56,0,0
BRDA:335,56,1,0
BRDA:352,57,0,0
BRDA:352,57,1,0
BRDA:365,58,0,0
BRDA:365,58,1,0
BRDA:368,59,0,0
BRDA:368,59,1,0
BRDA:403,60,0,0
BRDA:403,60,1,0
BRDA:404,61,0,0
BRDA:404,61,1,0
BRF:128
BRH:0
end_of_record
TN:
SF:/home/psp/gocomet/engagement-app/components/client/tracking/list/Filters.jsx
FN:14,(anonymous_0)
FN:30,(anonymous_1)
FN:37,(anonymous_2)
FN:46,(anonymous_3)
FN:46,(anonymous_4)
FN:216,(anonymous_5)
FN:282,(anonymous_6)
FN:283,(anonymous_7)
FN:284,(anonymous_8)
FN:285,(anonymous_9)
FN:288,(anonymous_10)
FNF:11
FNH:0
FNDA:0,(anonymous_0)
FNDA:0,(anonymous_1)
FNDA:0,(anonymous_2)
FNDA:0,(anonymous_3)
FNDA:0,(anonymous_4)
FNDA:0,(anonymous_5)
FNDA:0,(anonymous_6)
FNDA:0,(anonymous_7)
FNDA:0,(anonymous_8)
FNDA:0,(anonymous_9)
FNDA:0,(anonymous_10)
DA:12,0
DA:14,0
DA:27,0
DA:28,0
DA:30,0
DA:31,0
DA:34,0
DA:37,0
DA:38,0
DA:39,0
DA:40,0
DA:46,0
DA:47,0
DA:48,0
DA:51,0
DA:160,0
DA:184,0
DA:205,0
DA:207,0
DA:208,0
DA:211,0
DA:212,0
DA:216,0
DA:217,0
DA:225,0
DA:239,0
DA:274,0
DA:288,0
DA:289,0
DA:292,0
DA:293,0
LF:31
LH:0
BRDA:24,0,0,0
BRDA:24,1,0,0
BRDA:47,2,0,0
BRDA:47,2,1,0
BRDA:57,3,0,0
BRDA:57,3,1,0
BRDA:57,4,0,0
BRDA:57,4,1,0
BRDA:64,5,0,0
BRDA:64,5,1,0
BRDA:64,6,0,0
BRDA:64,6,1,0
BRDA:71,7,0,0
BRDA:71,7,1,0
BRDA:71,8,0,0
BRDA:71,8,1,0
BRDA:80,9,0,0
BRDA:80,9,1,0
BRDA:80,10,0,0
BRDA:80,10,1,0
BRDA:89,11,0,0
BRDA:89,11,1,0
BRDA:89,12,0,0
BRDA:89,12,1,0
BRDA:99,13,0,0
BRDA:99,13,1,0
BRDA:99,14,0,0
BRDA:99,14,1,0
BRDA:109,15,0,0
BRDA:109,15,1,0
BRDA:109,16,0,0
BRDA:109,16,1,0
BRDA:118,17,0,0
BRDA:118,17,1,0
BRDA:118,18,0,0
BRDA:118,18,1,0
BRDA:124,19,0,0
BRDA:124,19,1,0
BRDA:124,20,0,0
BRDA:124,20,1,0
BRDA:131,21,0,0
BRDA:131,21,1,0
BRDA:131,22,0,0
BRDA:131,22,1,0
BRDA:131,23,0,0
BRDA:131,23,1,0
BRDA:139,24,0,0
BRDA:139,24,1,0
BRDA:139,25,0,0
BRDA:139,25,1,0
BRDA:139,26,0,0
BRDA:139,26,1,0
BRDA:147,27,0,0
BRDA:147,27,1,0
BRDA:147,28,0,0
BRDA:147,28,1,0
BRDA:147,29,0,0
BRDA:147,29,1,0
BRDA:155,30,0,0
BRDA:155,30,1,0
BRDA:155,31,0,0
BRDA:155,31,1,0
BRDA:155,32,0,0
BRDA:155,32,1,0
BRDA:166,33,0,0
BRDA:166,33,1,0
BRDA:166,34,0,0
BRDA:166,34,1,0
BRDA:167,35,0,0
BRDA:167,35,1,0
BRDA:176,36,0,0
BRDA:176,36,1,0
BRDA:176,37,0,0
BRDA:176,37,1,0
BRDA:177,38,0,0
BRDA:177,38,1,0
BRDA:192,39,0,0
BRDA:192,39,1,0
BRDA:192,40,0,0
BRDA:192,40,1,0
BRDA:201,41,0,0
BRDA:201,41,1,0
BRDA:201,42,0,0
BRDA:201,42,1,0
BRDA:207,43,0,0
BRDA:207,43,1,0
BRDA:211,44,0,0
BRDA:211,44,1,0
BRDA:216,45,0,0
BRDA:216,45,1,0
BRDA:216,46,0,0
BRDA:216,46,1,0
BRDA:222,47,0,0
BRDA:222,47,1,0
BRDA:222,48,0,0
BRDA:222,48,1,0
BRDA:292,49,0,0
BRDA:292,49,1,0
BRF:98
BRH:0
end_of_record
TN:
SF:/home/psp/gocomet/engagement-app/components/client/tracking/list/SideBar.jsx
FN:38,(anonymous_0)
FN:44,(anonymous_1)
FN:57,(anonymous_2)
FN:62,(anonymous_3)
FN:117,(anonymous_4)
FN:182,(anonymous_5)
FN:185,(anonymous_6)
FNF:7
FNH:0
FNDA:0,(anonymous_0)
FNDA:0,(anonymous_1)
FNDA:0,(anonymous_2)
FNDA:0,(anonymous_3)
FNDA:0,(anonymous_4)
FNDA:0,(anonymous_5)
FNDA:0,(anonymous_6)
DA:11,0
DA:39,0
DA:41,0
DA:45,0
DA:46,0
DA:47,0
DA:50,0
DA:51,0
DA:54,0
DA:57,0
DA:58,0
DA:59,0
DA:73,0
DA:75,0
DA:118,0
DA:178,0
DA:185,0
DA:186,0
DA:187,0
LF:19
LH:0
BRDA:46,0,0,0
BRDA:46,0,1,0
BRDA:50,1,0,0
BRDA:50,1,1,0
BRDA:50,2,0,0
BRDA:50,2,1,0
BRDA:69,3,0,0
BRDA:70,4,0,0
BRDA:78,5,0,0
BRDA:78,5,1,0
BRDA:83,6,0,0
BRDA:83,6,1,0
BRDA:91,7,0,0
BRDA:91,7,1,0
BRDA:97,8,0,0
BRDA:97,8,1,0
BRDA:101,9,0,0
BRDA:101,9,1,0
BRDA:101,10,0,0
BRDA:101,10,1,0
BRDA:117,11,0,0
BRDA:123,12,0,0
BRDA:123,12,1,0
BRDA:124,13,0,0
BRDA:124,13,1,0
BRDA:129,14,0,0
BRDA:129,14,1,0
BRDA:135,15,0,0
BRDA:135,15,1,0
BRDA:150,16,0,0
BRDA:150,16,1,0
BRF:31
BRH:0
end_of_record
TN:
SF:/home/psp/gocomet/engagement-app/components/client/tracking/list/index.jsx
FN:46,(anonymous_0)
FN:51,(anonymous_1)
FN:61,(anonymous_2)
FN:69,(anonymous_3)
FN:74,(anonymous_4)
FN:78,(anonymous_5)
FN:96,(anonymous_6)
FN:108,(anonymous_7)
FN:112,(anonymous_8)
FN:116,(anonymous_9)
FN:121,(anonymous_10)
FN:127,(anonymous_11)
FN:136,(anonymous_12)
FN:145,(anonymous_13)
FN:149,(anonymous_14)
FN:153,(anonymous_15)
FN:160,(anonymous_16)
FN:165,(anonymous_17)
FN:169,(anonymous_18)
FN:190,(anonymous_19)
FN:204,(anonymous_20)
FN:223,(anonymous_21)
FN:229,(anonymous_22)
FN:235,(anonymous_23)
FN:246,(anonymous_24)
FN:422,(anonymous_25)
FN:423,(anonymous_26)
FN:424,(anonymous_27)
FN:425,(anonymous_28)
FN:426,(anonymous_29)
FN:427,(anonymous_30)
FN:428,(anonymous_31)
FN:429,(anonymous_32)
FN:430,(anonymous_33)
FN:443,(anonymous_34)
FN:457,(anonymous_35)
FNF:36
FNH:0
FNDA:0,(anonymous_0)
FNDA:0,(anonymous_1)
FNDA:0,(anonymous_2)
FNDA:0,(anonymous_3)
FNDA:0,(anonymous_4)
FNDA:0,(anonymous_5)
FNDA:0,(anonymous_6)
FNDA:0,(anonymous_7)
FNDA:0,(anonymous_8)
FNDA:0,(anonymous_9)
FNDA:0,(anonymous_10)
FNDA:0,(anonymous_11)
FNDA:0,(anonymous_12)
FNDA:0,(anonymous_13)
FNDA:0,(anonymous_14)
FNDA:0,(anonymous_15)
FNDA:0,(anonymous_16)
FNDA:0,(anonymous_17)
FNDA:0,(anonymous_18)
FNDA:0,(anonymous_19)
FNDA:0,(anonymous_20)
FNDA:0,(anonymous_21)
FNDA:0,(anonymous_22)
FNDA:0,(anonymous_23)
FNDA:0,(anonymous_24)
FNDA:0,(anonymous_25)
FNDA:0,(anonymous_26)
FNDA:0,(anonymous_27)
FNDA:0,(anonymous_28)
FNDA:0,(anonymous_29)
FNDA:0,(anonymous_30)
FNDA:0,(anonymous_31)
FNDA:0,(anonymous_32)
FNDA:0,(anonymous_33)
FNDA:0,(anonymous_34)
FNDA:0,(anonymous_35)
DA:44,0
DA:46,0
DA:47,0
DA:52,0
DA:53,0
DA:58,0
DA:62,0
DA:63,0
DA:64,0
DA:65,0
DA:66,0
DA:69,0
DA:70,0
DA:71,0
DA:74,0
DA:75,0
DA:78,0
DA:79,0
DA:80,0
DA:81,0
DA:82,0
DA:84,0
DA:85,0
DA:87,0
DA:90,0
DA:92,0
DA:97,0
DA:98,0
DA:108,0
DA:109,0
DA:112,0
DA:113,0
DA:116,0
DA:117,0
DA:118,0
DA:121,0
DA:122,0
DA:123,0
DA:127,0
DA:136,0
DA:137,0
DA:139,0
DA:140,0
DA:142,0
DA:145,0
DA:146,0
DA:149,0
DA:150,0
DA:153,0
DA:154,0
DA:155,0
DA:156,0
DA:157,0
DA:160,0
DA:161,0
DA:162,0
DA:165,0
DA:166,0
DA:169,0
DA:170,0
DA:171,0
DA:173,0
DA:190,0
DA:191,0
DA:196,0
DA:204,0
DA:205,0
DA:206,0
DA:220,0
DA:223,0
DA:224,0
DA:225,0
DA:226,0
DA:229,0
DA:230,0
DA:231,0
DA:232,0
DA:235,0
DA:236,0
DA:238,0
DA:239,0
DA:240,0
DA:241,0
DA:252,0
DA:265,0
DA:266,0
DA:421,0
DA:443,0
DA:444,0
DA:447,0
DA:448,0
DA:449,0
DA:451,0
DA:452,0
DA:453,0
DA:454,0
DA:456,0
DA:457,0
DA:458,0
DA:459,0
DA:460,0
DA:461,0
DA:464,0
DA:467,0
DA:471,0
LF:105
LH:0
BRDA:80,0,0,0
BRDA:80,0,1,0
BRDA:81,1,0,0
BRDA:81,1,1,0
BRDA:84,2,0,0
BRDA:84,3,0,0
BRDA:84,3,1,0
BRDA:85,4,0,0
BRDA:85,4,1,0
BRDA:87,5,0,0
BRDA:87,5,1,0
BRDA:87,6,0,0
BRDA:87,6,1,0
BRDA:116,7,0,0
BRDA:139,8,0,0
BRDA:139,8,1,0
BRDA:154,9,0,0
BRDA:154,9,1,0
BRDA:171,10,0,0
BRDA:171,10,1,0
BRDA:171,11,0,0
BRDA:171,11,1,0
BRDA:204,12,0,0
BRDA:239,13,0,0
BRDA:239,13,1,0
BRDA:239,14,0,0
BRDA:239,14,1,0
BRDA:240,15,0,0
BRDA:240,15,1,0
BRDA:263,16,0,0
BRDA:277,17,0,0
BRDA:277,17,1,0
BRDA:286,18,0,0
BRDA:286,18,1,0
BRDA:287,19,0,0
BRDA:287,19,1,0
BRDA:287,20,0,0
BRDA:287,20,1,0
BRDA:287,21,0,0
BRDA:287,21,1,0
BRDA:344,22,0,0
BRDA:344,22,1,0
BRDA:374,23,0,0
BRDA:374,23,1,0
BRDA:382,24,0,0
BRDA:382,24,1,0
BRDA:444,25,0,0
BRDA:444,25,1,0
BRDA:447,26,0,0
BRDA:447,26,1,0
BRDA:448,27,0,0
BRDA:448,27,1,0
BRDA:449,28,0,0
BRDA:449,28,1,0
BRDA:451,29,0,0
BRDA:451,29,1,0
BRDA:452,30,0,0
BRDA:452,30,1,0
BRDA:452,31,0,0
BRDA:452,31,1,0
BRDA:456,32,0,0
BRDA:456,32,1,0
BRDA:456,33,0,0
BRDA:456,33,1,0
BRDA:458,34,0,0
BRDA:458,34,1,0
BRDA:459,35,0,0
BRDA:459,35,1,0
BRDA:460,36,0,0
BRDA:460,36,1,0
BRDA:461,37,0,0
BRDA:461,37,1,0
BRDA:464,38,0,0
BRDA:464,38,1,0
BRDA:464,38,2,0
BRDA:467,39,0,0
BRDA:467,39,1,0
BRDA:467,39,2,0
BRF:78
BRH:0
end_of_record
TN:
SF:/home/psp/gocomet/engagement-app/components/client/tracking/list/styles.jsx
FNF:0
FNH:0
DA:7,0
DA:9,0
DA:31,0
DA:48,0
DA:54,0
DA:62,0
DA:102,0
DA:106,0
DA:114,0
DA:139,0
DA:148,0
DA:157,0
LF:12
LH:0
BRF:0
BRH:0
end_of_record
TN:
SF:/home/psp/gocomet/engagement-app/components/client/tracking/list/Cards/Card.jsx
FN:45,(anonymous_0)
FN:81,(anonymous_1)
FN:89,(anonymous_2)
FN:102,(anonymous_3)
FN:126,(anonymous_4)
FN:139,(anonymous_5)
FN:244,(anonymous_6)
FN:289,(anonymous_7)
FN:290,(anonymous_8)
FN:291,(anonymous_9)
FN:292,(anonymous_10)
FNF:11
FNH:0
FNDA:0,(anonymous_0)
FNDA:0,(anonymous_1)
FNDA:0,(anonymous_2)
FNDA:0,(anonymous_3)
FNDA:0,(anonymous_4)
FNDA:0,(anonymous_5)
FNDA:0,(anonymous_6)
FNDA:0,(anonymous_7)
FNDA:0,(anonymous_8)
FNDA:0,(anonymous_9)
FNDA:0,(anonymous_10)
DA:43,0
DA:45,0
DA:71,0
DA:74,0
DA:76,0
DA:77,0
DA:78,0
DA:81,0
DA:84,0
DA:90,0
DA:91,0
DA:103,0
DA:104,0
DA:127,0
DA:128,0
DA:140,0
DA:141,0
DA:150,0
DA:245,0
DA:283,0
LF:20
LH:0
BRDA:54,0,0,0
BRDA:55,1,0,0
BRDA:73,2,0,0
BRDA:76,3,0,0
BRDA:76,3,1,0
BRDA:77,4,0,0
BRDA:77,4,1,0
BRDA:78,5,0,0
BRDA:78,5,1,0
BRDA:78,6,0,0
BRDA:78,6,1,0
BRDA:107,7,0,0
BRDA:107,7,1,0
BRDA:120,8,0,0
BRDA:120,8,1,0
BRDA:163,9,0,0
BRDA:163,9,1,0
BRDA:219,10,0,0
BRDA:219,10,1,0
BRDA:224,11,0,0
BRDA:224,11,1,0
BRDA:225,12,0,0
BRDA:225,12,1,0
BRDA:226,13,0,0
BRDA:226,13,1,0
BRDA:231,14,0,0
BRDA:231,14,1,0
BRDA:231,15,0,0
BRDA:231,15,1,0
BRDA:233,16,0,0
BRDA:233,16,1,0
BRDA:239,17,0,0
BRDA:239,17,1,0
BRDA:256,18,0,0
BRDA:256,18,1,0
BRF:35
BRH:0
end_of_record
TN:
SF:/home/psp/gocomet/engagement-app/components/client/tracking/list/Cards/ProgressLineHelper.jsx
FN:9,(anonymous_0)
FN:15,(anonymous_1)
FN:19,(anonymous_2)
FN:22,(anonymous_3)
FNF:4
FNH:0
FNDA:0,(anonymous_0)
FNDA:0,(anonymous_1)
FNDA:0,(anonymous_2)
FNDA:0,(anonymous_3)
DA:9,0
DA:15,0
DA:19,0
DA:20,0
DA:22,0
DA:25,0
DA:26,0
DA:35,0
DA:36,0
DA:44,0
DA:45,0
DA:52,0
DA:53,0
DA:60,0
DA:61,0
DA:66,0
DA:67,0
DA:73,0
DA:77,0
DA:86,0
DA:87,0
DA:88,0
DA:96,0
DA:97,0
DA:104,0
DA:109,0
DA:116,0
DA:121,0
DA:126,0
DA:130,0
DA:137,0
LF:31
LH:0
BRDA:9,0,0,0
BRDA:9,0,1,0
BRDA:9,0,2,0
BRDA:9,0,3,0
BRDA:9,1,0,0
BRDA:9,1,1,0
BRDA:10,2,0,0
BRDA:10,2,1,0
BRDA:11,3,0,0
BRDA:11,3,1,0
BRDA:12,4,0,0
BRDA:12,4,1,0
BRDA:15,5,0,0
BRDA:15,5,1,0
BRDA:15,6,0,0
BRDA:15,6,1,0
BRDA:16,7,0,0
BRDA:16,7,1,0
BRDA:22,8,0,0
BRDA:22,8,1,0
BRDA:22,9,0,0
BRDA:22,9,1,0
BRDA:23,10,0,0
BRDA:23,10,1,0
BRDA:25,11,0,0
BRDA:25,11,1,0
BRDA:35,12,0,0
BRDA:35,12,1,0
BRDA:44,13,0,0
BRDA:44,13,1,0
BRDA:52,14,0,0
BRDA:52,14,1,0
BRDA:58,15,0,0
BRDA:58,15,1,0
BRDA:60,16,0,0
BRDA:60,16,1,0
BRDA:66,17,0,0
BRDA:66,17,1,0
BRDA:86,18,0,0
BRDA:86,18,1,0
BRDA:87,19,0,0
BRDA:87,19,1,0
BRDA:96,20,0,0
BRDA:96,20,1,0
BRDA:104,21,0,0
BRDA:104,21,1,0
BRDA:106,22,0,0
BRDA:106,22,1,0
BRDA:106,23,0,0
BRDA:106,23,1,0
BRDA:107,24,0,0
BRDA:107,24,1,0
BRDA:114,25,0,0
BRDA:114,25,1,0
BRDA:116,26,0,0
BRDA:116,26,1,0
BRDA:118,27,0,0
BRDA:118,27,1,0
BRDA:118,28,0,0
BRDA:118,28,1,0
BRDA:119,29,0,0
BRDA:119,29,1,0
BRDA:126,30,0,0
BRDA:126,30,1,0
BRDA:128,31,0,0
BRDA:128,31,1,0
BRF:66
BRH:0
end_of_record
TN:
SF:/home/psp/gocomet/engagement-app/components/client/tracking/list/Cards/helpers.jsx
FN:22,(anonymous_0)
FN:29,(anonymous_1)
FN:42,(anonymous_2)
FNF:3
FNH:0
FNDA:0,(anonymous_0)
FNDA:0,(anonymous_1)
FNDA:0,(anonymous_2)
DA:22,0
DA:23,0
DA:24,0
DA:25,0
DA:26,0
DA:29,0
DA:30,0
DA:31,0
DA:32,0
DA:33,0
DA:35,0
DA:38,0
DA:42,0
DA:45,0
DA:46,0
DA:60,0
DA:61,0
DA:62,0
DA:140,0
LF:19
LH:0
BRDA:23,0,0,0
BRDA:23,0,1,0
BRDA:23,1,0,0
BRDA:23,1,1,0
BRDA:24,2,0,0
BRDA:24,2,1,0
BRDA:25,3,0,0
BRDA:25,3,1,0
BRDA:30,4,0,0
BRDA:30,4,1,0
BRDA:32,5,0,0
BRDA:32,5,1,0
BRDA:32,6,0,0
BRDA:32,6,1,0
BRDA:45,7,0,0
BRDA:45,7,1,0
BRDA:46,8,0,0
BRDA:46,9,0,0
BRDA:61,10,0,0
BRDA:61,10,1,0
BRDA:87,11,0,0
BRDA:87,11,1,0
BRDA:88,12,0,0
BRDA:88,12,1,0
BRDA:89,13,0,0
BRDA:89,13,1,0
BRDA:89,13,2,0
BRDA:144,14,0,0
BRDA:144,14,1,0
BRDA:154,15,0,0
BRDA:154,15,1,0
BRDA:170,16,0,0
BRDA:170,16,1,0
BRDA:171,17,0,0
BRDA:171,17,1,0
BRDA:172,18,0,0
BRDA:172,18,1,0
BRDA:172,18,2,0
BRDA:191,19,0,0
BRDA:191,19,1,0
BRDA:191,20,0,0
BRDA:191,20,1,0
BRDA:200,21,0,0
BRDA:200,21,1,0
BRDA:221,22,0,0
BRDA:221,22,1,0
BRDA:231,23,0,0
BRDA:231,23,1,0
BRDA:231,24,0,0
BRDA:231,24,1,0
BRDA:242,25,0,0
BRDA:242,25,1,0
BRF:52
BRH:0
end_of_record
TN:
SF:/home/psp/gocomet/engagement-app/components/client/tracking/list/Cards/index.jsx
FN:25,(anonymous_0)
FN:37,(anonymous_1)
FN:48,(anonymous_2)
FN:49,(anonymous_3)
FN:70,(anonymous_4)
FN:91,(anonymous_5)
FN:110,(anonymous_6)
FN:134,(anonymous_7)
FN:181,(anonymous_8)
FN:185,(anonymous_9)
FN:203,(anonymous_10)
FN:224,(anonymous_11)
FN:270,(anonymous_12)
FN:312,(anonymous_13)
FN:313,(anonymous_14)
FN:314,(anonymous_15)
FN:317,(anonymous_16)
FNF:17
FNH:0
FNDA:0,(anonymous_0)
FNDA:0,(anonymous_1)
FNDA:0,(anonymous_2)
FNDA:0,(anonymous_3)
FNDA:0,(anonymous_4)
FNDA:0,(anonymous_5)
FNDA:0,(anonymous_6)
FNDA:0,(anonymous_7)
FNDA:0,(anonymous_8)
FNDA:0,(anonymous_9)
FNDA:0,(anonymous_10)
FNDA:0,(anonymous_11)
FNDA:0,(anonymous_12)
FNDA:0,(anonymous_13)
FNDA:0,(anonymous_14)
FNDA:0,(anonymous_15)
FNDA:0,(anonymous_16)
DA:25,0
DA:37,0
DA:38,0
DA:39,0
DA:40,0
DA:44,0
DA:48,0
DA:71,0
DA:73,0
DA:91,0
DA:92,0
DA:93,0
DA:99,0
DA:107,0
DA:110,0
DA:111,0
DA:113,0
DA:126,0
DA:134,0
DA:135,0
DA:136,0
DA:148,0
DA:150,0
DA:164,0
DA:165,0
DA:166,0
DA:167,0
DA:168,0
DA:171,0
DA:177,0
DA:178,0
DA:181,0
DA:182,0
DA:185,0
DA:197,0
DA:198,0
DA:199,0
DA:200,0
DA:203,0
DA:204,0
DA:206,0
DA:208,0
DA:224,0
DA:225,0
DA:226,0
DA:232,0
DA:249,0
DA:250,0
DA:256,0
DA:271,0
DA:273,0
DA:306,0
DA:317,0
DA:318,0
DA:319,0
LF:55
LH:0
BRDA:35,0,0,0
BRDA:38,1,0,0
BRDA:38,1,1,0
BRDA:39,2,0,0
BRDA:39,2,1,0
BRDA:46,3,0,0
BRDA:46,3,1,0
BRDA:103,4,0,0
BRDA:103,4,1,0
BRDA:130,5,0,0
BRDA:130,5,1,0
BRDA:152,6,0,0
BRDA:152,6,1,0
BRDA:153,7,0,0
BRDA:153,7,1,0
BRDA:153,8,0,0
BRDA:153,8,1,0
BRDA:154,9,0,0
BRDA:154,9,1,0
BRDA:158,10,0,0
BRDA:158,10,1,0
BRDA:159,11,0,0
BRDA:159,11,1,0
BRDA:159,12,0,0
BRDA:159,12,1,0
BRDA:160,13,0,0
BRDA:160,13,1,0
BRDA:160,14,0,0
BRDA:160,14,1,0
BRDA:164,15,0,0
BRDA:164,15,1,0
BRDA:199,16,0,0
BRDA:199,16,1,0
BRDA:199,17,0,0
BRDA:199,17,1,0
BRDA:204,18,0,0
BRDA:206,19,0,0
BRDA:206,19,1,0
BRDA:224,20,0,0
BRDA:224,20,1,0
BRDA:225,21,0,0
BRDA:225,21,1,0
BRDA:249,22,0,0
BRDA:249,22,1,0
BRDA:276,23,0,0
BRDA:276,23,1,0
BRF:46
BRH:0
end_of_record
TN:
SF:/home/psp/gocomet/engagement-app/components/client/tracking/list/Cards/styles.jsx
FN:57,(anonymous_0)
FN:71,(anonymous_1)
FN:88,(anonymous_2)
FN:92,(anonymous_3)
FN:101,(anonymous_4)
FN:105,(anonymous_5)
FN:110,(anonymous_6)
FN:119,(anonymous_7)
FN:123,(anonymous_8)
FN:129,(anonymous_9)
FN:137,(anonymous_10)
FN:142,(anonymous_11)
FN:319,(anonymous_12)
FN:444,(anonymous_13)
FN:448,(anonymous_14)
FNF:15
FNH:0
FNDA:0,(anonymous_0)
FNDA:0,(anonymous_1)
FNDA:0,(anonymous_2)
FNDA:0,(anonymous_3)
FNDA:0,(anonymous_4)
FNDA:0,(anonymous_5)
FNDA:0,(anonymous_6)
FNDA:0,(anonymous_7)
FNDA:0,(anonymous_8)
FNDA:0,(anonymous_9)
FNDA:0,(anonymous_10)
FNDA:0,(anonymous_11)
FNDA:0,(anonymous_12)
FNDA:0,(anonymous_13)
FNDA:0,(anonymous_14)
DA:6,0
DA:46,0
DA:53,0
DA:57,0
DA:68,0
DA:71,0
DA:75,0
DA:84,0
DA:88,0
DA:92,0
DA:97,0
DA:101,0
DA:105,0
DA:110,0
DA:115,0
DA:119,0
DA:123,0
DA:128,0
DA:129,0
DA:137,0
DA:141,0
DA:142,0
DA:148,0
DA:172,0
DA:253,0
DA:264,0
DA:278,0
DA:288,0
DA:300,0
DA:314,0
DA:319,0
DA:322,0
DA:440,0
DA:444,0
DA:448,0
LF:35
LH:0
BRDA:57,0,0,0
BRDA:57,0,1,0
BRDA:71,1,0,0
BRDA:71,1,1,0
BRDA:88,2,0,0
BRDA:88,2,1,0
BRDA:92,3,0,0
BRDA:92,3,1,0
BRDA:101,4,0,0
BRDA:101,4,1,0
BRDA:105,5,0,0
BRDA:105,5,1,0
BRDA:110,6,0,0
BRDA:110,6,1,0
BRDA:119,7,0,0
BRDA:119,7,1,0
BRDA:123,8,0,0
BRDA:123,8,1,0
BRDA:129,9,0,0
BRDA:129,9,1,0
BRDA:129,10,0,0
BRDA:129,10,1,0
BRDA:129,10,2,0
BRDA:129,10,3,0
BRDA:142,11,0,0
BRDA:142,11,1,0
BRDA:142,12,0,0
BRDA:142,12,1,0
BRDA:142,12,2,0
BRDA:142,12,3,0
BRDA:319,13,0,0
BRDA:319,13,1,0
BRDA:444,14,0,0
BRDA:444,14,1,0
BRDA:448,15,0,0
BRDA:448,15,1,0
BRF:36
BRH:0
end_of_record
TN:
SF:/home/psp/gocomet/engagement-app/components/client/tracking/list/MapView/Map.jsx
FN:12,(anonymous_0)
FN:18,(anonymous_1)
FN:22,(anonymous_2)
FN:29,(anonymous_3)
FN:35,(anonymous_4)
FN:37,(anonymous_5)
FN:52,(anonymous_6)
FN:74,(anonymous_7)
FN:117,(anonymous_8)
FN:127,(anonymous_9)
FNF:10
FNH:0
FNDA:0,(anonymous_0)
FNDA:0,(anonymous_1)
FNDA:0,(anonymous_2)
FNDA:0,(anonymous_3)
FNDA:0,(anonymous_4)
FNDA:0,(anonymous_5)
FNDA:0,(anonymous_6)
FNDA:0,(anonymous_7)
FNDA:0,(anonymous_8)
FNDA:0,(anonymous_9)
DA:10,0
DA:12,0
DA:19,0
DA:23,0
DA:24,0
DA:25,0
DA:29,0
DA:30,0
DA:31,0
DA:32,0
DA:35,0
DA:36,0
DA:37,0
DA:40,0
DA:41,0
DA:52,0
DA:53,0
DA:54,0
DA:57,0
DA:58,0
DA:59,0
DA:60,0
DA:61,0
DA:62,0
DA:63,0
DA:64,0
DA:65,0
DA:67,0
DA:68,0
DA:73,0
DA:74,0
DA:75,0
DA:78,0
DA:79,0
DA:80,0
DA:81,0
DA:82,0
DA:83,0
DA:84,0
DA:87,0
DA:88,0
DA:89,0
DA:90,0
DA:91,0
DA:92,0
DA:93,0
DA:94,0
DA:96,0
DA:99,0
DA:100,0
DA:101,0
DA:102,0
DA:103,0
DA:105,0
DA:106,0
DA:107,0
DA:108,0
DA:109,0
DA:110,0
DA:111,0
DA:112,0
DA:113,0
DA:114,0
DA:117,0
DA:125,0
LF:65
LH:0
BRDA:12,0,0,0
BRDA:12,0,1,0
BRDA:12,0,2,0
BRDA:12,0,3,0
BRDA:24,1,0,0
BRDA:24,1,1,0
BRDA:31,2,0,0
BRDA:31,3,0,0
BRDA:31,4,0,0
BRDA:31,5,0,0
BRDA:31,5,1,0
BRDA:40,6,0,0
BRDA:40,6,1,0
BRDA:46,7,0,0
BRDA:46,7,1,0
BRDA:47,8,0,0
BRDA:47,8,1,0
BRDA:53,9,0,0
BRDA:53,9,1,0
BRF:19
BRH:0
end_of_record
TN:
SF:/home/psp/gocomet/engagement-app/components/client/tracking/list/MapView/index.jsx
FN:14,(anonymous_0)
FN:17,(anonymous_1)
FN:26,(anonymous_2)
FN:31,(anonymous_3)
FN:35,(anonymous_4)
FN:41,(anonymous_5)
FN:64,(anonymous_6)
FN:74,(anonymous_7)
FN:80,(anonymous_8)
FN:112,(anonymous_9)
FN:159,(anonymous_10)
FN:160,(anonymous_11)
FN:163,(anonymous_12)
FNF:13
FNH:0
FNDA:0,(anonymous_0)
FNDA:0,(anonymous_1)
FNDA:0,(anonymous_2)
FNDA:0,(anonymous_3)
FNDA:0,(anonymous_4)
FNDA:0,(anonymous_5)
FNDA:0,(anonymous_6)
FNDA:0,(anonymous_7)
FNDA:0,(anonymous_8)
FNDA:0,(anonymous_9)
FNDA:0,(anonymous_10)
FNDA:0,(anonymous_11)
FNDA:0,(anonymous_12)
DA:14,0
DA:18,0
DA:20,0
DA:26,0
DA:27,0
DA:28,0
DA:31,0
DA:32,0
DA:33,0
DA:35,0
DA:38,0
DA:40,0
DA:41,0
DA:42,0
DA:45,0
DA:46,0
DA:48,0
DA:49,0
DA:61,0
DA:64,0
DA:65,0
DA:72,0
DA:74,0
DA:75,0
DA:77,0
DA:78,0
DA:79,0
DA:80,0
DA:81,0
DA:82,0
DA:88,0
DA:99,0
DA:109,0
DA:115,0
DA:116,0
DA:151,0
DA:163,0
DA:164,0
DA:165,0
LF:39
LH:0
BRDA:27,0,0,0
BRDA:27,0,1,0
BRDA:37,1,0,0
BRDA:38,2,0,0
BRDA:38,2,1,0
BRDA:40,3,0,0
BRDA:40,3,1,0
BRDA:40,4,0,0
BRDA:40,4,1,0
BRDA:42,5,0,0
BRDA:42,5,1,0
BRDA:45,6,0,0
BRDA:45,6,1,0
BRDA:45,7,0,0
BRDA:45,7,1,0
BRDA:46,8,0,0
BRDA:46,8,1,0
BRDA:46,9,0,0
BRDA:46,9,1,0
BRDA:48,10,0,0
BRDA:48,10,1,0
BRDA:48,11,0,0
BRDA:48,11,1,0
BRDA:48,11,2,0
BRDA:74,12,0,0
BRDA:74,12,1,0
BRDA:75,13,0,0
BRDA:75,13,1,0
BRDA:77,14,0,0
BRDA:77,14,1,0
BRDA:77,15,0,0
BRDA:77,15,1,0
BRDA:78,16,0,0
BRDA:78,16,1,0
BRDA:79,17,0,0
BRDA:79,17,1,0
BRDA:79,18,0,0
BRDA:79,18,1,0
BRDA:79,19,0,0
BRDA:79,19,1,0
BRDA:81,20,0,0
BRDA:81,20,1,0
BRDA:119,21,0,0
BRDA:119,21,1,0
BRDA:124,22,0,0
BRDA:124,22,1,0
BRDA:126,23,0,0
BRDA:126,23,1,0
BRF:48
BRH:0
end_of_record
TN:
SF:/home/psp/gocomet/engagement-app/components/client/tracking/list/MapView/styles.jsx
FNF:0
FNH:0
DA:4,0
DA:14,0
DA:22,0
DA:26,0
LF:4
LH:0
BRF:0
BRH:0
end_of_record
TN:
SF:/home/psp/gocomet/engagement-app/components/client/tracking/list/UploadExcel/index.jsx
FN:37,(anonymous_0)
FN:69,(anonymous_1)
FN:76,(anonymous_2)
FN:80,(anonymous_3)
FN:105,(anonymous_4)
FN:112,(anonymous_5)
FN:148,(anonymous_6)
FN:154,(anonymous_7)
FN:162,(anonymous_8)
FN:169,(anonymous_9)
FN:190,(anonymous_10)
FN:223,(anonymous_11)
FN:251,(anonymous_12)
FN:257,(anonymous_13)
FN:370,(anonymous_14)
FN:371,(anonymous_15)
FN:372,(anonymous_16)
FN:375,(anonymous_17)
FNF:18
FNH:0
FNDA:0,(anonymous_0)
FNDA:0,(anonymous_1)
FNDA:0,(anonymous_2)
FNDA:0,(anonymous_3)
FNDA:0,(anonymous_4)
FNDA:0,(anonymous_5)
FNDA:0,(anonymous_6)
FNDA:0,(anonymous_7)
FNDA:0,(anonymous_8)
FNDA:0,(anonymous_9)
FNDA:0,(anonymous_10)
FNDA:0,(anonymous_11)
FNDA:0,(anonymous_12)
FNDA:0,(anonymous_13)
FNDA:0,(anonymous_14)
FNDA:0,(anonymous_15)
FNDA:0,(anonymous_16)
FNDA:0,(anonymous_17)
DA:32,0
DA:33,0
DA:34,0
DA:38,0
DA:40,0
DA:70,0
DA:71,0
DA:72,0
DA:76,0
DA:77,0
DA:80,0
DA:81,0
DA:82,0
DA:83,0
DA:84,0
DA:85,0
DA:86,0
DA:87,0
DA:88,0
DA:89,0
DA:90,0
DA:91,0
DA:92,0
DA:93,0
DA:94,0
DA:95,0
DA:97,0
DA:98,0
DA:99,0
DA:100,0
DA:102,0
DA:105,0
DA:106,0
DA:107,0
DA:109,0
DA:111,0
DA:112,0
DA:115,0
DA:116,0
DA:118,0
DA:119,0
DA:120,0
DA:121,0
DA:132,0
DA:133,0
DA:144,0
DA:148,0
DA:149,0
DA:154,0
DA:155,0
DA:156,0
DA:157,0
DA:158,0
DA:162,0
DA:163,0
DA:164,0
DA:167,0
DA:168,0
DA:170,0
DA:171,0
DA:172,0
DA:173,0
DA:174,0
DA:181,0
DA:186,0
DA:190,0
DA:191,0
DA:192,0
DA:202,0
DA:203,0
DA:204,0
DA:207,0
DA:224,0
DA:225,0
DA:226,0
DA:237,0
DA:251,0
DA:252,0
DA:253,0
DA:254,0
DA:268,0
DA:269,0
DA:270,0
DA:271,0
DA:282,0
DA:368,0
DA:375,0
DA:376,0
DA:377,0
LF:89
LH:0
BRDA:71,0,0,0
BRDA:71,0,1,0
BRDA:80,1,0,0
BRDA:83,2,0,0
BRDA:83,2,1,0
BRDA:90,3,0,0
BRDA:90,3,1,0
BRDA:107,4,0,0
BRDA:107,4,1,0
BRDA:114,5,0,0
BRDA:114,6,0,0
BRDA:118,7,0,0
BRDA:118,7,1,0
BRDA:148,8,0,0
BRDA:156,9,0,0
BRDA:156,9,1,0
BRDA:169,10,0,0
BRDA:171,11,0,0
BRDA:171,11,1,0
BRDA:190,12,0,0
BRDA:191,13,0,0
BRDA:203,14,0,0
BRDA:203,14,1,0
BRDA:207,15,0,0
BRDA:207,15,1,0
BRDA:209,16,0,0
BRDA:209,16,1,0
BRDA:209,17,0,0
BRDA:209,17,1,0
BRDA:210,18,0,0
BRDA:210,18,1,0
BRDA:223,19,0,0
BRDA:223,19,1,0
BRDA:223,20,0,0
BRDA:225,21,0,0
BRDA:225,21,1,0
BRDA:260,22,0,0
BRDA:270,23,0,0
BRDA:270,24,0,0
BRDA:270,24,1,0
BRDA:270,25,0,0
BRDA:270,25,1,0
BRDA:302,26,0,0
BRDA:302,26,1,0
BRDA:302,27,0,0
BRDA:302,27,1,0
BRDA:324,28,0,0
BRDA:324,28,1,0
BRDA:340,29,0,0
BRDA:340,29,1,0
BRDA:344,30,0,0
BRDA:344,30,1,0
BRF:52
BRH:0
end_of_record
TN:
SF:/home/psp/gocomet/engagement-app/components/client/tracking/list/UploadExcel/styles.jsx
FNF:0
FNH:0
DA:5,0
DA:22,0
DA:29,0
DA:35,0
DA:39,0
DA:44,0
DA:49,0
DA:55,0
DA:65,0
DA:70,0
DA:79,0
LF:11
LH:0
BRF:0
BRH:0
end_of_record
TN:
SF:/home/psp/gocomet/engagement-app/components/client/tracking/list/UploadExcel/Timeline/index.jsx
FN:11,(anonymous_0)
FN:16,(anonymous_1)
FNF:2
FNH:0
FNDA:0,(anonymous_0)
FNDA:0,(anonymous_1)
DA:11,0
DA:12,0
DA:13,0
DA:14,0
DA:17,0
DA:18,0
DA:40,0
LF:7
LH:0
BRDA:11,0,0,0
BRDA:12,1,0,0
BRDA:13,2,0,0
BRDA:13,2,1,0
BRDA:16,3,0,0
BRDA:16,3,1,0
BRDA:16,4,0,0
BRDA:17,5,0,0
BRDA:17,6,0,0
BRDA:20,7,0,0
BRDA:20,7,1,0
BRDA:27,8,0,0
BRDA:27,8,1,0
BRF:13
BRH:0
end_of_record
TN:
SF:/home/psp/gocomet/engagement-app/components/client/tracking/list/UploadExcel/Timeline/styles.jsx
FN:25,(anonymous_0)
FN:68,(anonymous_1)
FNF:2
FNH:0
FNDA:0,(anonymous_0)
FNDA:0,(anonymous_1)
DA:4,0
DA:16,0
DA:25,0
DA:36,0
DA:47,0
DA:57,0
DA:62,0
DA:68,0
LF:8
LH:0
BRDA:25,0,0,0
BRDA:25,0,1,0
BRDA:68,1,0,0
BRDA:68,1,1,0
BRF:4
BRH:0
end_of_record
TN:
SF:/home/psp/gocomet/engagement-app/components/client/tracking/list/helpers/ErrorTable.jsx
FN:32,(anonymous_0)
FN:41,(anonymous_1)
FNF:2
FNH:0
FNDA:0,(anonymous_0)
FNDA:0,(anonymous_1)
DA:4,0
DA:32,0
DA:33,0
DA:34,0
DA:42,0
LF:5
LH:0
BRDA:32,0,0,0
BRDA:41,1,0,0
BRDA:41,1,1,0
BRDA:41,2,0,0
BRDA:44,3,0,0
BRDA:44,3,1,0
BRF:6
BRH:0
end_of_record
TN:
SF:/home/psp/gocomet/engagement-app/components/client/tracking/list/helpers/Filter.jsx
FN:25,(anonymous_0)
FN:27,(anonymous_1)
FN:28,(anonymous_2)
FN:29,(anonymous_3)
FN:30,(anonymous_4)
FN:31,(anonymous_5)
FN:48,(anonymous_6)
FN:55,(anonymous_7)
FN:62,(anonymous_8)
FN:69,(anonymous_9)
FN:80,(anonymous_10)
FN:91,(anonymous_11)
FN:103,(anonymous_12)
FNF:13
FNH:0
FNDA:0,(anonymous_0)
FNDA:0,(anonymous_1)
FNDA:0,(anonymous_2)
FNDA:0,(anonymous_3)
FNDA:0,(anonymous_4)
FNDA:0,(anonymous_5)
FNDA:0,(anonymous_6)
FNDA:0,(anonymous_7)
FNDA:0,(anonymous_8)
FNDA:0,(anonymous_9)
FNDA:0,(anonymous_10)
FNDA:0,(anonymous_11)
FNDA:0,(anonymous_12)
DA:3,0
DA:25,0
DA:26,0
DA:27,0
DA:28,0
DA:29,0
DA:30,0
DA:31,0
DA:33,0
DA:48,0
DA:55,0
DA:62,0
DA:69,0
DA:80,0
DA:81,0
DA:83,0
DA:91,0
DA:92,0
DA:94,0
DA:95,0
DA:103,0
DA:121,0
DA:123,0
DA:125,0
DA:126,0
DA:128,0
DA:129,0
DA:131,0
DA:132,0
DA:134,0
DA:135,0
DA:137,0
DA:138,0
DA:140,0
DA:141,0
DA:143,0
DA:144,0
DA:146,0
DA:147,0
DA:150,0
DA:151,0
DA:153,0
DA:154,0
DA:157,0
DA:158,0
DA:160,0
DA:161,0
DA:164,0
DA:165,0
DA:167,0
DA:168,0
DA:171,0
DA:172,0
DA:174,0
DA:175,0
DA:178,0
LF:56
LH:0
BRDA:26,0,0,0
BRDA:26,0,1,0
BRDA:27,1,0,0
BRDA:27,1,1,0
BRDA:27,2,0,0
BRDA:27,2,1,0
BRDA:28,3,0,0
BRDA:28,3,1,0
BRDA:28,4,0,0
BRDA:28,4,1,0
BRDA:29,5,0,0
BRDA:29,5,1,0
BRDA:29,6,0,0
BRDA:29,6,1,0
BRDA:30,7,0,0
BRDA:30,7,1,0
BRDA:30,8,0,0
BRDA:30,8,1,0
BRDA:31,9,0,0
BRDA:31,9,1,0
BRDA:31,10,0,0
BRDA:31,10,1,0
BRDA:34,11,0,0
BRDA:34,11,1,0
BRDA:34,12,0,0
BRDA:34,12,1,0
BRDA:35,13,0,0
BRDA:35,13,1,0
BRDA:35,14,0,0
BRDA:35,14,1,0
BRDA:36,15,0,0
BRDA:36,15,1,0
BRDA:37,16,0,0
BRDA:37,16,1,0
BRDA:38,17,0,0
BRDA:38,17,1,0
BRDA:39,18,0,0
BRDA:39,18,1,0
BRDA:40,19,0,0
BRDA:40,19,1,0
BRDA:41,20,0,0
BRDA:41,20,1,0
BRDA:42,21,0,0
BRDA:42,21,1,0
BRDA:43,22,0,0
BRDA:43,22,1,0
BRDA:50,23,0,0
BRDA:50,23,1,0
BRDA:50,24,0,0
BRDA:50,24,1,0
BRDA:50,25,0,0
BRDA:50,25,1,0
BRDA:51,26,0,0
BRDA:51,26,1,0
BRDA:51,27,0,0
BRDA:51,27,1,0
BRDA:51,28,0,0
BRDA:51,28,1,0
BRDA:57,29,0,0
BRDA:57,29,1,0
BRDA:57,30,0,0
BRDA:57,30,1,0
BRDA:57,31,0,0
BRDA:57,31,1,0
BRDA:58,32,0,0
BRDA:58,32,1,0
BRDA:58,33,0,0
BRDA:58,33,1,0
BRDA:58,34,0,0
BRDA:58,34,1,0
BRDA:64,35,0,0
BRDA:64,35,1,0
BRDA:64,36,0,0
BRDA:64,36,1,0
BRDA:64,37,0,0
BRDA:64,37,1,0
BRDA:65,38,0,0
BRDA:65,38,1,0
BRDA:65,39,0,0
BRDA:65,39,1,0
BRDA:65,40,0,0
BRDA:65,40,1,0
BRDA:71,41,0,0
BRDA:71,41,1,0
BRDA:71,42,0,0
BRDA:71,42,1,0
BRDA:72,43,0,0
BRDA:72,43,1,0
BRDA:74,44,0,0
BRDA:74,44,1,0
BRDA:74,45,0,0
BRDA:74,45,1,0
BRDA:75,46,0,0
BRDA:75,46,1,0
BRDA:81,47,0,0
BRDA:81,47,1,0
BRDA:85,48,0,0
BRDA:85,48,1,0
BRDA:85,49,0,0
BRDA:85,49,1,0
BRDA:85,50,0,0
BRDA:85,50,1,0
BRDA:86,51,0,0
BRDA:86,51,1,0
BRDA:86,52,0,0
BRDA:86,52,1,0
BRDA:86,53,0,0
BRDA:86,53,1,0
BRDA:92,54,0,0
BRDA:92,54,1,0
BRDA:94,55,0,0
BRDA:94,55,1,0
BRDA:97,56,0,0
BRDA:97,56,1,0
BRDA:98,57,0,0
BRDA:98,57,1,0
BRDA:121,58,0,0
BRDA:121,58,1,0
BRDA:125,59,0,0
BRDA:125,59,1,0
BRDA:125,60,0,0
BRDA:125,60,1,0
BRDA:128,61,0,0
BRDA:128,61,1,0
BRDA:128,62,0,0
BRDA:128,62,1,0
BRDA:131,63,0,0
BRDA:131,63,1,0
BRDA:131,64,0,0
BRDA:131,64,1,0
BRDA:134,65,0,0
BRDA:134,65,1,0
BRDA:134,66,0,0
BRDA:134,66,1,0
BRDA:137,67,0,0
BRDA:137,67,1,0
BRDA:137,68,0,0
BRDA:137,68,1,0
BRDA:140,69,0,0
BRDA:140,69,1,0
BRDA:143,70,0,0
BRDA:143,70,1,0
BRDA:146,71,0,0
BRDA:146,71,1,0
BRDA:150,72,0,0
BRDA:150,72,1,0
BRDA:153,73,0,0
BRDA:153,73,1,0
BRDA:157,74,0,0
BRDA:157,74,1,0
BRDA:160,75,0,0
BRDA:160,75,1,0
BRDA:164,76,0,0
BRDA:164,76,1,0
BRDA:167,77,0,0
BRDA:167,77,1,0
BRDA:171,78,0,0
BRDA:171,78,1,0
BRDA:171,79,0,0
BRDA:171,79,1,0
BRDA:174,80,0,0
BRDA:174,80,1,0
BRDA:174,81,0,0
BRDA:174,81,1,0
BRF:164
BRH:0
end_of_record
TN:
SF:/home/psp/gocomet/engagement-app/components/client/tracking/list/helpers/index.jsx
FN:1,(anonymous_0)
FN:11,(anonymous_1)
FNF:2
FNH:0
FNDA:0,(anonymous_0)
FNDA:0,(anonymous_1)
DA:1,0
DA:8,0
DA:9,0
DA:11,0
DA:12,0
DA:13,0
DA:14,0
DA:16,0
DA:17,0
DA:18,0
DA:20,0
DA:22,0
LF:12
LH:0
BRDA:12,0,0,0
BRDA:12,0,1,0
BRDA:13,1,0,0
BRDA:13,1,1,0
BRDA:13,2,0,0
BRDA:13,2,1,0
BRDA:16,3,0,0
BRDA:16,3,1,0
BRDA:17,4,0,0
BRDA:17,4,1,0
BRF:10
BRH:0
end_of_record
