TN:
SF:/home/psp/gocomet/engagement-app/components/client/sailing-schedule/index.jsx
FN:50,(anonymous_0)
FN:84,(anonymous_1)
FN:88,(anonymous_2)
FN:98,(anonymous_3)
FN:109,(anonymous_4)
FN:130,(anonymous_5)
FN:138,(anonymous_6)
FN:143,(anonymous_7)
FN:147,(anonymous_8)
FN:151,(anonymous_9)
FN:160,(anonymous_10)
FN:162,(anonymous_11)
FN:167,(anonymous_12)
FN:171,(anonymous_13)
FN:175,(anonymous_14)
FN:179,(anonymous_15)
FN:183,(anonymous_16)
FN:196,(anonymous_17)
FN:198,(anonymous_18)
FN:206,(anonymous_19)
FN:215,(anonymous_20)
FN:217,(anonymous_21)
FN:249,(anonymous_22)
FN:417,(anonymous_23)
FN:418,(anonymous_24)
FN:419,(anonymous_25)
FN:420,(anonymous_26)
FN:421,(anonymous_27)
FN:432,(anonymous_28)
FNF:29
FNH:0
FNDA:0,(anonymous_0)
FNDA:0,(anonymous_1)
FNDA:0,(anonymous_2)
FNDA:0,(anonymous_3)
FNDA:0,(anonymous_4)
FNDA:0,(anonymous_5)
FNDA:0,(anonymous_6)
FNDA:0,(anonymous_7)
FNDA:0,(anonymous_8)
FNDA:0,(anonymous_9)
FNDA:0,(anonymous_10)
FNDA:0,(anonymous_11)
FNDA:0,(anonymous_12)
FNDA:0,(anonymous_13)
FNDA:0,(anonymous_14)
FNDA:0,(anonymous_15)
FNDA:0,(anonymous_16)
FNDA:0,(anonymous_17)
FNDA:0,(anonymous_18)
FNDA:0,(anonymous_19)
FNDA:0,(anonymous_20)
FNDA:0,(anonymous_21)
FNDA:0,(anonymous_22)
FNDA:0,(anonymous_23)
FNDA:0,(anonymous_24)
FNDA:0,(anonymous_25)
FNDA:0,(anonymous_26)
FNDA:0,(anonymous_27)
FNDA:0,(anonymous_28)
DA:48,1
DA:50,1
DA:51,0
DA:52,0
DA:76,0
DA:77,0
DA:78,0
DA:79,0
DA:80,0
DA:81,0
DA:82,0
DA:84,0
DA:85,0
DA:88,0
DA:89,0
DA:90,0
DA:91,0
DA:96,0
DA:97,0
DA:98,0
DA:101,0
DA:102,0
DA:104,0
DA:106,0
DA:109,0
DA:110,0
DA:114,0
DA:115,0
DA:118,0
DA:119,0
DA:120,0
DA:121,0
DA:122,0
DA:124,0
DA:130,0
DA:131,0
DA:133,0
DA:134,0
DA:135,0
DA:138,0
DA:139,0
DA:140,0
DA:143,0
DA:144,0
DA:147,0
DA:148,0
DA:151,0
DA:152,0
DA:153,0
DA:154,0
DA:155,0
DA:156,0
DA:157,0
DA:160,0
DA:162,0
DA:163,0
DA:164,0
DA:167,0
DA:168,0
DA:171,0
DA:172,0
DA:175,0
DA:176,0
DA:179,0
DA:180,0
DA:183,0
DA:184,0
DA:196,0
DA:198,0
DA:199,0
DA:200,0
DA:201,0
DA:202,0
DA:206,0
DA:207,0
DA:209,0
DA:210,0
DA:215,0
DA:216,0
DA:217,0
DA:218,0
DA:221,0
DA:223,0
DA:224,0
DA:226,0
DA:227,0
DA:230,0
DA:231,0
DA:238,0
DA:243,0
DA:246,0
DA:249,0
DA:250,0
DA:251,0
DA:252,0
DA:254,0
DA:255,0
DA:257,0
DA:258,0
DA:259,0
DA:260,0
DA:262,0
DA:263,0
DA:264,0
DA:265,0
DA:267,0
DA:268,0
DA:269,0
DA:270,0
DA:274,0
DA:402,1
DA:432,1
DA:433,0
DA:449,0
DA:451,0
DA:454,0
LF:116
LH:4
BRDA:63,0,0,0
BRDA:64,1,0,0
BRDA:65,2,0,0
BRDA:98,3,0,0
BRDA:98,3,1,0
BRDA:101,4,0,0
BRDA:101,4,1,0
BRDA:102,5,0,0
BRDA:102,5,1,0
BRDA:110,6,0,0
BRDA:110,6,1,0
BRDA:131,7,0,0
BRDA:131,8,0,0
BRDA:133,9,0,0
BRDA:133,9,1,0
BRDA:133,10,0,0
BRDA:133,10,1,0
BRDA:133,10,2,0
BRDA:139,11,0,0
BRDA:139,12,0,0
BRDA:143,13,0,0
BRDA:143,14,0,0
BRDA:199,15,0,0
BRDA:199,15,1,0
BRDA:199,16,0,0
BRDA:199,16,1,0
BRDA:200,17,0,0
BRDA:200,17,1,0
BRDA:200,18,0,0
BRDA:200,18,1,0
BRDA:200,18,2,0
BRDA:207,19,0,0
BRDA:207,19,1,0
BRDA:216,20,0,0
BRDA:216,20,1,0
BRDA:218,21,0,0
BRDA:218,21,1,0
BRDA:223,22,0,0
BRDA:223,22,1,0
BRDA:226,23,0,0
BRDA:226,23,1,0
BRDA:230,24,0,0
BRDA:230,24,1,0
BRDA:230,25,0,0
BRDA:230,25,1,0
BRDA:250,26,0,0
BRDA:250,26,1,0
BRDA:254,27,0,0
BRDA:254,27,1,0
BRDA:254,28,0,0
BRDA:254,28,1,0
BRDA:259,29,0,0
BRDA:259,29,1,0
BRDA:260,30,0,0
BRDA:260,30,1,0
BRDA:262,31,0,0
BRDA:262,31,1,0
BRDA:264,32,0,0
BRDA:264,32,1,0
BRDA:265,33,0,0
BRDA:265,33,1,0
BRDA:267,34,0,0
BRDA:267,34,1,0
BRDA:269,35,0,0
BRDA:269,35,1,0
BRDA:270,36,0,0
BRDA:270,36,1,0
BRDA:299,37,0,0
BRDA:299,37,1,0
BRDA:302,38,0,0
BRDA:302,38,1,0
BRDA:310,39,0,0
BRDA:310,39,1,0
BRDA:310,39,2,0
BRDA:364,40,0,0
BRDA:364,40,1,0
BRDA:433,41,0,0
BRDA:433,41,1,0
BRF:78
BRH:0
end_of_record
TN:
SF:/home/psp/gocomet/engagement-app/components/client/sailing-schedule/styles.jsx
FN:155,(anonymous_0)
FN:160,(anonymous_1)
FN:161,(anonymous_2)
FNF:3
FNH:0
FNDA:0,(anonymous_0)
FNDA:0,(anonymous_1)
FNDA:0,(anonymous_2)
DA:5,5
DA:73,5
DA:91,5
DA:108,5
DA:129,5
DA:147,5
DA:152,5
DA:155,0
DA:160,0
DA:161,0
DA:164,5
DA:189,5
DA:198,5
DA:236,5
DA:283,5
LF:15
LH:12
BRDA:155,0,0,0
BRDA:155,0,1,0
BRDA:160,1,0,0
BRDA:160,1,1,0
BRDA:161,2,0,0
BRDA:161,2,1,0
BRF:6
BRH:0
end_of_record
TN:
SF:/home/psp/gocomet/engagement-app/components/client/sailing-schedule/Features/index.jsx
FN:6,(anonymous_0)
FN:14,(anonymous_1)
FNF:2
FNH:2
FNDA:1,(anonymous_0)
FNDA:3,(anonymous_1)
DA:6,2
DA:7,1
DA:15,3
LF:3
LH:3
BRF:0
BRH:0
end_of_record
TN:
SF:/home/psp/gocomet/engagement-app/components/client/sailing-schedule/Features/styles.jsx
FNF:0
FNH:0
DA:5,2
LF:1
LH:1
BRF:0
BRH:0
end_of_record
TN:
SF:/home/psp/gocomet/engagement-app/components/client/sailing-schedule/Filters/EmailModal.jsx
FN:8,(anonymous_0)
FN:12,(anonymous_1)
FN:14,(anonymous_2)
FN:53,(anonymous_3)
FN:54,(anonymous_4)
FNF:5
FNH:1
FNDA:3,(anonymous_0)
FNDA:0,(anonymous_1)
FNDA:0,(anonymous_2)
FNDA:0,(anonymous_3)
FNDA:0,(anonymous_4)
DA:8,3
DA:11,3
DA:12,3
DA:13,0
DA:14,0
DA:15,0
DA:16,0
DA:21,3
DA:50,3
DA:57,3
LF:10
LH:6
BRDA:15,0,0,0
BRDA:15,0,1,0
BRF:2
BRH:0
end_of_record
TN:
SF:/home/psp/gocomet/engagement-app/components/client/sailing-schedule/Filters/index.jsx
FN:43,(anonymous_0)
FN:60,(anonymous_1)
FN:64,(anonymous_2)
FN:66,(anonymous_3)
FN:69,(anonymous_4)
FN:72,(anonymous_5)
FN:77,(anonymous_6)
FN:83,(anonymous_7)
FN:94,(anonymous_8)
FN:99,(anonymous_9)
FN:107,(anonymous_10)
FN:109,(anonymous_11)
FN:115,(anonymous_12)
FN:126,(anonymous_13)
FN:143,(anonymous_14)
FN:161,(anonymous_15)
FN:168,(anonymous_16)
FN:169,(anonymous_17)
FN:181,(anonymous_18)
FN:194,(anonymous_19)
FN:196,(anonymous_20)
FN:208,(anonymous_21)
FN:228,(anonymous_22)
FN:245,(anonymous_23)
FN:281,(anonymous_24)
FN:348,(anonymous_25)
FN:349,(anonymous_26)
FN:350,(anonymous_27)
FN:351,(anonymous_28)
FN:352,(anonymous_29)
FNF:30
FNH:8
FNDA:2,(anonymous_0)
FNDA:0,(anonymous_1)
FNDA:0,(anonymous_2)
FNDA:0,(anonymous_3)
FNDA:0,(anonymous_4)
FNDA:0,(anonymous_5)
FNDA:0,(anonymous_6)
FNDA:0,(anonymous_7)
FNDA:4,(anonymous_8)
FNDA:0,(anonymous_9)
FNDA:4,(anonymous_10)
FNDA:0,(anonymous_11)
FNDA:0,(anonymous_12)
FNDA:0,(anonymous_13)
FNDA:20,(anonymous_14)
FNDA:0,(anonymous_15)
FNDA:0,(anonymous_16)
FNDA:4,(anonymous_17)
FNDA:3,(anonymous_18)
FNDA:0,(anonymous_19)
FNDA:3,(anonymous_20)
FNDA:2,(anonymous_21)
FNDA:0,(anonymous_22)
FNDA:0,(anonymous_23)
FNDA:0,(anonymous_24)
FNDA:0,(anonymous_25)
FNDA:0,(anonymous_26)
FNDA:0,(anonymous_27)
FNDA:0,(anonymous_28)
FNDA:0,(anonymous_29)
DA:23,2
DA:25,2
DA:38,2
DA:43,2
DA:56,2
DA:57,2
DA:58,2
DA:60,2
DA:61,0
DA:64,2
DA:66,2
DA:67,0
DA:69,2
DA:70,0
DA:72,2
DA:73,0
DA:74,0
DA:77,2
DA:78,0
DA:79,0
DA:80,0
DA:83,2
DA:84,0
DA:85,0
DA:86,0
DA:90,0
DA:94,2
DA:95,4
DA:96,4
DA:99,2
DA:100,0
DA:101,0
DA:107,2
DA:108,4
DA:109,0
DA:115,2
DA:116,0
DA:123,0
DA:126,2
DA:127,0
DA:134,0
DA:135,0
DA:137,0
DA:141,2
DA:144,20
DA:154,2
DA:161,0
DA:167,2
DA:168,0
DA:170,4
DA:181,2
DA:182,3
DA:183,1
DA:185,2
DA:186,1
DA:188,1
DA:192,2
DA:194,0
DA:197,3
DA:208,2
DA:210,2
DA:228,0
DA:245,0
DA:281,0
DA:341,2
LF:65
LH:38
BRDA:47,0,0,2
BRDA:58,1,0,2
BRDA:58,1,1,0
BRDA:61,2,0,0
BRDA:61,2,1,0
BRDA:67,3,0,0
BRDA:67,3,1,0
BRDA:70,4,0,0
BRDA:70,4,1,0
BRDA:73,5,0,0
BRDA:73,6,0,0
BRDA:73,7,0,0
BRDA:73,7,1,0
BRDA:95,8,0,4
BRDA:95,8,1,4
BRDA:96,9,0,4
BRDA:96,9,1,0
BRDA:96,10,0,4
BRDA:96,10,1,4
BRDA:96,11,0,0
BRDA:96,11,1,0
BRDA:111,12,0,2
BRDA:111,12,1,2
BRDA:134,13,0,0
BRDA:134,13,1,0
BRDA:169,14,0,2
BRDA:169,14,1,0
BRDA:182,15,0,1
BRDA:182,15,1,2
BRDA:185,16,0,1
BRDA:185,16,1,1
BRDA:196,17,0,2
BRDA:196,17,1,0
BRDA:208,18,0,2
BRDA:208,18,1,2
BRDA:229,19,0,0
BRDA:229,19,1,2
BRDA:231,20,0,0
BRDA:231,20,1,0
BRDA:236,21,0,2
BRDA:236,21,1,0
BRDA:246,22,0,0
BRDA:246,22,1,2
BRDA:246,23,0,2
BRDA:246,23,1,2
BRDA:282,24,0,0
BRDA:282,24,1,2
BRDA:282,25,0,2
BRDA:282,25,1,2
BRDA:310,26,0,0
BRDA:310,26,1,2
BRDA:311,27,0,2
BRDA:311,27,1,0
BRF:53
BRH:27
end_of_record
TN:
SF:/home/psp/gocomet/engagement-app/components/client/sailing-schedule/Filters/styles.jsx
FNF:0
FNH:0
DA:5,3
DA:23,3
DA:33,3
DA:40,3
DA:52,3
DA:63,3
DA:71,3
DA:78,3
LF:8
LH:8
BRF:0
BRH:0
end_of_record
TN:
SF:/home/psp/gocomet/engagement-app/components/client/sailing-schedule/Limitbar/index.jsx
FN:9,(anonymous_0)
FN:10,(anonymous_1)
FN:33,(anonymous_2)
FN:41,(anonymous_3)
FNF:4
FNH:3
FNDA:2,(anonymous_0)
FNDA:1,(anonymous_1)
FNDA:0,(anonymous_2)
FNDA:2,(anonymous_3)
DA:9,2
DA:10,2
DA:11,1
DA:14,2
DA:32,2
DA:41,2
LF:6
LH:6
BRDA:18,0,0,0
BRDA:18,0,1,2
BRF:2
BRH:1
end_of_record
TN:
SF:/home/psp/gocomet/engagement-app/components/client/sailing-schedule/Limitbar/styles.jsx
FNF:0
FNH:0
DA:4,2
LF:1
LH:1
BRF:0
BRH:0
end_of_record
TN:
SF:/home/psp/gocomet/engagement-app/components/client/sailing-schedule/LoadingComponent/index.jsx
FN:5,(anonymous_0)
FN:12,(anonymous_1)
FN:25,(anonymous_2)
FNF:3
FNH:0
FNDA:0,(anonymous_0)
FNDA:0,(anonymous_1)
FNDA:0,(anonymous_2)
DA:5,1
DA:6,0
DA:12,0
DA:24,1
LF:4
LH:2
BRDA:7,0,0,0
BRDA:7,0,1,0
BRF:2
BRH:0
end_of_record
TN:
SF:/home/psp/gocomet/engagement-app/components/client/sailing-schedule/LoadingComponent/styles.jsx
FNF:0
FNH:0
DA:4,1
DA:9,1
DA:24,1
DA:36,1
DA:44,1
LF:5
LH:5
BRF:0
BRH:0
end_of_record
TN:
SF:/home/psp/gocomet/engagement-app/components/client/sailing-schedule/Search/index.jsx
FN:11,(anonymous_0)
FN:20,(anonymous_1)
FN:50,(anonymous_2)
FN:90,(anonymous_3)
FN:110,(anonymous_4)
FN:144,(anonymous_5)
FN:145,(anonymous_6)
FN:146,(anonymous_7)
FNF:8
FNH:1
FNDA:4,(anonymous_0)
FNDA:0,(anonymous_1)
FNDA:0,(anonymous_2)
FNDA:0,(anonymous_3)
FNDA:0,(anonymous_4)
FNDA:0,(anonymous_5)
FNDA:0,(anonymous_6)
FNDA:0,(anonymous_7)
DA:11,2
DA:20,4
DA:21,0
DA:22,0
DA:23,0
DA:24,0
DA:27,0
DA:29,0
DA:30,0
DA:35,0
DA:36,0
DA:43,0
DA:50,4
DA:51,0
DA:52,0
DA:53,0
DA:54,0
DA:57,0
DA:59,0
DA:60,0
DA:65,0
DA:66,0
DA:73,0
DA:80,4
DA:90,0
DA:110,0
DA:140,2
LF:27
LH:5
BRDA:20,0,0,0
BRDA:20,1,0,0
BRDA:22,2,0,0
BRDA:22,2,1,0
BRDA:23,3,0,0
BRDA:23,3,1,0
BRDA:24,4,0,0
BRDA:24,4,1,0
BRDA:29,5,0,0
BRDA:29,5,1,0
BRDA:35,6,0,0
BRDA:35,6,1,0
BRDA:35,7,0,0
BRDA:35,7,1,0
BRDA:50,8,0,0
BRDA:50,9,0,0
BRDA:52,10,0,0
BRDA:52,10,1,0
BRDA:53,11,0,0
BRDA:53,11,1,0
BRDA:54,12,0,0
BRDA:54,12,1,0
BRDA:59,13,0,0
BRDA:59,13,1,0
BRDA:65,14,0,0
BRDA:65,14,1,0
BRDA:65,15,0,0
BRDA:65,15,1,0
BRDA:89,16,0,2
BRDA:89,16,1,2
BRDA:92,17,0,2
BRDA:92,17,1,2
BRDA:109,18,0,3
BRDA:109,18,1,1
BRDA:112,19,0,1
BRDA:112,19,1,3
BRF:36
BRH:8
end_of_record
TN:
SF:/home/psp/gocomet/engagement-app/components/client/sailing-schedule/Search/styles.jsx
FNF:0
FNH:0
DA:5,2
DA:51,2
DA:57,2
DA:63,2
DA:70,2
DA:94,2
LF:6
LH:6
BRF:0
BRH:0
end_of_record
TN:
SF:/home/psp/gocomet/engagement-app/components/client/sailing-schedule/SearchResults/TableHeaders.jsx
FN:9,(anonymous_0)
FN:13,(anonymous_1)
FN:14,(anonymous_2)
FN:22,(anonymous_3)
FN:30,(anonymous_4)
FN:50,(anonymous_5)
FN:51,(anonymous_6)
FN:55,(anonymous_7)
FN:76,(anonymous_8)
FN:80,(anonymous_9)
FN:84,(anonymous_10)
FN:103,(anonymous_11)
FN:112,(anonymous_12)
FN:114,(anonymous_13)
FN:122,(anonymous_14)
FN:128,(anonymous_15)
FN:159,(anonymous_16)
FN:161,(anonymous_17)
FN:169,(anonymous_18)
FN:171,(anonymous_19)
FN:179,(anonymous_20)
FN:182,(anonymous_21)
FN:216,(anonymous_22)
FN:224,(anonymous_23)
FN:232,(anonymous_24)
FN:240,(anonymous_25)
FN:248,(anonymous_26)
FN:255,(anonymous_27)
FN:262,(anonymous_28)
FNF:29
FNH:0
FNDA:0,(anonymous_0)
FNDA:0,(anonymous_1)
FNDA:0,(anonymous_2)
FNDA:0,(anonymous_3)
FNDA:0,(anonymous_4)
FNDA:0,(anonymous_5)
FNDA:0,(anonymous_6)
FNDA:0,(anonymous_7)
FNDA:0,(anonymous_8)
FNDA:0,(anonymous_9)
FNDA:0,(anonymous_10)
FNDA:0,(anonymous_11)
FNDA:0,(anonymous_12)
FNDA:0,(anonymous_13)
FNDA:0,(anonymous_14)
FNDA:0,(anonymous_15)
FNDA:0,(anonymous_16)
FNDA:0,(anonymous_17)
FNDA:0,(anonymous_18)
FNDA:0,(anonymous_19)
FNDA:0,(anonymous_20)
FNDA:0,(anonymous_21)
FNDA:0,(anonymous_22)
FNDA:0,(anonymous_23)
FNDA:0,(anonymous_24)
FNDA:0,(anonymous_25)
FNDA:0,(anonymous_26)
FNDA:0,(anonymous_27)
FNDA:0,(anonymous_28)
DA:9,1
DA:10,0
DA:13,0
DA:14,0
DA:15,0
DA:16,0
DA:21,0
DA:22,0
DA:23,0
DA:24,0
DA:27,0
DA:30,1
DA:31,0
DA:44,1
DA:49,1
DA:55,1
DA:56,0
DA:57,0
DA:59,0
DA:60,0
DA:62,0
DA:63,0
DA:65,0
DA:72,1
DA:76,1
DA:77,0
DA:78,0
DA:80,0
DA:81,0
DA:84,1
DA:85,0
DA:86,0
DA:87,0
DA:103,1
DA:104,0
DA:108,0
DA:112,0
DA:115,0
DA:116,0
DA:123,0
DA:129,0
DA:131,0
DA:159,0
DA:162,0
DA:163,0
DA:169,0
DA:172,0
DA:173,0
DA:179,0
DA:183,0
DA:184,0
DA:213,1
DA:217,0
DA:218,0
DA:219,0
DA:225,0
DA:226,0
DA:227,0
DA:233,0
DA:234,0
DA:235,0
DA:241,0
DA:242,0
DA:243,0
DA:249,0
DA:250,0
DA:256,0
DA:257,0
DA:263,0
DA:264,0
LF:70
LH:10
BRDA:9,0,0,0
BRDA:13,1,0,0
BRDA:14,2,0,0
BRDA:15,3,0,0
BRDA:15,3,1,0
BRDA:16,4,0,0
BRDA:16,4,1,0
BRDA:21,5,0,0
BRDA:21,5,1,0
BRDA:59,6,0,0
BRDA:59,6,1,0
BRDA:62,7,0,0
BRDA:62,7,1,0
BRDA:62,8,0,0
BRDA:62,8,1,0
BRDA:77,9,0,0
BRDA:77,9,1,0
BRDA:78,10,0,0
BRDA:78,10,1,0
BRDA:80,11,0,0
BRDA:103,12,0,0
BRDA:104,13,0,0
BRDA:104,14,0,0
BRDA:112,15,0,0
BRDA:112,15,1,0
BRDA:112,16,0,0
BRDA:112,16,1,0
BRDA:113,17,0,0
BRDA:113,17,1,0
BRDA:115,18,0,0
BRDA:115,19,0,0
BRDA:115,19,1,0
BRDA:124,20,0,0
BRDA:124,20,1,0
BRDA:125,21,0,0
BRDA:125,21,1,0
BRDA:127,22,0,0
BRDA:127,22,1,0
BRDA:129,23,0,0
BRDA:129,23,1,0
BRDA:159,24,0,0
BRDA:159,24,1,0
BRDA:159,25,0,0
BRDA:159,25,1,0
BRDA:160,26,0,0
BRDA:160,26,1,0
BRDA:162,27,0,0
BRDA:162,28,0,0
BRDA:162,28,1,0
BRDA:169,29,0,0
BRDA:169,29,1,0
BRDA:169,30,0,0
BRDA:169,30,1,0
BRDA:170,31,0,0
BRDA:170,31,1,0
BRDA:172,32,0,0
BRDA:172,33,0,0
BRDA:172,33,1,0
BRDA:179,34,0,0
BRDA:179,34,1,0
BRDA:179,35,0,0
BRDA:179,35,1,0
BRDA:180,36,0,0
BRDA:180,36,1,0
BRDA:183,37,0,0
BRDA:183,37,1,0
BRDA:217,38,0,0
BRDA:217,38,1,0
BRDA:218,39,0,0
BRDA:218,39,1,0
BRDA:219,40,0,0
BRDA:219,40,1,0
BRDA:225,41,0,0
BRDA:225,41,1,0
BRDA:226,42,0,0
BRDA:226,42,1,0
BRDA:233,43,0,0
BRDA:233,43,1,0
BRDA:234,44,0,0
BRDA:234,44,1,0
BRDA:235,45,0,0
BRDA:235,45,1,0
BRDA:241,46,0,0
BRDA:241,46,1,0
BRDA:242,47,0,0
BRDA:242,48,0,0
BRDA:242,48,1,0
BRDA:249,49,0,0
BRDA:249,49,1,0
BRDA:250,50,0,0
BRDA:250,50,1,0
BRDA:256,51,0,0
BRDA:256,51,1,0
BRDA:257,52,0,0
BRDA:257,52,1,0
BRDA:263,53,0,0
BRDA:263,53,1,0
BRDA:264,54,0,0
BRDA:264,54,1,0
BRF:99
BRH:0
end_of_record
TN:
SF:/home/psp/gocomet/engagement-app/components/client/sailing-schedule/SearchResults/TransShipmentTable.jsx
FN:5,(anonymous_0)
FNF:1
FNH:0
FNDA:0,(anonymous_0)
DA:5,1
DA:6,0
DA:8,0
DA:22,1
LF:4
LH:2
BRDA:6,0,0,0
BRDA:10,1,0,0
BRDA:10,1,1,0
BRF:3
BRH:0
end_of_record
TN:
SF:/home/psp/gocomet/engagement-app/components/client/sailing-schedule/SearchResults/helper.jsx
FN:3,(anonymous_0)
FN:20,(anonymous_1)
FNF:2
FNH:0
FNDA:0,(anonymous_0)
FNDA:0,(anonymous_1)
DA:3,1
DA:4,0
DA:5,0
DA:21,0
DA:30,0
LF:5
LH:1
BRF:0
BRH:0
end_of_record
TN:
SF:/home/psp/gocomet/engagement-app/components/client/sailing-schedule/SearchResults/index.jsx
FN:13,(anonymous_0)
FN:28,(anonymous_1)
FN:39,(anonymous_2)
FN:45,(anonymous_3)
FN:56,(anonymous_4)
FN:64,(anonymous_5)
FN:91,(anonymous_6)
FN:92,(anonymous_7)
FN:93,(anonymous_8)
FN:94,(anonymous_9)
FN:97,(anonymous_10)
FNF:11
FNH:0
FNDA:0,(anonymous_0)
FNDA:0,(anonymous_1)
FNDA:0,(anonymous_2)
FNDA:0,(anonymous_3)
FNDA:0,(anonymous_4)
FNDA:0,(anonymous_5)
FNDA:0,(anonymous_6)
FNDA:0,(anonymous_7)
FNDA:0,(anonymous_8)
FNDA:0,(anonymous_9)
FNDA:0,(anonymous_10)
DA:11,1
DA:13,1
DA:14,0
DA:24,1
DA:28,1
DA:36,0
DA:38,0
DA:39,0
DA:40,0
DA:41,0
DA:42,0
DA:45,0
DA:46,0
DA:49,0
DA:56,0
DA:65,0
DA:86,1
DA:97,1
DA:98,0
DA:99,0
DA:100,0
LF:21
LH:6
BRDA:30,0,0,0
BRDA:31,1,0,0
BRDA:32,2,0,0
BRDA:41,3,0,0
BRDA:41,4,0,0
BRDA:41,5,0,0
BRDA:41,5,1,0
BRDA:51,6,0,0
BRDA:51,6,1,0
BRDA:56,7,0,0
BRDA:60,8,0,0
BRDA:60,8,1,0
BRDA:65,9,0,0
BRDA:65,9,1,0
BRF:14
BRH:0
end_of_record
TN:
SF:/home/psp/gocomet/engagement-app/components/client/sailing-schedule/SearchResults/styles.jsx
FNF:0
FNH:0
DA:4,1
DA:49,1
DA:53,1
DA:57,1
DA:61,1
DA:68,1
LF:6
LH:6
BRF:0
BRH:0
end_of_record
TN:
SF:/home/psp/gocomet/engagement-app/components/client/sailing-schedule/Sider/RateCard.jsx
FN:12,(anonymous_0)
FN:15,(anonymous_1)
FN:24,(anonymous_2)
FN:46,(anonymous_3)
FN:54,(anonymous_4)
FN:54,(anonymous_5)
FN:87,(anonymous_6)
FN:88,(anonymous_7)
FN:91,(anonymous_8)
FNF:9
FNH:4
FNDA:1,(anonymous_0)
FNDA:0,(anonymous_1)
FNDA:1,(anonymous_2)
FNDA:1,(anonymous_3)
FNDA:0,(anonymous_4)
FNDA:0,(anonymous_5)
FNDA:0,(anonymous_6)
FNDA:0,(anonymous_7)
FNDA:1,(anonymous_8)
DA:12,3
DA:16,0
DA:17,0
DA:18,0
DA:19,0
DA:24,1
DA:25,1
DA:47,1
DA:48,1
DA:49,1
DA:50,1
DA:51,1
DA:54,0
DA:83,3
DA:91,3
DA:92,1
DA:93,1
LF:17
LH:12
BRDA:18,0,0,0
BRDA:18,0,1,0
BRDA:28,1,0,1
BRDA:28,1,1,0
BRDA:34,2,0,1
BRDA:34,2,1,0
BRDA:48,3,0,1
BRDA:48,3,1,0
BRDA:49,4,0,1
BRDA:49,4,1,0
BRDA:50,5,0,1
BRDA:50,6,0,1
BRDA:50,6,1,0
BRDA:54,7,0,1
BRDA:54,7,1,0
BRDA:54,8,0,1
BRDA:54,8,1,1
BRDA:57,9,0,1
BRDA:57,9,1,0
BRDA:58,10,0,1
BRDA:58,10,1,0
BRDA:60,11,0,1
BRDA:60,11,1,1
BRDA:65,12,0,1
BRDA:65,12,1,1
BRF:25
BRH:15
end_of_record
TN:
SF:/home/psp/gocomet/engagement-app/components/client/sailing-schedule/Sider/TrendModal.jsx
FN:16,(anonymous_0)
FN:21,(anonymous_1)
FN:27,(anonymous_2)
FN:106,(anonymous_3)
FN:163,(anonymous_4)
FNF:5
FNH:1
FNDA:0,(anonymous_0)
FNDA:0,(anonymous_1)
FNDA:0,(anonymous_2)
FNDA:1,(anonymous_3)
FNDA:0,(anonymous_4)
DA:13,3
DA:17,0
DA:18,0
DA:19,0
DA:21,0
DA:22,0
DA:27,1
DA:28,0
DA:29,0
DA:30,0
DA:32,0
DA:33,0
DA:36,0
DA:103,0
DA:109,1
DA:110,1
DA:111,1
DA:113,1
DA:159,3
LF:19
LH:7
BRDA:19,0,0,0
BRDA:19,0,1,0
BRDA:19,1,0,0
BRDA:19,1,1,0
BRDA:29,2,0,0
BRDA:29,2,1,0
BRDA:32,3,0,0
BRDA:32,3,1,0
BRDA:110,4,0,1
BRDA:110,4,1,0
BRDA:111,5,0,1
BRDA:111,5,1,0
BRDA:129,6,0,1
BRDA:129,6,1,0
BRDA:139,7,0,1
BRDA:139,7,1,0
BRF:16
BRH:4
end_of_record
TN:
SF:/home/psp/gocomet/engagement-app/components/client/sailing-schedule/Sider/index.jsx
FN:8,(anonymous_0)
FN:11,(anonymous_1)
FN:21,(anonymous_2)
FN:30,(anonymous_3)
FN:34,(anonymous_4)
FN:106,(anonymous_5)
FNF:6
FNH:3
FNDA:2,(anonymous_0)
FNDA:1,(anonymous_1)
FNDA:0,(anonymous_2)
FNDA:0,(anonymous_3)
FNDA:1,(anonymous_4)
FNDA:0,(anonymous_5)
DA:8,2
DA:12,1
DA:14,1
DA:21,1
DA:22,0
DA:23,0
DA:30,1
DA:31,0
DA:35,1
DA:44,1
DA:46,1
DA:100,2
LF:12
LH:9
BRDA:25,0,0,0
BRDA:25,0,1,0
BRDA:39,1,0,0
BRDA:47,2,0,1
BRDA:47,2,1,1
BRDA:49,3,0,1
BRDA:49,3,1,0
BRDA:52,4,0,0
BRDA:52,4,1,0
BRDA:59,5,0,1
BRDA:59,5,1,0
BRF:11
BRH:4
end_of_record
TN:
SF:/home/psp/gocomet/engagement-app/components/client/sailing-schedule/Sider/styles.jsx
FNF:0
FNH:0
DA:5,4
DA:7,4
DA:62,4
DA:69,4
DA:73,4
DA:79,4
DA:92,4
LF:7
LH:7
BRF:0
BRH:0
end_of_record
TN:
SF:/home/psp/gocomet/engagement-app/components/client/sailing-schedule/common/actionTypes.js
FNF:0
FNH:0
DA:1,5
DA:2,5
DA:3,5
DA:4,5
LF:4
LH:4
BRF:0
BRH:0
end_of_record
TN:
SF:/home/psp/gocomet/engagement-app/components/client/sailing-schedule/common/utils.jsx
FN:14,(anonymous_0)
FN:43,(anonymous_1)
FN:191,(anonymous_2)
FN:193,(anonymous_3)
FN:278,(anonymous_4)
FN:296,(anonymous_5)
FNF:6
FNH:0
FNDA:0,(anonymous_0)
FNDA:0,(anonymous_1)
FNDA:0,(anonymous_2)
FNDA:0,(anonymous_3)
FNDA:0,(anonymous_4)
FNDA:0,(anonymous_5)
DA:14,5
DA:21,0
DA:23,0
DA:24,0
DA:25,0
DA:27,0
DA:28,0
DA:30,0
DA:31,0
DA:33,0
DA:34,0
DA:36,0
DA:38,0
DA:43,5
DA:44,0
DA:45,0
DA:51,5
DA:191,5
DA:192,0
DA:194,0
DA:215,5
DA:219,5
DA:243,5
DA:260,5
DA:276,5
DA:278,5
DA:279,0
DA:281,0
DA:283,0
DA:284,0
DA:285,0
DA:288,0
DA:289,0
DA:290,0
DA:291,0
DA:294,0
DA:295,0
DA:296,0
DA:297,0
DA:311,0
DA:313,0
DA:316,0
DA:319,0
LF:43
LH:10
BRDA:21,0,0,0
BRDA:21,0,1,0
BRDA:24,1,0,0
BRDA:24,1,1,0
BRDA:27,2,0,0
BRDA:27,2,1,0
BRDA:27,3,0,0
BRDA:27,3,1,0
BRDA:30,4,0,0
BRDA:30,4,1,0
BRDA:30,5,0,0
BRDA:30,5,1,0
BRDA:33,6,0,0
BRDA:33,6,1,0
BRDA:36,7,0,0
BRDA:36,7,1,0
BRDA:44,8,0,0
BRDA:44,8,1,0
BRDA:193,9,0,0
BRDA:193,9,1,0
BRDA:278,10,0,0
BRDA:278,11,0,0
BRDA:279,12,0,0
BRDA:279,12,1,0
BRDA:279,12,2,0
BRDA:279,12,3,0
BRDA:279,12,4,0
BRDA:294,13,0,0
BRDA:294,13,1,0
BRDA:295,14,0,0
BRDA:295,14,1,0
BRDA:297,15,0,0
BRDA:297,15,1,0
BRDA:298,16,0,0
BRDA:298,16,1,0
BRDA:298,16,2,0
BRDA:298,16,3,0
BRDA:298,16,4,0
BRDA:298,16,5,0
BRDA:298,16,6,0
BRDA:298,16,7,0
BRDA:298,16,8,0
BRDA:298,16,9,0
BRDA:298,16,10,0
BRDA:298,16,11,0
BRF:45
BRH:0
end_of_record
