TN:
SF:/Users/pragalbha/Documents/GoComet/frontend-service/components/client/dashboard/index.jsx
FN:32,(anonymous_0)
FN:50,(anonymous_1)
FN:62,(anonymous_2)
FN:75,(anonymous_3)
FN:80,(anonymous_4)
FN:84,(anonymous_5)
FN:92,(anonymous_6)
FN:96,(anonymous_7)
FN:100,(anonymous_8)
FN:218,(anonymous_9)
FNF:10
FNH:0
FNDA:0,(anonymous_0)
FNDA:0,(anonymous_1)
FNDA:0,(anonymous_2)
FNDA:0,(anonymous_3)
FNDA:0,(anonymous_4)
FNDA:0,(anonymous_5)
FNDA:0,(anonymous_6)
FNDA:0,(anonymous_7)
FNDA:0,(anonymous_8)
FNDA:0,(anonymous_9)
DA:22,0
DA:23,0
DA:24,0
DA:25,0
DA:33,0
DA:34,0
DA:35,0
DA:37,0
DA:38,0
DA:39,0
DA:40,0
DA:42,0
DA:51,0
DA:52,0
DA:53,0
DA:54,0
DA:55,0
DA:56,0
DA:57,0
DA:62,0
DA:63,0
DA:64,0
DA:65,0
DA:66,0
DA:69,0
DA:71,0
DA:75,0
DA:76,0
DA:77,0
DA:80,0
DA:81,0
DA:84,0
DA:85,0
DA:86,0
DA:87,0
DA:88,0
DA:89,0
DA:92,0
DA:93,0
DA:96,0
DA:97,0
DA:103,0
DA:104,0
DA:105,0
DA:106,0
DA:108,0
DA:212,0
DA:218,0
DA:219,0
DA:220,0
DA:221,0
DA:222,0
DA:223,0
DA:225,0
LF:54
LH:0
BRDA:35,0,0,0
BRDA:35,0,1,0
BRDA:38,1,0,0
BRDA:38,1,1,0
BRDA:39,2,0,0
BRDA:39,2,1,0
BRDA:39,3,0,0
BRDA:39,3,1,0
BRDA:40,4,0,0
BRDA:40,4,1,0
BRDA:40,5,0,0
BRDA:40,5,1,0
BRDA:52,6,0,0
BRDA:52,6,1,0
BRDA:52,7,0,0
BRDA:52,7,1,0
BRDA:53,8,0,0
BRDA:53,8,1,0
BRDA:56,9,0,0
BRDA:56,9,1,0
BRDA:56,10,0,0
BRDA:56,10,1,0
BRDA:63,11,0,0
BRDA:63,11,1,0
BRDA:65,12,0,0
BRDA:65,12,1,0
BRDA:65,13,0,0
BRDA:65,13,1,0
BRDA:86,14,0,0
BRDA:86,14,1,0
BRDA:87,15,0,0
BRDA:87,15,1,0
BRDA:88,16,0,0
BRDA:88,16,1,0
BRDA:105,17,0,0
BRDA:105,17,1,0
BRDA:106,18,0,0
BRDA:106,18,1,0
BRDA:111,19,0,0
BRDA:111,19,1,0
BRDA:130,20,0,0
BRDA:130,20,1,0
BRDA:131,21,0,0
BRDA:131,21,1,0
BRDA:132,22,0,0
BRDA:132,22,1,0
BRDA:147,23,0,0
BRDA:147,23,1,0
BRDA:150,24,0,0
BRDA:150,24,1,0
BRDA:154,25,0,0
BRDA:154,25,1,0
BRDA:154,25,2,0
BRDA:155,26,0,0
BRDA:155,26,1,0
BRDA:155,26,2,0
BRDA:156,27,0,0
BRDA:156,27,1,0
BRDA:156,27,2,0
BRDA:161,28,0,0
BRDA:161,28,1,0
BRDA:169,29,0,0
BRDA:169,29,1,0
BRDA:177,30,0,0
BRDA:177,30,1,0
BRDA:186,31,0,0
BRDA:186,31,1,0
BRDA:189,32,0,0
BRDA:189,32,1,0
BRDA:195,33,0,0
BRDA:195,33,1,0
BRDA:219,34,0,0
BRDA:219,34,1,0
BRDA:220,35,0,0
BRDA:220,35,1,0
BRDA:221,36,0,0
BRDA:221,36,1,0
BRDA:222,37,0,0
BRDA:222,37,1,0
BRDA:223,38,0,0
BRDA:223,38,1,0
BRF:81
BRH:0
end_of_record
TN:
SF:/Users/pragalbha/Documents/GoComet/frontend-service/components/client/dashboard/styles.jsx
FNF:0
FNH:0
DA:6,0
DA:46,0
DA:93,0
DA:139,0
DA:153,0
LF:5
LH:0
BRF:0
BRH:0
end_of_record
TN:
SF:/Users/pragalbha/Documents/GoComet/frontend-service/components/client/dashboard/common/Graph.jsx
FN:25,(anonymous_0)
FN:29,(anonymous_1)
FN:46,(anonymous_2)
FN:51,(anonymous_3)
FN:76,(anonymous_4)
FN:87,(anonymous_5)
FN:107,(anonymous_6)
FN:108,(anonymous_7)
FN:113,(anonymous_8)
FN:118,(anonymous_9)
FN:189,(anonymous_10)
FN:232,(anonymous_11)
FN:243,(anonymous_12)
FNF:13
FNH:0
FNDA:0,(anonymous_0)
FNDA:0,(anonymous_1)
FNDA:0,(anonymous_2)
FNDA:0,(anonymous_3)
FNDA:0,(anonymous_4)
FNDA:0,(anonymous_5)
FNDA:0,(anonymous_6)
FNDA:0,(anonymous_7)
FNDA:0,(anonymous_8)
FNDA:0,(anonymous_9)
FNDA:0,(anonymous_10)
FNDA:0,(anonymous_11)
FNDA:0,(anonymous_12)
DA:20,0
DA:23,0
DA:26,0
DA:30,0
DA:33,0
DA:35,0
DA:42,0
DA:46,0
DA:47,0
DA:48,0
DA:51,0
DA:52,0
DA:61,0
DA:62,0
DA:64,0
DA:66,0
DA:76,0
DA:88,0
DA:107,0
DA:108,0
DA:113,0
DA:114,0
DA:115,0
DA:119,0
DA:141,0
DA:143,0
DA:145,0
DA:190,0
DA:222,0
LF:29
LH:0
BRDA:35,0,0,0
BRDA:35,0,1,0
BRDA:36,1,0,0
BRDA:36,1,1,0
BRDA:36,1,2,0
BRDA:36,1,3,0
BRDA:36,1,4,0
BRDA:36,1,5,0
BRDA:62,2,0,0
BRDA:62,2,1,0
BRDA:64,3,0,0
BRDA:64,3,1,0
BRDA:64,4,0,0
BRDA:64,4,1,0
BRDA:68,5,0,0
BRDA:68,5,1,0
BRDA:80,6,0,0
BRDA:80,6,1,0
BRDA:147,7,0,0
BRDA:147,7,1,0
BRDA:153,8,0,0
BRDA:153,8,1,0
BRDA:167,9,0,0
BRDA:167,9,1,0
BRDA:180,10,0,0
BRDA:180,10,1,0
BRDA:180,10,2,0
BRDA:184,11,0,0
BRDA:184,11,1,0
BRDA:186,12,0,0
BRDA:186,12,1,0
BRDA:189,13,0,0
BRDA:189,13,1,0
BRDA:195,14,0,0
BRDA:195,14,1,0
BRDA:204,15,0,0
BRDA:204,15,1,0
BRDA:210,16,0,0
BRDA:210,16,1,0
BRDA:211,17,0,0
BRDA:211,17,1,0
BRDA:214,18,0,0
BRDA:214,18,1,0
BRDA:216,19,0,0
BRDA:216,19,1,0
BRF:45
BRH:0
end_of_record
TN:
SF:/Users/pragalbha/Documents/GoComet/frontend-service/components/client/dashboard/common/HeatMap.jsx
FN:28,(anonymous_0)
FN:32,(anonymous_1)
FN:49,(anonymous_2)
FN:54,(anonymous_3)
FN:59,(anonymous_4)
FN:63,(anonymous_5)
FN:76,(anonymous_6)
FN:90,(anonymous_7)
FN:119,(anonymous_8)
FN:120,(anonymous_9)
FN:125,(anonymous_10)
FN:130,(anonymous_11)
FN:246,(anonymous_12)
FN:247,(anonymous_13)
FN:248,(anonymous_14)
FNF:15
FNH:0
FNDA:0,(anonymous_0)
FNDA:0,(anonymous_1)
FNDA:0,(anonymous_2)
FNDA:0,(anonymous_3)
FNDA:0,(anonymous_4)
FNDA:0,(anonymous_5)
FNDA:0,(anonymous_6)
FNDA:0,(anonymous_7)
FNDA:0,(anonymous_8)
FNDA:0,(anonymous_9)
FNDA:0,(anonymous_10)
FNDA:0,(anonymous_11)
FNDA:0,(anonymous_12)
FNDA:0,(anonymous_13)
FNDA:0,(anonymous_14)
DA:21,0
DA:24,0
DA:29,0
DA:33,0
DA:36,0
DA:38,0
DA:45,0
DA:49,0
DA:50,0
DA:51,0
DA:54,0
DA:55,0
DA:56,0
DA:59,0
DA:60,0
DA:61,0
DA:63,0
DA:64,0
DA:65,0
DA:73,0
DA:76,0
DA:77,0
DA:80,0
DA:81,0
DA:83,0
DA:84,0
DA:85,0
DA:90,0
DA:96,0
DA:119,0
DA:120,0
DA:125,0
DA:126,0
DA:127,0
DA:131,0
DA:146,0
DA:147,0
DA:230,0
LF:38
LH:0
BRDA:38,0,0,0
BRDA:38,0,1,0
BRDA:39,1,0,0
BRDA:39,1,1,0
BRDA:39,1,2,0
BRDA:39,1,3,0
BRDA:39,1,4,0
BRDA:39,1,5,0
BRDA:63,2,0,0
BRDA:63,2,1,0
BRDA:64,3,0,0
BRDA:64,3,1,0
BRDA:81,4,0,0
BRDA:81,4,1,0
BRDA:83,5,0,0
BRDA:83,5,1,0
BRDA:83,6,0,0
BRDA:83,6,1,0
BRDA:84,7,0,0
BRDA:84,7,1,0
BRDA:98,8,0,0
BRDA:98,8,1,0
BRDA:149,9,0,0
BRDA:149,9,1,0
BRDA:151,10,0,0
BRDA:151,10,1,0
BRDA:151,10,2,0
BRDA:152,11,0,0
BRDA:152,11,1,0
BRDA:156,12,0,0
BRDA:156,12,1,0
BRDA:166,13,0,0
BRDA:166,13,1,0
BRDA:180,14,0,0
BRDA:180,14,1,0
BRDA:184,15,0,0
BRDA:184,15,1,0
BRDA:186,16,0,0
BRDA:186,16,1,0
BRDA:199,17,0,0
BRDA:199,17,1,0
BRDA:202,18,0,0
BRDA:202,18,1,0
BRDA:205,19,0,0
BRDA:205,19,1,0
BRDA:220,20,0,0
BRDA:220,20,1,0
BRDA:222,21,0,0
BRDA:222,21,1,0
BRDA:223,22,0,0
BRDA:223,22,1,0
BRF:51
BRH:0
end_of_record
TN:
SF:/Users/pragalbha/Documents/GoComet/frontend-service/components/client/dashboard/common/Sider.jsx
FN:12,(anonymous_0)
FN:21,(anonymous_1)
FN:25,(anonymous_2)
FN:29,(anonymous_3)
FN:41,(anonymous_4)
FN:59,(anonymous_5)
FN:76,(anonymous_6)
FN:82,(anonymous_7)
FN:86,(anonymous_8)
FN:90,(anonymous_9)
FN:96,(anonymous_10)
FN:103,(anonymous_11)
FN:118,(anonymous_12)
FN:194,(anonymous_13)
FN:195,(anonymous_14)
FNF:15
FNH:8
FNDA:6,(anonymous_0)
FNDA:6,(anonymous_1)
FNDA:6,(anonymous_2)
FNDA:0,(anonymous_3)
FNDA:0,(anonymous_4)
FNDA:0,(anonymous_5)
FNDA:0,(anonymous_6)
FNDA:3,(anonymous_7)
FNDA:0,(anonymous_8)
FNDA:1,(anonymous_9)
FNDA:1,(anonymous_10)
FNDA:13,(anonymous_11)
FNDA:41,(anonymous_12)
FNDA:0,(anonymous_13)
FNDA:0,(anonymous_14)
DA:9,2
DA:13,6
DA:14,6
DA:15,6
DA:22,6
DA:26,6
DA:29,6
DA:30,0
DA:32,0
DA:33,0
DA:41,6
DA:42,0
DA:43,0
DA:45,0
DA:46,0
DA:47,0
DA:48,0
DA:49,0
DA:53,0
DA:54,0
DA:55,0
DA:59,6
DA:60,0
DA:61,0
DA:62,0
DA:63,0
DA:64,0
DA:72,0
DA:76,6
DA:77,0
DA:78,0
DA:82,6
DA:83,3
DA:86,6
DA:87,0
DA:90,6
DA:91,1
DA:92,1
DA:93,1
DA:96,6
DA:97,1
DA:98,1
DA:99,1
DA:104,13
DA:107,13
DA:108,13
DA:110,13
DA:119,41
DA:193,2
LF:49
LH:27
BRDA:30,0,0,0
BRDA:30,0,1,0
BRDA:30,1,0,0
BRDA:30,1,1,0
BRDA:34,2,0,0
BRDA:34,2,1,0
BRDA:34,2,2,0
BRDA:34,2,3,0
BRDA:36,3,0,0
BRDA:36,3,1,0
BRDA:37,4,0,0
BRDA:37,4,1,0
BRDA:47,5,0,0
BRDA:47,5,1,0
BRDA:47,6,0,0
BRDA:47,6,1,0
BRDA:54,7,0,0
BRDA:54,7,1,0
BRDA:54,8,0,0
BRDA:54,8,1,0
BRDA:61,9,0,0
BRDA:61,9,1,0
BRDA:63,10,0,0
BRDA:63,10,1,0
BRDA:72,11,0,0
BRDA:72,11,1,0
BRDA:106,12,0,0
BRDA:123,13,0,13
BRDA:123,13,1,0
BRF:29
BRH:1
end_of_record
TN:
SF:/Users/pragalbha/Documents/GoComet/frontend-service/components/client/dashboard/common/graph-helper.jsx
FN:4,(anonymous_0)
FN:12,(anonymous_1)
FN:52,createSeries
FN:76,(anonymous_3)
FN:94,(anonymous_4)
FNF:5
FNH:1
FNDA:4,(anonymous_0)
FNDA:0,(anonymous_1)
FNDA:0,createSeries
FNDA:0,(anonymous_3)
FNDA:0,(anonymous_4)
DA:4,58
DA:12,58
DA:22,0
DA:23,0
DA:26,0
DA:27,0
DA:30,0
DA:31,0
DA:32,0
DA:33,0
DA:34,0
DA:35,0
DA:38,0
DA:39,0
DA:40,0
DA:41,0
DA:42,0
DA:44,0
DA:45,0
DA:46,0
DA:47,0
DA:49,0
DA:53,0
DA:54,0
DA:55,0
DA:56,0
DA:57,0
DA:58,0
DA:59,0
DA:60,0
DA:65,0
DA:66,0
DA:68,0
DA:69,0
DA:70,0
DA:71,0
DA:73,0
DA:76,0
DA:77,0
DA:80,0
DA:82,0
DA:83,0
DA:84,0
DA:85,0
DA:86,0
DA:87,0
DA:89,0
DA:91,0
DA:94,58
LF:49
LH:3
BRDA:4,0,0,4
BRDA:4,0,1,0
BRDA:4,0,2,0
BRDA:4,0,3,0
BRDA:20,1,0,0
BRDA:22,2,0,0
BRDA:22,2,1,0
BRDA:32,3,0,0
BRDA:32,3,1,0
BRDA:33,4,0,0
BRDA:33,4,1,0
BRDA:34,5,0,0
BRDA:34,5,1,0
BRDA:42,6,0,0
BRDA:42,6,1,0
BRDA:46,7,0,0
BRDA:46,7,1,0
BRDA:49,8,0,0
BRDA:49,8,1,0
BRDA:65,9,0,0
BRDA:65,9,1,0
BRDA:69,10,0,0
BRDA:69,10,1,0
BRDA:76,11,0,0
BRDA:76,11,1,0
BRF:25
BRH:1
end_of_record
TN:
SF:/Users/pragalbha/Documents/GoComet/frontend-service/components/client/dashboard/common/index.jsx
FN:39,(anonymous_0)
FN:49,(anonymous_1)
FN:61,(anonymous_2)
FN:74,(anonymous_3)
FN:78,(anonymous_4)
FN:87,(anonymous_5)
FN:92,(anonymous_6)
FN:102,(anonymous_7)
FN:107,(anonymous_8)
FN:116,(anonymous_9)
FN:119,(anonymous_10)
FN:126,(anonymous_11)
FN:130,(anonymous_12)
FN:138,(anonymous_13)
FN:146,(anonymous_14)
FN:156,(anonymous_15)
FN:223,(anonymous_16)
FN:245,(anonymous_17)
FN:267,(anonymous_18)
FN:283,(anonymous_19)
FN:336,(anonymous_20)
FN:346,(anonymous_21)
FN:358,(anonymous_22)
FN:435,(anonymous_23)
FN:442,(anonymous_24)
FN:494,(anonymous_25)
FN:576,(anonymous_26)
FN:582,(anonymous_27)
FN:656,(anonymous_28)
FN:750,(anonymous_29)
FN:769,hideSmall
FN:804,(anonymous_31)
FN:807,(anonymous_32)
FN:815,(anonymous_33)
FN:818,(anonymous_34)
FN:853,(anonymous_35)
FN:859,(anonymous_36)
FN:876,(anonymous_37)
FN:890,(anonymous_38)
FN:911,(anonymous_39)
FN:966,(anonymous_40)
FN:976,(anonymous_41)
FN:983,(anonymous_42)
FN:986,(anonymous_43)
FN:988,(anonymous_44)
FNF:45
FNH:13
FNDA:4,(anonymous_0)
FNDA:5,(anonymous_1)
FNDA:4,(anonymous_2)
FNDA:0,(anonymous_3)
FNDA:0,(anonymous_4)
FNDA:5,(anonymous_5)
FNDA:0,(anonymous_6)
FNDA:22,(anonymous_7)
FNDA:22,(anonymous_8)
FNDA:0,(anonymous_9)
FNDA:2,(anonymous_10)
FNDA:1,(anonymous_11)
FNDA:0,(anonymous_12)
FNDA:0,(anonymous_13)
FNDA:0,(anonymous_14)
FNDA:23,(anonymous_15)
FNDA:0,(anonymous_16)
FNDA:2,(anonymous_17)
FNDA:0,(anonymous_18)
FNDA:0,(anonymous_19)
FNDA:0,(anonymous_20)
FNDA:0,(anonymous_21)
FNDA:0,(anonymous_22)
FNDA:0,(anonymous_23)
FNDA:0,(anonymous_24)
FNDA:0,(anonymous_25)
FNDA:0,(anonymous_26)
FNDA:0,(anonymous_27)
FNDA:0,(anonymous_28)
FNDA:4,(anonymous_29)
FNDA:0,hideSmall
FNDA:0,(anonymous_31)
FNDA:0,(anonymous_32)
FNDA:0,(anonymous_33)
FNDA:0,(anonymous_34)
FNDA:0,(anonymous_35)
FNDA:0,(anonymous_36)
FNDA:0,(anonymous_37)
FNDA:0,(anonymous_38)
FNDA:0,(anonymous_39)
FNDA:0,(anonymous_40)
FNDA:0,(anonymous_41)
FNDA:3,(anonymous_42)
FNDA:1,(anonymous_43)
FNDA:0,(anonymous_44)
DA:39,58
DA:41,58
DA:49,58
DA:50,5
DA:52,5
DA:53,0
DA:54,0
DA:57,5
DA:61,58
DA:62,4
DA:64,4
DA:65,12
DA:66,0
DA:68,12
DA:71,4
DA:74,58
DA:75,0
DA:76,0
DA:77,0
DA:78,0
DA:80,0
DA:81,0
DA:84,0
DA:87,58
DA:92,58
DA:93,0
DA:94,0
DA:102,58
DA:103,22
DA:104,22
DA:107,58
DA:108,22
DA:109,22
DA:110,14
DA:111,14
DA:113,8
DA:116,58
DA:119,58
DA:120,2
DA:125,58
DA:126,58
DA:127,1
DA:130,58
DA:131,0
DA:138,58
DA:139,0
DA:145,58
DA:146,58
DA:147,0
DA:156,58
DA:167,23
DA:218,58
DA:229,58
DA:240,58
DA:245,58
DA:246,2
DA:247,2
DA:248,2
DA:249,2
DA:250,2
DA:251,2
DA:252,2
DA:258,58
DA:263,58
DA:267,58
DA:268,0
DA:269,0
DA:274,0
DA:275,0
DA:280,0
DA:283,58
DA:284,0
DA:285,0
DA:293,0
DA:294,0
DA:306,0
DA:307,0
DA:314,0
DA:316,0
DA:325,0
DA:331,58
DA:336,58
DA:337,0
DA:338,0
DA:339,0
DA:340,0
DA:341,0
DA:342,0
DA:343,0
DA:346,58
DA:347,0
DA:348,0
DA:349,0
DA:350,0
DA:358,58
DA:361,0
DA:362,0
DA:366,0
DA:367,0
DA:368,0
DA:432,0
DA:435,58
DA:438,0
DA:439,0
DA:442,0
DA:465,0
DA:466,0
DA:488,0
DA:489,0
DA:490,0
DA:491,0
DA:494,58
DA:503,0
DA:504,0
DA:508,0
DA:509,0
DA:571,0
DA:572,0
DA:576,58
DA:582,58
DA:593,0
DA:594,0
DA:598,0
DA:599,0
DA:600,0
DA:653,0
DA:656,58
DA:669,0
DA:670,0
DA:673,0
DA:674,0
DA:743,0
DA:750,58
DA:764,4
DA:765,4
DA:770,0
DA:771,0
DA:773,0
DA:778,0
DA:779,0
DA:805,0
DA:808,0
DA:816,0
DA:819,0
DA:832,0
DA:833,0
DA:834,0
DA:836,0
DA:837,0
DA:838,0
DA:841,0
DA:842,0
DA:843,0
DA:844,0
DA:848,0
DA:849,0
DA:850,0
DA:852,0
DA:854,0
DA:855,0
DA:857,0
DA:860,0
DA:861,0
DA:862,0
DA:863,0
DA:864,0
DA:865,0
DA:867,0
DA:872,0
DA:876,58
DA:877,0
DA:878,0
DA:879,0
DA:880,0
DA:881,0
DA:882,0
DA:883,0
DA:884,0
DA:885,0
DA:887,0
DA:890,58
DA:891,0
DA:892,0
DA:893,0
DA:897,0
DA:898,0
DA:899,0
DA:900,0
DA:901,0
DA:902,0
DA:904,0
DA:905,0
DA:910,0
DA:911,0
DA:912,0
DA:915,0
DA:916,0
DA:917,0
DA:918,0
DA:919,0
DA:920,0
DA:921,0
DA:924,0
DA:925,0
DA:926,0
DA:927,0
DA:929,0
DA:930,0
DA:931,0
DA:934,0
DA:935,0
DA:937,0
DA:938,0
DA:939,0
DA:941,0
DA:943,0
DA:944,0
DA:945,0
DA:946,0
DA:948,0
DA:949,0
DA:950,0
DA:951,0
DA:958,0
DA:959,0
DA:960,0
DA:961,0
DA:962,0
DA:963,0
DA:964,0
DA:966,0
DA:967,0
DA:968,0
DA:969,0
DA:971,0
DA:972,0
DA:976,0
DA:977,0
DA:979,0
DA:983,58
DA:984,3
DA:986,3
DA:987,1
DA:988,1
DA:989,0
DA:993,3
LF:246
LH:71
BRDA:39,0,0,4
BRDA:39,0,1,4
BRDA:52,1,0,0
BRDA:52,1,1,5
BRDA:61,2,0,0
BRDA:65,3,0,0
BRDA:65,3,1,12
BRDA:74,4,0,0
BRDA:80,5,0,0
BRDA:80,5,1,0
BRDA:88,6,0,0
BRDA:88,6,1,5
BRDA:89,7,0,0
BRDA:89,7,1,5
BRDA:93,8,0,0
BRDA:93,8,1,0
BRDA:96,9,0,0
BRDA:96,9,1,0
BRDA:97,10,0,0
BRDA:97,10,1,0
BRDA:103,11,0,0
BRDA:103,11,1,22
BRDA:103,12,0,22
BRDA:103,12,1,22
BRDA:108,13,0,0
BRDA:108,13,1,22
BRDA:108,14,0,22
BRDA:108,14,1,22
BRDA:109,15,0,14
BRDA:109,15,1,8
BRDA:111,16,0,0
BRDA:111,16,1,14
BRDA:116,17,0,0
BRDA:116,17,1,0
BRDA:170,18,0,1
BRDA:170,18,1,22
BRDA:177,19,0,22
BRDA:177,19,1,0
BRDA:193,20,0,23
BRDA:193,20,1,1
BRDA:245,21,0,2
BRDA:246,22,0,0
BRDA:246,22,1,2
BRDA:247,23,0,0
BRDA:247,23,1,2
BRDA:248,24,0,0
BRDA:248,24,1,2
BRDA:249,25,0,0
BRDA:249,25,1,2
BRDA:250,26,0,0
BRDA:250,26,1,2
BRDA:251,27,0,0
BRDA:251,27,1,2
BRDA:268,28,0,0
BRDA:268,28,1,0
BRDA:274,29,0,0
BRDA:274,29,1,0
BRDA:284,30,0,0
BRDA:284,30,1,0
BRDA:293,31,0,0
BRDA:293,31,1,0
BRDA:295,32,0,0
BRDA:295,32,1,0
BRDA:296,33,0,0
BRDA:296,33,1,0
BRDA:296,34,0,0
BRDA:296,34,1,0
BRDA:297,35,0,0
BRDA:297,35,1,0
BRDA:298,36,0,0
BRDA:298,36,1,0
BRDA:299,37,0,0
BRDA:299,37,1,0
BRDA:300,38,0,0
BRDA:300,38,1,0
BRDA:301,39,0,0
BRDA:301,39,1,0
BRDA:301,40,0,0
BRDA:301,40,1,0
BRDA:302,41,0,0
BRDA:302,41,1,0
BRDA:302,42,0,0
BRDA:302,42,1,0
BRDA:306,43,0,0
BRDA:306,43,1,0
BRDA:314,44,0,0
BRDA:314,44,1,0
BRDA:317,45,0,0
BRDA:317,45,1,0
BRDA:318,46,0,0
BRDA:318,46,1,0
BRDA:319,47,0,0
BRDA:319,47,1,0
BRDA:320,48,0,0
BRDA:320,48,1,0
BRDA:321,49,0,0
BRDA:321,49,1,0
BRDA:337,50,0,0
BRDA:337,50,1,0
BRDA:338,51,0,0
BRDA:338,51,1,0
BRDA:339,52,0,0
BRDA:339,52,1,0
BRDA:340,53,0,0
BRDA:340,53,1,0
BRDA:341,54,0,0
BRDA:341,54,1,0
BRDA:342,55,0,0
BRDA:342,55,1,0
BRDA:347,56,0,0
BRDA:347,56,1,0
BRDA:347,57,0,0
BRDA:347,57,1,0
BRDA:348,58,0,0
BRDA:348,58,1,0
BRDA:348,59,0,0
BRDA:348,59,1,0
BRDA:349,60,0,0
BRDA:349,60,1,0
BRDA:349,61,0,0
BRDA:349,61,1,0
BRDA:361,62,0,0
BRDA:361,62,1,0
BRDA:403,63,0,0
BRDA:403,63,1,0
BRDA:406,64,0,0
BRDA:406,64,1,0
BRDA:416,65,0,0
BRDA:416,65,1,0
BRDA:419,66,0,0
BRDA:419,66,1,0
BRDA:438,67,0,0
BRDA:438,67,1,0
BRDA:442,68,0,0
BRDA:442,68,1,0
BRDA:468,69,0,0
BRDA:468,69,1,0
BRDA:503,70,0,0
BRDA:503,70,1,0
BRDA:511,71,0,0
BRDA:511,71,1,0
BRDA:576,72,0,0
BRDA:576,72,1,0
BRDA:591,73,0,0
BRDA:593,74,0,0
BRDA:593,74,1,0
BRDA:602,75,0,0
BRDA:602,75,1,0
BRDA:606,76,0,0
BRDA:606,76,1,0
BRDA:625,77,0,0
BRDA:625,77,1,0
BRDA:634,78,0,0
BRDA:634,78,1,0
BRDA:636,79,0,0
BRDA:636,79,1,0
BRDA:638,80,0,0
BRDA:638,80,1,0
BRDA:666,81,0,0
BRDA:669,82,0,0
BRDA:669,82,1,0
BRDA:676,83,0,0
BRDA:676,83,1,0
BRDA:701,84,0,0
BRDA:701,84,1,0
BRDA:755,85,0,4
BRDA:758,86,0,4
BRDA:759,87,0,4
BRDA:760,88,0,4
BRDA:761,89,0,4
BRDA:762,90,0,4
BRDA:764,91,0,4
BRDA:764,91,1,0
BRDA:770,92,0,0
BRDA:770,92,1,0
BRDA:770,93,0,0
BRDA:770,93,1,0
BRDA:799,94,0,0
BRDA:799,94,1,0
BRDA:832,95,0,0
BRDA:832,95,1,0
BRDA:836,96,0,0
BRDA:836,96,1,0
BRDA:841,97,0,0
BRDA:841,97,1,0
BRDA:848,98,0,0
BRDA:848,98,1,0
BRDA:854,99,0,0
BRDA:854,99,1,0
BRDA:860,100,0,0
BRDA:860,100,1,0
BRDA:877,101,0,0
BRDA:877,101,1,0
BRDA:878,102,0,0
BRDA:878,102,1,0
BRDA:879,103,0,0
BRDA:879,103,1,0
BRDA:880,104,0,0
BRDA:880,104,1,0
BRDA:881,105,0,0
BRDA:881,105,1,0
BRDA:882,106,0,0
BRDA:882,106,1,0
BRDA:883,107,0,0
BRDA:883,107,1,0
BRDA:884,108,0,0
BRDA:884,108,1,0
BRDA:885,109,0,0
BRDA:885,109,1,0
BRDA:892,110,0,0
BRDA:892,110,1,0
BRDA:943,111,0,0
BRDA:943,111,1,0
BRDA:945,112,0,0
BRDA:945,112,1,0
BRDA:945,113,0,0
BRDA:945,113,1,0
BRDA:945,114,0,0
BRDA:945,114,1,0
BRDA:967,115,0,0
BRDA:967,115,1,0
BRDA:984,116,0,3
BRDA:984,116,1,0
BRDA:996,117,0,3
BRDA:996,117,1,3
BRF:225
BRH:37
end_of_record
TN:
SF:/Users/pragalbha/Documents/GoComet/frontend-service/components/client/dashboard/common/styles.jsx
FN:224,(anonymous_0)
FN:238,(anonymous_1)
FN:252,(anonymous_2)
FN:274,(anonymous_3)
FN:435,(anonymous_4)
FN:443,(anonymous_5)
FN:459,(anonymous_6)
FN:730,(anonymous_7)
FN:1216,(anonymous_8)
FNF:9
FNH:6
FNDA:16,(anonymous_0)
FNDA:16,(anonymous_1)
FNDA:16,(anonymous_2)
FNDA:0,(anonymous_3)
FNDA:8,(anonymous_4)
FNDA:8,(anonymous_5)
FNDA:8,(anonymous_6)
FNDA:0,(anonymous_7)
FNDA:0,(anonymous_8)
DA:9,58
DA:15,58
DA:26,58
DA:32,58
DA:38,58
DA:44,58
DA:50,58
DA:62,58
DA:207,58
DA:219,58
DA:224,16
DA:238,16
DA:252,16
DA:263,58
DA:272,58
DA:274,0
DA:281,58
DA:345,58
DA:362,58
DA:375,58
DA:392,58
DA:406,58
DA:430,58
DA:435,8
DA:443,8
DA:459,8
DA:476,58
DA:563,58
DA:584,58
DA:601,58
DA:666,58
DA:675,58
DA:687,58
DA:688,58
DA:690,58
DA:729,58
DA:731,0
DA:732,0
DA:735,0
DA:736,0
DA:739,0
DA:808,58
DA:860,58
DA:893,58
DA:929,58
DA:969,58
DA:980,58
DA:1007,58
DA:1036,58
DA:1044,58
DA:1048,58
DA:1064,58
DA:1115,58
DA:1158,58
DA:1215,58
DA:1216,0
LF:56
LH:49
BRDA:224,0,0,16
BRDA:224,0,1,16
BRDA:238,1,0,16
BRDA:238,1,1,16
BRDA:252,2,0,16
BRDA:252,2,1,16
BRDA:274,3,0,0
BRDA:274,3,1,0
BRDA:435,4,0,8
BRDA:435,4,1,0
BRDA:443,5,0,8
BRDA:443,5,1,0
BRDA:459,6,0,2
BRDA:459,6,1,6
BRDA:731,7,0,0
BRDA:731,7,1,0
BRDA:735,8,0,0
BRDA:735,8,1,0
BRDA:1216,9,0,0
BRDA:1216,9,1,0
BRF:20
BRH:10
end_of_record
TN:
SF:/Users/pragalbha/Documents/GoComet/frontend-service/components/client/dashboard/common/AreaGraph/helpers.jsx
FN:16,(anonymous_0)
FN:20,(anonymous_1)
FNF:2
FNH:0
FNDA:0,(anonymous_0)
FNDA:0,(anonymous_1)
DA:1,0
DA:16,0
DA:17,0
DA:20,0
DA:21,0
DA:23,0
DA:35,0
DA:47,0
LF:8
LH:0
BRDA:21,0,0,0
BRDA:21,0,1,0
BRDA:21,0,2,0
BRF:3
BRH:0
end_of_record
TN:
SF:/Users/pragalbha/Documents/GoComet/frontend-service/components/client/dashboard/common/AreaGraph/index.jsx
FN:16,(anonymous_0)
FN:17,(anonymous_1)
FN:22,(anonymous_2)
FN:34,(anonymous_3)
FN:35,(anonymous_4)
FN:40,(anonymous_5)
FN:58,(anonymous_6)
FN:100,(anonymous_7)
FNF:8
FNH:0
FNDA:0,(anonymous_0)
FNDA:0,(anonymous_1)
FNDA:0,(anonymous_2)
FNDA:0,(anonymous_3)
FNDA:0,(anonymous_4)
FNDA:0,(anonymous_5)
FNDA:0,(anonymous_6)
FNDA:0,(anonymous_7)
DA:12,0
DA:17,0
DA:18,0
DA:23,0
DA:24,0
DA:26,0
DA:30,0
DA:34,0
DA:35,0
DA:40,0
DA:41,0
DA:42,0
DA:44,0
DA:59,0
DA:62,0
DA:63,0
DA:64,0
DA:66,0
DA:100,0
DA:120,0
LF:20
LH:0
BRDA:26,0,0,0
BRDA:26,0,1,0
BRDA:27,1,0,0
BRDA:27,1,1,0
BRDA:27,1,2,0
BRDA:83,2,0,0
BRDA:83,2,1,0
BRDA:93,3,0,0
BRDA:93,3,1,0
BRF:9
BRH:0
end_of_record
TN:
SF:/Users/pragalbha/Documents/GoComet/frontend-service/components/client/dashboard/common/CompareModal/EachSection.jsx
FN:15,(anonymous_0)
FN:18,(anonymous_1)
FN:23,(anonymous_2)
FN:31,(anonymous_3)
FN:37,(anonymous_4)
FN:39,(anonymous_5)
FN:45,(anonymous_6)
FN:52,(anonymous_7)
FNF:8
FNH:3
FNDA:2,(anonymous_0)
FNDA:0,(anonymous_1)
FNDA:4,(anonymous_2)
FNDA:0,(anonymous_3)
FNDA:0,(anonymous_4)
FNDA:0,(anonymous_5)
FNDA:0,(anonymous_6)
FNDA:6,(anonymous_7)
DA:13,2
DA:16,2
DA:18,2
DA:19,0
DA:24,4
DA:25,4
DA:26,0
DA:31,2
DA:32,0
DA:33,0
DA:34,0
DA:37,2
DA:39,2
DA:40,0
DA:41,0
DA:42,0
DA:45,2
DA:46,0
DA:47,0
DA:48,0
DA:53,6
DA:66,6
DA:68,6
DA:70,6
LF:24
LH:13
BRDA:25,0,0,0
BRDA:25,0,1,4
BRDA:68,1,0,6
BRDA:68,1,1,6
BRDA:83,2,0,0
BRDA:83,2,1,6
BRDA:93,3,0,3
BRDA:93,3,1,3
BRDA:104,4,0,6
BRDA:104,4,1,0
BRDA:110,5,0,0
BRDA:110,5,1,0
BRDA:119,6,0,0
BRDA:119,6,1,0
BRF:14
BRH:7
end_of_record
TN:
SF:/Users/pragalbha/Documents/GoComet/frontend-service/components/client/dashboard/common/CompareModal/helper.jsx
FN:5,(anonymous_0)
FN:6,(anonymous_1)
FN:12,(anonymous_2)
FN:14,(anonymous_3)
FN:23,(anonymous_4)
FN:57,(anonymous_5)
FNF:6
FNH:3
FNDA:3,(anonymous_0)
FNDA:3,(anonymous_1)
FNDA:0,(anonymous_2)
FNDA:0,(anonymous_3)
FNDA:0,(anonymous_4)
FNDA:6,(anonymous_5)
DA:5,1
DA:6,3
DA:7,3
DA:8,0
DA:9,0
DA:12,3
DA:13,0
DA:14,0
DA:15,0
DA:22,0
DA:23,0
DA:24,0
DA:33,0
DA:36,3
DA:57,1
DA:58,6
LF:16
LH:7
BRDA:7,0,0,3
BRDA:7,0,1,0
BRDA:8,1,0,0
BRDA:8,1,1,0
BRDA:13,2,0,0
BRDA:13,2,1,0
BRDA:14,3,0,0
BRDA:14,3,1,0
BRDA:22,4,0,0
BRDA:22,4,1,0
BRDA:27,5,0,0
BRDA:27,5,1,0
BRDA:27,6,0,0
BRDA:27,6,1,0
BRDA:39,7,0,3
BRDA:39,7,1,0
BRDA:39,8,0,3
BRDA:39,8,1,0
BRDA:59,9,0,6
BRDA:59,9,1,6
BRDA:60,10,0,0
BRDA:60,10,1,6
BRF:22
BRH:6
end_of_record
TN:
SF:/Users/pragalbha/Documents/GoComet/frontend-service/components/client/dashboard/common/CompareModal/index.jsx
FN:11,(anonymous_0)
FN:15,(anonymous_1)
FN:21,(anonymous_2)
FN:34,(anonymous_3)
FN:35,(anonymous_4)
FN:39,(anonymous_5)
FN:44,(anonymous_6)
FN:50,(anonymous_7)
FN:55,(anonymous_8)
FN:61,(anonymous_9)
FNF:10
FNH:4
FNDA:1,(anonymous_0)
FNDA:1,(anonymous_1)
FNDA:2,(anonymous_2)
FNDA:0,(anonymous_3)
FNDA:0,(anonymous_4)
FNDA:0,(anonymous_5)
FNDA:0,(anonymous_6)
FNDA:0,(anonymous_7)
FNDA:0,(anonymous_8)
FNDA:3,(anonymous_9)
DA:9,1
DA:14,1
DA:15,1
DA:16,1
DA:17,1
DA:22,2
DA:25,2
DA:27,2
DA:28,0
DA:29,0
DA:34,1
DA:35,0
DA:39,1
DA:40,0
DA:41,0
DA:44,1
DA:45,0
DA:46,0
DA:50,1
DA:51,0
DA:52,0
DA:55,1
DA:56,0
DA:57,0
DA:62,3
DA:86,3
DA:88,3
DA:177,1
LF:28
LH:17
BRDA:27,0,0,0
BRDA:27,0,1,2
BRDA:27,1,0,2
BRDA:27,1,1,0
BRDA:103,2,0,0
BRDA:103,2,1,3
BRF:6
BRH:3
end_of_record
TN:
SF:/Users/pragalbha/Documents/GoComet/frontend-service/components/client/dashboard/common/ModalBarGraph/helpers.jsx
FN:16,(anonymous_0)
FN:18,(anonymous_1)
FNF:2
FNH:0
FNDA:0,(anonymous_0)
FNDA:0,(anonymous_1)
DA:1,0
DA:16,0
DA:18,0
DA:19,0
DA:21,0
DA:33,0
LF:6
LH:0
BRDA:19,0,0,0
BRDA:19,0,1,0
BRF:2
BRH:0
end_of_record
TN:
SF:/Users/pragalbha/Documents/GoComet/frontend-service/components/client/dashboard/common/ModalBarGraph/index.jsx
FN:16,(anonymous_0)
FN:17,(anonymous_1)
FN:22,(anonymous_2)
FN:34,(anonymous_3)
FN:35,(anonymous_4)
FN:40,(anonymous_5)
FN:45,(anonymous_6)
FN:45,(anonymous_7)
FN:59,(anonymous_8)
FN:101,(anonymous_9)
FNF:10
FNH:0
FNDA:0,(anonymous_0)
FNDA:0,(anonymous_1)
FNDA:0,(anonymous_2)
FNDA:0,(anonymous_3)
FNDA:0,(anonymous_4)
FNDA:0,(anonymous_5)
FNDA:0,(anonymous_6)
FNDA:0,(anonymous_7)
FNDA:0,(anonymous_8)
FNDA:0,(anonymous_9)
DA:12,0
DA:17,0
DA:18,0
DA:23,0
DA:24,0
DA:26,0
DA:30,0
DA:34,0
DA:35,0
DA:40,0
DA:41,0
DA:42,0
DA:43,0
DA:45,0
DA:46,0
DA:48,0
DA:60,0
DA:63,0
DA:64,0
DA:65,0
DA:67,0
DA:101,0
DA:120,0
LF:23
LH:0
BRDA:26,0,0,0
BRDA:26,0,1,0
BRDA:27,1,0,0
BRDA:27,1,1,0
BRDA:27,1,2,0
BRDA:84,2,0,0
BRDA:84,2,1,0
BRDA:94,3,0,0
BRDA:94,3,1,0
BRF:9
BRH:0
end_of_record
TN:
SF:/Users/pragalbha/Documents/GoComet/frontend-service/components/client/dashboard/common/ModalLineGraph/helpers.jsx
FN:34,(anonymous_0)
FN:44,(anonymous_1)
FNF:2
FNH:0
FNDA:0,(anonymous_0)
FNDA:0,(anonymous_1)
DA:1,1
DA:12,1
DA:23,1
DA:34,1
DA:35,0
DA:36,0
DA:38,0
DA:39,0
DA:41,0
DA:44,1
DA:45,0
DA:47,0
DA:59,0
DA:71,0
DA:83,0
DA:95,0
DA:107,0
DA:119,0
DA:131,0
DA:143,0
DA:155,0
DA:167,0
LF:22
LH:5
BRDA:35,0,0,0
BRDA:35,0,1,0
BRDA:38,1,0,0
BRDA:38,1,1,0
BRDA:45,2,0,0
BRDA:45,2,1,0
BRDA:45,2,2,0
BRDA:45,2,3,0
BRDA:45,2,4,0
BRDA:45,2,5,0
BRDA:45,2,6,0
BRDA:45,2,7,0
BRDA:45,2,8,0
BRDA:45,2,9,0
BRDA:45,2,10,0
BRF:15
BRH:0
end_of_record
TN:
SF:/Users/pragalbha/Documents/GoComet/frontend-service/components/client/dashboard/common/ModalLineGraph/index.jsx
FN:16,(anonymous_0)
FN:17,(anonymous_1)
FN:22,(anonymous_2)
FN:34,(anonymous_3)
FN:35,(anonymous_4)
FN:40,(anonymous_5)
FN:55,(anonymous_6)
FN:97,(anonymous_7)
FNF:8
FNH:0
FNDA:0,(anonymous_0)
FNDA:0,(anonymous_1)
FNDA:0,(anonymous_2)
FNDA:0,(anonymous_3)
FNDA:0,(anonymous_4)
FNDA:0,(anonymous_5)
FNDA:0,(anonymous_6)
FNDA:0,(anonymous_7)
DA:12,0
DA:17,0
DA:18,0
DA:23,0
DA:24,0
DA:26,0
DA:30,0
DA:34,0
DA:35,0
DA:40,0
DA:41,0
DA:42,0
DA:44,0
DA:56,0
DA:59,0
DA:60,0
DA:61,0
DA:63,0
DA:97,0
DA:117,1
LF:20
LH:1
BRDA:26,0,0,0
BRDA:26,0,1,0
BRDA:27,1,0,0
BRDA:27,1,1,0
BRDA:27,1,2,0
BRDA:80,2,0,0
BRDA:80,2,1,0
BRDA:90,3,0,0
BRDA:90,3,1,0
BRF:9
BRH:0
end_of_record
TN:
SF:/Users/pragalbha/Documents/GoComet/frontend-service/components/client/dashboard/drilldown/index.jsx
FN:13,(anonymous_0)
FN:14,(anonymous_1)
FN:17,(anonymous_2)
FN:37,(anonymous_3)
FN:56,(anonymous_4)
FN:62,(anonymous_5)
FN:66,(anonymous_6)
FN:77,(anonymous_7)
FN:78,(anonymous_8)
FN:157,(anonymous_9)
FN:158,(anonymous_10)
FN:164,(anonymous_11)
FN:168,(anonymous_12)
FNF:13
FNH:6
FNDA:11,(anonymous_0)
FNDA:22,(anonymous_1)
FNDA:10,(anonymous_2)
FNDA:11,(anonymous_3)
FNDA:5,(anonymous_4)
FNDA:0,(anonymous_5)
FNDA:0,(anonymous_6)
FNDA:0,(anonymous_7)
FNDA:0,(anonymous_8)
FNDA:0,(anonymous_9)
FNDA:0,(anonymous_10)
FNDA:0,(anonymous_11)
FNDA:6,(anonymous_12)
DA:11,2
DA:12,2
DA:13,11
DA:14,22
DA:15,2
DA:17,2
DA:18,10
DA:19,1
DA:27,9
DA:28,1
DA:34,8
DA:37,2
DA:52,11
DA:53,11
DA:55,11
DA:57,5
DA:62,11
DA:63,0
DA:64,0
DA:66,11
DA:67,0
DA:68,0
DA:69,0
DA:72,11
DA:77,0
DA:78,0
DA:152,2
DA:168,2
DA:169,6
DA:170,6
LF:30
LH:23
BRDA:13,0,0,11
BRDA:13,0,1,9
BRDA:14,1,0,22
BRDA:14,1,1,8
BRDA:18,2,0,1
BRDA:18,2,1,9
BRDA:27,3,0,1
BRDA:27,3,1,8
BRDA:57,4,0,5
BRDA:57,4,1,3
BRDA:82,5,0,9
BRDA:82,5,1,2
BRDA:106,6,0,11
BRDA:106,6,1,0
BRDA:106,6,2,0
BRDA:107,7,0,0
BRDA:107,7,1,0
BRDA:119,8,0,9
BRDA:119,8,1,2
BRDA:169,9,0,6
BRDA:169,9,1,0
BRF:21
BRH:16
end_of_record
TN:
SF:/Users/pragalbha/Documents/GoComet/frontend-service/components/client/dashboard/drilldown/styles.jsx
FNF:0
FNH:0
DA:6,2
DA:60,2
LF:2
LH:2
BRF:0
BRH:0
end_of_record
TN:
SF:/Users/pragalbha/Documents/GoComet/frontend-service/components/client/dashboard/enquiry/index.jsx
FN:11,(anonymous_0)
FN:16,(anonymous_1)
FN:34,(anonymous_2)
FN:38,(anonymous_3)
FNF:4
FNH:0
FNDA:0,(anonymous_0)
FNDA:0,(anonymous_1)
FNDA:0,(anonymous_2)
FNDA:0,(anonymous_3)
DA:12,0
DA:13,0
DA:17,0
DA:18,0
DA:33,0
DA:38,0
DA:39,0
DA:40,0
LF:8
LH:0
BRDA:39,0,0,0
BRDA:39,0,1,0
BRF:2
BRH:0
end_of_record
TN:
SF:/Users/pragalbha/Documents/GoComet/frontend-service/components/client/dashboard/enquiry/styles-card.jsx
FNF:0
FNH:0
DA:14,2
DA:33,2
DA:49,2
DA:75,2
DA:106,2
DA:115,2
DA:125,2
DA:147,2
DA:199,2
DA:232,2
DA:253,2
DA:288,2
DA:357,2
DA:381,2
DA:391,2
LF:15
LH:15
BRF:0
BRH:0
end_of_record
TN:
SF:/Users/pragalbha/Documents/GoComet/frontend-service/components/client/dashboard/enquiry/Filters/index.jsx
FN:9,(anonymous_0)
FN:19,(anonymous_1)
FN:26,(anonymous_2)
FN:35,(anonymous_3)
FN:122,(anonymous_4)
FN:145,(anonymous_5)
FN:146,(anonymous_6)
FN:149,(anonymous_7)
FNF:8
FNH:0
FNDA:0,(anonymous_0)
FNDA:0,(anonymous_1)
FNDA:0,(anonymous_2)
FNDA:0,(anonymous_3)
FNDA:0,(anonymous_4)
FNDA:0,(anonymous_5)
FNDA:0,(anonymous_6)
FNDA:0,(anonymous_7)
DA:9,1
DA:10,0
DA:12,0
DA:13,0
DA:14,0
DA:19,0
DA:20,0
DA:21,0
DA:22,0
DA:26,0
DA:27,0
DA:28,0
DA:32,0
DA:35,1
DA:39,0
DA:41,0
DA:122,1
DA:125,0
DA:144,1
DA:149,1
DA:150,0
DA:151,0
DA:152,0
LF:23
LH:5
BRDA:10,0,0,0
BRDA:10,0,1,0
BRDA:10,1,0,0
BRDA:10,1,1,0
BRDA:20,2,0,0
BRDA:20,2,1,0
BRDA:21,3,0,0
BRDA:21,3,1,0
BRDA:21,4,0,0
BRDA:21,4,1,0
BRDA:27,5,0,0
BRDA:27,5,1,0
BRDA:27,6,0,0
BRDA:27,6,1,0
BRDA:39,7,0,0
BRDA:39,7,1,0
BRDA:46,8,0,0
BRDA:46,8,1,0
BRDA:46,9,0,0
BRDA:46,9,1,0
BRDA:58,10,0,0
BRDA:58,10,1,0
BRDA:66,11,0,0
BRDA:66,11,1,0
BRDA:76,12,0,0
BRDA:76,12,1,0
BRDA:76,13,0,0
BRDA:76,13,1,0
BRDA:88,14,0,0
BRDA:88,14,1,0
BRDA:99,15,0,0
BRDA:99,15,1,0
BRDA:108,16,0,0
BRDA:108,16,1,0
BRDA:108,17,0,0
BRDA:108,17,1,0
BRDA:117,18,0,0
BRDA:117,18,1,0
BRDA:117,19,0,0
BRDA:117,19,1,0
BRDA:150,20,0,0
BRDA:150,20,1,0
BRF:42
BRH:0
end_of_record
TN:
SF:/Users/pragalbha/Documents/GoComet/frontend-service/components/client/dashboard/enquiry/Filters/menu-sider.jsx
FN:17,(anonymous_0)
FN:22,(anonymous_1)
FN:50,(anonymous_2)
FN:75,(anonymous_3)
FN:78,(anonymous_4)
FNF:5
FNH:0
FNDA:0,(anonymous_0)
FNDA:0,(anonymous_1)
FNDA:0,(anonymous_2)
FNDA:0,(anonymous_3)
FNDA:0,(anonymous_4)
DA:10,0
DA:17,0
DA:18,0
DA:19,0
DA:22,0
DA:23,0
DA:28,0
DA:32,0
DA:33,0
DA:47,0
DA:51,0
DA:53,0
DA:74,0
DA:78,0
DA:79,0
DA:80,0
DA:81,0
DA:82,0
LF:18
LH:0
BRDA:32,0,0,0
BRDA:32,0,1,0
BRDA:34,1,0,0
BRDA:34,1,1,0
BRDA:35,2,0,0
BRDA:35,2,1,0
BRDA:35,3,0,0
BRDA:35,3,1,0
BRDA:36,4,0,0
BRDA:36,4,1,0
BRDA:37,5,0,0
BRDA:37,5,1,0
BRDA:38,6,0,0
BRDA:38,6,1,0
BRDA:39,7,0,0
BRDA:39,7,1,0
BRDA:40,8,0,0
BRDA:40,8,1,0
BRDA:40,9,0,0
BRDA:40,9,1,0
BRDA:43,10,0,0
BRDA:43,10,1,0
BRDA:43,11,0,0
BRDA:43,11,1,0
BRDA:79,12,0,0
BRDA:79,12,1,0
BRDA:80,13,0,0
BRDA:80,13,1,0
BRF:28
BRH:0
end_of_record
TN:
SF:/Users/pragalbha/Documents/GoComet/frontend-service/components/client/dashboard/enquiry/LaneFreightSection/index.jsx
FN:6,(anonymous_0)
FNF:1
FNH:0
FNDA:0,(anonymous_0)
DA:6,0
DA:7,0
DA:17,0
LF:3
LH:0
BRF:0
BRH:0
end_of_record
TN:
SF:/Users/pragalbha/Documents/GoComet/frontend-service/components/client/dashboard/enquiry/LaneFreightSection/Analysis/index.jsx
FN:15,(anonymous_0)
FN:26,(anonymous_1)
FN:39,(anonymous_2)
FN:51,(anonymous_3)
FN:58,(anonymous_4)
FN:63,(anonymous_5)
FN:140,(anonymous_6)
FN:175,(anonymous_7)
FN:186,(anonymous_8)
FNF:9
FNH:0
FNDA:0,(anonymous_0)
FNDA:0,(anonymous_1)
FNDA:0,(anonymous_2)
FNDA:0,(anonymous_3)
FNDA:0,(anonymous_4)
FNDA:0,(anonymous_5)
FNDA:0,(anonymous_6)
FNDA:0,(anonymous_7)
FNDA:0,(anonymous_8)
DA:15,0
DA:16,0
DA:21,0
DA:27,0
DA:28,0
DA:30,0
DA:35,0
DA:39,0
DA:40,0
DA:41,0
DA:43,0
DA:44,0
DA:47,0
DA:52,0
DA:58,0
DA:59,0
DA:60,0
DA:63,0
DA:64,0
DA:65,0
DA:67,0
DA:68,0
DA:71,0
DA:72,0
DA:73,0
DA:74,0
DA:75,0
DA:76,0
DA:77,0
DA:79,0
DA:82,0
DA:135,0
DA:137,0
DA:141,0
DA:142,0
DA:144,0
DA:170,0
DA:186,0
DA:187,0
DA:188,0
DA:189,0
DA:191,0
LF:42
LH:0
BRDA:30,0,0,0
BRDA:30,0,1,0
BRDA:31,1,0,0
BRDA:31,1,1,0
BRDA:31,1,2,0
BRDA:39,2,0,0
BRDA:43,3,0,0
BRDA:43,3,1,0
BRDA:67,4,0,0
BRDA:67,4,1,0
BRDA:72,5,0,0
BRDA:72,5,1,0
BRDA:74,6,0,0
BRDA:74,6,1,0
BRDA:76,7,0,0
BRDA:76,7,1,0
BRDA:95,8,0,0
BRDA:95,8,1,0
BRDA:156,9,0,0
BRDA:156,9,1,0
BRDA:161,10,0,0
BRDA:161,10,1,0
BRDA:187,11,0,0
BRDA:187,11,1,0
BRDA:188,12,0,0
BRDA:188,12,1,0
BRDA:189,13,0,0
BRDA:189,13,1,0
BRDA:194,14,0,0
BRDA:194,14,1,0
BRDA:195,15,0,0
BRDA:195,15,1,0
BRF:32
BRH:0
end_of_record
TN:
SF:/Users/pragalbha/Documents/GoComet/frontend-service/components/client/dashboard/enquiry/LaneFreightSection/Analysis/input-form.jsx
FN:27,(anonymous_0)
FN:32,(anonymous_1)
FN:36,(anonymous_2)
FN:40,(anonymous_3)
FN:44,(anonymous_4)
FN:48,(anonymous_5)
FN:52,(anonymous_6)
FN:56,(anonymous_7)
FN:60,(anonymous_8)
FN:74,(anonymous_9)
FN:115,(anonymous_10)
FN:188,(anonymous_11)
FN:201,(anonymous_12)
FN:216,(anonymous_13)
FN:273,(anonymous_14)
FNF:15
FNH:0
FNDA:0,(anonymous_0)
FNDA:0,(anonymous_1)
FNDA:0,(anonymous_2)
FNDA:0,(anonymous_3)
FNDA:0,(anonymous_4)
FNDA:0,(anonymous_5)
FNDA:0,(anonymous_6)
FNDA:0,(anonymous_7)
FNDA:0,(anonymous_8)
FNDA:0,(anonymous_9)
FNDA:0,(anonymous_10)
FNDA:0,(anonymous_11)
FNDA:0,(anonymous_12)
FNDA:0,(anonymous_13)
FNDA:0,(anonymous_14)
DA:10,0
DA:11,0
DA:22,0
DA:25,0
DA:27,0
DA:28,0
DA:29,0
DA:32,0
DA:33,0
DA:36,0
DA:37,0
DA:40,0
DA:41,0
DA:44,0
DA:45,0
DA:48,0
DA:49,0
DA:52,0
DA:53,0
DA:56,0
DA:57,0
DA:60,0
DA:61,0
DA:62,0
DA:63,0
DA:65,0
DA:74,0
DA:84,0
DA:85,0
DA:87,0
DA:100,0
DA:101,0
DA:102,0
DA:103,0
DA:105,0
DA:106,0
DA:107,0
DA:110,0
DA:126,0
DA:128,0
DA:129,0
DA:130,0
DA:131,0
DA:133,0
DA:188,0
DA:201,0
DA:217,0
DA:272,0
LF:48
LH:0
BRDA:62,0,0,0
BRDA:62,0,1,0
BRDA:90,1,0,0
BRDA:90,1,1,0
BRDA:92,2,0,0
BRDA:92,2,1,0
BRDA:100,3,0,0
BRDA:100,3,1,0
BRDA:100,4,0,0
BRDA:100,4,1,0
BRDA:100,4,2,0
BRDA:100,4,3,0
BRDA:100,4,4,0
BRDA:100,4,5,0
BRDA:101,5,0,0
BRDA:101,5,1,0
BRDA:102,6,0,0
BRDA:102,6,1,0
BRDA:105,7,0,0
BRDA:105,7,1,0
BRDA:106,8,0,0
BRDA:106,8,1,0
BRDA:128,9,0,0
BRDA:128,9,1,0
BRDA:130,10,0,0
BRDA:130,10,1,0
BRDA:135,11,0,0
BRDA:135,11,1,0
BRDA:135,12,0,0
BRDA:135,12,1,0
BRDA:140,13,0,0
BRDA:140,13,1,0
BRDA:140,14,0,0
BRDA:140,14,1,0
BRDA:141,15,0,0
BRDA:141,15,1,0
BRDA:152,16,0,0
BRDA:152,16,1,0
BRDA:158,17,0,0
BRDA:158,17,1,0
BRDA:158,18,0,0
BRDA:158,18,1,0
BRDA:170,19,0,0
BRDA:170,19,1,0
BRDA:170,20,0,0
BRDA:170,20,1,0
BRDA:178,21,0,0
BRDA:178,21,1,0
BRDA:184,22,0,0
BRDA:184,22,1,0
BRDA:184,23,0,0
BRDA:184,23,1,0
BRDA:185,24,0,0
BRDA:185,24,1,0
BRDA:188,25,0,0
BRDA:188,25,1,0
BRDA:197,26,0,0
BRDA:197,26,1,0
BRDA:197,27,0,0
BRDA:197,27,1,0
BRDA:198,28,0,0
BRDA:198,28,1,0
BRDA:201,29,0,0
BRDA:201,29,1,0
BRDA:206,30,0,0
BRDA:206,30,1,0
BRDA:212,31,0,0
BRDA:212,31,1,0
BRDA:212,32,0,0
BRDA:212,32,1,0
BRDA:213,33,0,0
BRDA:213,33,1,0
BRDA:225,34,0,0
BRDA:225,34,1,0
BRDA:231,35,0,0
BRDA:231,35,1,0
BRDA:231,36,0,0
BRDA:231,36,1,0
BRDA:232,37,0,0
BRDA:232,37,1,0
BRDA:242,38,0,0
BRDA:242,38,1,0
BRDA:242,39,0,0
BRDA:242,39,1,0
BRDA:247,40,0,0
BRDA:247,40,1,0
BRDA:247,41,0,0
BRDA:247,41,1,0
BRDA:248,42,0,0
BRDA:248,42,1,0
BRDA:257,43,0,0
BRDA:257,43,1,0
BRDA:257,44,0,0
BRDA:257,44,1,0
BRF:94
BRH:0
end_of_record
TN:
SF:/Users/pragalbha/Documents/GoComet/frontend-service/components/client/dashboard/enquiry/OverviewSection/ImportExportCountries.jsx
FN:5,(anonymous_0)
FN:12,(anonymous_1)
FN:39,(anonymous_2)
FN:40,(anonymous_3)
FN:88,(anonymous_4)
FN:90,(anonymous_5)
FN:117,(anonymous_6)
FN:159,(anonymous_7)
FNF:8
FNH:0
FNDA:0,(anonymous_0)
FNDA:0,(anonymous_1)
FNDA:0,(anonymous_2)
FNDA:0,(anonymous_3)
FNDA:0,(anonymous_4)
FNDA:0,(anonymous_5)
FNDA:0,(anonymous_6)
FNDA:0,(anonymous_7)
DA:5,0
DA:6,0
DA:7,0
DA:9,0
DA:12,0
DA:39,0
DA:42,0
DA:54,0
DA:88,0
DA:89,0
DA:90,0
DA:98,0
DA:99,0
DA:101,0
DA:111,0
DA:117,0
DA:123,0
DA:127,0
DA:129,0
DA:152,0
DA:159,0
DA:160,0
DA:161,0
DA:163,0
LF:24
LH:0
BRDA:6,0,0,0
BRDA:6,0,1,0
BRDA:7,1,0,0
BRDA:7,1,1,0
BRDA:18,2,0,0
BRDA:18,2,1,0
BRDA:39,3,0,0
BRDA:39,3,1,0
BRDA:44,4,0,0
BRDA:44,4,1,0
BRDA:45,5,0,0
BRDA:45,5,1,0
BRDA:46,6,0,0
BRDA:46,6,1,0
BRDA:48,7,0,0
BRDA:48,7,1,0
BRDA:49,8,0,0
BRDA:49,8,1,0
BRDA:50,9,0,0
BRDA:50,9,1,0
BRDA:90,10,0,0
BRDA:90,10,1,0
BRDA:98,11,0,0
BRDA:98,11,1,0
BRDA:99,12,0,0
BRDA:99,12,1,0
BRDA:102,13,0,0
BRDA:102,13,1,0
BRDA:127,14,0,0
BRDA:127,14,1,0
BRDA:160,15,0,0
BRDA:160,15,1,0
BRDA:161,16,0,0
BRDA:161,16,1,0
BRF:34
BRH:0
end_of_record
TN:
SF:/Users/pragalbha/Documents/GoComet/frontend-service/components/client/dashboard/enquiry/OverviewSection/LeastPerformingVendors.jsx
FN:13,(anonymous_0)
FN:18,(anonymous_1)
FN:23,(anonymous_2)
FN:38,(anonymous_3)
FN:38,(anonymous_4)
FN:47,(anonymous_5)
FN:86,(anonymous_6)
FNF:7
FNH:0
FNDA:0,(anonymous_0)
FNDA:0,(anonymous_1)
FNDA:0,(anonymous_2)
FNDA:0,(anonymous_3)
FNDA:0,(anonymous_4)
FNDA:0,(anonymous_5)
FNDA:0,(anonymous_6)
DA:6,0
DA:7,0
DA:9,0
DA:13,0
DA:18,0
DA:23,0
DA:27,0
DA:38,0
DA:40,0
DA:47,0
DA:50,0
DA:60,0
DA:80,0
DA:86,0
DA:87,0
DA:88,0
DA:89,0
DA:90,0
LF:18
LH:0
BRDA:13,0,0,0
BRDA:13,0,1,0
BRDA:18,1,0,0
BRDA:18,1,1,0
BRDA:23,2,0,0
BRDA:23,2,1,0
BRDA:38,3,0,0
BRDA:38,3,1,0
BRDA:42,4,0,0
BRDA:42,4,1,0
BRDA:43,5,0,0
BRDA:43,5,1,0
BRDA:44,6,0,0
BRDA:44,6,1,0
BRDA:87,7,0,0
BRDA:87,7,1,0
BRDA:87,8,0,0
BRDA:87,8,1,0
BRDA:88,9,0,0
BRDA:88,9,1,0
BRDA:89,10,0,0
BRDA:89,10,1,0
BRDA:91,11,0,0
BRDA:91,11,1,0
BRDA:92,12,0,0
BRDA:92,12,1,0
BRF:26
BRH:0
end_of_record
TN:
SF:/Users/pragalbha/Documents/GoComet/frontend-service/components/client/dashboard/enquiry/OverviewSection/Overview.jsx
FN:13,(anonymous_0)
FN:79,(anonymous_1)
FNF:2
FNH:2
FNDA:2,(anonymous_0)
FNDA:2,(anonymous_1)
DA:13,1
DA:16,2
DA:19,2
DA:21,2
DA:72,1
DA:79,1
DA:80,2
DA:81,2
DA:83,2
LF:9
LH:9
BRDA:16,0,0,2
BRDA:16,0,1,0
BRDA:19,1,0,2
BRDA:19,1,1,0
BRDA:22,2,0,0
BRDA:22,2,1,2
BRDA:47,3,0,0
BRDA:47,3,1,2
BRDA:51,4,0,2
BRDA:51,4,1,0
BRDA:55,5,0,0
BRDA:55,5,1,0
BRDA:80,6,0,2
BRDA:80,6,1,0
BRDA:81,7,0,0
BRDA:81,8,0,0
BRDA:81,9,0,2
BRDA:81,9,1,0
BRF:18
BRH:7
end_of_record
TN:
SF:/Users/pragalbha/Documents/GoComet/frontend-service/components/client/dashboard/enquiry/OverviewSection/QuoteConfirmationAnalysis.jsx
FN:17,(anonymous_0)
FN:55,(anonymous_1)
FNF:2
FNH:0
FNDA:0,(anonymous_0)
FNDA:0,(anonymous_1)
DA:6,0
DA:17,0
DA:20,0
DA:29,0
DA:49,0
DA:55,0
DA:56,0
DA:57,0
DA:58,0
DA:60,0
LF:10
LH:0
BRDA:56,0,0,0
BRDA:56,0,1,0
BRDA:56,1,0,0
BRDA:56,1,1,0
BRDA:57,2,0,0
BRDA:57,2,1,0
BRDA:58,3,0,0
BRDA:58,3,1,0
BRDA:61,4,0,0
BRDA:61,4,1,0
BRDA:62,5,0,0
BRDA:62,5,1,0
BRF:12
BRH:0
end_of_record
TN:
SF:/Users/pragalbha/Documents/GoComet/frontend-service/components/client/dashboard/enquiry/OverviewSection/helper.jsx
FN:4,(anonymous_0)
FN:4,(anonymous_1)
FN:14,(anonymous_2)
FN:14,(anonymous_3)
FNF:4
FNH:2
FNDA:0,(anonymous_0)
FNDA:0,(anonymous_1)
FNDA:4,(anonymous_2)
FNDA:12,(anonymous_3)
DA:4,1
DA:5,0
DA:7,0
DA:14,4
DA:15,12
LF:5
LH:3
BRDA:4,0,0,0
BRDA:4,0,1,0
BRDA:5,1,0,0
BRDA:5,1,1,0
BRDA:9,2,0,0
BRDA:9,2,1,0
BRDA:10,3,0,0
BRDA:10,3,1,0
BRF:8
BRH:0
end_of_record
TN:
SF:/Users/pragalbha/Documents/GoComet/frontend-service/components/client/dashboard/enquiry/OverviewSection/index.jsx
FN:14,(anonymous_0)
FN:60,(anonymous_1)
FNF:2
FNH:0
FNDA:0,(anonymous_0)
FNDA:0,(anonymous_1)
DA:14,0
DA:15,0
DA:56,0
DA:60,0
LF:4
LH:0
BRDA:22,0,0,0
BRDA:22,0,1,0
BRDA:34,1,0,0
BRDA:34,1,1,0
BRDA:46,2,0,0
BRDA:46,2,1,0
BRDA:61,3,0,0
BRDA:61,3,1,0
BRF:8
BRH:0
end_of_record
TN:
SF:/Users/pragalbha/Documents/GoComet/frontend-service/components/client/dashboard/enquiry/OverviewSection/Savings/SavingShimmer.jsx
FN:6,(anonymous_0)
FNF:1
FNH:0
FNDA:0,(anonymous_0)
DA:6,1
DA:7,0
LF:2
LH:1
BRF:0
BRH:0
end_of_record
TN:
SF:/Users/pragalbha/Documents/GoComet/frontend-service/components/client/dashboard/enquiry/OverviewSection/Savings/index.jsx
FN:7,(anonymous_0)
FN:23,(anonymous_1)
FN:73,(anonymous_2)
FNF:3
FNH:3
FNDA:3,(anonymous_0)
FNDA:1,(anonymous_1)
FNDA:1,(anonymous_2)
DA:7,1
DA:8,3
DA:23,1
DA:24,1
DA:26,1
DA:69,1
DA:73,1
DA:74,1
DA:75,1
DA:76,1
DA:78,1
LF:11
LH:11
BRDA:24,0,0,0
BRDA:24,1,0,0
BRDA:24,2,0,0
BRDA:24,3,0,1
BRDA:24,3,1,0
BRDA:28,4,0,0
BRDA:28,4,1,1
BRDA:74,5,0,1
BRDA:74,5,1,0
BRDA:74,6,0,1
BRDA:74,6,1,0
BRDA:75,7,0,1
BRDA:75,7,1,0
BRDA:76,8,0,0
BRDA:76,9,0,1
BRDA:76,9,1,0
BRF:16
BRH:6
end_of_record
TN:
SF:/Users/pragalbha/Documents/GoComet/frontend-service/components/client/dashboard/enquiry/OverviewSection/VendorAllocation/Comparison.jsx
FN:12,(anonymous_0)
FN:74,(anonymous_1)
FN:83,(anonymous_2)
FN:155,(anonymous_3)
FNF:4
FNH:3
FNDA:7,(anonymous_0)
FNDA:0,(anonymous_1)
FNDA:3,(anonymous_2)
FNDA:3,(anonymous_3)
DA:12,7
DA:39,1
DA:74,1
DA:99,3
DA:101,3
DA:147,1
DA:155,1
DA:162,3
DA:163,3
DA:164,3
DA:166,3
LF:11
LH:11
BRDA:18,0,0,7
BRDA:18,0,1,6
BRDA:114,1,0,3
BRDA:114,1,1,0
BRDA:115,2,0,3
BRDA:115,2,1,0
BRDA:116,3,0,3
BRDA:116,3,1,0
BRDA:121,4,0,3
BRDA:121,4,1,0
BRDA:122,5,0,3
BRDA:122,5,1,0
BRDA:123,6,0,3
BRDA:123,6,1,0
BRDA:158,7,0,3
BRDA:160,8,0,3
BRDA:162,9,0,3
BRDA:162,9,1,0
BRDA:163,10,0,3
BRDA:163,10,1,3
BRDA:164,11,0,3
BRDA:164,11,1,3
BRDA:169,12,0,3
BRDA:169,12,1,3
BRDA:172,13,0,3
BRDA:172,13,1,3
BRF:26
BRH:19
end_of_record
TN:
SF:/Users/pragalbha/Documents/GoComet/frontend-service/components/client/dashboard/enquiry/OverviewSection/VendorAllocation/index.jsx
FN:27,(anonymous_0)
FN:31,(anonymous_1)
FN:44,(anonymous_2)
FN:48,(anonymous_3)
FN:54,(anonymous_4)
FN:55,(anonymous_5)
FN:58,(anonymous_6)
FN:70,(anonymous_7)
FN:84,(anonymous_8)
FN:113,(anonymous_9)
FN:159,(anonymous_10)
FN:162,(anonymous_11)
FNF:12
FNH:10
FNDA:3,(anonymous_0)
FNDA:2,(anonymous_1)
FNDA:1,(anonymous_2)
FNDA:0,(anonymous_3)
FNDA:1,(anonymous_4)
FNDA:1,(anonymous_5)
FNDA:4,(anonymous_6)
FNDA:5,(anonymous_7)
FNDA:6,(anonymous_8)
FNDA:5,(anonymous_9)
FNDA:0,(anonymous_10)
FNDA:5,(anonymous_11)
DA:19,1
DA:22,3
DA:28,3
DA:32,2
DA:33,2
DA:35,2
DA:40,1
DA:44,3
DA:45,1
DA:48,3
DA:49,0
DA:50,0
DA:51,0
DA:54,3
DA:55,1
DA:58,3
DA:59,4
DA:61,4
DA:70,3
DA:71,5
DA:72,5
DA:74,5
DA:75,5
DA:84,6
DA:110,0
DA:114,5
DA:115,5
DA:117,5
DA:155,1
DA:162,1
DA:163,5
DA:164,5
DA:166,5
LF:33
LH:29
BRDA:35,0,0,1
BRDA:35,0,1,1
BRDA:36,1,0,2
BRDA:36,1,1,1
BRDA:36,1,2,1
BRDA:74,2,0,5
BRDA:74,2,1,0
BRDA:74,3,0,5
BRDA:74,3,1,0
BRDA:77,4,0,1
BRDA:77,4,1,4
BRDA:133,5,0,1
BRDA:133,5,1,4
BRDA:138,6,0,0
BRDA:138,6,1,5
BRDA:140,7,0,5
BRDA:140,7,1,1
BRDA:162,8,0,0
BRDA:163,9,0,5
BRDA:163,9,1,0
BRDA:164,10,0,5
BRDA:164,10,1,0
BRDA:168,11,0,5
BRDA:168,11,1,0
BRDA:169,12,0,5
BRDA:169,12,1,0
BRF:26
BRH:18
end_of_record
TN:
SF:/Users/pragalbha/Documents/GoComet/frontend-service/components/client/dashboard/enquiry/TotalCostSection/index.jsx
FN:5,(anonymous_0)
FNF:1
FNH:0
FNDA:0,(anonymous_0)
DA:5,0
DA:6,0
DA:16,0
LF:3
LH:0
BRF:0
BRH:0
end_of_record
TN:
SF:/Users/pragalbha/Documents/GoComet/frontend-service/components/client/dashboard/enquiry/TotalCostSection/Analysis/helper.jsx
FN:6,(anonymous_0)
FN:14,(anonymous_1)
FN:22,(anonymous_2)
FN:32,(anonymous_3)
FNF:4
FNH:0
FNDA:0,(anonymous_0)
FNDA:0,(anonymous_1)
FNDA:0,(anonymous_2)
FNDA:0,(anonymous_3)
DA:6,0
DA:7,0
DA:8,0
DA:9,0
DA:11,0
DA:14,0
DA:15,0
DA:16,0
DA:17,0
DA:19,0
DA:22,0
DA:23,0
DA:24,0
DA:26,0
DA:27,0
DA:29,0
DA:32,0
DA:34,0
DA:35,0
DA:37,0
DA:38,0
DA:41,0
DA:151,0
DA:154,0
LF:24
LH:0
BRDA:7,0,0,0
BRDA:7,0,1,0
BRDA:8,1,0,0
BRDA:8,1,1,0
BRDA:15,2,0,0
BRDA:15,2,1,0
BRDA:16,3,0,0
BRDA:16,3,1,0
BRDA:23,4,0,0
BRDA:23,4,1,0
BRDA:26,5,0,0
BRDA:26,5,1,0
BRDA:34,6,0,0
BRDA:34,6,1,0
BRDA:35,7,0,0
BRDA:35,7,1,0
BRDA:37,8,0,0
BRDA:37,8,1,0
BRDA:54,9,0,0
BRDA:54,9,1,0
BRDA:76,10,0,0
BRDA:76,10,1,0
BRF:22
BRH:0
end_of_record
TN:
SF:/Users/pragalbha/Documents/GoComet/frontend-service/components/client/dashboard/enquiry/TotalCostSection/Analysis/index.jsx
FN:19,(anonymous_0)
FN:20,(anonymous_1)
FN:37,(anonymous_2)
FN:42,(anonymous_3)
FN:54,(anonymous_4)
FN:55,(anonymous_5)
FN:58,(anonymous_6)
FN:156,(anonymous_7)
FNF:8
FNH:0
FNDA:0,(anonymous_0)
FNDA:0,(anonymous_1)
FNDA:0,(anonymous_2)
FNDA:0,(anonymous_3)
FNDA:0,(anonymous_4)
FNDA:0,(anonymous_5)
FNDA:0,(anonymous_6)
FNDA:0,(anonymous_7)
DA:17,0
DA:19,0
DA:22,0
DA:33,0
DA:38,0
DA:39,0
DA:43,0
DA:44,0
DA:45,0
DA:50,0
DA:54,0
DA:55,0
DA:59,0
DA:62,0
DA:64,0
DA:75,0
DA:76,0
DA:80,0
DA:81,0
DA:85,0
DA:86,0
DA:91,0
DA:97,0
DA:98,0
DA:107,0
DA:142,0
DA:156,0
DA:157,0
DA:158,0
DA:160,0
LF:30
LH:0
BRDA:19,0,0,0
BRDA:19,0,1,0
BRDA:24,1,0,0
BRDA:24,1,1,0
BRDA:25,2,0,0
BRDA:25,2,1,0
BRDA:26,3,0,0
BRDA:26,3,1,0
BRDA:27,4,0,0
BRDA:27,4,1,0
BRDA:28,5,0,0
BRDA:28,5,1,0
BRDA:45,6,0,0
BRDA:45,6,1,0
BRDA:46,7,0,0
BRDA:46,7,1,0
BRDA:46,7,2,0
BRDA:61,8,0,0
BRDA:70,9,0,0
BRDA:70,9,1,0
BRDA:75,10,0,0
BRDA:75,10,1,0
BRDA:75,11,0,0
BRDA:75,11,1,0
BRDA:80,12,0,0
BRDA:80,12,1,0
BRDA:80,13,0,0
BRDA:80,13,1,0
BRDA:85,14,0,0
BRDA:85,14,1,0
BRDA:85,15,0,0
BRDA:85,15,1,0
BRDA:97,16,0,0
BRDA:97,16,1,0
BRDA:97,17,0,0
BRDA:97,17,1,0
BRDA:97,18,0,0
BRDA:97,18,1,0
BRDA:114,19,0,0
BRDA:114,19,1,0
BRDA:120,20,0,0
BRDA:120,20,1,0
BRDA:124,21,0,0
BRDA:124,21,1,0
BRDA:156,22,0,0
BRDA:157,23,0,0
BRDA:157,23,1,0
BRDA:157,24,0,0
BRDA:157,24,1,0
BRDA:158,25,0,0
BRDA:158,26,0,0
BRDA:158,26,1,0
BRDA:161,27,0,0
BRDA:161,27,1,0
BRDA:163,28,0,0
BRDA:163,28,1,0
BRDA:164,29,0,0
BRDA:164,29,1,0
BRF:58
BRH:0
end_of_record
TN:
SF:/Users/pragalbha/Documents/GoComet/frontend-service/components/client/dashboard/invoice/OverviewCards.jsx
FN:9,(anonymous_0)
FN:29,(anonymous_1)
FN:35,(anonymous_2)
FN:39,(anonymous_3)
FN:56,(anonymous_4)
FN:66,(anonymous_5)
FN:76,(anonymous_6)
FN:86,(anonymous_7)
FN:96,(anonymous_8)
FN:106,(anonymous_9)
FN:138,(anonymous_10)
FNF:11
FNH:2
FNDA:2,(anonymous_0)
FNDA:0,(anonymous_1)
FNDA:0,(anonymous_2)
FNDA:0,(anonymous_3)
FNDA:0,(anonymous_4)
FNDA:0,(anonymous_5)
FNDA:0,(anonymous_6)
FNDA:0,(anonymous_7)
FNDA:0,(anonymous_8)
FNDA:0,(anonymous_9)
FNDA:2,(anonymous_10)
DA:9,1
DA:24,2
DA:26,2
DA:27,2
DA:29,2
DA:30,0
DA:31,0
DA:32,0
DA:35,2
DA:36,0
DA:39,2
DA:43,2
DA:56,0
DA:66,0
DA:76,0
DA:86,0
DA:96,0
DA:106,0
DA:131,1
DA:138,1
DA:139,2
DA:140,2
DA:142,2
LF:23
LH:13
BRDA:18,0,0,0
BRDA:19,1,0,0
BRDA:20,2,0,0
BRDA:21,3,0,0
BRDA:22,4,0,0
BRDA:23,5,0,0
BRDA:24,6,0,2
BRDA:24,6,1,0
BRDA:39,7,0,0
BRDA:39,7,1,0
BRDA:39,8,0,0
BRDA:39,8,1,0
BRDA:94,9,0,2
BRDA:94,9,1,0
BRDA:104,10,0,2
BRDA:104,10,1,0
BRDA:111,11,0,2
BRDA:111,11,1,0
BRDA:139,12,0,2
BRDA:139,12,1,0
BRDA:140,13,0,2
BRDA:140,13,1,0
BRF:22
BRH:6
end_of_record
TN:
SF:/Users/pragalbha/Documents/GoComet/frontend-service/components/client/dashboard/invoice/index.jsx
FN:13,(anonymous_0)
FN:18,(anonymous_1)
FN:47,(anonymous_2)
FN:50,(anonymous_3)
FN:54,(anonymous_4)
FNF:5
FNH:0
FNDA:0,(anonymous_0)
FNDA:0,(anonymous_1)
FNDA:0,(anonymous_2)
FNDA:0,(anonymous_3)
FNDA:0,(anonymous_4)
DA:14,0
DA:15,0
DA:19,0
DA:20,0
DA:43,0
DA:50,0
DA:51,0
DA:52,0
DA:54,0
DA:55,0
LF:10
LH:0
BRDA:25,0,0,0
BRDA:25,0,1,0
BRDA:51,1,0,0
BRDA:51,1,1,0
BRDA:52,2,0,0
BRDA:52,3,0,0
BRDA:52,3,1,0
BRDA:54,4,0,0
BRDA:54,4,1,0
BRDA:58,5,0,0
BRDA:58,5,1,0
BRF:11
BRH:0
end_of_record
TN:
SF:/Users/pragalbha/Documents/GoComet/frontend-service/components/client/dashboard/invoice/styles.jsx
FNF:0
FNH:0
DA:10,0
DA:22,0
DA:26,0
DA:58,0
DA:63,0
DA:80,0
DA:90,0
DA:100,0
DA:123,0
DA:144,0
LF:10
LH:0
BRF:0
BRH:0
end_of_record
TN:
SF:/Users/pragalbha/Documents/GoComet/frontend-service/components/client/dashboard/invoice/ChargeHeadAnalysis/DisputedChargeHead.jsx
FN:9,(anonymous_0)
FN:21,(anonymous_1)
FN:29,(anonymous_2)
FN:36,(anonymous_3)
FN:54,(anonymous_4)
FN:62,(anonymous_5)
FN:126,(anonymous_6)
FN:129,(anonymous_7)
FNF:8
FNH:0
FNDA:0,(anonymous_0)
FNDA:0,(anonymous_1)
FNDA:0,(anonymous_2)
FNDA:0,(anonymous_3)
FNDA:0,(anonymous_4)
FNDA:0,(anonymous_5)
FNDA:0,(anonymous_6)
FNDA:0,(anonymous_7)
DA:9,0
DA:22,0
DA:23,0
DA:24,0
DA:30,0
DA:31,0
DA:36,0
DA:37,0
DA:40,0
DA:42,0
DA:51,0
DA:54,0
DA:55,0
DA:56,0
DA:57,0
DA:58,0
DA:59,0
DA:71,0
DA:73,0
DA:75,0
DA:77,0
DA:88,0
DA:118,0
DA:129,0
DA:134,0
DA:135,0
DA:136,0
DA:138,0
DA:140,0
DA:141,0
DA:143,0
LF:31
LH:0
BRDA:15,0,0,0
BRDA:15,0,1,0
BRDA:25,1,0,0
BRDA:25,1,1,0
BRDA:32,2,0,0
BRDA:32,2,1,0
BRDA:40,3,0,0
BRDA:40,3,1,0
BRDA:44,4,0,0
BRDA:44,4,1,0
BRDA:45,5,0,0
BRDA:45,5,1,0
BRDA:45,6,0,0
BRDA:45,6,1,0
BRDA:46,7,0,0
BRDA:46,7,1,0
BRDA:46,8,0,0
BRDA:46,8,1,0
BRDA:47,9,0,0
BRDA:47,9,1,0
BRDA:48,10,0,0
BRDA:48,10,1,0
BRDA:57,11,0,0
BRDA:57,11,1,0
BRDA:59,12,0,0
BRDA:59,12,1,0
BRDA:73,13,0,0
BRDA:73,13,1,0
BRDA:90,14,0,0
BRDA:90,14,1,0
BRDA:134,15,0,0
BRDA:134,15,1,0
BRDA:134,16,0,0
BRDA:134,16,1,0
BRDA:135,17,0,0
BRDA:135,17,1,0
BRDA:136,18,0,0
BRDA:136,18,1,0
BRDA:138,19,0,0
BRDA:138,19,1,0
BRDA:138,20,0,0
BRDA:138,20,1,0
BRDA:140,21,0,0
BRDA:140,21,1,0
BRDA:140,22,0,0
BRDA:140,22,1,0
BRDA:147,23,0,0
BRDA:147,23,1,0
BRDA:148,24,0,0
BRDA:148,24,1,0
BRF:50
BRH:0
end_of_record
TN:
SF:/Users/pragalbha/Documents/GoComet/frontend-service/components/client/dashboard/invoice/ChargeHeadAnalysis/ExtraChargeHead.jsx
FN:9,(anonymous_0)
FN:21,(anonymous_1)
FN:29,(anonymous_2)
FN:36,(anonymous_3)
FN:54,(anonymous_4)
FN:62,(anonymous_5)
FN:126,(anonymous_6)
FN:129,(anonymous_7)
FNF:8
FNH:0
FNDA:0,(anonymous_0)
FNDA:0,(anonymous_1)
FNDA:0,(anonymous_2)
FNDA:0,(anonymous_3)
FNDA:0,(anonymous_4)
FNDA:0,(anonymous_5)
FNDA:0,(anonymous_6)
FNDA:0,(anonymous_7)
DA:9,0
DA:22,0
DA:23,0
DA:24,0
DA:30,0
DA:31,0
DA:36,0
DA:37,0
DA:40,0
DA:42,0
DA:51,0
DA:54,0
DA:55,0
DA:56,0
DA:57,0
DA:58,0
DA:59,0
DA:71,0
DA:73,0
DA:75,0
DA:77,0
DA:88,0
DA:118,0
DA:129,0
DA:134,0
DA:135,0
DA:136,0
DA:138,0
DA:140,0
DA:141,0
DA:144,0
LF:31
LH:0
BRDA:15,0,0,0
BRDA:15,0,1,0
BRDA:25,1,0,0
BRDA:25,1,1,0
BRDA:32,2,0,0
BRDA:32,2,1,0
BRDA:40,3,0,0
BRDA:40,3,1,0
BRDA:44,4,0,0
BRDA:44,4,1,0
BRDA:45,5,0,0
BRDA:45,5,1,0
BRDA:45,6,0,0
BRDA:45,6,1,0
BRDA:46,7,0,0
BRDA:46,7,1,0
BRDA:46,8,0,0
BRDA:46,8,1,0
BRDA:47,9,0,0
BRDA:47,9,1,0
BRDA:48,10,0,0
BRDA:48,10,1,0
BRDA:57,11,0,0
BRDA:57,11,1,0
BRDA:59,12,0,0
BRDA:59,12,1,0
BRDA:73,13,0,0
BRDA:73,13,1,0
BRDA:80,14,0,0
BRDA:80,14,1,0
BRDA:90,15,0,0
BRDA:90,15,1,0
BRDA:134,16,0,0
BRDA:134,16,1,0
BRDA:134,17,0,0
BRDA:134,17,1,0
BRDA:135,18,0,0
BRDA:135,18,1,0
BRDA:136,19,0,0
BRDA:136,19,1,0
BRDA:138,20,0,0
BRDA:138,20,1,0
BRDA:138,21,0,0
BRDA:138,21,1,0
BRDA:140,22,0,0
BRDA:140,22,1,0
BRDA:140,23,0,0
BRDA:140,23,1,0
BRDA:148,24,0,0
BRDA:148,24,1,0
BRDA:149,25,0,0
BRDA:149,25,1,0
BRF:52
BRH:0
end_of_record
TN:
SF:/Users/pragalbha/Documents/GoComet/frontend-service/components/client/dashboard/invoice/ChargeHeadAnalysis/index.jsx
FN:9,(anonymous_0)
FNF:1
FNH:0
FNDA:0,(anonymous_0)
DA:9,0
DA:10,0
DA:39,0
LF:3
LH:0
BRDA:25,0,0,0
BRDA:25,0,1,0
BRF:2
BRH:0
end_of_record
TN:
SF:/Users/pragalbha/Documents/GoComet/frontend-service/components/client/dashboard/invoice/ChargeHeadAnalysis/CountryWiseSpend/Detail.jsx
FN:22,(anonymous_0)
FN:27,(anonymous_1)
FN:31,(anonymous_2)
FN:50,(anonymous_3)
FN:127,(anonymous_4)
FN:130,(anonymous_5)
FNF:6
FNH:0
FNDA:0,(anonymous_0)
FNDA:0,(anonymous_1)
FNDA:0,(anonymous_2)
FNDA:0,(anonymous_3)
FNDA:0,(anonymous_4)
FNDA:0,(anonymous_5)
DA:20,0
DA:23,0
DA:24,0
DA:27,0
DA:28,0
DA:31,0
DA:32,0
DA:33,0
DA:51,0
DA:54,0
DA:55,0
DA:60,0
DA:62,0
DA:123,0
DA:130,0
DA:131,0
DA:132,0
DA:133,0
DA:135,0
LF:19
LH:0
BRDA:33,0,0,0
BRDA:33,0,1,0
BRDA:41,1,0,0
BRDA:41,1,1,0
BRDA:42,2,0,0
BRDA:42,2,1,0
BRDA:60,3,0,0
BRDA:60,3,1,0
BRDA:74,4,0,0
BRDA:74,4,1,0
BRDA:84,5,0,0
BRDA:84,5,1,0
BRDA:85,6,0,0
BRDA:85,6,1,0
BRDA:97,7,0,0
BRDA:97,7,1,0
BRDA:131,8,0,0
BRDA:131,8,1,0
BRDA:131,9,0,0
BRDA:131,9,1,0
BRDA:132,10,0,0
BRDA:132,10,1,0
BRDA:137,11,0,0
BRDA:137,11,1,0
BRDA:138,12,0,0
BRDA:138,12,1,0
BRF:26
BRH:0
end_of_record
TN:
SF:/Users/pragalbha/Documents/GoComet/frontend-service/components/client/dashboard/invoice/ChargeHeadAnalysis/CountryWiseSpend/Filters.jsx
FN:7,(anonymous_0)
FN:20,(anonymous_1)
FN:39,(anonymous_2)
FN:40,(anonymous_3)
FN:43,(anonymous_4)
FNF:5
FNH:0
FNDA:0,(anonymous_0)
FNDA:0,(anonymous_1)
FNDA:0,(anonymous_2)
FNDA:0,(anonymous_3)
FNDA:0,(anonymous_4)
DA:7,0
DA:8,0
DA:10,0
DA:20,0
DA:21,0
DA:38,0
DA:43,0
LF:7
LH:0
BRDA:8,0,0,0
BRDA:8,0,1,0
BRDA:15,1,0,0
BRDA:15,1,1,0
BRDA:15,2,0,0
BRDA:15,2,1,0
BRF:6
BRH:0
end_of_record
TN:
SF:/Users/pragalbha/Documents/GoComet/frontend-service/components/client/dashboard/invoice/ChargeHeadAnalysis/CountryWiseSpend/helper.jsx
FN:1,(anonymous_0)
FN:38,(anonymous_1)
FN:73,(anonymous_2)
FNF:3
FNH:0
FNDA:0,(anonymous_0)
FNDA:0,(anonymous_1)
FNDA:0,(anonymous_2)
DA:1,0
DA:2,0
DA:3,0
DA:5,0
DA:6,0
DA:8,0
DA:11,0
DA:38,0
DA:73,0
DA:76,0
DA:77,0
DA:85,0
LF:12
LH:0
BRDA:2,0,0,0
BRDA:2,0,1,0
BRDA:5,1,0,0
BRDA:5,1,1,0
BRDA:76,2,0,0
BRDA:76,2,1,0
BRDA:78,3,0,0
BRDA:78,3,1,0
BRDA:79,4,0,0
BRDA:79,4,1,0
BRDA:80,5,0,0
BRDA:80,5,1,0
BRDA:80,6,0,0
BRDA:80,6,1,0
BRDA:81,7,0,0
BRDA:81,7,1,0
BRDA:81,8,0,0
BRDA:81,8,1,0
BRDA:83,9,0,0
BRDA:83,9,1,0
BRF:20
BRH:0
end_of_record
TN:
SF:/Users/pragalbha/Documents/GoComet/frontend-service/components/client/dashboard/invoice/ChargeHeadAnalysis/CountryWiseSpend/index.jsx
FN:10,(anonymous_0)
FN:17,(anonymous_1)
FN:32,(anonymous_2)
FN:32,(anonymous_3)
FN:44,(anonymous_4)
FN:46,(anonymous_5)
FN:83,(anonymous_6)
FN:94,(anonymous_7)
FN:103,(anonymous_8)
FN:112,(anonymous_9)
FN:116,(anonymous_10)
FN:120,(anonymous_11)
FN:125,(anonymous_12)
FN:137,(anonymous_13)
FN:199,(anonymous_14)
FN:202,(anonymous_15)
FNF:16
FNH:0
FNDA:0,(anonymous_0)
FNDA:0,(anonymous_1)
FNDA:0,(anonymous_2)
FNDA:0,(anonymous_3)
FNDA:0,(anonymous_4)
FNDA:0,(anonymous_5)
FNDA:0,(anonymous_6)
FNDA:0,(anonymous_7)
FNDA:0,(anonymous_8)
FNDA:0,(anonymous_9)
FNDA:0,(anonymous_10)
FNDA:0,(anonymous_11)
FNDA:0,(anonymous_12)
FNDA:0,(anonymous_13)
FNDA:0,(anonymous_14)
FNDA:0,(anonymous_15)
DA:10,0
DA:11,0
DA:12,0
DA:14,0
DA:17,0
DA:32,0
DA:33,0
DA:35,0
DA:44,0
DA:45,0
DA:46,0
DA:47,0
DA:48,0
DA:50,0
DA:57,0
DA:60,0
DA:84,0
DA:87,0
DA:88,0
DA:95,0
DA:96,0
DA:100,0
DA:104,0
DA:105,0
DA:106,0
DA:112,0
DA:113,0
DA:116,0
DA:117,0
DA:120,0
DA:121,0
DA:122,0
DA:125,0
DA:126,0
DA:127,0
DA:128,0
DA:129,0
DA:131,0
DA:132,0
DA:144,0
DA:145,0
DA:149,0
DA:150,0
DA:152,0
DA:193,0
DA:202,0
DA:203,0
DA:207,0
DA:212,0
LF:49
LH:0
BRDA:11,0,0,0
BRDA:11,0,1,0
BRDA:12,1,0,0
BRDA:12,1,1,0
BRDA:23,2,0,0
BRDA:23,2,1,0
BRDA:32,3,0,0
BRDA:32,3,1,0
BRDA:33,4,0,0
BRDA:33,4,1,0
BRDA:37,5,0,0
BRDA:37,5,1,0
BRDA:38,6,0,0
BRDA:38,6,1,0
BRDA:40,7,0,0
BRDA:40,7,1,0
BRDA:47,8,0,0
BRDA:47,8,1,0
BRDA:48,9,0,0
BRDA:48,9,1,0
BRDA:51,10,0,0
BRDA:51,10,1,0
BRDA:90,11,0,0
BRDA:90,11,1,0
BRDA:90,11,2,0
BRDA:108,12,0,0
BRDA:108,12,1,0
BRDA:108,12,2,0
BRDA:122,13,0,0
BRDA:122,13,1,0
BRDA:128,14,0,0
BRDA:128,14,1,0
BRDA:149,15,0,0
BRDA:149,15,1,0
BRDA:154,16,0,0
BRDA:154,16,1,0
BRDA:171,17,0,0
BRDA:171,17,1,0
BRDA:204,18,0,0
BRDA:204,18,1,0
BRDA:208,19,0,0
BRDA:208,19,1,0
BRF:42
BRH:0
end_of_record
TN:
SF:/Users/pragalbha/Documents/GoComet/frontend-service/components/client/dashboard/invoice/Filters/SiderMenu.jsx
FN:24,(anonymous_0)
FN:29,(anonymous_1)
FN:34,(anonymous_2)
FN:55,(anonymous_3)
FN:102,(anonymous_4)
FN:103,(anonymous_5)
FN:106,(anonymous_6)
FN:113,(anonymous_7)
FNF:8
FNH:4
FNDA:2,(anonymous_0)
FNDA:0,(anonymous_1)
FNDA:0,(anonymous_2)
FNDA:4,(anonymous_3)
FNDA:0,(anonymous_4)
FNDA:0,(anonymous_5)
FNDA:4,(anonymous_6)
FNDA:4,(anonymous_7)
DA:11,1
DA:18,1
DA:25,2
DA:26,2
DA:29,2
DA:30,0
DA:31,0
DA:34,2
DA:35,0
DA:36,0
DA:43,0
DA:44,0
DA:52,0
DA:58,4
DA:60,4
DA:65,4
DA:97,1
DA:106,1
DA:107,4
DA:108,4
DA:111,4
DA:112,4
DA:113,4
DA:114,4
LF:24
LH:17
BRDA:43,0,0,0
BRDA:43,0,1,0
BRDA:45,1,0,0
BRDA:45,1,1,0
BRDA:46,2,0,0
BRDA:46,2,1,0
BRDA:47,3,0,0
BRDA:47,3,1,0
BRDA:47,4,0,0
BRDA:47,4,1,0
BRDA:48,5,0,0
BRDA:48,5,1,0
BRDA:48,6,0,0
BRDA:48,6,1,0
BRDA:49,7,0,0
BRDA:49,7,1,0
BRDA:50,8,0,0
BRDA:50,8,1,0
BRDA:60,9,0,2
BRDA:60,9,1,2
BRDA:107,10,0,4
BRDA:107,10,1,0
BRDA:107,11,0,4
BRDA:107,11,1,0
BRDA:108,12,0,4
BRDA:108,12,1,0
BRDA:111,13,0,4
BRDA:111,13,1,0
BRDA:111,14,0,4
BRDA:111,14,1,0
BRDA:113,15,0,4
BRDA:113,15,1,0
BRF:32
BRH:8
end_of_record
TN:
SF:/Users/pragalbha/Documents/GoComet/frontend-service/components/client/dashboard/invoice/Filters/index.jsx
FN:9,(anonymous_0)
FN:16,(anonymous_1)
FN:23,(anonymous_2)
FN:32,(anonymous_3)
FN:96,(anonymous_4)
FN:118,(anonymous_5)
FN:119,(anonymous_6)
FN:122,(anonymous_7)
FNF:8
FNH:2
FNDA:4,(anonymous_0)
FNDA:0,(anonymous_1)
FNDA:0,(anonymous_2)
FNDA:5,(anonymous_3)
FNDA:0,(anonymous_4)
FNDA:0,(anonymous_5)
FNDA:0,(anonymous_6)
FNDA:0,(anonymous_7)
DA:9,2
DA:10,4
DA:12,0
DA:13,0
DA:14,0
DA:16,0
DA:17,0
DA:18,0
DA:19,0
DA:23,0
DA:24,0
DA:25,0
DA:29,0
DA:32,2
DA:40,5
DA:42,5
DA:96,2
DA:99,0
DA:117,2
DA:122,2
DA:123,0
DA:124,0
DA:125,0
LF:23
LH:8
BRDA:10,0,0,4
BRDA:10,0,1,0
BRDA:10,1,0,4
BRDA:10,1,1,4
BRDA:17,2,0,0
BRDA:17,2,1,0
BRDA:18,3,0,0
BRDA:18,3,1,0
BRDA:18,4,0,0
BRDA:18,4,1,0
BRDA:24,5,0,0
BRDA:24,5,1,0
BRDA:24,6,0,0
BRDA:24,6,1,0
BRDA:40,7,0,5
BRDA:40,7,1,0
BRDA:47,8,0,5
BRDA:47,8,1,5
BRDA:47,9,0,5
BRDA:47,9,1,5
BRDA:55,10,0,5
BRDA:55,10,1,5
BRDA:63,11,0,5
BRDA:63,11,1,5
BRDA:73,12,0,5
BRDA:73,12,1,0
BRDA:73,13,0,5
BRDA:73,13,1,5
BRDA:83,14,0,5
BRDA:83,14,1,0
BRDA:83,15,0,5
BRDA:83,15,1,5
BRDA:91,16,0,5
BRDA:91,16,1,5
BRDA:123,17,0,0
BRDA:123,17,1,0
BRF:36
BRH:20
end_of_record
TN:
SF:/Users/pragalbha/Documents/GoComet/frontend-service/components/client/dashboard/invoice/GlobalAndLocalExpenditureAnalysis/GlobalExpenditureAnalysis.jsx
FN:5,(anonymous_0)
FN:16,(anonymous_1)
FN:55,(anonymous_2)
FNF:3
FNH:0
FNDA:0,(anonymous_0)
FNDA:0,(anonymous_1)
FNDA:0,(anonymous_2)
DA:5,0
DA:16,0
DA:17,0
DA:29,0
DA:49,0
DA:55,0
DA:59,0
DA:60,0
DA:62,0
LF:9
LH:0
BRDA:11,0,0,0
BRDA:11,0,1,0
BRDA:21,1,0,0
BRDA:21,1,1,0
BRDA:36,2,0,0
BRDA:36,2,1,0
BRDA:38,3,0,0
BRDA:38,3,1,0
BRDA:59,4,0,0
BRDA:59,4,1,0
BRDA:59,5,0,0
BRDA:59,5,1,0
BRDA:60,6,0,0
BRDA:60,6,1,0
BRF:14
BRH:0
end_of_record
TN:
SF:/Users/pragalbha/Documents/GoComet/frontend-service/components/client/dashboard/invoice/GlobalAndLocalExpenditureAnalysis/LocalExpenditureAnalysis.jsx
FN:5,(anonymous_0)
FN:16,(anonymous_1)
FN:55,(anonymous_2)
FNF:3
FNH:0
FNDA:0,(anonymous_0)
FNDA:0,(anonymous_1)
FNDA:0,(anonymous_2)
DA:5,0
DA:16,0
DA:17,0
DA:29,0
DA:49,0
DA:55,0
DA:59,0
DA:60,0
DA:62,0
LF:9
LH:0
BRDA:11,0,0,0
BRDA:11,0,1,0
BRDA:21,1,0,0
BRDA:21,1,1,0
BRDA:36,2,0,0
BRDA:36,2,1,0
BRDA:38,3,0,0
BRDA:38,3,1,0
BRDA:59,4,0,0
BRDA:59,4,1,0
BRDA:59,5,0,0
BRDA:59,5,1,0
BRDA:60,6,0,0
BRDA:60,6,1,0
BRF:14
BRH:0
end_of_record
TN:
SF:/Users/pragalbha/Documents/GoComet/frontend-service/components/client/dashboard/invoice/GlobalAndLocalExpenditureAnalysis/index.jsx
FN:8,(anonymous_0)
FNF:1
FNH:0
FNDA:0,(anonymous_0)
DA:8,0
DA:9,0
DA:28,0
LF:3
LH:0
BRF:0
BRH:0
end_of_record
TN:
SF:/Users/pragalbha/Documents/GoComet/frontend-service/components/client/dashboard/invoice/VendorPerformance/ExpenditureAnalysis.jsx
FN:5,(anonymous_0)
FN:42,(anonymous_1)
FN:82,(anonymous_2)
FNF:3
FNH:0
FNDA:0,(anonymous_0)
FNDA:0,(anonymous_1)
FNDA:0,(anonymous_2)
DA:5,0
DA:16,0
DA:42,0
DA:43,0
DA:56,0
DA:76,0
DA:82,0
DA:83,0
DA:84,0
DA:86,0
LF:10
LH:0
BRDA:11,0,0,0
BRDA:11,0,1,0
BRDA:47,1,0,0
BRDA:47,1,1,0
BRDA:83,2,0,0
BRDA:83,2,1,0
BRDA:83,3,0,0
BRDA:83,3,1,0
BRDA:84,4,0,0
BRDA:84,4,1,0
BRF:10
BRH:0
end_of_record
TN:
SF:/Users/pragalbha/Documents/GoComet/frontend-service/components/client/dashboard/invoice/VendorPerformance/TotalSavingsRealization.jsx
FN:7,(anonymous_0)
FN:22,(anonymous_1)
FN:70,(anonymous_2)
FNF:3
FNH:0
FNDA:0,(anonymous_0)
FNDA:0,(anonymous_1)
FNDA:0,(anonymous_2)
DA:5,0
DA:7,0
DA:22,0
DA:25,0
DA:41,0
DA:63,0
DA:70,0
DA:71,0
DA:72,0
DA:73,0
DA:75,0
LF:11
LH:0
BRDA:13,0,0,0
BRDA:13,0,1,0
BRDA:17,1,0,0
BRDA:17,1,1,0
BRDA:35,2,0,0
BRDA:35,2,1,0
BRDA:71,3,0,0
BRDA:71,3,1,0
BRDA:71,4,0,0
BRDA:71,4,1,0
BRDA:72,5,0,0
BRDA:72,5,1,0
BRDA:73,6,0,0
BRDA:73,6,1,0
BRDA:75,7,0,0
BRDA:75,7,1,0
BRDA:75,8,0,0
BRDA:75,8,1,0
BRF:18
BRH:0
end_of_record
TN:
SF:/Users/pragalbha/Documents/GoComet/frontend-service/components/client/dashboard/invoice/VendorPerformance/VendorCostDeviation.jsx
FN:5,(anonymous_0)
FN:28,(anonymous_1)
FN:73,(anonymous_2)
FNF:3
FNH:0
FNDA:0,(anonymous_0)
FNDA:0,(anonymous_1)
FNDA:0,(anonymous_2)
DA:5,0
DA:28,0
DA:31,0
DA:44,0
DA:66,0
DA:73,0
DA:74,0
DA:75,0
DA:76,0
DA:78,0
LF:10
LH:0
BRDA:11,0,0,0
BRDA:11,0,1,0
BRDA:15,1,0,0
BRDA:15,1,1,0
BRDA:39,2,0,0
BRDA:39,2,1,0
BRDA:74,3,0,0
BRDA:74,3,1,0
BRDA:74,4,0,0
BRDA:74,4,1,0
BRDA:75,5,0,0
BRDA:75,5,1,0
BRDA:76,6,0,0
BRDA:76,6,1,0
BRDA:78,7,0,0
BRDA:78,7,1,0
BRDA:78,8,0,0
BRDA:78,8,1,0
BRF:18
BRH:0
end_of_record
TN:
SF:/Users/pragalbha/Documents/GoComet/frontend-service/components/client/dashboard/invoice/VendorPerformance/VendorDistribution.jsx
FN:5,(anonymous_0)
FN:16,(anonymous_1)
FN:58,(anonymous_2)
FNF:3
FNH:0
FNDA:0,(anonymous_0)
FNDA:0,(anonymous_1)
FNDA:0,(anonymous_2)
DA:5,0
DA:16,0
DA:19,0
DA:30,0
DA:51,0
DA:58,0
DA:59,0
DA:60,0
DA:61,0
DA:63,0
LF:10
LH:0
BRDA:11,0,0,0
BRDA:11,0,1,0
BRDA:59,1,0,0
BRDA:59,1,1,0
BRDA:59,2,0,0
BRDA:59,2,1,0
BRDA:60,3,0,0
BRDA:60,3,1,0
BRDA:61,4,0,0
BRDA:61,4,1,0
BRDA:63,5,0,0
BRDA:63,5,1,0
BRDA:63,6,0,0
BRDA:63,6,1,0
BRF:14
BRH:0
end_of_record
TN:
SF:/Users/pragalbha/Documents/GoComet/frontend-service/components/client/dashboard/invoice/VendorPerformance/VendorInvoiceRevisedCount.jsx
FN:20,(anonymous_0)
FN:58,(anonymous_1)
FNF:2
FNH:0
FNDA:0,(anonymous_0)
FNDA:0,(anonymous_1)
DA:5,0
DA:20,0
DA:21,0
DA:32,0
DA:52,0
DA:58,0
DA:59,0
DA:60,0
DA:61,0
DA:63,0
LF:10
LH:0
BRDA:59,0,0,0
BRDA:59,0,1,0
BRDA:59,1,0,0
BRDA:59,1,1,0
BRDA:60,2,0,0
BRDA:60,2,1,0
BRDA:61,3,0,0
BRDA:61,3,1,0
BRDA:63,4,0,0
BRDA:63,4,1,0
BRDA:63,5,0,0
BRDA:63,5,1,0
BRF:12
BRH:0
end_of_record
TN:
SF:/Users/pragalbha/Documents/GoComet/frontend-service/components/client/dashboard/invoice/VendorPerformance/VendorMonthlyDevelopment.jsx
FN:12,(anonymous_0)
FN:15,(anonymous_1)
FN:20,(anonymous_2)
FN:21,(anonymous_3)
FN:67,(anonymous_4)
FNF:5
FNH:0
FNDA:0,(anonymous_0)
FNDA:0,(anonymous_1)
FNDA:0,(anonymous_2)
FNDA:0,(anonymous_3)
FNDA:0,(anonymous_4)
DA:5,0
DA:12,0
DA:15,0
DA:17,0
DA:20,0
DA:21,0
DA:26,0
DA:38,0
DA:60,0
DA:67,0
DA:68,0
DA:69,0
DA:70,0
DA:72,0
LF:14
LH:0
BRDA:15,0,0,0
BRDA:15,0,1,0
BRDA:15,1,0,0
BRDA:15,1,1,0
BRDA:17,2,0,0
BRDA:17,2,1,0
BRDA:19,3,0,0
BRDA:19,3,1,0
BRDA:22,4,0,0
BRDA:22,4,1,0
BRDA:32,5,0,0
BRDA:32,5,1,0
BRDA:33,6,0,0
BRDA:33,6,1,0
BRDA:68,7,0,0
BRDA:68,7,1,0
BRDA:68,8,0,0
BRDA:68,8,1,0
BRDA:69,9,0,0
BRDA:69,9,1,0
BRDA:70,10,0,0
BRDA:70,10,1,0
BRDA:72,11,0,0
BRDA:72,11,1,0
BRDA:72,12,0,0
BRDA:72,12,1,0
BRF:26
BRH:0
end_of_record
TN:
SF:/Users/pragalbha/Documents/GoComet/frontend-service/components/client/dashboard/invoice/VendorPerformance/index.jsx
FN:12,(anonymous_0)
FNF:1
FNH:0
FNDA:0,(anonymous_0)
DA:12,0
DA:13,0
DA:70,0
LF:3
LH:0
BRDA:29,0,0,0
BRDA:29,0,1,0
BRDA:38,1,0,0
BRDA:38,1,1,0
BRDA:47,2,0,0
BRDA:47,2,1,0
BRDA:56,3,0,0
BRDA:56,3,1,0
BRF:8
BRH:0
end_of_record
TN:
SF:/Users/pragalbha/Documents/GoComet/frontend-service/components/client/dashboard/tracking/OverviewCards.jsx
FN:19,(anonymous_0)
FN:28,(anonymous_1)
FN:95,(anonymous_2)
FN:111,(anonymous_3)
FN:121,(anonymous_4)
FN:127,(anonymous_5)
FN:141,(anonymous_6)
FN:204,(anonymous_7)
FN:231,(anonymous_8)
FN:232,(anonymous_9)
FN:233,(anonymous_10)
FN:234,(anonymous_11)
FN:235,(anonymous_12)
FN:238,(anonymous_13)
FNF:14
FNH:8
FNDA:2,(anonymous_0)
FNDA:4,(anonymous_1)
FNDA:1,(anonymous_2)
FNDA:1,(anonymous_3)
FNDA:0,(anonymous_4)
FNDA:16,(anonymous_5)
FNDA:1,(anonymous_6)
FNDA:16,(anonymous_7)
FNDA:0,(anonymous_8)
FNDA:0,(anonymous_9)
FNDA:0,(anonymous_10)
FNDA:0,(anonymous_11)
FNDA:0,(anonymous_12)
FNDA:4,(anonymous_13)
DA:17,1
DA:19,2
DA:25,1
DA:26,1
DA:28,1
DA:34,4
DA:35,4
DA:36,4
DA:37,4
DA:38,4
DA:39,4
DA:41,4
DA:47,4
DA:49,4
DA:95,4
DA:96,1
DA:99,1
DA:104,0
DA:108,0
DA:111,4
DA:112,1
DA:113,1
DA:114,1
DA:115,1
DA:116,1
DA:117,1
DA:118,1
DA:121,4
DA:122,0
DA:123,0
DA:124,0
DA:127,4
DA:136,16
DA:142,1
DA:176,4
DA:185,4
DA:205,16
DA:226,1
DA:238,1
DA:239,4
DA:240,4
DA:241,4
DA:243,4
DA:244,4
DA:245,4
DA:247,4
LF:46
LH:41
BRDA:19,0,0,0
BRDA:41,1,0,4
BRDA:41,1,1,0
BRDA:43,2,0,0
BRDA:44,3,0,0
BRDA:45,4,0,0
BRDA:46,5,0,0
BRDA:47,6,0,4
BRDA:47,6,1,0
BRDA:96,7,0,1
BRDA:96,7,1,1
BRDA:96,7,2,0
BRDA:96,7,3,0
BRDA:96,7,4,0
BRDA:122,8,0,0
BRDA:122,8,1,0
BRDA:147,9,0,0
BRDA:147,9,1,16
BRDA:239,10,0,4
BRDA:239,10,1,0
BRDA:240,11,0,4
BRDA:240,11,1,0
BRDA:241,12,0,4
BRDA:241,12,1,4
BRDA:244,13,0,0
BRDA:244,13,1,4
BRDA:245,14,0,0
BRDA:245,14,1,4
BRF:28
BRH:11
end_of_record
TN:
SF:/Users/pragalbha/Documents/GoComet/frontend-service/components/client/dashboard/tracking/helper.jsx
FN:18,(anonymous_0)
FN:19,(anonymous_1)
FN:33,(anonymous_2)
FN:40,(anonymous_3)
FN:47,(anonymous_4)
FN:54,(anonymous_5)
FN:61,(anonymous_6)
FN:62,(anonymous_7)
FN:71,(anonymous_8)
FN:72,(anonymous_9)
FN:86,(anonymous_10)
FN:93,(anonymous_11)
FN:100,(anonymous_12)
FN:107,(anonymous_13)
FN:114,(anonymous_14)
FN:115,(anonymous_15)
FN:124,(anonymous_16)
FN:125,(anonymous_17)
FN:139,(anonymous_18)
FN:147,(anonymous_19)
FN:154,(anonymous_20)
FN:155,(anonymous_21)
FN:163,(anonymous_22)
FN:164,(anonymous_23)
FN:178,(anonymous_24)
FN:185,(anonymous_25)
FN:186,(anonymous_26)
FN:197,(anonymous_27)
FN:204,(anonymous_28)
FN:205,(anonymous_29)
FN:212,(anonymous_30)
FN:219,(anonymous_31)
FN:226,(anonymous_32)
FN:237,(anonymous_33)
FN:238,(anonymous_34)
FN:252,(anonymous_35)
FN:260,(anonymous_36)
FN:267,(anonymous_37)
FN:274,(anonymous_38)
FN:281,(anonymous_39)
FN:282,(anonymous_40)
FN:290,(anonymous_41)
FN:291,(anonymous_42)
FN:305,(anonymous_43)
FN:312,(anonymous_44)
FN:313,(anonymous_45)
FN:324,(anonymous_46)
FN:331,(anonymous_47)
FN:338,(anonymous_48)
FN:345,(anonymous_49)
FN:346,(anonymous_50)
FNF:51
FNH:0
FNDA:0,(anonymous_0)
FNDA:0,(anonymous_1)
FNDA:0,(anonymous_2)
FNDA:0,(anonymous_3)
FNDA:0,(anonymous_4)
FNDA:0,(anonymous_5)
FNDA:0,(anonymous_6)
FNDA:0,(anonymous_7)
FNDA:0,(anonymous_8)
FNDA:0,(anonymous_9)
FNDA:0,(anonymous_10)
FNDA:0,(anonymous_11)
FNDA:0,(anonymous_12)
FNDA:0,(anonymous_13)
FNDA:0,(anonymous_14)
FNDA:0,(anonymous_15)
FNDA:0,(anonymous_16)
FNDA:0,(anonymous_17)
FNDA:0,(anonymous_18)
FNDA:0,(anonymous_19)
FNDA:0,(anonymous_20)
FNDA:0,(anonymous_21)
FNDA:0,(anonymous_22)
FNDA:0,(anonymous_23)
FNDA:0,(anonymous_24)
FNDA:0,(anonymous_25)
FNDA:0,(anonymous_26)
FNDA:0,(anonymous_27)
FNDA:0,(anonymous_28)
FNDA:0,(anonymous_29)
FNDA:0,(anonymous_30)
FNDA:0,(anonymous_31)
FNDA:0,(anonymous_32)
FNDA:0,(anonymous_33)
FNDA:0,(anonymous_34)
FNDA:0,(anonymous_35)
FNDA:0,(anonymous_36)
FNDA:0,(anonymous_37)
FNDA:0,(anonymous_38)
FNDA:0,(anonymous_39)
FNDA:0,(anonymous_40)
FNDA:0,(anonymous_41)
FNDA:0,(anonymous_42)
FNDA:0,(anonymous_43)
FNDA:0,(anonymous_44)
FNDA:0,(anonymous_45)
FNDA:0,(anonymous_46)
FNDA:0,(anonymous_47)
FNDA:0,(anonymous_48)
FNDA:0,(anonymous_49)
FNDA:0,(anonymous_50)
DA:3,1
DA:11,1
DA:18,0
DA:20,0
DA:33,0
DA:40,0
DA:47,0
DA:54,0
DA:61,0
DA:62,0
DA:71,0
DA:73,0
DA:86,0
DA:93,0
DA:100,0
DA:107,0
DA:114,0
DA:115,0
DA:124,0
DA:126,0
DA:139,0
DA:147,0
DA:154,0
DA:155,0
DA:163,0
DA:165,0
DA:178,0
DA:185,0
DA:187,0
DA:197,0
DA:204,0
DA:205,0
DA:212,0
DA:219,0
DA:226,0
DA:237,0
DA:239,0
DA:252,0
DA:260,0
DA:267,0
DA:274,0
DA:281,0
DA:282,0
DA:290,0
DA:292,0
DA:305,0
DA:312,0
DA:314,0
DA:324,0
DA:331,0
DA:338,0
DA:345,0
DA:346,0
LF:53
LH:2
BRF:0
BRH:0
end_of_record
TN:
SF:/Users/pragalbha/Documents/GoComet/frontend-service/components/client/dashboard/tracking/index.jsx
FN:13,(anonymous_0)
FN:20,(anonymous_1)
FN:60,(anonymous_2)
FN:63,(anonymous_3)
FN:70,(anonymous_4)
FNF:5
FNH:0
FNDA:0,(anonymous_0)
FNDA:0,(anonymous_1)
FNDA:0,(anonymous_2)
FNDA:0,(anonymous_3)
FNDA:0,(anonymous_4)
DA:13,0
DA:20,0
DA:21,0
DA:24,0
DA:57,0
DA:63,0
DA:64,0
DA:65,0
DA:66,0
DA:67,0
DA:69,0
DA:70,0
DA:71,0
DA:72,0
DA:73,0
DA:76,0
DA:80,0
LF:17
LH:0
BRDA:64,0,0,0
BRDA:64,0,1,0
BRDA:65,1,0,0
BRDA:65,1,1,0
BRDA:66,2,0,0
BRDA:66,2,1,0
BRDA:69,3,0,0
BRDA:69,3,1,0
BRDA:69,4,0,0
BRDA:69,4,1,0
BRDA:71,5,0,0
BRDA:71,5,1,0
BRDA:72,6,0,0
BRDA:72,6,1,0
BRDA:73,7,0,0
BRDA:73,7,1,0
BRDA:76,8,0,0
BRDA:76,8,1,0
BRDA:76,8,2,0
BRDA:83,9,0,0
BRDA:83,9,1,0
BRF:21
BRH:0
end_of_record
TN:
SF:/Users/pragalbha/Documents/GoComet/frontend-service/components/client/dashboard/tracking/styles.jsx
FNF:0
FNH:0
DA:15,58
DA:19,58
DA:27,58
DA:47,58
DA:49,58
DA:82,58
DA:104,58
DA:127,58
DA:153,58
DA:176,58
DA:195,58
DA:214,58
DA:230,58
DA:268,58
DA:304,58
DA:329,58
DA:336,58
DA:345,58
DA:351,58
LF:19
LH:19
BRF:0
BRH:0
end_of_record
TN:
SF:/Users/pragalbha/Documents/GoComet/frontend-service/components/client/dashboard/tracking/CarrierAnalysis/index.jsx
FN:10,(anonymous_0)
FNF:1
FNH:0
FNDA:0,(anonymous_0)
DA:10,0
DA:11,0
DA:50,0
LF:3
LH:0
BRDA:29,0,0,0
BRDA:29,0,1,0
BRF:2
BRH:0
end_of_record
TN:
SF:/Users/pragalbha/Documents/GoComet/frontend-service/components/client/dashboard/tracking/CarrierAnalysis/AvgDelayedShipments/Comparison.jsx
FN:17,(anonymous_0)
FN:30,(anonymous_1)
FN:35,(anonymous_2)
FN:46,(anonymous_3)
FN:110,(anonymous_4)
FNF:5
FNH:0
FNDA:0,(anonymous_0)
FNDA:0,(anonymous_1)
FNDA:0,(anonymous_2)
FNDA:0,(anonymous_3)
FNDA:0,(anonymous_4)
DA:12,0
DA:18,0
DA:19,0
DA:30,0
DA:35,0
DA:58,0
DA:60,0
DA:102,0
DA:110,0
DA:111,0
DA:112,0
DA:113,0
DA:115,0
LF:13
LH:0
BRDA:18,0,0,0
BRDA:18,0,1,0
BRDA:21,1,0,0
BRDA:21,1,1,0
BRDA:21,2,0,0
BRDA:21,2,1,0
BRDA:73,3,0,0
BRDA:73,3,1,0
BRDA:74,4,0,0
BRDA:74,4,1,0
BRDA:75,5,0,0
BRDA:75,5,1,0
BRDA:80,6,0,0
BRDA:80,6,1,0
BRDA:81,7,0,0
BRDA:81,7,1,0
BRDA:82,8,0,0
BRDA:82,8,1,0
BRDA:111,9,0,0
BRDA:111,9,1,0
BRDA:112,10,0,0
BRDA:112,10,1,0
BRDA:117,11,0,0
BRDA:117,11,1,0
BRDA:119,12,0,0
BRDA:119,12,1,0
BRF:26
BRH:0
end_of_record
TN:
SF:/Users/pragalbha/Documents/GoComet/frontend-service/components/client/dashboard/tracking/CarrierAnalysis/AvgDelayedShipments/index.jsx
FN:11,(anonymous_0)
FN:15,(anonymous_1)
FN:21,(anonymous_2)
FN:68,(anonymous_3)
FN:79,(anonymous_4)
FNF:5
FNH:0
FNDA:0,(anonymous_0)
FNDA:0,(anonymous_1)
FNDA:0,(anonymous_2)
FNDA:0,(anonymous_3)
FNDA:0,(anonymous_4)
DA:9,0
DA:11,0
DA:12,0
DA:15,0
DA:16,0
DA:17,0
DA:18,0
DA:22,0
DA:25,0
DA:27,0
DA:39,0
DA:63,0
DA:79,0
DA:80,0
DA:81,0
DA:82,0
DA:84,0
LF:17
LH:0
BRDA:50,0,0,0
BRDA:50,0,1,0
BRDA:80,1,0,0
BRDA:80,1,1,0
BRDA:81,2,0,0
BRDA:81,2,1,0
BRDA:82,3,0,0
BRDA:82,3,1,0
BRDA:86,4,0,0
BRDA:86,4,1,0
BRDA:87,5,0,0
BRDA:87,5,1,0
BRF:12
BRH:0
end_of_record
TN:
SF:/Users/pragalbha/Documents/GoComet/frontend-service/components/client/dashboard/tracking/CarrierAnalysis/CarrierDistribution/Comparison.jsx
FN:17,(anonymous_0)
FN:30,(anonymous_1)
FN:35,(anonymous_2)
FN:42,(anonymous_3)
FN:106,(anonymous_4)
FNF:5
FNH:0
FNDA:0,(anonymous_0)
FNDA:0,(anonymous_1)
FNDA:0,(anonymous_2)
FNDA:0,(anonymous_3)
FNDA:0,(anonymous_4)
DA:12,0
DA:18,0
DA:19,0
DA:30,0
DA:35,0
DA:54,0
DA:56,0
DA:98,0
DA:106,0
DA:107,0
DA:108,0
DA:110,0
LF:12
LH:0
BRDA:18,0,0,0
BRDA:18,0,1,0
BRDA:21,1,0,0
BRDA:21,1,1,0
BRDA:21,2,0,0
BRDA:21,2,1,0
BRDA:30,3,0,0
BRDA:30,3,1,0
BRDA:69,4,0,0
BRDA:69,4,1,0
BRDA:70,5,0,0
BRDA:70,5,1,0
BRDA:71,6,0,0
BRDA:71,6,1,0
BRDA:76,7,0,0
BRDA:76,7,1,0
BRDA:77,8,0,0
BRDA:77,8,1,0
BRDA:78,9,0,0
BRDA:78,9,1,0
BRDA:107,10,0,0
BRDA:107,10,1,0
BRDA:112,11,0,0
BRDA:112,11,1,0
BRDA:114,12,0,0
BRDA:114,12,1,0
BRF:26
BRH:0
end_of_record
TN:
SF:/Users/pragalbha/Documents/GoComet/frontend-service/components/client/dashboard/tracking/CarrierAnalysis/CarrierDistribution/index.jsx
FN:14,(anonymous_0)
FN:28,(anonymous_1)
FN:35,(anonymous_2)
FN:40,(anonymous_3)
FN:44,(anonymous_4)
FN:53,(anonymous_5)
FN:57,(anonymous_6)
FN:63,(anonymous_7)
FN:117,(anonymous_8)
FN:120,(anonymous_9)
FNF:10
FNH:0
FNDA:0,(anonymous_0)
FNDA:0,(anonymous_1)
FNDA:0,(anonymous_2)
FNDA:0,(anonymous_3)
FNDA:0,(anonymous_4)
FNDA:0,(anonymous_5)
FNDA:0,(anonymous_6)
FNDA:0,(anonymous_7)
FNDA:0,(anonymous_8)
FNDA:0,(anonymous_9)
DA:10,0
DA:15,0
DA:17,0
DA:28,0
DA:33,0
DA:35,0
DA:36,0
DA:37,0
DA:38,0
DA:40,0
DA:41,0
DA:44,0
DA:45,0
DA:46,0
DA:47,0
DA:50,0
DA:53,0
DA:54,0
DA:57,0
DA:58,0
DA:59,0
DA:60,0
DA:64,0
DA:67,0
DA:69,0
DA:77,0
DA:112,0
DA:120,0
DA:121,0
DA:122,0
DA:123,0
DA:125,0
LF:32
LH:0
BRDA:15,0,0,0
BRDA:15,0,1,0
BRDA:19,1,0,0
BRDA:19,1,1,0
BRDA:19,2,0,0
BRDA:19,2,1,0
BRDA:28,3,0,0
BRDA:28,3,1,0
BRDA:40,4,0,0
BRDA:40,4,1,0
BRDA:44,5,0,0
BRDA:44,5,1,0
BRDA:45,6,0,0
BRDA:45,6,1,0
BRDA:47,7,0,0
BRDA:47,7,1,0
BRDA:87,8,0,0
BRDA:87,8,1,0
BRDA:98,9,0,0
BRDA:98,9,1,0
BRDA:120,10,0,0
BRDA:121,11,0,0
BRDA:121,11,1,0
BRDA:121,12,0,0
BRDA:121,12,1,0
BRDA:122,13,0,0
BRDA:122,13,1,0
BRDA:123,14,0,0
BRDA:123,14,1,0
BRDA:127,15,0,0
BRDA:127,15,1,0
BRDA:128,16,0,0
BRDA:128,16,1,0
BRF:33
BRH:0
end_of_record
TN:
SF:/Users/pragalbha/Documents/GoComet/frontend-service/components/client/dashboard/tracking/CarrierAnalysis/CarrierPerformance/Comparison.jsx
FN:18,(anonymous_0)
FN:31,(anonymous_1)
FN:37,(anonymous_2)
FN:53,(anonymous_3)
FN:65,(anonymous_4)
FN:129,(anonymous_5)
FNF:6
FNH:0
FNDA:0,(anonymous_0)
FNDA:0,(anonymous_1)
FNDA:0,(anonymous_2)
FNDA:0,(anonymous_3)
FNDA:0,(anonymous_4)
FNDA:0,(anonymous_5)
DA:13,0
DA:19,0
DA:20,0
DA:31,0
DA:37,0
DA:41,0
DA:53,0
DA:77,0
DA:79,0
DA:121,0
DA:129,0
DA:130,0
DA:131,0
DA:133,0
LF:14
LH:0
BRDA:19,0,0,0
BRDA:19,0,1,0
BRDA:22,1,0,0
BRDA:22,1,1,0
BRDA:22,2,0,0
BRDA:22,2,1,0
BRDA:92,3,0,0
BRDA:92,3,1,0
BRDA:93,4,0,0
BRDA:93,4,1,0
BRDA:94,5,0,0
BRDA:94,5,1,0
BRDA:99,6,0,0
BRDA:99,6,1,0
BRDA:100,7,0,0
BRDA:100,7,1,0
BRDA:101,8,0,0
BRDA:101,8,1,0
BRDA:130,9,0,0
BRDA:130,9,1,0
BRDA:135,10,0,0
BRDA:135,10,1,0
BRDA:137,11,0,0
BRDA:137,11,1,0
BRF:24
BRH:0
end_of_record
TN:
SF:/Users/pragalbha/Documents/GoComet/frontend-service/components/client/dashboard/tracking/CarrierAnalysis/CarrierPerformance/index.jsx
FN:11,(anonymous_0)
FN:15,(anonymous_1)
FN:21,(anonymous_2)
FN:76,(anonymous_3)
FN:79,(anonymous_4)
FNF:5
FNH:0
FNDA:0,(anonymous_0)
FNDA:0,(anonymous_1)
FNDA:0,(anonymous_2)
FNDA:0,(anonymous_3)
FNDA:0,(anonymous_4)
DA:9,0
DA:11,0
DA:12,0
DA:15,0
DA:16,0
DA:17,0
DA:18,0
DA:22,0
DA:25,0
DA:27,0
DA:39,0
DA:71,0
DA:79,0
DA:80,0
DA:81,0
DA:82,0
DA:84,0
LF:17
LH:0
BRDA:50,0,0,0
BRDA:50,0,1,0
BRDA:79,1,0,0
BRDA:80,2,0,0
BRDA:80,2,1,0
BRDA:80,3,0,0
BRDA:80,3,1,0
BRDA:81,4,0,0
BRDA:81,4,1,0
BRDA:82,5,0,0
BRDA:82,5,1,0
BRDA:86,6,0,0
BRDA:86,6,1,0
BRDA:87,7,0,0
BRDA:87,7,1,0
BRF:15
BRH:0
end_of_record
TN:
SF:/Users/pragalbha/Documents/GoComet/frontend-service/components/client/dashboard/tracking/CarrierAnalysis/DelayedShipments/Comparison.jsx
FN:19,(anonymous_0)
FN:32,(anonymous_1)
FN:38,(anonymous_2)
FN:54,(anonymous_3)
FN:65,(anonymous_4)
FN:129,(anonymous_5)
FNF:6
FNH:0
FNDA:0,(anonymous_0)
FNDA:0,(anonymous_1)
FNDA:0,(anonymous_2)
FNDA:0,(anonymous_3)
FNDA:0,(anonymous_4)
FNDA:0,(anonymous_5)
DA:14,0
DA:20,0
DA:21,0
DA:32,0
DA:38,0
DA:42,0
DA:54,0
DA:77,0
DA:79,0
DA:121,0
DA:129,0
DA:130,0
DA:131,0
DA:133,0
LF:14
LH:0
BRDA:20,0,0,0
BRDA:20,0,1,0
BRDA:23,1,0,0
BRDA:23,1,1,0
BRDA:23,2,0,0
BRDA:23,2,1,0
BRDA:92,3,0,0
BRDA:92,3,1,0
BRDA:93,4,0,0
BRDA:93,4,1,0
BRDA:94,5,0,0
BRDA:94,5,1,0
BRDA:99,6,0,0
BRDA:99,6,1,0
BRDA:100,7,0,0
BRDA:100,7,1,0
BRDA:101,8,0,0
BRDA:101,8,1,0
BRDA:130,9,0,0
BRDA:130,9,1,0
BRDA:135,10,0,0
BRDA:135,10,1,0
BRDA:137,11,0,0
BRDA:137,11,1,0
BRF:24
BRH:0
end_of_record
TN:
SF:/Users/pragalbha/Documents/GoComet/frontend-service/components/client/dashboard/tracking/CarrierAnalysis/DelayedShipments/index.jsx
FN:11,(anonymous_0)
FN:15,(anonymous_1)
FN:21,(anonymous_2)
FN:68,(anonymous_3)
FN:79,(anonymous_4)
FNF:5
FNH:0
FNDA:0,(anonymous_0)
FNDA:0,(anonymous_1)
FNDA:0,(anonymous_2)
FNDA:0,(anonymous_3)
FNDA:0,(anonymous_4)
DA:9,0
DA:11,0
DA:12,0
DA:15,0
DA:16,0
DA:17,0
DA:18,0
DA:22,0
DA:25,0
DA:27,0
DA:39,0
DA:63,0
DA:79,0
DA:80,0
DA:81,0
DA:82,0
DA:84,0
LF:17
LH:0
BRDA:50,0,0,0
BRDA:50,0,1,0
BRDA:80,1,0,0
BRDA:80,1,1,0
BRDA:81,2,0,0
BRDA:81,2,1,0
BRDA:82,3,0,0
BRDA:82,3,1,0
BRDA:86,4,0,0
BRDA:86,4,1,0
BRDA:87,5,0,0
BRDA:87,5,1,0
BRF:12
BRH:0
end_of_record
TN:
SF:/Users/pragalbha/Documents/GoComet/frontend-service/components/client/dashboard/tracking/Filters/SiderMenu.jsx
FN:17,(anonymous_0)
FN:27,(anonymous_1)
FN:27,(anonymous_2)
FN:29,(anonymous_3)
FN:63,(anonymous_4)
FN:90,(anonymous_5)
FN:93,(anonymous_6)
FNF:7
FNH:0
FNDA:0,(anonymous_0)
FNDA:0,(anonymous_1)
FNDA:0,(anonymous_2)
FNDA:0,(anonymous_3)
FNDA:0,(anonymous_4)
FNDA:0,(anonymous_5)
FNDA:0,(anonymous_6)
DA:9,0
DA:17,0
DA:18,0
DA:19,0
DA:27,0
DA:29,0
DA:30,0
DA:34,0
DA:46,0
DA:48,0
DA:60,0
DA:64,0
DA:66,0
DA:88,0
DA:93,0
DA:94,0
DA:95,0
DA:96,0
LF:18
LH:0
BRDA:46,0,0,0
BRDA:46,0,1,0
BRDA:49,1,0,0
BRDA:49,1,1,0
BRDA:50,2,0,0
BRDA:50,2,1,0
BRDA:51,3,0,0
BRDA:51,3,1,0
BRDA:52,4,0,0
BRDA:52,4,1,0
BRDA:53,5,0,0
BRDA:53,5,1,0
BRDA:53,6,0,0
BRDA:53,6,1,0
BRDA:54,7,0,0
BRDA:54,7,1,0
BRDA:54,8,0,0
BRDA:54,8,1,0
BRDA:55,9,0,0
BRDA:55,9,1,0
BRDA:55,10,0,0
BRDA:55,10,1,0
BRDA:56,11,0,0
BRDA:56,11,1,0
BRDA:56,12,0,0
BRDA:56,12,1,0
BRDA:57,13,0,0
BRDA:57,13,1,0
BRDA:57,14,0,0
BRDA:57,14,1,0
BRDA:58,15,0,0
BRDA:58,15,1,0
BRDA:94,16,0,0
BRDA:94,16,1,0
BRDA:94,17,0,0
BRDA:94,17,1,0
BRDA:95,18,0,0
BRDA:95,18,1,0
BRF:38
BRH:0
end_of_record
TN:
SF:/Users/pragalbha/Documents/GoComet/frontend-service/components/client/dashboard/tracking/Filters/index.jsx
FN:10,(anonymous_0)
FN:17,(anonymous_1)
FN:24,(anonymous_2)
FN:33,(anonymous_3)
FN:145,(anonymous_4)
FN:153,(anonymous_5)
FN:160,(anonymous_6)
FN:189,(anonymous_7)
FN:190,(anonymous_8)
FN:193,(anonymous_9)
FNF:10
FNH:0
FNDA:0,(anonymous_0)
FNDA:0,(anonymous_1)
FNDA:0,(anonymous_2)
FNDA:0,(anonymous_3)
FNDA:0,(anonymous_4)
FNDA:0,(anonymous_5)
FNDA:0,(anonymous_6)
FNDA:0,(anonymous_7)
FNDA:0,(anonymous_8)
FNDA:0,(anonymous_9)
DA:10,1
DA:11,0
DA:13,0
DA:14,0
DA:15,0
DA:17,0
DA:18,0
DA:19,0
DA:20,0
DA:24,0
DA:25,0
DA:26,0
DA:30,0
DA:33,1
DA:45,0
DA:47,0
DA:121,0
DA:122,0
DA:142,0
DA:145,1
DA:153,0
DA:154,0
DA:155,0
DA:156,0
DA:160,0
DA:161,0
DA:162,0
DA:163,0
DA:167,0
DA:187,1
DA:193,1
DA:194,0
DA:195,0
LF:33
LH:5
BRDA:11,0,0,0
BRDA:11,0,1,0
BRDA:11,1,0,0
BRDA:11,1,1,0
BRDA:18,2,0,0
BRDA:18,2,1,0
BRDA:19,3,0,0
BRDA:19,3,1,0
BRDA:19,4,0,0
BRDA:19,4,1,0
BRDA:25,5,0,0
BRDA:25,5,1,0
BRDA:25,6,0,0
BRDA:25,6,1,0
BRDA:25,7,0,0
BRDA:25,7,1,0
BRDA:45,8,0,0
BRDA:45,8,1,0
BRDA:52,9,0,0
BRDA:52,9,1,0
BRDA:52,10,0,0
BRDA:52,10,1,0
BRDA:65,11,0,0
BRDA:65,11,1,0
BRDA:74,12,0,0
BRDA:74,12,1,0
BRDA:83,13,0,0
BRDA:83,13,1,0
BRDA:92,14,0,0
BRDA:92,14,1,0
BRDA:92,15,0,0
BRDA:92,15,1,0
BRDA:101,16,0,0
BRDA:101,16,1,0
BRDA:101,17,0,0
BRDA:101,17,1,0
BRDA:109,18,0,0
BRDA:109,18,1,0
BRDA:109,19,0,0
BRDA:109,19,1,0
BRDA:117,20,0,0
BRDA:117,20,1,0
BRDA:117,21,0,0
BRDA:117,21,1,0
BRDA:121,22,0,0
BRDA:121,22,1,0
BRDA:131,23,0,0
BRDA:131,23,1,0
BRDA:131,24,0,0
BRDA:131,24,1,0
BRDA:137,25,0,0
BRDA:137,25,1,0
BRDA:155,26,0,0
BRDA:155,26,1,0
BRDA:162,27,0,0
BRDA:162,27,1,0
BRDA:194,28,0,0
BRDA:194,28,1,0
BRF:58
BRH:0
end_of_record
TN:
SF:/Users/pragalbha/Documents/GoComet/frontend-service/components/client/dashboard/tracking/RegionalAnalysis/PortDwell.jsx
FN:14,(anonymous_0)
FN:18,(anonymous_1)
FN:25,(anonymous_2)
FN:27,(anonymous_3)
FN:44,(anonymous_4)
FN:59,(anonymous_5)
FN:93,(anonymous_6)
FN:131,(anonymous_7)
FN:141,(anonymous_8)
FN:148,(anonymous_9)
FN:161,(anonymous_10)
FN:162,(anonymous_11)
FN:176,(anonymous_12)
FN:183,(anonymous_13)
FN:190,(anonymous_14)
FN:199,(anonymous_15)
FN:204,(anonymous_16)
FN:213,(anonymous_17)
FN:222,(anonymous_18)
FN:227,(anonymous_19)
FN:251,(anonymous_20)
FN:267,(anonymous_21)
FN:296,(anonymous_22)
FN:297,(anonymous_23)
FN:298,(anonymous_24)
FN:299,(anonymous_25)
FN:300,(anonymous_26)
FN:303,(anonymous_27)
FNF:28
FNH:0
FNDA:0,(anonymous_0)
FNDA:0,(anonymous_1)
FNDA:0,(anonymous_2)
FNDA:0,(anonymous_3)
FNDA:0,(anonymous_4)
FNDA:0,(anonymous_5)
FNDA:0,(anonymous_6)
FNDA:0,(anonymous_7)
FNDA:0,(anonymous_8)
FNDA:0,(anonymous_9)
FNDA:0,(anonymous_10)
FNDA:0,(anonymous_11)
FNDA:0,(anonymous_12)
FNDA:0,(anonymous_13)
FNDA:0,(anonymous_14)
FNDA:0,(anonymous_15)
FNDA:0,(anonymous_16)
FNDA:0,(anonymous_17)
FNDA:0,(anonymous_18)
FNDA:0,(anonymous_19)
FNDA:0,(anonymous_20)
FNDA:0,(anonymous_21)
FNDA:0,(anonymous_22)
FNDA:0,(anonymous_23)
FNDA:0,(anonymous_24)
FNDA:0,(anonymous_25)
FNDA:0,(anonymous_26)
FNDA:0,(anonymous_27)
DA:14,0
DA:16,0
DA:18,0
DA:25,0
DA:26,0
DA:27,0
DA:28,0
DA:29,0
DA:41,0
DA:44,0
DA:45,0
DA:46,0
DA:47,0
DA:48,0
DA:49,0
DA:50,0
DA:52,0
DA:53,0
DA:58,0
DA:59,0
DA:60,0
DA:63,0
DA:64,0
DA:65,0
DA:66,0
DA:67,0
DA:68,0
DA:69,0
DA:71,0
DA:72,0
DA:73,0
DA:74,0
DA:75,0
DA:76,0
DA:77,0
DA:79,0
DA:80,0
DA:81,0
DA:82,0
DA:83,0
DA:84,0
DA:85,0
DA:86,0
DA:87,0
DA:88,0
DA:89,0
DA:91,0
DA:93,0
DA:94,0
DA:95,0
DA:96,0
DA:102,0
DA:105,0
DA:106,0
DA:107,0
DA:108,0
DA:109,0
DA:115,0
DA:122,0
DA:123,0
DA:124,0
DA:125,0
DA:126,0
DA:127,0
DA:128,0
DA:129,0
DA:131,0
DA:132,0
DA:133,0
DA:134,0
DA:136,0
DA:137,0
DA:141,0
DA:142,0
DA:148,0
DA:149,0
DA:152,0
DA:155,0
DA:161,0
DA:163,0
DA:176,0
DA:183,0
DA:190,0
DA:199,0
DA:203,0
DA:204,0
DA:209,0
DA:210,0
DA:211,0
DA:212,0
DA:213,0
DA:214,0
DA:215,0
DA:216,0
DA:217,0
DA:218,0
DA:221,0
DA:223,0
DA:227,0
DA:229,0
DA:252,0
DA:267,0
DA:292,0
DA:303,0
DA:304,0
DA:305,0
DA:306,0
DA:307,0
LF:108
LH:0
BRDA:14,0,0,0
BRDA:14,0,1,0
BRDA:18,1,0,0
BRDA:22,2,0,0
BRDA:22,2,1,0
BRDA:28,3,0,0
BRDA:28,3,1,0
BRDA:95,4,0,0
BRDA:95,4,1,0
BRDA:132,5,0,0
BRDA:132,5,1,0
BRDA:205,6,0,0
BRDA:213,7,0,0
BRDA:213,8,0,0
BRDA:213,9,0,0
BRDA:258,10,0,0
BRDA:258,10,1,0
BRDA:259,11,0,0
BRDA:259,11,1,0
BRDA:267,12,0,0
BRDA:267,12,1,0
BRDA:304,13,0,0
BRDA:304,13,1,0
BRDA:305,14,0,0
BRDA:305,14,1,0
BRDA:305,15,0,0
BRDA:305,15,1,0
BRDA:306,16,0,0
BRDA:306,17,0,0
BRDA:306,17,1,0
BRF:30
BRH:0
end_of_record
TN:
SF:/Users/pragalbha/Documents/GoComet/frontend-service/components/client/dashboard/tracking/RegionalAnalysis/SplitBasedOnVolume.jsx
FN:12,(anonymous_0)
FN:18,(anonymous_1)
FN:23,(anonymous_2)
FN:27,(anonymous_3)
FN:36,(anonymous_4)
FN:85,(anonymous_5)
FNF:6
FNH:0
FNDA:0,(anonymous_0)
FNDA:0,(anonymous_1)
FNDA:0,(anonymous_2)
FNDA:0,(anonymous_3)
FNDA:0,(anonymous_4)
FNDA:0,(anonymous_5)
DA:8,0
DA:12,0
DA:18,0
DA:19,0
DA:20,0
DA:21,0
DA:23,0
DA:24,0
DA:27,0
DA:28,0
DA:29,0
DA:30,0
DA:33,0
DA:39,0
DA:40,0
DA:41,0
DA:49,0
DA:78,0
DA:85,0
DA:86,0
DA:87,0
DA:88,0
DA:90,0
LF:23
LH:0
BRDA:12,0,0,0
BRDA:12,0,1,0
BRDA:23,1,0,0
BRDA:23,1,1,0
BRDA:27,2,0,0
BRDA:27,2,1,0
BRDA:28,3,0,0
BRDA:28,3,1,0
BRDA:30,4,0,0
BRDA:30,4,1,0
BRDA:40,5,0,0
BRDA:40,5,1,0
BRDA:63,6,0,0
BRDA:63,6,1,0
BRDA:64,7,0,0
BRDA:64,7,1,0
BRDA:64,7,2,0
BRDA:85,8,0,0
BRDA:86,9,0,0
BRDA:86,9,1,0
BRDA:86,10,0,0
BRDA:86,10,1,0
BRDA:87,11,0,0
BRDA:87,11,1,0
BRDA:88,12,0,0
BRDA:88,12,1,0
BRDA:92,13,0,0
BRDA:92,13,1,0
BRDA:93,14,0,0
BRDA:93,14,1,0
BRF:30
BRH:0
end_of_record
TN:
SF:/Users/pragalbha/Documents/GoComet/frontend-service/components/client/dashboard/tracking/RegionalAnalysis/TopCountriesGraph.jsx
FN:12,(anonymous_0)
FN:16,(anonymous_1)
FN:30,(anonymous_2)
FN:35,(anonymous_3)
FN:40,(anonymous_4)
FN:42,(anonymous_5)
FN:46,(anonymous_6)
FN:51,(anonymous_7)
FN:56,(anonymous_8)
FN:91,(anonymous_9)
FN:96,(anonymous_10)
FN:165,(anonymous_11)
FNF:12
FNH:0
FNDA:0,(anonymous_0)
FNDA:0,(anonymous_1)
FNDA:0,(anonymous_2)
FNDA:0,(anonymous_3)
FNDA:0,(anonymous_4)
FNDA:0,(anonymous_5)
FNDA:0,(anonymous_6)
FNDA:0,(anonymous_7)
FNDA:0,(anonymous_8)
FNDA:0,(anonymous_9)
FNDA:0,(anonymous_10)
FNDA:0,(anonymous_11)
DA:8,0
DA:12,0
DA:13,0
DA:23,0
DA:25,0
DA:30,0
DA:35,0
DA:40,0
DA:42,0
DA:46,0
DA:51,0
DA:56,0
DA:60,0
DA:90,0
DA:91,0
DA:92,0
DA:95,0
DA:96,0
DA:104,0
DA:106,0
DA:107,0
DA:116,0
DA:122,0
DA:126,0
DA:128,0
DA:158,0
DA:165,0
DA:166,0
DA:170,0
DA:172,0
LF:30
LH:0
BRDA:46,0,0,0
BRDA:46,0,1,0
BRDA:92,1,0,0
BRDA:92,1,1,0
BRDA:96,2,0,0
BRDA:96,2,1,0
BRDA:104,3,0,0
BRDA:104,3,1,0
BRDA:106,4,0,0
BRDA:106,4,1,0
BRDA:108,5,0,0
BRDA:108,5,1,0
BRDA:126,6,0,0
BRDA:126,6,1,0
BRDA:136,7,0,0
BRDA:136,7,1,0
BRDA:138,8,0,0
BRDA:138,8,1,0
BRDA:140,9,0,0
BRDA:140,9,1,0
BRDA:143,10,0,0
BRDA:143,10,1,0
BRDA:143,10,2,0
BRDA:165,11,0,0
BRDA:166,12,0,0
BRDA:166,12,1,0
BRDA:166,13,0,0
BRDA:166,13,1,0
BRDA:170,14,0,0
BRDA:170,14,1,0
BRDA:170,15,0,0
BRDA:170,15,1,0
BRF:32
BRH:0
end_of_record
TN:
SF:/Users/pragalbha/Documents/GoComet/frontend-service/components/client/dashboard/tracking/RegionalAnalysis/index.jsx
FN:9,(anonymous_0)
FN:57,(anonymous_1)
FN:58,(anonymous_2)
FNF:3
FNH:0
FNDA:0,(anonymous_0)
FNDA:0,(anonymous_1)
FNDA:0,(anonymous_2)
DA:9,0
DA:14,0
DA:55,0
LF:3
LH:0
BRDA:36,0,0,0
BRDA:36,0,1,0
BRF:2
BRH:0
end_of_record
TN:
SF:/Users/pragalbha/Documents/GoComet/frontend-service/components/client/dashboard/tracking/ShipmentAnalysis/AvgGateOutDelay.jsx
FN:10,(anonymous_0)
FN:16,(anonymous_1)
FN:20,(anonymous_2)
FN:60,(anonymous_3)
FNF:4
FNH:0
FNDA:0,(anonymous_0)
FNDA:0,(anonymous_1)
FNDA:0,(anonymous_2)
FNDA:0,(anonymous_3)
DA:5,0
DA:10,0
DA:16,0
DA:20,0
DA:21,0
DA:32,0
DA:48,0
DA:60,0
DA:61,0
DA:62,0
DA:63,0
LF:11
LH:0
BRDA:10,0,0,0
BRDA:10,0,1,0
BRDA:16,1,0,0
BRDA:16,1,1,0
BRDA:61,2,0,0
BRDA:61,2,1,0
BRDA:62,3,0,0
BRDA:62,3,1,0
BRDA:65,4,0,0
BRDA:65,4,1,0
BRF:10
BRH:0
end_of_record
TN:
SF:/Users/pragalbha/Documents/GoComet/frontend-service/components/client/dashboard/tracking/ShipmentAnalysis/ContainerMovement.jsx
FN:10,(anonymous_0)
FN:16,(anonymous_1)
FN:20,(anonymous_2)
FN:63,(anonymous_3)
FNF:4
FNH:0
FNDA:0,(anonymous_0)
FNDA:0,(anonymous_1)
FNDA:0,(anonymous_2)
FNDA:0,(anonymous_3)
DA:5,0
DA:10,0
DA:16,0
DA:20,0
DA:21,0
DA:22,0
DA:33,0
DA:51,0
DA:63,0
DA:64,0
DA:65,0
DA:67,0
LF:12
LH:0
BRDA:10,0,0,0
BRDA:10,0,1,0
BRDA:16,1,0,0
BRDA:16,1,1,0
BRDA:21,2,0,0
BRDA:21,2,1,0
BRDA:45,3,0,0
BRDA:45,3,1,0
BRDA:64,4,0,0
BRDA:64,4,1,0
BRDA:65,5,0,0
BRDA:65,5,1,0
BRDA:69,6,0,0
BRDA:69,6,1,0
BRF:14
BRH:0
end_of_record
TN:
SF:/Users/pragalbha/Documents/GoComet/frontend-service/components/client/dashboard/tracking/ShipmentAnalysis/IncomingGateOutShipments.jsx
FN:38,(anonymous_0)
FN:42,(anonymous_1)
FN:57,(anonymous_2)
FN:58,(anonymous_3)
FN:61,(anonymous_4)
FN:126,(anonymous_5)
FN:130,(anonymous_6)
FN:134,(anonymous_7)
FN:201,(anonymous_8)
FN:202,(anonymous_9)
FN:233,(anonymous_10)
FNF:11
FNH:0
FNDA:0,(anonymous_0)
FNDA:0,(anonymous_1)
FNDA:0,(anonymous_2)
FNDA:0,(anonymous_3)
FNDA:0,(anonymous_4)
FNDA:0,(anonymous_5)
FNDA:0,(anonymous_6)
FNDA:0,(anonymous_7)
FNDA:0,(anonymous_8)
FNDA:0,(anonymous_9)
FNDA:0,(anonymous_10)
DA:18,0
DA:20,0
DA:26,0
DA:33,0
DA:39,0
DA:43,0
DA:44,0
DA:46,0
DA:53,0
DA:57,0
DA:58,0
DA:61,0
DA:62,0
DA:63,0
DA:65,0
DA:66,0
DA:70,0
DA:71,0
DA:126,0
DA:127,0
DA:130,0
DA:131,0
DA:135,0
DA:138,0
DA:140,0
DA:201,0
DA:202,0
DA:225,0
DA:233,0
DA:234,0
DA:235,0
DA:236,0
DA:238,0
LF:33
LH:0
BRDA:46,0,0,0
BRDA:46,0,1,0
BRDA:47,1,0,0
BRDA:47,1,1,0
BRDA:47,1,2,0
BRDA:47,1,3,0
BRDA:47,1,4,0
BRDA:47,1,5,0
BRDA:65,2,0,0
BRDA:65,2,1,0
BRDA:73,3,0,0
BRDA:73,3,1,0
BRDA:77,4,0,0
BRDA:77,4,1,0
BRDA:78,5,0,0
BRDA:78,5,1,0
BRDA:94,6,0,0
BRDA:94,6,1,0
BRDA:146,7,0,0
BRDA:146,7,1,0
BRDA:150,8,0,0
BRDA:150,8,1,0
BRDA:158,9,0,0
BRDA:158,9,1,0
BRDA:182,10,0,0
BRDA:182,10,1,0
BRDA:188,11,0,0
BRDA:188,11,1,0
BRDA:192,12,0,0
BRDA:192,12,1,0
BRDA:195,13,0,0
BRDA:195,13,1,0
BRDA:197,14,0,0
BRDA:197,14,1,0
BRDA:200,15,0,0
BRDA:200,15,1,0
BRDA:234,16,0,0
BRDA:234,16,1,0
BRDA:235,17,0,0
BRDA:235,17,1,0
BRDA:236,18,0,0
BRDA:236,18,1,0
BRF:42
BRH:0
end_of_record
TN:
SF:/Users/pragalbha/Documents/GoComet/frontend-service/components/client/dashboard/tracking/ShipmentAnalysis/index.jsx
FN:9,(anonymous_0)
FN:11,(anonymous_1)
FNF:2
FNH:0
FNDA:0,(anonymous_0)
FNDA:0,(anonymous_1)
DA:9,0
DA:11,0
DA:12,0
DA:47,0
LF:4
LH:0
BRDA:9,0,0,0
BRDA:9,0,1,0
BRDA:19,1,0,0
BRDA:19,1,1,0
BRDA:30,2,0,0
BRDA:30,2,1,0
BRF:6
BRH:0
end_of_record
