TN:
SF:/home/psp/gocomet/frontend-service/components/admin/report/index.jsx
FN:41,(anonymous_0)
FN:47,(anonymous_1)
FN:52,(anonymous_2)
FN:54,(anonymous_3)
FN:60,(anonymous_4)
FN:64,(anonymous_5)
FN:70,(anonymous_6)
FN:74,(anonymous_7)
FN:81,(anonymous_8)
FN:88,(anonymous_9)
FN:92,(anonymous_10)
FN:101,(anonymous_11)
FN:107,(anonymous_12)
FN:111,(anonymous_13)
FN:116,(anonymous_14)
FN:165,(anonymous_15)
FN:175,(anonymous_16)
FN:221,(anonymous_17)
FN:222,(anonymous_18)
FN:223,(anonymous_19)
FN:224,(anonymous_20)
FN:225,(anonymous_21)
FN:228,(anonymous_22)
FNF:23
FNH:0
FNDA:0,(anonymous_0)
FNDA:0,(anonymous_1)
FNDA:0,(anonymous_2)
FNDA:0,(anonymous_3)
FNDA:0,(anonymous_4)
FNDA:0,(anonymous_5)
FNDA:0,(anonymous_6)
FNDA:0,(anonymous_7)
FNDA:0,(anonymous_8)
FNDA:0,(anonymous_9)
FNDA:0,(anonymous_10)
FNDA:0,(anonymous_11)
FNDA:0,(anonymous_12)
FNDA:0,(anonymous_13)
FNDA:0,(anonymous_14)
FNDA:0,(anonymous_15)
FNDA:0,(anonymous_16)
FNDA:0,(anonymous_17)
FNDA:0,(anonymous_18)
FNDA:0,(anonymous_19)
FNDA:0,(anonymous_20)
FNDA:0,(anonymous_21)
FNDA:0,(anonymous_22)
DA:31,0
DA:34,0
DA:42,0
DA:43,0
DA:44,0
DA:47,0
DA:48,0
DA:49,0
DA:52,0
DA:53,0
DA:54,0
DA:55,0
DA:60,0
DA:61,0
DA:64,0
DA:65,0
DA:66,0
DA:67,0
DA:70,0
DA:71,0
DA:72,0
DA:74,0
DA:75,0
DA:76,0
DA:81,0
DA:82,0
DA:83,0
DA:84,0
DA:85,0
DA:88,0
DA:89,0
DA:92,0
DA:93,0
DA:94,0
DA:96,0
DA:97,0
DA:102,0
DA:107,0
DA:108,0
DA:111,0
DA:112,0
DA:113,0
DA:119,0
DA:120,0
DA:122,0
DA:123,0
DA:166,0
DA:167,0
DA:175,0
DA:218,0
DA:228,0
DA:229,0
DA:230,0
LF:53
LH:0
BRDA:54,0,0,0
BRDA:54,0,1,0
BRDA:54,1,0,0
BRDA:56,2,0,0
BRDA:56,2,1,0
BRDA:64,3,0,0
BRDA:66,4,0,0
BRDA:74,5,0,0
BRDA:74,5,1,0
BRDA:75,6,0,0
BRDA:75,6,1,0
BRDA:76,7,0,0
BRDA:76,7,1,0
BRDA:122,8,0,0
BRDA:122,8,1,0
BRDA:125,9,0,0
BRDA:125,9,1,0
BRDA:161,10,0,0
BRDA:161,10,1,0
BRDA:166,11,0,0
BRDA:166,11,1,0
BRDA:189,12,0,0
BRDA:189,12,1,0
BRDA:195,13,0,0
BRDA:195,13,1,0
BRDA:229,14,0,0
BRDA:229,14,1,0
BRDA:229,15,0,0
BRDA:229,15,1,0
BRDA:232,16,0,0
BRDA:232,16,1,0
BRDA:232,17,0,0
BRDA:232,17,1,0
BRF:33
BRH:0
end_of_record
TN:
SF:/home/psp/gocomet/frontend-service/components/admin/report/styles.jsx
FNF:0
FNH:0
DA:5,0
DA:7,0
DA:15,0
DA:25,0
DA:34,0
DA:41,0
DA:53,0
DA:57,0
DA:74,0
DA:78,0
LF:10
LH:0
BRF:0
BRH:0
end_of_record
TN:
SF:/home/psp/gocomet/frontend-service/components/admin/report/Details/AggregrationPipe.jsx
FN:19,(anonymous_0)
FN:31,(anonymous_1)
FN:69,(anonymous_2)
FNF:3
FNH:0
FNDA:0,(anonymous_0)
FNDA:0,(anonymous_1)
FNDA:0,(anonymous_2)
DA:15,0
DA:19,0
DA:20,0
DA:21,0
DA:22,0
DA:23,0
DA:25,0
DA:28,0
DA:32,0
DA:33,0
DA:35,0
DA:67,0
LF:12
LH:0
BRDA:20,0,0,0
BRDA:20,0,1,0
BRDA:22,1,0,0
BRDA:22,1,1,0
BRDA:36,2,0,0
BRDA:36,2,1,0
BRF:6
BRH:0
end_of_record
TN:
SF:/home/psp/gocomet/frontend-service/components/admin/report/Details/CodeView.jsx
FN:19,(anonymous_0)
FN:31,(anonymous_1)
FN:69,(anonymous_2)
FN:70,(anonymous_3)
FNF:4
FNH:0
FNDA:0,(anonymous_0)
FNDA:0,(anonymous_1)
FNDA:0,(anonymous_2)
FNDA:0,(anonymous_3)
DA:15,0
DA:19,0
DA:20,0
DA:21,0
DA:22,0
DA:23,0
DA:25,0
DA:28,0
DA:32,0
DA:33,0
DA:35,0
DA:67,0
LF:12
LH:0
BRDA:20,0,0,0
BRDA:20,0,1,0
BRDA:22,1,0,0
BRDA:22,1,1,0
BRDA:36,2,0,0
BRDA:36,2,1,0
BRF:6
BRH:0
end_of_record
TN:
SF:/home/psp/gocomet/frontend-service/components/admin/report/Details/index.jsx
FN:28,(anonymous_0)
FN:35,(anonymous_1)
FN:40,(anonymous_2)
FN:48,(anonymous_3)
FN:53,(anonymous_4)
FN:63,(anonymous_5)
FN:147,(anonymous_6)
FN:148,(anonymous_7)
FN:149,(anonymous_8)
FN:150,(anonymous_9)
FN:151,(anonymous_10)
FN:170,(anonymous_11)
FNF:12
FNH:0
FNDA:0,(anonymous_0)
FNDA:0,(anonymous_1)
FNDA:0,(anonymous_2)
FNDA:0,(anonymous_3)
FNDA:0,(anonymous_4)
FNDA:0,(anonymous_5)
FNDA:0,(anonymous_6)
FNDA:0,(anonymous_7)
FNDA:0,(anonymous_8)
FNDA:0,(anonymous_9)
FNDA:0,(anonymous_10)
FNDA:0,(anonymous_11)
DA:23,0
DA:28,0
DA:29,0
DA:30,0
DA:31,0
DA:35,0
DA:36,0
DA:37,0
DA:40,0
DA:41,0
DA:42,0
DA:43,0
DA:44,0
DA:48,0
DA:49,0
DA:50,0
DA:53,0
DA:54,0
DA:56,0
DA:57,0
DA:59,0
DA:73,0
DA:74,0
DA:75,0
DA:77,0
DA:78,0
DA:79,0
DA:88,0
DA:138,0
DA:170,0
DA:179,0
DA:181,0
LF:32
LH:0
BRDA:31,0,0,0
BRDA:31,0,1,0
BRDA:42,1,0,0
BRDA:42,1,1,0
BRDA:43,2,0,0
BRDA:43,2,1,0
BRDA:44,3,0,0
BRDA:44,3,1,0
BRDA:56,4,0,0
BRDA:56,4,1,0
BRDA:78,5,0,0
BRDA:78,5,1,0
BRDA:78,6,0,0
BRDA:78,6,1,0
BRDA:83,7,0,0
BRDA:83,7,1,0
BRDA:90,8,0,0
BRDA:90,8,1,0
BRDA:102,9,0,0
BRDA:102,9,1,0
BRDA:108,10,0,0
BRDA:108,10,1,0
BRDA:118,11,0,0
BRDA:118,11,1,0
BRDA:127,12,0,0
BRDA:127,12,1,0
BRDA:128,13,0,0
BRDA:128,13,1,0
BRDA:179,14,0,0
BRDA:179,14,1,0
BRDA:179,15,0,0
BRDA:179,15,1,0
BRDA:189,16,0,0
BRDA:189,16,1,0
BRDA:189,17,0,0
BRDA:189,17,1,0
BRF:36
BRH:0
end_of_record
TN:
SF:/home/psp/gocomet/frontend-service/components/admin/report/Details/styles.jsx
FNF:0
FNH:0
DA:5,0
DA:7,0
DA:40,0
DA:54,0
DA:63,0
DA:69,0
DA:81,0
DA:94,0
DA:98,0
DA:104,0
LF:10
LH:0
BRF:0
BRH:0
end_of_record
TN:
SF:/home/psp/gocomet/frontend-service/components/admin/report/Details/DataSheetTable/index.jsx
FN:10,(anonymous_0)
FN:13,(anonymous_1)
FN:16,(anonymous_2)
FNF:3
FNH:0
FNDA:0,(anonymous_0)
FNDA:0,(anonymous_1)
FNDA:0,(anonymous_2)
DA:8,0
DA:10,0
DA:11,0
DA:13,0
DA:14,0
DA:16,0
DA:17,0
DA:19,0
DA:31,0
DA:52,0
LF:10
LH:0
BRDA:11,0,0,0
BRDA:11,0,1,0
BRDA:14,1,0,0
BRDA:14,1,1,0
BRDA:16,2,0,0
BRDA:16,2,1,0
BRDA:17,3,0,0
BRDA:17,3,1,0
BRDA:33,4,0,0
BRDA:33,4,1,0
BRDA:39,5,0,0
BRDA:39,5,1,0
BRF:12
BRH:0
end_of_record
TN:
SF:/home/psp/gocomet/frontend-service/components/admin/report/Details/DataSheetTable/table.jsx
FN:7,(anonymous_0)
FN:10,(anonymous_1)
FN:12,(anonymous_2)
FN:14,(anonymous_3)
FN:18,(anonymous_4)
FN:22,(anonymous_5)
FNF:6
FNH:0
FNDA:0,(anonymous_0)
FNDA:0,(anonymous_1)
FNDA:0,(anonymous_2)
FNDA:0,(anonymous_3)
FNDA:0,(anonymous_4)
FNDA:0,(anonymous_5)
DA:7,0
DA:8,0
DA:10,0
DA:12,0
DA:13,0
DA:14,0
DA:19,0
DA:22,0
DA:29,0
DA:42,0
DA:61,0
LF:11
LH:0
BRDA:8,0,0,0
BRDA:8,0,1,0
BRDA:10,1,0,0
BRDA:10,1,1,0
BRDA:13,2,0,0
BRDA:13,2,1,0
BRDA:14,3,0,0
BRDA:14,3,1,0
BRDA:44,4,0,0
BRDA:44,4,1,0
BRDA:50,5,0,0
BRDA:50,5,1,0
BRF:12
BRH:0
end_of_record
TN:
SF:/home/psp/gocomet/frontend-service/components/admin/report/Details/HeaderFooter/Footer.jsx
FN:12,(anonymous_0)
FN:76,(anonymous_1)
FN:78,(anonymous_2)
FN:80,(anonymous_3)
FN:84,(anonymous_4)
FNF:5
FNH:0
FNDA:0,(anonymous_0)
FNDA:0,(anonymous_1)
FNDA:0,(anonymous_2)
FNDA:0,(anonymous_3)
FNDA:0,(anonymous_4)
DA:12,0
DA:24,0
DA:25,0
DA:26,0
DA:28,0
DA:31,0
DA:73,0
DA:84,0
DA:87,0
DA:88,0
DA:97,0
LF:11
LH:0
BRDA:24,0,0,0
BRDA:24,0,1,0
BRDA:24,0,2,0
BRDA:26,1,0,0
BRDA:26,1,1,0
BRDA:28,2,0,0
BRDA:28,2,1,0
BRDA:53,3,0,0
BRDA:53,3,1,0
BRDA:87,4,0,0
BRDA:87,4,1,0
BRDA:87,5,0,0
BRDA:87,5,1,0
BRF:13
BRH:0
end_of_record
TN:
SF:/home/psp/gocomet/frontend-service/components/admin/report/Details/HeaderFooter/Header.jsx
FN:15,(anonymous_0)
FN:27,(anonymous_1)
FN:36,(anonymous_2)
FN:43,(anonymous_3)
FN:45,(anonymous_4)
FN:50,(anonymous_5)
FN:64,(anonymous_6)
FN:79,(anonymous_7)
FN:95,(anonymous_8)
FN:138,(anonymous_9)
FN:139,(anonymous_10)
FN:145,(anonymous_11)
FNF:12
FNH:0
FNDA:0,(anonymous_0)
FNDA:0,(anonymous_1)
FNDA:0,(anonymous_2)
FNDA:0,(anonymous_3)
FNDA:0,(anonymous_4)
FNDA:0,(anonymous_5)
FNDA:0,(anonymous_6)
FNDA:0,(anonymous_7)
FNDA:0,(anonymous_8)
FNDA:0,(anonymous_9)
FNDA:0,(anonymous_10)
FNDA:0,(anonymous_11)
DA:12,0
DA:13,0
DA:15,0
DA:23,0
DA:24,0
DA:25,0
DA:26,0
DA:27,0
DA:28,0
DA:29,0
DA:30,0
DA:31,0
DA:32,0
DA:33,0
DA:36,0
DA:37,0
DA:38,0
DA:39,0
DA:40,0
DA:43,0
DA:44,0
DA:45,0
DA:46,0
DA:47,0
DA:48,0
DA:50,0
DA:54,0
DA:64,0
DA:79,0
DA:95,0
DA:136,0
DA:145,0
DA:148,0
DA:149,0
DA:158,0
LF:35
LH:0
BRDA:29,0,0,0
BRDA:29,1,0,0
BRDA:29,1,1,0
BRDA:30,2,0,0
BRDA:30,2,1,0
BRDA:31,3,0,0
BRDA:31,3,1,0
BRDA:32,4,0,0
BRDA:32,4,1,0
BRDA:44,5,0,0
BRDA:44,5,1,0
BRDA:65,6,0,0
BRDA:65,6,1,0
BRDA:78,7,0,0
BRDA:78,7,1,0
BRDA:94,8,0,0
BRDA:94,8,1,0
BRDA:148,9,0,0
BRDA:148,9,1,0
BRDA:148,10,0,0
BRDA:148,10,1,0
BRF:21
BRH:0
end_of_record
TN:
SF:/home/psp/gocomet/frontend-service/components/admin/report/Details/HeaderFooter/styles.jsx
FNF:0
FNH:0
DA:5,0
DA:36,0
DA:41,0
DA:74,0
DA:96,0
DA:102,0
DA:113,0
LF:7
LH:0
BRF:0
BRH:0
end_of_record
TN:
SF:/home/psp/gocomet/frontend-service/components/admin/report/Details/PostConfiguration/helper.jsx
FN:5,(anonymous_0)
FN:24,(anonymous_1)
FN:33,(anonymous_2)
FN:42,(anonymous_3)
FN:51,(anonymous_4)
FN:60,(anonymous_5)
FN:69,(anonymous_6)
FN:92,(anonymous_7)
FN:101,(anonymous_8)
FNF:9
FNH:0
FNDA:0,(anonymous_0)
FNDA:0,(anonymous_1)
FNDA:0,(anonymous_2)
FNDA:0,(anonymous_3)
FNDA:0,(anonymous_4)
FNDA:0,(anonymous_5)
FNDA:0,(anonymous_6)
FNDA:0,(anonymous_7)
FNDA:0,(anonymous_8)
DA:5,0
DA:6,0
DA:24,0
DA:25,0
DA:33,0
DA:34,0
DA:42,0
DA:43,0
DA:51,0
DA:52,0
DA:60,0
DA:61,0
DA:69,0
DA:70,0
DA:92,0
DA:93,0
DA:101,0
DA:102,0
LF:18
LH:0
BRF:0
BRH:0
end_of_record
TN:
SF:/home/psp/gocomet/frontend-service/components/admin/report/Details/PostConfiguration/index.jsx
FN:11,(anonymous_0)
FNF:1
FNH:0
FNDA:0,(anonymous_0)
DA:9,0
DA:11,0
DA:12,0
LF:3
LH:0
BRF:0
BRH:0
end_of_record
TN:
SF:/home/psp/gocomet/frontend-service/components/admin/report/Details/PostConfiguration/styles.jsx
FNF:0
FNH:0
DA:6,0
DA:10,0
DA:25,0
DA:42,0
DA:47,0
LF:5
LH:0
BRF:0
BRH:0
end_of_record
TN:
SF:/home/psp/gocomet/frontend-service/components/admin/report/Details/PostConfiguration/Tabs/DownloadReports.jsx
FN:19,(anonymous_0)
FN:29,(anonymous_1)
FN:42,(anonymous_2)
FN:45,(anonymous_3)
FN:69,(anonymous_4)
FN:94,(anonymous_5)
FN:109,(anonymous_6)
FN:124,(anonymous_7)
FN:202,(anonymous_8)
FN:218,(anonymous_9)
FNF:10
FNH:0
FNDA:0,(anonymous_0)
FNDA:0,(anonymous_1)
FNDA:0,(anonymous_2)
FNDA:0,(anonymous_3)
FNDA:0,(anonymous_4)
FNDA:0,(anonymous_5)
FNDA:0,(anonymous_6)
FNDA:0,(anonymous_7)
FNDA:0,(anonymous_8)
FNDA:0,(anonymous_9)
DA:16,0
DA:19,0
DA:20,0
DA:21,0
DA:22,0
DA:29,0
DA:30,0
DA:31,0
DA:32,0
DA:39,0
DA:42,0
DA:43,0
DA:44,0
DA:45,0
DA:46,0
DA:49,0
DA:52,0
DA:55,0
DA:56,0
DA:57,0
DA:58,0
DA:60,0
DA:61,0
DA:64,0
DA:72,0
DA:73,0
DA:76,0
DA:77,0
DA:79,0
DA:95,0
DA:110,0
DA:125,0
DA:196,0
DA:218,0
DA:219,0
DA:220,0
DA:221,0
DA:222,0
LF:38
LH:0
BRDA:23,0,0,0
BRDA:23,0,1,0
BRDA:23,0,2,0
BRDA:23,1,0,0
BRDA:23,1,1,0
BRDA:24,2,0,0
BRDA:24,2,1,0
BRDA:25,3,0,0
BRDA:25,3,1,0
BRDA:46,4,0,0
BRDA:46,4,1,0
BRDA:55,5,0,0
BRDA:55,5,1,0
BRDA:55,6,0,0
BRDA:55,6,1,0
BRDA:56,7,0,0
BRDA:56,7,1,0
BRDA:56,8,0,0
BRDA:56,8,1,0
BRDA:57,9,0,0
BRDA:57,9,1,0
BRDA:57,10,0,0
BRDA:57,10,1,0
BRDA:60,11,0,0
BRDA:60,11,1,0
BRDA:60,12,0,0
BRDA:60,12,1,0
BRDA:76,13,0,0
BRDA:76,13,1,0
BRDA:90,14,0,0
BRDA:90,14,1,0
BRDA:94,15,0,0
BRDA:94,15,1,0
BRDA:105,16,0,0
BRDA:105,16,1,0
BRDA:109,17,0,0
BRDA:109,17,1,0
BRDA:120,18,0,0
BRDA:120,18,1,0
BRDA:144,19,0,0
BRDA:144,19,1,0
BRDA:165,20,0,0
BRDA:165,20,1,0
BRDA:219,21,0,0
BRDA:219,21,1,0
BRDA:219,22,0,0
BRDA:219,22,1,0
BRDA:220,23,0,0
BRDA:220,23,1,0
BRDA:221,24,0,0
BRDA:221,24,1,0
BRF:51
BRH:0
end_of_record
TN:
SF:/home/psp/gocomet/frontend-service/components/admin/report/Details/PostConfiguration/Tabs/GoogleSheet.jsx
FN:17,(anonymous_0)
FN:29,(anonymous_1)
FN:32,(anonymous_2)
FN:58,(anonymous_3)
FN:112,(anonymous_4)
FN:154,(anonymous_5)
FN:168,(anonymous_6)
FN:171,(anonymous_7)
FNF:8
FNH:0
FNDA:0,(anonymous_0)
FNDA:0,(anonymous_1)
FNDA:0,(anonymous_2)
FNDA:0,(anonymous_3)
FNDA:0,(anonymous_4)
FNDA:0,(anonymous_5)
FNDA:0,(anonymous_6)
FNDA:0,(anonymous_7)
DA:14,0
DA:17,0
DA:18,0
DA:19,0
DA:20,0
DA:26,0
DA:29,0
DA:30,0
DA:31,0
DA:32,0
DA:33,0
DA:36,0
DA:38,0
DA:43,0
DA:44,0
DA:53,0
DA:61,0
DA:62,0
DA:63,0
DA:64,0
DA:66,0
DA:68,0
DA:69,0
DA:70,0
DA:73,0
DA:113,0
DA:149,0
DA:168,0
DA:169,0
DA:170,0
DA:171,0
DA:172,0
LF:32
LH:0
BRDA:33,0,0,0
BRDA:33,0,1,0
BRDA:43,1,0,0
BRDA:43,1,1,0
BRDA:66,2,0,0
BRDA:66,2,1,0
BRDA:69,3,0,0
BRDA:69,3,1,0
BRDA:70,4,0,0
BRDA:70,4,1,0
BRDA:70,5,0,0
BRDA:70,5,1,0
BRDA:70,6,0,0
BRDA:70,6,1,0
BRDA:84,7,0,0
BRDA:84,7,1,0
BRDA:96,8,0,0
BRDA:96,8,1,0
BRDA:108,9,0,0
BRDA:108,9,1,0
BRDA:112,10,0,0
BRDA:112,10,1,0
BRDA:123,11,0,0
BRDA:123,11,1,0
BRDA:169,12,0,0
BRDA:169,12,1,0
BRDA:169,13,0,0
BRDA:169,13,1,0
BRDA:170,14,0,0
BRDA:170,14,1,0
BRDA:171,15,0,0
BRDA:171,15,1,0
BRF:32
BRH:0
end_of_record
TN:
SF:/home/psp/gocomet/frontend-service/components/admin/report/Details/PostConfiguration/Tabs/SendMail.jsx
FN:33,(anonymous_0)
FN:45,(anonymous_1)
FN:64,(anonymous_2)
FN:67,(anonymous_3)
FN:70,(anonymous_4)
FN:74,(anonymous_5)
FN:90,(anonymous_6)
FN:124,(anonymous_7)
FN:139,(anonymous_8)
FN:140,(anonymous_9)
FN:145,(anonymous_10)
FN:191,(anonymous_11)
FN:326,(anonymous_12)
FN:343,(anonymous_13)
FNF:14
FNH:0
FNDA:0,(anonymous_0)
FNDA:0,(anonymous_1)
FNDA:0,(anonymous_2)
FNDA:0,(anonymous_3)
FNDA:0,(anonymous_4)
FNDA:0,(anonymous_5)
FNDA:0,(anonymous_6)
FNDA:0,(anonymous_7)
FNDA:0,(anonymous_8)
FNDA:0,(anonymous_9)
FNDA:0,(anonymous_10)
FNDA:0,(anonymous_11)
FNDA:0,(anonymous_12)
FNDA:0,(anonymous_13)
DA:24,0
DA:25,0
DA:28,0
DA:34,0
DA:35,0
DA:38,0
DA:39,0
DA:45,0
DA:46,0
DA:47,0
DA:48,0
DA:61,0
DA:64,0
DA:65,0
DA:66,0
DA:67,0
DA:70,0
DA:71,0
DA:72,0
DA:73,0
DA:74,0
DA:75,0
DA:88,0
DA:90,0
DA:91,0
DA:92,0
DA:96,0
DA:105,0
DA:106,0
DA:107,0
DA:108,0
DA:110,0
DA:111,0
DA:113,0
DA:114,0
DA:116,0
DA:117,0
DA:119,0
DA:124,0
DA:125,0
DA:126,0
DA:128,0
DA:129,0
DA:132,0
DA:133,0
DA:134,0
DA:139,0
DA:140,0
DA:146,0
DA:149,0
DA:150,0
DA:161,0
DA:162,0
DA:163,0
DA:165,0
DA:192,0
DA:321,0
DA:343,0
DA:346,0
DA:347,0
DA:348,0
DA:349,0
LF:62
LH:0
BRDA:40,0,0,0
BRDA:40,0,1,0
BRDA:67,1,0,0
BRDA:67,1,1,0
BRDA:67,2,0,0
BRDA:67,2,1,0
BRDA:75,3,0,0
BRDA:75,3,1,0
BRDA:90,4,0,0
BRDA:90,4,1,0
BRDA:105,5,0,0
BRDA:105,5,1,0
BRDA:106,6,0,0
BRDA:106,6,1,0
BRDA:106,7,0,0
BRDA:106,7,1,0
BRDA:107,8,0,0
BRDA:107,8,1,0
BRDA:107,9,0,0
BRDA:107,9,1,0
BRDA:110,10,0,0
BRDA:110,10,1,0
BRDA:110,11,0,0
BRDA:110,11,1,0
BRDA:113,12,0,0
BRDA:113,12,1,0
BRDA:113,13,0,0
BRDA:113,13,1,0
BRDA:116,14,0,0
BRDA:116,14,1,0
BRDA:125,15,0,0
BRDA:125,15,1,0
BRDA:129,16,0,0
BRDA:129,16,1,0
BRDA:176,17,0,0
BRDA:176,17,1,0
BRDA:183,18,0,0
BRDA:183,18,1,0
BRDA:191,19,0,0
BRDA:191,19,1,0
BRDA:200,20,0,0
BRDA:200,20,1,0
BRDA:214,21,0,0
BRDA:214,21,1,0
BRDA:222,22,0,0
BRDA:222,22,1,0
BRDA:238,23,0,0
BRDA:238,23,1,0
BRDA:250,24,0,0
BRDA:250,24,1,0
BRDA:258,25,0,0
BRDA:258,25,1,0
BRDA:270,26,0,0
BRDA:270,26,1,0
BRDA:277,27,0,0
BRDA:277,27,1,0
BRDA:284,28,0,0
BRDA:284,28,1,0
BRDA:300,29,0,0
BRDA:300,29,1,0
BRDA:346,30,0,0
BRDA:346,30,1,0
BRDA:346,31,0,0
BRDA:346,31,1,0
BRDA:347,32,0,0
BRDA:347,32,1,0
BRDA:348,33,0,0
BRDA:348,33,1,0
BRF:68
BRH:0
end_of_record
TN:
SF:/home/psp/gocomet/frontend-service/components/admin/report/Details/PostConfiguration/Tabs/WhatsApp.jsx
FN:18,(anonymous_0)
FN:29,(anonymous_1)
FN:32,(anonymous_2)
FN:48,(anonymous_3)
FN:112,(anonymous_4)
FN:127,(anonymous_5)
FNF:6
FNH:0
FNDA:0,(anonymous_0)
FNDA:0,(anonymous_1)
FNDA:0,(anonymous_2)
FNDA:0,(anonymous_3)
FNDA:0,(anonymous_4)
FNDA:0,(anonymous_5)
DA:14,0
DA:15,0
DA:18,0
DA:19,0
DA:20,0
DA:21,0
DA:26,0
DA:29,0
DA:30,0
DA:31,0
DA:32,0
DA:33,0
DA:34,0
DA:37,0
DA:43,0
DA:49,0
DA:50,0
DA:51,0
DA:52,0
DA:54,0
DA:107,0
DA:127,0
DA:128,0
DA:129,0
DA:130,0
DA:132,0
LF:26
LH:0
BRDA:33,0,0,0
BRDA:33,0,1,0
BRDA:51,1,0,0
BRDA:51,1,1,0
BRDA:65,2,0,0
BRDA:65,2,1,0
BRDA:72,3,0,0
BRDA:72,3,1,0
BRDA:86,4,0,0
BRDA:86,4,1,0
BRDA:128,5,0,0
BRDA:128,5,1,0
BRDA:128,6,0,0
BRDA:128,6,1,0
BRDA:129,7,0,0
BRDA:129,7,1,0
BRDA:130,8,0,0
BRDA:130,8,1,0
BRF:18
BRH:0
end_of_record
TN:
SF:/home/psp/gocomet/frontend-service/components/admin/report/Details/UIView/CollectionSelection.jsx
FN:19,(anonymous_0)
FN:20,(anonymous_1)
FN:33,(anonymous_2)
FN:38,(anonymous_3)
FN:53,(anonymous_4)
FN:61,(anonymous_5)
FNF:6
FNH:0
FNDA:0,(anonymous_0)
FNDA:0,(anonymous_1)
FNDA:0,(anonymous_2)
FNDA:0,(anonymous_3)
FNDA:0,(anonymous_4)
FNDA:0,(anonymous_5)
DA:9,0
DA:11,0
DA:19,0
DA:20,0
DA:21,0
DA:24,0
DA:34,0
DA:35,0
DA:39,0
DA:40,0
DA:51,0
DA:61,0
DA:62,0
DA:63,0
DA:64,0
LF:15
LH:0
BRDA:38,0,0,0
BRDA:38,0,1,0
BRDA:39,1,0,0
BRDA:39,1,1,0
BRDA:62,2,0,0
BRDA:62,2,1,0
BRDA:62,3,0,0
BRDA:62,3,1,0
BRDA:63,4,0,0
BRDA:63,4,1,0
BRF:10
BRH:0
end_of_record
TN:
SF:/home/psp/gocomet/frontend-service/components/admin/report/Details/UIView/GroupBy.jsx
FN:26,(anonymous_0)
FN:35,(anonymous_1)
FN:40,(anonymous_2)
FN:44,(anonymous_3)
FN:51,(anonymous_4)
FN:54,(anonymous_5)
FN:58,(anonymous_6)
FN:61,(anonymous_7)
FN:65,(anonymous_8)
FN:68,(anonymous_9)
FN:99,(anonymous_10)
FN:102,(anonymous_11)
FN:110,(anonymous_12)
FN:118,(anonymous_13)
FN:168,(anonymous_14)
FN:177,(anonymous_15)
FNF:16
FNH:0
FNDA:0,(anonymous_0)
FNDA:0,(anonymous_1)
FNDA:0,(anonymous_2)
FNDA:0,(anonymous_3)
FNDA:0,(anonymous_4)
FNDA:0,(anonymous_5)
FNDA:0,(anonymous_6)
FNDA:0,(anonymous_7)
FNDA:0,(anonymous_8)
FNDA:0,(anonymous_9)
FNDA:0,(anonymous_10)
FNDA:0,(anonymous_11)
FNDA:0,(anonymous_12)
FNDA:0,(anonymous_13)
FNDA:0,(anonymous_14)
FNDA:0,(anonymous_15)
DA:22,0
DA:23,0
DA:27,0
DA:28,0
DA:35,0
DA:36,0
DA:37,0
DA:40,0
DA:41,0
DA:42,0
DA:44,0
DA:45,0
DA:48,0
DA:49,0
DA:50,0
DA:51,0
DA:54,0
DA:55,0
DA:57,0
DA:58,0
DA:60,0
DA:61,0
DA:62,0
DA:65,0
DA:66,0
DA:67,0
DA:68,0
DA:69,0
DA:70,0
DA:71,0
DA:73,0
DA:76,0
DA:95,0
DA:99,0
DA:100,0
DA:101,0
DA:102,0
DA:104,0
DA:105,0
DA:106,0
DA:110,0
DA:111,0
DA:112,0
DA:113,0
DA:114,0
DA:115,0
DA:119,0
DA:120,0
DA:121,0
DA:123,0
DA:165,0
DA:177,0
DA:178,0
DA:179,0
DA:180,0
DA:181,0
LF:56
LH:0
BRDA:35,0,0,0
BRDA:37,1,0,0
BRDA:37,1,1,0
BRDA:37,2,0,0
BRDA:37,2,1,0
BRDA:44,3,0,0
BRDA:44,3,1,0
BRDA:45,4,0,0
BRDA:45,4,1,0
BRDA:62,5,0,0
BRDA:62,5,1,0
BRDA:67,6,0,0
BRDA:67,6,1,0
BRDA:67,7,0,0
BRDA:67,7,1,0
BRDA:69,8,0,0
BRDA:69,8,1,0
BRDA:70,9,0,0
BRDA:70,9,1,0
BRDA:83,10,0,0
BRDA:83,10,1,0
BRDA:86,11,0,0
BRDA:86,11,1,0
BRDA:86,12,0,0
BRDA:86,12,1,0
BRDA:101,13,0,0
BRDA:101,13,1,0
BRDA:102,14,0,0
BRDA:102,14,1,0
BRDA:102,15,0,0
BRDA:102,15,1,0
BRDA:104,16,0,0
BRDA:104,16,1,0
BRDA:139,17,0,0
BRDA:139,17,1,0
BRDA:139,18,0,0
BRDA:139,18,1,0
BRDA:156,19,0,0
BRDA:156,19,1,0
BRDA:178,20,0,0
BRDA:178,20,1,0
BRDA:178,21,0,0
BRDA:178,21,1,0
BRDA:179,22,0,0
BRDA:179,22,1,0
BRDA:180,23,0,0
BRDA:180,23,1,0
BRF:47
BRH:0
end_of_record
TN:
SF:/home/psp/gocomet/frontend-service/components/admin/report/Details/UIView/Unwind.jsx
FN:30,(anonymous_0)
FN:35,(anonymous_1)
FN:39,(anonymous_2)
FN:60,(anonymous_3)
FN:63,(anonymous_4)
FN:70,(anonymous_5)
FN:76,(anonymous_6)
FN:127,(anonymous_7)
FN:136,(anonymous_8)
FNF:9
FNH:0
FNDA:0,(anonymous_0)
FNDA:0,(anonymous_1)
FNDA:0,(anonymous_2)
FNDA:0,(anonymous_3)
FNDA:0,(anonymous_4)
FNDA:0,(anonymous_5)
FNDA:0,(anonymous_6)
FNDA:0,(anonymous_7)
FNDA:0,(anonymous_8)
DA:22,0
DA:25,0
DA:30,0
DA:31,0
DA:32,0
DA:35,0
DA:36,0
DA:37,0
DA:39,0
DA:40,0
DA:41,0
DA:42,0
DA:56,0
DA:60,0
DA:61,0
DA:62,0
DA:63,0
DA:65,0
DA:66,0
DA:70,0
DA:71,0
DA:72,0
DA:73,0
DA:77,0
DA:78,0
DA:79,0
DA:80,0
DA:82,0
DA:124,0
DA:136,0
DA:137,0
DA:138,0
DA:139,0
DA:140,0
LF:34
LH:0
BRDA:30,0,0,0
BRDA:32,1,0,0
BRDA:32,1,1,0
BRDA:32,2,0,0
BRDA:32,2,1,0
BRDA:39,3,0,0
BRDA:39,3,1,0
BRDA:40,4,0,0
BRDA:40,4,1,0
BRDA:62,5,0,0
BRDA:62,5,1,0
BRDA:63,6,0,0
BRDA:63,6,1,0
BRDA:63,7,0,0
BRDA:63,7,1,0
BRDA:65,8,0,0
BRDA:65,8,1,0
BRDA:98,9,0,0
BRDA:98,9,1,0
BRDA:98,10,0,0
BRDA:98,10,1,0
BRDA:115,11,0,0
BRDA:115,11,1,0
BRDA:137,12,0,0
BRDA:137,12,1,0
BRDA:137,13,0,0
BRDA:137,13,1,0
BRDA:138,14,0,0
BRDA:138,14,1,0
BRDA:139,15,0,0
BRDA:139,15,1,0
BRF:31
BRH:0
end_of_record
TN:
SF:/home/psp/gocomet/frontend-service/components/admin/report/Details/UIView/helpers.jsx
FN:1,(anonymous_0)
FN:6,(anonymous_1)
FNF:2
FNH:0
FNDA:0,(anonymous_0)
FNDA:0,(anonymous_1)
DA:1,0
DA:2,0
DA:3,0
DA:6,0
LF:4
LH:0
BRDA:3,0,0,0
BRDA:3,0,1,0
BRDA:6,1,0,0
BRDA:6,1,1,0
BRF:4
BRH:0
end_of_record
TN:
SF:/home/psp/gocomet/frontend-service/components/admin/report/Details/UIView/index.jsx
FN:49,(anonymous_0)
FN:56,(anonymous_1)
FN:61,(anonymous_2)
FN:63,(anonymous_3)
FN:76,(anonymous_4)
FN:83,(anonymous_5)
FN:87,(anonymous_6)
FN:93,(anonymous_7)
FN:98,(anonymous_8)
FN:101,(anonymous_9)
FN:109,(anonymous_10)
FN:121,(anonymous_11)
FN:126,(anonymous_12)
FN:131,(anonymous_13)
FN:185,(anonymous_14)
FN:201,(anonymous_15)
FN:202,(anonymous_16)
FN:279,(anonymous_17)
FN:296,(anonymous_18)
FN:297,(anonymous_19)
FN:298,(anonymous_20)
FN:299,(anonymous_21)
FN:300,(anonymous_22)
FN:301,(anonymous_23)
FN:302,(anonymous_24)
FN:325,(anonymous_25)
FNF:26
FNH:0
FNDA:0,(anonymous_0)
FNDA:0,(anonymous_1)
FNDA:0,(anonymous_2)
FNDA:0,(anonymous_3)
FNDA:0,(anonymous_4)
FNDA:0,(anonymous_5)
FNDA:0,(anonymous_6)
FNDA:0,(anonymous_7)
FNDA:0,(anonymous_8)
FNDA:0,(anonymous_9)
FNDA:0,(anonymous_10)
FNDA:0,(anonymous_11)
FNDA:0,(anonymous_12)
FNDA:0,(anonymous_13)
FNDA:0,(anonymous_14)
FNDA:0,(anonymous_15)
FNDA:0,(anonymous_16)
FNDA:0,(anonymous_17)
FNDA:0,(anonymous_18)
FNDA:0,(anonymous_19)
FNDA:0,(anonymous_20)
FNDA:0,(anonymous_21)
FNDA:0,(anonymous_22)
FNDA:0,(anonymous_23)
FNDA:0,(anonymous_24)
FNDA:0,(anonymous_25)
DA:38,0
DA:40,0
DA:46,0
DA:50,0
DA:51,0
DA:56,0
DA:57,0
DA:58,0
DA:61,0
DA:62,0
DA:63,0
DA:71,0
DA:72,0
DA:76,0
DA:77,0
DA:78,0
DA:79,0
DA:83,0
DA:84,0
DA:87,0
DA:88,0
DA:89,0
DA:90,0
DA:93,0
DA:94,0
DA:95,0
DA:98,0
DA:99,0
DA:100,0
DA:101,0
DA:102,0
DA:103,0
DA:106,0
DA:109,0
DA:110,0
DA:111,0
DA:112,0
DA:113,0
DA:114,0
DA:115,0
DA:117,0
DA:121,0
DA:122,0
DA:123,0
DA:126,0
DA:127,0
DA:128,0
DA:140,0
DA:142,0
DA:144,0
DA:186,0
DA:187,0
DA:188,0
DA:189,0
DA:192,0
DA:201,0
DA:202,0
DA:280,0
DA:281,0
DA:289,0
DA:325,0
DA:328,0
DA:329,0
DA:330,0
DA:331,0
LF:65
LH:0
BRDA:71,0,0,0
BRDA:71,0,1,0
BRDA:101,1,0,0
BRDA:101,1,1,0
BRDA:102,2,0,0
BRDA:102,2,1,0
BRDA:102,3,0,0
BRDA:102,3,1,0
BRDA:110,4,0,0
BRDA:110,4,1,0
BRDA:113,5,0,0
BRDA:113,5,1,0
BRDA:128,6,0,0
BRDA:128,6,1,0
BRDA:155,7,0,0
BRDA:155,7,1,0
BRDA:161,8,0,0
BRDA:161,8,1,0
BRDA:174,9,0,0
BRDA:174,9,1,0
BRDA:185,10,0,0
BRDA:185,10,1,0
BRDA:186,11,0,0
BRDA:186,11,1,0
BRDA:188,12,0,0
BRDA:188,12,1,0
BRDA:188,13,0,0
BRDA:188,13,1,0
BRDA:196,14,0,0
BRDA:196,14,1,0
BRDA:196,15,0,0
BRDA:196,15,1,0
BRDA:217,16,0,0
BRDA:217,16,1,0
BRDA:219,17,0,0
BRDA:219,17,1,0
BRDA:264,18,0,0
BRDA:264,18,1,0
BRDA:281,19,0,0
BRDA:281,19,1,0
BRDA:328,20,0,0
BRDA:328,20,1,0
BRDA:328,21,0,0
BRDA:328,21,1,0
BRDA:329,22,0,0
BRDA:329,22,1,0
BRDA:330,23,0,0
BRDA:330,23,1,0
BRF:48
BRH:0
end_of_record
TN:
SF:/home/psp/gocomet/frontend-service/components/admin/report/Details/UIView/styles.jsx
FNF:0
FNH:0
DA:5,0
DA:9,0
DA:17,0
DA:58,0
DA:89,0
DA:95,0
DA:101,0
LF:7
LH:0
BRF:0
BRH:0
end_of_record
TN:
SF:/home/psp/gocomet/frontend-service/components/admin/report/Details/UIView/ColumnSelection/AllColumns.jsx
FN:8,(anonymous_0)
FN:17,(anonymous_1)
FN:41,(anonymous_2)
FN:45,(anonymous_3)
FN:52,(anonymous_4)
FNF:5
FNH:0
FNDA:0,(anonymous_0)
FNDA:0,(anonymous_1)
FNDA:0,(anonymous_2)
FNDA:0,(anonymous_3)
FNDA:0,(anonymous_4)
DA:8,0
DA:9,0
DA:11,0
DA:17,0
DA:41,0
DA:44,0
DA:45,0
DA:46,0
DA:47,0
DA:48,0
DA:52,0
DA:59,0
DA:60,0
DA:63,0
LF:14
LH:0
BRDA:9,0,0,0
BRDA:9,0,1,0
BRDA:13,1,0,0
BRDA:13,1,1,0
BRDA:16,2,0,0
BRDA:16,2,1,0
BRDA:46,3,0,0
BRDA:46,3,1,0
BRDA:52,4,0,0
BRDA:52,4,1,0
BRDA:59,5,0,0
BRDA:59,5,1,0
BRF:12
BRH:0
end_of_record
TN:
SF:/home/psp/gocomet/frontend-service/components/admin/report/Details/UIView/ColumnSelection/Essentials.jsx
FN:14,(anonymous_0)
FN:61,(anonymous_1)
FN:83,(anonymous_2)
FNF:3
FNH:0
FNDA:0,(anonymous_0)
FNDA:0,(anonymous_1)
FNDA:0,(anonymous_2)
DA:11,0
DA:13,0
DA:23,0
DA:50,0
DA:61,0
DA:62,0
DA:77,0
DA:83,0
DA:84,0
LF:9
LH:0
BRDA:31,0,0,0
BRDA:31,0,1,0
BRDA:42,1,0,0
BRDA:42,1,1,0
BRF:4
BRH:0
end_of_record
TN:
SF:/home/psp/gocomet/frontend-service/components/admin/report/Details/UIView/ColumnSelection/index.jsx
FN:20,(anonymous_0)
FN:36,(anonymous_1)
FN:44,(anonymous_2)
FN:51,(anonymous_3)
FN:73,(anonymous_4)
FN:74,(anonymous_5)
FN:77,(anonymous_6)
FN:82,(anonymous_7)
FN:87,(anonymous_8)
FN:94,(anonymous_9)
FN:99,(anonymous_10)
FN:105,(anonymous_11)
FN:109,(anonymous_12)
FN:119,(anonymous_13)
FN:122,(anonymous_14)
FN:172,(anonymous_15)
FN:173,(anonymous_16)
FN:184,(anonymous_17)
FNF:18
FNH:0
FNDA:0,(anonymous_0)
FNDA:0,(anonymous_1)
FNDA:0,(anonymous_2)
FNDA:0,(anonymous_3)
FNDA:0,(anonymous_4)
FNDA:0,(anonymous_5)
FNDA:0,(anonymous_6)
FNDA:0,(anonymous_7)
FNDA:0,(anonymous_8)
FNDA:0,(anonymous_9)
FNDA:0,(anonymous_10)
FNDA:0,(anonymous_11)
FNDA:0,(anonymous_12)
FNDA:0,(anonymous_13)
FNDA:0,(anonymous_14)
FNDA:0,(anonymous_15)
FNDA:0,(anonymous_16)
FNDA:0,(anonymous_17)
DA:21,0
DA:22,0
DA:23,0
DA:37,0
DA:38,0
DA:40,0
DA:44,0
DA:45,0
DA:46,0
DA:48,0
DA:49,0
DA:51,0
DA:52,0
DA:53,0
DA:54,0
DA:55,0
DA:57,0
DA:58,0
DA:59,0
DA:60,0
DA:62,0
DA:67,0
DA:68,0
DA:69,0
DA:73,0
DA:74,0
DA:77,0
DA:78,0
DA:79,0
DA:82,0
DA:83,0
DA:84,0
DA:85,0
DA:86,0
DA:87,0
DA:88,0
DA:92,0
DA:93,0
DA:94,0
DA:99,0
DA:100,0
DA:101,0
DA:102,0
DA:105,0
DA:106,0
DA:109,0
DA:110,0
DA:111,0
DA:112,0
DA:120,0
DA:121,0
DA:122,0
DA:123,0
DA:125,0
DA:168,0
DA:184,0
DA:185,0
DA:186,0
DA:187,0
DA:188,0
LF:60
LH:0
BRDA:27,0,0,0
BRDA:27,0,1,0
BRDA:38,1,0,0
BRDA:38,1,1,0
BRDA:51,2,0,0
BRDA:51,2,1,0
BRDA:52,3,0,0
BRDA:52,3,1,0
BRDA:54,4,0,0
BRDA:54,4,1,0
BRDA:57,5,0,0
BRDA:57,5,1,0
BRDA:58,6,0,0
BRDA:58,6,1,0
BRDA:67,7,0,0
BRDA:67,7,1,0
BRDA:77,8,0,0
BRDA:79,9,0,0
BRDA:79,9,1,0
BRDA:79,10,0,0
BRDA:79,10,1,0
BRDA:85,11,0,0
BRDA:85,11,1,0
BRDA:86,12,0,0
BRDA:86,12,1,0
BRDA:87,13,0,0
BRDA:87,13,1,0
BRDA:185,14,0,0
BRDA:185,14,1,0
BRDA:185,15,0,0
BRDA:185,15,1,0
BRDA:186,16,0,0
BRDA:186,16,1,0
BRDA:187,17,0,0
BRDA:187,17,1,0
BRF:35
BRH:0
end_of_record
TN:
SF:/home/psp/gocomet/frontend-service/components/admin/report/Details/UIView/ColumnSelection/styles.jsx
FNF:0
FNH:0
DA:8,0
DA:26,0
DA:30,0
DA:34,0
DA:38,0
DA:44,0
DA:49,0
DA:55,0
DA:60,0
DA:68,0
DA:72,0
DA:84,0
DA:109,0
LF:13
LH:0
BRF:0
BRH:0
end_of_record
TN:
SF:/home/psp/gocomet/frontend-service/components/admin/report/Details/UIView/ColumnSelection/SelectedColumns/Columns.jsx
FN:10,(anonymous_0)
FN:17,(anonymous_1)
FN:48,(anonymous_2)
FN:61,(anonymous_3)
FN:86,(anonymous_4)
FNF:5
FNH:0
FNDA:0,(anonymous_0)
FNDA:0,(anonymous_1)
FNDA:0,(anonymous_2)
FNDA:0,(anonymous_3)
FNDA:0,(anonymous_4)
DA:8,0
DA:10,0
DA:13,0
DA:15,0
DA:18,0
DA:19,0
DA:21,0
DA:22,0
DA:24,0
DA:25,0
DA:28,0
DA:29,0
DA:30,0
DA:31,0
DA:32,0
DA:33,0
DA:36,0
DA:37,0
DA:40,0
DA:42,0
DA:46,0
DA:48,0
DA:53,0
DA:55,0
DA:61,0
DA:80,0
LF:26
LH:0
BRDA:18,0,0,0
BRDA:18,0,1,0
BRDA:24,1,0,0
BRDA:24,1,1,0
BRDA:32,2,0,0
BRDA:32,2,1,0
BRDA:32,3,0,0
BRDA:32,3,1,0
BRDA:36,4,0,0
BRDA:36,4,1,0
BRDA:36,5,0,0
BRDA:36,5,1,0
BRDA:57,6,0,0
BRDA:57,6,1,0
BRDA:63,7,0,0
BRDA:63,7,1,0
BRDA:70,8,0,0
BRDA:70,8,1,0
BRF:18
BRH:0
end_of_record
TN:
SF:/home/psp/gocomet/frontend-service/components/admin/report/Details/UIView/ColumnSelection/SelectedColumns/TextInputs.jsx
FN:7,(anonymous_0)
FN:13,(anonymous_1)
FN:21,(anonymous_2)
FNF:3
FNH:0
FNDA:0,(anonymous_0)
FNDA:0,(anonymous_1)
FNDA:0,(anonymous_2)
DA:7,0
DA:8,0
DA:10,0
DA:14,0
DA:16,0
DA:21,0
DA:48,0
LF:7
LH:0
BRDA:13,0,0,0
BRDA:13,0,1,0
BRDA:14,1,0,0
BRDA:14,1,1,0
BRF:4
BRH:0
end_of_record
TN:
SF:/home/psp/gocomet/frontend-service/components/admin/report/Details/UIView/ColumnSelection/SelectedColumns/index.jsx
FN:7,(anonymous_0)
FN:20,(anonymous_1)
FNF:2
FNH:0
FNDA:0,(anonymous_0)
FNDA:0,(anonymous_1)
DA:7,0
DA:10,0
DA:11,0
DA:14,0
DA:15,0
DA:18,0
DA:23,0
DA:24,0
LF:8
LH:0
BRDA:10,0,0,0
BRDA:10,0,1,0
BRDA:14,1,0,0
BRDA:14,1,1,0
BRF:4
BRH:0
end_of_record
TN:
SF:/home/psp/gocomet/frontend-service/components/admin/report/Details/UIView/Filters/helpers.jsx
FN:12,(anonymous_0)
FN:14,(anonymous_1)
FN:16,(anonymous_2)
FN:19,(anonymous_3)
FN:30,(anonymous_4)
FN:32,(anonymous_5)
FN:34,(anonymous_6)
FN:36,(anonymous_7)
FN:38,(anonymous_8)
FN:40,(anonymous_9)
FN:44,(anonymous_10)
FN:61,(anonymous_11)
FN:76,(anonymous_12)
FN:91,(anonymous_13)
FN:118,(anonymous_14)
FN:137,(anonymous_15)
FN:148,(anonymous_16)
FNF:17
FNH:0
FNDA:0,(anonymous_0)
FNDA:0,(anonymous_1)
FNDA:0,(anonymous_2)
FNDA:0,(anonymous_3)
FNDA:0,(anonymous_4)
FNDA:0,(anonymous_5)
FNDA:0,(anonymous_6)
FNDA:0,(anonymous_7)
FNDA:0,(anonymous_8)
FNDA:0,(anonymous_9)
FNDA:0,(anonymous_10)
FNDA:0,(anonymous_11)
FNDA:0,(anonymous_12)
FNDA:0,(anonymous_13)
FNDA:0,(anonymous_14)
FNDA:0,(anonymous_15)
FNDA:0,(anonymous_16)
DA:8,0
DA:12,0
DA:14,0
DA:15,0
DA:16,0
DA:17,0
DA:18,0
DA:19,0
DA:20,0
DA:21,0
DA:27,0
DA:30,0
DA:32,0
DA:34,0
DA:36,0
DA:38,0
DA:40,0
DA:44,0
DA:45,0
DA:47,0
DA:61,0
DA:62,0
DA:63,0
DA:64,0
DA:67,0
DA:76,0
DA:77,0
DA:79,0
DA:80,0
DA:83,0
DA:92,0
DA:93,0
DA:94,0
DA:97,0
DA:118,0
DA:121,0
DA:122,0
DA:124,0
DA:131,0
DA:137,0
DA:142,0
DA:148,0
LF:42
LH:0
BRDA:12,0,0,0
BRDA:12,0,1,0
BRDA:16,1,0,0
BRDA:16,1,1,0
BRDA:18,2,0,0
BRDA:18,2,1,0
BRDA:19,3,0,0
BRDA:19,3,1,0
BRDA:20,4,0,0
BRDA:20,4,1,0
BRDA:30,5,0,0
BRDA:30,5,1,0
BRDA:48,6,0,0
BRDA:48,6,1,0
BRDA:62,7,0,0
BRDA:62,7,1,0
BRDA:63,8,0,0
BRDA:63,8,1,0
BRDA:63,9,0,0
BRDA:63,9,1,0
BRDA:79,10,0,0
BRDA:79,10,1,0
BRDA:79,11,0,0
BRDA:79,11,1,0
BRDA:79,11,2,0
BRDA:79,12,0,0
BRDA:79,12,1,0
BRDA:90,13,0,0
BRDA:90,13,1,0
BRDA:92,14,0,0
BRDA:92,14,1,0
BRDA:93,15,0,0
BRDA:93,15,1,0
BRDA:122,16,0,0
BRDA:122,16,1,0
BRDA:124,17,0,0
BRDA:124,17,1,0
BRDA:125,18,0,0
BRDA:125,18,1,0
BRDA:125,18,2,0
BRDA:125,18,3,0
BRDA:125,18,4,0
BRDA:135,19,0,0
BRDA:135,19,1,0
BRDA:136,20,0,0
BRDA:136,20,1,0
BRDA:146,21,0,0
BRDA:146,21,1,0
BRDA:147,22,0,0
BRDA:147,22,1,0
BRF:50
BRH:0
end_of_record
TN:
SF:/home/psp/gocomet/frontend-service/components/admin/report/Details/UIView/Filters/index.jsx
FN:13,(anonymous_0)
FN:18,(anonymous_1)
FN:47,(anonymous_2)
FN:48,(anonymous_3)
FN:58,(anonymous_4)
FNF:5
FNH:0
FNDA:0,(anonymous_0)
FNDA:0,(anonymous_1)
FNDA:0,(anonymous_2)
FNDA:0,(anonymous_3)
FNDA:0,(anonymous_4)
DA:13,0
DA:14,0
DA:15,0
DA:19,0
DA:20,0
DA:22,0
DA:44,0
DA:58,0
DA:59,0
DA:60,0
LF:10
LH:0
BRDA:59,0,0,0
BRDA:59,0,1,0
BRDA:59,1,0,0
BRDA:59,1,1,0
BRF:4
BRH:0
end_of_record
TN:
SF:/home/psp/gocomet/frontend-service/components/admin/report/Details/UIView/Filters/styles.jsx
FNF:0
FNH:0
DA:8,0
DA:14,0
DA:25,0
DA:32,0
DA:40,0
DA:46,0
DA:51,0
DA:75,0
DA:80,0
DA:84,0
DA:97,0
DA:102,0
DA:106,0
DA:111,0
DA:120,0
DA:128,0
DA:146,0
DA:150,0
LF:18
LH:0
BRF:0
BRH:0
end_of_record
TN:
SF:/home/psp/gocomet/frontend-service/components/admin/report/Details/UIView/Filters/FilterOperation/Card.jsx
FN:41,(anonymous_0)
FN:53,(anonymous_1)
FN:69,(anonymous_2)
FN:70,(anonymous_3)
FN:71,(anonymous_4)
FN:75,(anonymous_5)
FN:95,(anonymous_6)
FN:101,(anonymous_7)
FN:110,(anonymous_8)
FN:121,(anonymous_9)
FN:132,(anonymous_10)
FN:137,(anonymous_11)
FN:164,(anonymous_12)
FN:173,(anonymous_13)
FN:179,(anonymous_14)
FN:190,(anonymous_15)
FN:216,(anonymous_16)
FN:236,(anonymous_17)
FN:240,(anonymous_18)
FN:247,(anonymous_19)
FN:258,(anonymous_20)
FN:266,(anonymous_21)
FN:276,(anonymous_22)
FN:288,(anonymous_23)
FN:296,(anonymous_24)
FN:311,(anonymous_25)
FN:328,(anonymous_26)
FN:329,(anonymous_27)
FN:330,(anonymous_28)
FN:331,(anonymous_29)
FN:332,(anonymous_30)
FN:333,(anonymous_31)
FN:334,(anonymous_32)
FN:335,(anonymous_33)
FN:336,(anonymous_34)
FN:337,(anonymous_35)
FN:338,(anonymous_36)
FN:358,(anonymous_37)
FNF:38
FNH:0
FNDA:0,(anonymous_0)
FNDA:0,(anonymous_1)
FNDA:0,(anonymous_2)
FNDA:0,(anonymous_3)
FNDA:0,(anonymous_4)
FNDA:0,(anonymous_5)
FNDA:0,(anonymous_6)
FNDA:0,(anonymous_7)
FNDA:0,(anonymous_8)
FNDA:0,(anonymous_9)
FNDA:0,(anonymous_10)
FNDA:0,(anonymous_11)
FNDA:0,(anonymous_12)
FNDA:0,(anonymous_13)
FNDA:0,(anonymous_14)
FNDA:0,(anonymous_15)
FNDA:0,(anonymous_16)
FNDA:0,(anonymous_17)
FNDA:0,(anonymous_18)
FNDA:0,(anonymous_19)
FNDA:0,(anonymous_20)
FNDA:0,(anonymous_21)
FNDA:0,(anonymous_22)
FNDA:0,(anonymous_23)
FNDA:0,(anonymous_24)
FNDA:0,(anonymous_25)
FNDA:0,(anonymous_26)
FNDA:0,(anonymous_27)
FNDA:0,(anonymous_28)
FNDA:0,(anonymous_29)
FNDA:0,(anonymous_30)
FNDA:0,(anonymous_31)
FNDA:0,(anonymous_32)
FNDA:0,(anonymous_33)
FNDA:0,(anonymous_34)
FNDA:0,(anonymous_35)
FNDA:0,(anonymous_36)
FNDA:0,(anonymous_37)
DA:38,0
DA:41,0
DA:48,0
DA:49,0
DA:50,0
DA:52,0
DA:53,0
DA:54,0
DA:55,0
DA:59,0
DA:69,0
DA:70,0
DA:72,0
DA:76,0
DA:77,0
DA:95,0
DA:102,0
DA:111,0
DA:122,0
DA:132,0
DA:133,0
DA:134,0
DA:153,0
DA:156,0
DA:158,0
DA:159,0
DA:161,0
DA:165,0
DA:173,0
DA:180,0
DA:191,0
DA:216,0
DA:237,0
DA:241,0
DA:248,0
DA:259,0
DA:267,0
DA:277,0
DA:289,0
DA:297,0
DA:312,0
DA:324,0
DA:358,0
DA:359,0
DA:360,0
DA:361,0
DA:363,0
LF:47
LH:0
BRDA:49,0,0,0
BRDA:49,0,1,0
BRDA:54,1,0,0
BRDA:54,1,1,0
BRDA:55,2,0,0
BRDA:55,2,1,0
BRDA:66,3,0,0
BRDA:66,3,1,0
BRDA:67,4,0,0
BRDA:67,4,1,0
BRDA:87,5,0,0
BRDA:87,5,1,0
BRDA:89,6,0,0
BRDA:89,6,1,0
BRDA:94,7,0,0
BRDA:94,7,1,0
BRDA:97,8,0,0
BRDA:97,8,1,0
BRDA:107,9,0,0
BRDA:107,9,1,0
BRDA:109,10,0,0
BRDA:109,10,1,0
BRDA:111,11,0,0
BRDA:111,11,1,0
BRDA:116,12,0,0
BRDA:116,12,1,0
BRDA:116,12,2,0
BRDA:156,13,0,0
BRDA:156,13,1,0
BRDA:159,14,0,0
BRDA:159,14,1,0
BRDA:169,15,0,0
BRDA:169,15,1,0
BRDA:176,16,0,0
BRDA:176,16,1,0
BRDA:188,17,0,0
BRDA:188,17,1,0
BRDA:190,18,0,0
BRDA:190,18,1,0
BRDA:231,19,0,0
BRDA:231,19,1,0
BRDA:234,20,0,0
BRDA:234,20,1,0
BRDA:236,21,0,0
BRDA:236,21,1,0
BRDA:241,22,0,0
BRDA:241,22,1,0
BRDA:256,23,0,0
BRDA:256,23,1,0
BRDA:258,24,0,0
BRDA:258,24,1,0
BRDA:260,25,0,0
BRDA:260,25,1,0
BRDA:262,26,0,0
BRDA:262,26,1,0
BRDA:264,27,0,0
BRDA:264,27,1,0
BRDA:272,28,0,0
BRDA:272,28,1,0
BRDA:274,29,0,0
BRDA:274,29,1,0
BRDA:282,30,0,0
BRDA:282,30,1,0
BRDA:282,30,2,0
BRDA:285,31,0,0
BRDA:285,31,1,0
BRDA:286,32,0,0
BRDA:286,32,1,0
BRDA:289,33,0,0
BRDA:289,33,1,0
BRDA:310,34,0,0
BRDA:310,34,1,0
BRDA:312,35,0,0
BRDA:312,35,1,0
BRDA:359,36,0,0
BRDA:359,36,1,0
BRDA:359,37,0,0
BRDA:359,37,1,0
BRDA:360,38,0,0
BRDA:360,38,1,0
BRDA:361,39,0,0
BRDA:361,39,1,0
BRF:82
BRH:0
end_of_record
TN:
SF:/home/psp/gocomet/frontend-service/components/admin/report/Details/UIView/Filters/FilterOperation/index.jsx
FN:21,(anonymous_0)
FN:26,(anonymous_1)
FN:31,(anonymous_2)
FN:36,(anonymous_3)
FN:41,(anonymous_4)
FN:46,(anonymous_5)
FN:51,(anonymous_6)
FN:56,(anonymous_7)
FN:61,(anonymous_8)
FN:66,(anonymous_9)
FN:71,(anonymous_10)
FN:78,(anonymous_11)
FN:124,(anonymous_12)
FN:125,(anonymous_13)
FN:126,(anonymous_14)
FN:127,(anonymous_15)
FN:128,(anonymous_16)
FN:129,(anonymous_17)
FN:130,(anonymous_18)
FN:131,(anonymous_19)
FN:132,(anonymous_20)
FN:133,(anonymous_21)
FNF:22
FNH:0
FNDA:0,(anonymous_0)
FNDA:0,(anonymous_1)
FNDA:0,(anonymous_2)
FNDA:0,(anonymous_3)
FNDA:0,(anonymous_4)
FNDA:0,(anonymous_5)
FNDA:0,(anonymous_6)
FNDA:0,(anonymous_7)
FNDA:0,(anonymous_8)
FNDA:0,(anonymous_9)
FNDA:0,(anonymous_10)
FNDA:0,(anonymous_11)
FNDA:0,(anonymous_12)
FNDA:0,(anonymous_13)
FNDA:0,(anonymous_14)
FNDA:0,(anonymous_15)
FNDA:0,(anonymous_16)
FNDA:0,(anonymous_17)
FNDA:0,(anonymous_18)
FNDA:0,(anonymous_19)
FNDA:0,(anonymous_20)
FNDA:0,(anonymous_21)
DA:21,0
DA:22,0
DA:23,0
DA:26,0
DA:27,0
DA:28,0
DA:31,0
DA:32,0
DA:33,0
DA:36,0
DA:37,0
DA:38,0
DA:41,0
DA:42,0
DA:43,0
DA:46,0
DA:47,0
DA:48,0
DA:51,0
DA:52,0
DA:53,0
DA:56,0
DA:57,0
DA:58,0
DA:61,0
DA:62,0
DA:63,0
DA:66,0
DA:67,0
DA:68,0
DA:72,0
DA:73,0
DA:79,0
DA:80,0
DA:123,0
LF:35
LH:0
BRDA:75,0,0,0
BRDA:75,0,1,0
BRDA:75,1,0,0
BRDA:75,1,1,0
BRDA:78,2,0,0
BRDA:78,2,1,0
BRF:6
BRH:0
end_of_record
TN:
SF:/home/psp/gocomet/frontend-service/components/admin/report/Details/UIView/History/helpers.jsx
FN:4,(anonymous_0)
FN:4,(anonymous_1)
FN:6,(anonymous_2)
FN:19,(anonymous_3)
FN:22,(anonymous_4)
FN:46,(anonymous_5)
FNF:6
FNH:0
FNDA:0,(anonymous_0)
FNDA:0,(anonymous_1)
FNDA:0,(anonymous_2)
FNDA:0,(anonymous_3)
FNDA:0,(anonymous_4)
FNDA:0,(anonymous_5)
DA:4,0
DA:6,0
DA:7,0
DA:8,0
DA:9,0
DA:17,0
DA:18,0
DA:19,0
DA:20,0
DA:21,0
DA:22,0
DA:23,0
DA:25,0
DA:33,0
DA:34,0
DA:35,0
DA:43,0
DA:46,0
DA:47,0
DA:48,0
DA:58,0
DA:59,0
DA:62,0
DA:63,0
DA:65,0
LF:25
LH:0
BRDA:4,0,0,0
BRDA:4,0,1,0
BRDA:7,1,0,0
BRDA:7,1,1,0
BRDA:8,2,0,0
BRDA:8,2,1,0
BRDA:17,3,0,0
BRDA:17,3,1,0
BRDA:18,4,0,0
BRDA:18,4,1,0
BRDA:21,5,0,0
BRDA:21,5,1,0
BRDA:22,6,0,0
BRDA:22,6,1,0
BRDA:22,7,0,0
BRDA:22,7,1,0
BRDA:33,8,0,0
BRDA:33,8,1,0
BRDA:34,9,0,0
BRDA:34,9,1,0
BRDA:47,10,0,0
BRDA:47,10,1,0
BRDA:58,11,0,0
BRDA:58,11,1,0
BRDA:62,12,0,0
BRDA:62,12,1,0
BRF:26
BRH:0
end_of_record
TN:
SF:/home/psp/gocomet/frontend-service/components/admin/report/Details/UIView/History/index.jsx
FN:16,(anonymous_0)
FN:19,(anonymous_1)
FN:23,(anonymous_2)
FN:23,(anonymous_3)
FN:39,(anonymous_4)
FN:43,(anonymous_5)
FN:57,(anonymous_6)
FN:109,(anonymous_7)
FN:110,(anonymous_8)
FN:122,(anonymous_9)
FNF:10
FNH:0
FNDA:0,(anonymous_0)
FNDA:0,(anonymous_1)
FNDA:0,(anonymous_2)
FNDA:0,(anonymous_3)
FNDA:0,(anonymous_4)
FNDA:0,(anonymous_5)
FNDA:0,(anonymous_6)
FNDA:0,(anonymous_7)
FNDA:0,(anonymous_8)
FNDA:0,(anonymous_9)
DA:16,0
DA:19,0
DA:20,0
DA:23,0
DA:24,0
DA:25,0
DA:27,0
DA:39,0
DA:40,0
DA:42,0
DA:43,0
DA:44,0
DA:45,0
DA:58,0
DA:71,0
DA:74,0
DA:104,0
DA:122,0
DA:123,0
DA:124,0
DA:125,0
LF:21
LH:0
BRDA:23,0,0,0
BRDA:23,0,1,0
BRDA:25,1,0,0
BRDA:25,1,1,0
BRDA:32,2,0,0
BRDA:32,2,1,0
BRDA:40,3,0,0
BRDA:40,3,1,0
BRDA:43,4,0,0
BRDA:43,4,1,0
BRDA:54,5,0,0
BRDA:54,5,1,0
BRDA:54,6,0,0
BRDA:54,6,1,0
BRDA:56,7,0,0
BRDA:56,7,1,0
BRDA:81,8,0,0
BRDA:81,8,1,0
BRDA:90,9,0,0
BRDA:90,9,1,0
BRDA:90,10,0,0
BRDA:90,10,1,0
BRDA:123,11,0,0
BRDA:123,11,1,0
BRDA:123,12,0,0
BRDA:123,12,1,0
BRDA:124,13,0,0
BRDA:124,13,1,0
BRF:28
BRH:0
end_of_record
TN:
SF:/home/psp/gocomet/frontend-service/components/admin/report/Details/UIView/History/styles.jsx
FNF:0
FNH:0
DA:5,0
DA:40,0
DA:48,0
DA:56,0
DA:61,0
DA:67,0
LF:6
LH:0
BRF:0
BRH:0
end_of_record
TN:
SF:/home/psp/gocomet/frontend-service/components/admin/report/Details/UIView/LimitSort/Limit.jsx
FN:17,(anonymous_0)
FN:34,(anonymous_1)
FN:42,(anonymous_2)
FN:51,(anonymous_3)
FN:56,(anonymous_4)
FN:72,(anonymous_5)
FN:73,(anonymous_6)
FN:74,(anonymous_7)
FN:75,(anonymous_8)
FN:87,(anonymous_9)
FNF:10
FNH:0
FNDA:0,(anonymous_0)
FNDA:0,(anonymous_1)
FNDA:0,(anonymous_2)
FNDA:0,(anonymous_3)
FNDA:0,(anonymous_4)
FNDA:0,(anonymous_5)
FNDA:0,(anonymous_6)
FNDA:0,(anonymous_7)
FNDA:0,(anonymous_8)
FNDA:0,(anonymous_9)
DA:17,0
DA:25,0
DA:35,0
DA:37,0
DA:42,0
DA:51,0
DA:57,0
DA:69,0
DA:87,0
DA:88,0
DA:89,0
DA:90,0
DA:91,0
LF:13
LH:0
BRDA:31,0,0,0
BRDA:31,0,1,0
BRDA:31,1,0,0
BRDA:31,1,1,0
BRDA:34,2,0,0
BRDA:34,2,1,0
BRDA:50,3,0,0
BRDA:50,3,1,0
BRDA:51,4,0,0
BRDA:51,4,1,0
BRDA:88,5,0,0
BRDA:88,5,1,0
BRDA:88,6,0,0
BRDA:88,6,1,0
BRDA:89,7,0,0
BRDA:89,7,1,0
BRDA:90,8,0,0
BRDA:90,8,1,0
BRF:18
BRH:0
end_of_record
TN:
SF:/home/psp/gocomet/frontend-service/components/admin/report/Details/UIView/LimitSort/Sort.jsx
FN:17,(anonymous_0)
FN:33,(anonymous_1)
FN:40,(anonymous_2)
FN:44,(anonymous_3)
FN:53,(anonymous_4)
FN:69,(anonymous_5)
FN:70,(anonymous_6)
FN:71,(anonymous_7)
FN:72,(anonymous_8)
FN:84,(anonymous_9)
FNF:10
FNH:0
FNDA:0,(anonymous_0)
FNDA:0,(anonymous_1)
FNDA:0,(anonymous_2)
FNDA:0,(anonymous_3)
FNDA:0,(anonymous_4)
FNDA:0,(anonymous_5)
FNDA:0,(anonymous_6)
FNDA:0,(anonymous_7)
FNDA:0,(anonymous_8)
FNDA:0,(anonymous_9)
DA:17,0
DA:25,0
DA:34,0
DA:35,0
DA:40,0
DA:44,0
DA:54,0
DA:66,0
DA:84,0
DA:85,0
DA:86,0
DA:87,0
DA:88,0
LF:13
LH:0
BRDA:30,0,0,0
BRDA:30,0,1,0
BRDA:30,1,0,0
BRDA:30,1,1,0
BRDA:33,2,0,0
BRDA:33,2,1,0
BRDA:44,3,0,0
BRDA:44,3,1,0
BRDA:85,4,0,0
BRDA:85,4,1,0
BRDA:85,5,0,0
BRDA:85,5,1,0
BRDA:86,6,0,0
BRDA:86,6,1,0
BRDA:87,7,0,0
BRDA:87,7,1,0
BRF:16
BRH:0
end_of_record
TN:
SF:/home/psp/gocomet/frontend-service/components/admin/report/Details/UIView/LimitSort/index.jsx
FN:14,(anonymous_0)
FN:16,(anonymous_1)
FN:21,(anonymous_2)
FN:31,(anonymous_3)
FN:58,(anonymous_4)
FN:68,(anonymous_5)
FNF:6
FNH:0
FNDA:0,(anonymous_0)
FNDA:0,(anonymous_1)
FNDA:0,(anonymous_2)
FNDA:0,(anonymous_3)
FNDA:0,(anonymous_4)
FNDA:0,(anonymous_5)
DA:14,0
DA:15,0
DA:16,0
DA:17,0
DA:18,0
DA:21,0
DA:22,0
DA:23,0
DA:26,0
DA:27,0
DA:32,0
DA:33,0
DA:35,0
DA:54,0
DA:68,0
DA:71,0
DA:72,0
DA:73,0
DA:74,0
LF:19
LH:0
BRDA:18,0,0,0
BRDA:18,0,1,0
BRDA:23,1,0,0
BRDA:23,1,1,0
BRDA:26,2,0,0
BRDA:26,2,1,0
BRDA:26,3,0,0
BRDA:26,3,1,0
BRDA:45,4,0,0
BRDA:45,4,1,0
BRDA:45,4,2,0
BRDA:71,5,0,0
BRDA:71,5,1,0
BRDA:71,6,0,0
BRDA:71,6,1,0
BRDA:72,7,0,0
BRDA:72,7,1,0
BRDA:73,8,0,0
BRDA:73,8,1,0
BRF:19
BRH:0
end_of_record
TN:
SF:/home/psp/gocomet/frontend-service/components/admin/report/Details/UIView/LimitSort/styles.jsx
FNF:0
FNH:0
DA:5,0
DA:9,0
DA:18,0
DA:27,0
DA:37,0
DA:41,0
DA:43,0
LF:7
LH:0
BRF:0
BRH:0
end_of_record
TN:
SF:/home/psp/gocomet/frontend-service/components/admin/report/Details/UIView/MergeSheets/helpers.jsx
FN:4,(anonymous_0)
FN:5,(anonymous_1)
FN:14,(anonymous_2)
FN:24,(anonymous_3)
FN:36,(anonymous_4)
FN:40,(anonymous_5)
FN:51,(anonymous_6)
FN:68,(anonymous_7)
FN:89,(anonymous_8)
FN:102,(anonymous_9)
FN:110,(anonymous_10)
FN:150,(anonymous_11)
FNF:12
FNH:0
FNDA:0,(anonymous_0)
FNDA:0,(anonymous_1)
FNDA:0,(anonymous_2)
FNDA:0,(anonymous_3)
FNDA:0,(anonymous_4)
FNDA:0,(anonymous_5)
FNDA:0,(anonymous_6)
FNDA:0,(anonymous_7)
FNDA:0,(anonymous_8)
FNDA:0,(anonymous_9)
FNDA:0,(anonymous_10)
FNDA:0,(anonymous_11)
DA:4,0
DA:5,0
DA:10,0
DA:14,0
DA:15,0
DA:16,0
DA:21,0
DA:24,0
DA:25,0
DA:26,0
DA:27,0
DA:29,0
DA:30,0
DA:32,0
DA:36,0
DA:37,0
DA:38,0
DA:39,0
DA:40,0
DA:45,0
DA:47,0
DA:51,0
DA:52,0
DA:53,0
DA:58,0
DA:59,0
DA:60,0
DA:62,0
DA:68,0
DA:69,0
DA:75,0
DA:84,0
DA:86,0
DA:89,0
DA:90,0
DA:91,0
DA:99,0
DA:102,0
DA:110,0
DA:113,0
DA:114,0
DA:115,0
DA:116,0
DA:117,0
DA:120,0
DA:147,0
DA:150,0
DA:151,0
DA:152,0
DA:171,0
LF:50
LH:0
BRDA:26,0,0,0
BRDA:26,0,1,0
BRDA:38,1,0,0
BRDA:38,1,1,0
BRDA:52,2,0,0
BRDA:52,2,1,0
BRDA:75,3,0,0
BRDA:75,3,1,0
BRDA:75,4,0,0
BRDA:75,4,1,0
BRDA:75,4,2,0
BRDA:75,4,3,0
BRDA:75,4,4,0
BRDA:75,4,5,0
BRDA:75,4,6,0
BRDA:75,4,7,0
BRDA:135,5,0,0
BRDA:135,5,1,0
BRF:18
BRH:0
end_of_record
TN:
SF:/home/psp/gocomet/frontend-service/components/admin/report/Details/UIView/MergeSheets/index.jsx
FN:30,(anonymous_0)
FN:37,(anonymous_1)
FN:44,(anonymous_2)
FN:75,(anonymous_3)
FN:113,(anonymous_4)
FN:136,(anonymous_5)
FN:156,(anonymous_6)
FN:179,(anonymous_7)
FN:198,(anonymous_8)
FN:213,(anonymous_9)
FN:219,(anonymous_10)
FN:233,(anonymous_11)
FN:304,(anonymous_12)
FN:305,(anonymous_13)
FN:306,(anonymous_14)
FN:324,(anonymous_15)
FNF:16
FNH:0
FNDA:0,(anonymous_0)
FNDA:0,(anonymous_1)
FNDA:0,(anonymous_2)
FNDA:0,(anonymous_3)
FNDA:0,(anonymous_4)
FNDA:0,(anonymous_5)
FNDA:0,(anonymous_6)
FNDA:0,(anonymous_7)
FNDA:0,(anonymous_8)
FNDA:0,(anonymous_9)
FNDA:0,(anonymous_10)
FNDA:0,(anonymous_11)
FNDA:0,(anonymous_12)
FNDA:0,(anonymous_13)
FNDA:0,(anonymous_14)
FNDA:0,(anonymous_15)
DA:24,0
DA:31,0
DA:32,0
DA:33,0
DA:34,0
DA:37,0
DA:38,0
DA:39,0
DA:40,0
DA:44,0
DA:45,0
DA:47,0
DA:48,0
DA:49,0
DA:51,0
DA:52,0
DA:53,0
DA:54,0
DA:56,0
DA:57,0
DA:58,0
DA:59,0
DA:61,0
DA:75,0
DA:81,0
DA:83,0
DA:84,0
DA:85,0
DA:86,0
DA:90,0
DA:91,0
DA:92,0
DA:94,0
DA:99,0
DA:101,0
DA:104,0
DA:105,0
DA:113,0
DA:114,0
DA:116,0
DA:117,0
DA:119,0
DA:120,0
DA:121,0
DA:123,0
DA:124,0
DA:126,0
DA:130,0
DA:132,0
DA:136,0
DA:139,0
DA:141,0
DA:142,0
DA:143,0
DA:145,0
DA:146,0
DA:147,0
DA:148,0
DA:150,0
DA:156,0
DA:157,0
DA:158,0
DA:160,0
DA:161,0
DA:170,0
DA:171,0
DA:174,0
DA:175,0
DA:179,0
DA:180,0
DA:182,0
DA:183,0
DA:188,0
DA:189,0
DA:192,0
DA:198,0
DA:199,0
DA:201,0
DA:202,0
DA:204,0
DA:206,0
DA:208,0
DA:213,0
DA:214,0
DA:225,0
DA:227,0
DA:228,0
DA:230,0
DA:234,0
DA:296,0
DA:324,0
DA:327,0
DA:328,0
LF:93
LH:0
BRDA:67,0,0,0
BRDA:67,0,1,0
BRDA:85,1,0,0
BRDA:85,1,1,0
BRDA:91,2,0,0
BRDA:91,2,1,0
BRDA:101,3,0,0
BRDA:101,3,1,0
BRDA:104,4,0,0
BRDA:104,4,1,0
BRDA:104,5,0,0
BRDA:104,5,1,0
BRDA:119,6,0,0
BRDA:119,6,1,0
BRDA:119,7,0,0
BRDA:119,7,1,0
BRDA:188,8,0,0
BRDA:188,8,1,0
BRDA:188,9,0,0
BRDA:188,9,1,0
BRDA:245,10,0,0
BRDA:245,10,1,0
BRDA:327,11,0,0
BRDA:327,11,1,0
BRDA:327,12,0,0
BRDA:327,12,1,0
BRF:26
BRH:0
end_of_record
TN:
SF:/home/psp/gocomet/frontend-service/components/admin/report/Details/UIView/MergeSheets/styles.jsx
FNF:0
FNH:0
DA:4,0
DA:12,0
DA:20,0
DA:24,0
LF:4
LH:0
BRF:0
BRH:0
end_of_record
TN:
SF:/home/psp/gocomet/frontend-service/components/admin/report/Details/UIView/MergeSheets/MergeSheetCard/index.jsx
FN:11,(anonymous_0)
FN:13,(anonymous_1)
FN:21,(anonymous_2)
FN:29,(anonymous_3)
FN:37,(anonymous_4)
FN:49,(anonymous_5)
FN:63,(anonymous_6)
FN:69,(anonymous_7)
FN:84,(anonymous_8)
FN:98,(anonymous_9)
FN:105,(anonymous_10)
FNF:11
FNH:0
FNDA:0,(anonymous_0)
FNDA:0,(anonymous_1)
FNDA:0,(anonymous_2)
FNDA:0,(anonymous_3)
FNDA:0,(anonymous_4)
FNDA:0,(anonymous_5)
FNDA:0,(anonymous_6)
FNDA:0,(anonymous_7)
FNDA:0,(anonymous_8)
FNDA:0,(anonymous_9)
FNDA:0,(anonymous_10)
DA:8,0
DA:11,0
DA:13,0
DA:14,0
DA:15,0
DA:17,0
DA:21,0
DA:26,0
DA:27,0
DA:29,0
DA:30,0
DA:34,0
DA:37,0
DA:38,0
DA:41,0
DA:49,0
DA:63,0
DA:70,0
DA:84,0
DA:98,0
DA:106,0
LF:21
LH:0
BRDA:12,0,0,0
BRDA:12,1,0,0
BRDA:14,2,0,0
BRDA:14,2,1,0
BRDA:14,3,0,0
BRDA:14,3,1,0
BRDA:14,3,2,0
BRDA:51,4,0,0
BRDA:51,4,1,0
BRDA:69,5,0,0
BRDA:69,5,1,0
BRDA:104,6,0,0
BRDA:104,6,1,0
BRDA:105,7,0,0
BRDA:105,7,1,0
BRF:15
BRH:0
end_of_record
TN:
SF:/home/psp/gocomet/frontend-service/components/admin/report/Details/UIView/MergeSheets/MergeSheetCard/styles.jsx
FNF:0
FNH:0
DA:5,0
DA:17,0
DA:24,0
DA:46,0
DA:52,0
LF:5
LH:0
BRF:0
BRH:0
end_of_record
TN:
SF:/home/psp/gocomet/frontend-service/components/admin/report/Details/UIView/Style/index.jsx
FN:16,(anonymous_0)
FN:19,(anonymous_1)
FN:33,(anonymous_2)
FN:73,(anonymous_3)
FN:87,(anonymous_4)
FNF:5
FNH:0
FNDA:0,(anonymous_0)
FNDA:0,(anonymous_1)
FNDA:0,(anonymous_2)
FNDA:0,(anonymous_3)
FNDA:0,(anonymous_4)
DA:13,0
DA:16,0
DA:17,0
DA:18,0
DA:19,0
DA:20,0
DA:21,0
DA:24,0
DA:28,0
DA:34,0
DA:35,0
DA:36,0
DA:38,0
DA:69,0
DA:87,0
DA:88,0
DA:90,0
LF:17
LH:0
BRDA:20,0,0,0
BRDA:20,0,1,0
BRDA:49,1,0,0
BRDA:49,1,1,0
BRDA:88,2,0,0
BRDA:88,2,1,0
BRDA:88,3,0,0
BRDA:88,3,1,0
BRF:8
BRH:0
end_of_record
TN:
SF:/home/psp/gocomet/frontend-service/components/admin/report/Details/UIView/Style/styles.jsx
FNF:0
FNH:0
DA:4,0
DA:8,0
LF:2
LH:0
BRF:0
BRH:0
end_of_record
TN:
SF:/home/psp/gocomet/frontend-service/components/admin/report/Details/UIView/common/components.jsx
FN:9,(anonymous_0)
FN:15,(anonymous_1)
FN:27,(anonymous_2)
FN:29,(anonymous_3)
FN:31,(anonymous_4)
FN:52,(anonymous_5)
FN:63,(anonymous_6)
FN:66,(anonymous_7)
FN:68,(anonymous_8)
FN:88,(anonymous_9)
FN:109,(anonymous_10)
FN:112,(anonymous_11)
FN:124,(anonymous_12)
FNF:13
FNH:0
FNDA:0,(anonymous_0)
FNDA:0,(anonymous_1)
FNDA:0,(anonymous_2)
FNDA:0,(anonymous_3)
FNDA:0,(anonymous_4)
FNDA:0,(anonymous_5)
FNDA:0,(anonymous_6)
FNDA:0,(anonymous_7)
FNDA:0,(anonymous_8)
FNDA:0,(anonymous_9)
FNDA:0,(anonymous_10)
FNDA:0,(anonymous_11)
FNDA:0,(anonymous_12)
DA:7,0
DA:9,0
DA:10,0
DA:11,0
DA:12,0
DA:15,0
DA:16,0
DA:18,0
DA:27,0
DA:29,0
DA:32,0
DA:34,0
DA:52,0
DA:53,0
DA:55,0
DA:63,0
DA:66,0
DA:69,0
DA:70,0
DA:88,0
DA:89,0
DA:106,0
DA:112,0
DA:113,0
DA:122,0
DA:124,0
DA:125,0
DA:126,0
DA:127,0
DA:128,0
DA:129,0
DA:136,0
DA:140,0
LF:33
LH:0
BRDA:24,0,0,0
BRDA:24,0,1,0
BRDA:25,1,0,0
BRDA:25,1,1,0
BRDA:31,2,0,0
BRDA:31,2,1,0
BRDA:32,3,0,0
BRDA:32,3,1,0
BRDA:61,4,0,0
BRDA:61,4,1,0
BRDA:62,5,0,0
BRDA:62,5,1,0
BRDA:68,6,0,0
BRDA:68,6,1,0
BRDA:69,7,0,0
BRDA:69,7,1,0
BRDA:92,8,0,0
BRDA:92,8,1,0
BRDA:93,9,0,0
BRDA:93,9,1,0
BRDA:125,10,0,0
BRDA:125,10,1,0
BRDA:126,11,0,0
BRDA:126,11,1,0
BRDA:127,12,0,0
BRDA:127,12,1,0
BRDA:128,13,0,0
BRDA:128,13,1,0
BRF:28
BRH:0
end_of_record
TN:
SF:/home/psp/gocomet/frontend-service/components/admin/report/Details/UIView/common/index.jsx
FN:1,(anonymous_0)
FN:3,(anonymous_1)
FN:21,(anonymous_2)
FN:21,(anonymous_3)
FNF:4
FNH:0
FNDA:0,(anonymous_0)
FNDA:0,(anonymous_1)
FNDA:0,(anonymous_2)
FNDA:0,(anonymous_3)
DA:1,0
DA:3,0
DA:4,0
DA:5,0
DA:7,0
DA:8,0
DA:15,0
DA:18,0
DA:21,0
DA:22,0
DA:23,0
DA:24,0
DA:25,0
DA:27,0
LF:14
LH:0
BRDA:4,0,0,0
BRDA:4,0,1,0
BRDA:8,1,0,0
BRDA:8,1,1,0
BRDA:9,2,0,0
BRDA:9,2,1,0
BRDA:9,3,0,0
BRDA:9,3,1,0
BRDA:13,4,0,0
BRDA:13,4,1,0
BRDA:22,5,0,0
BRDA:22,5,1,0
BRDA:23,6,0,0
BRDA:23,6,1,0
BRDA:24,7,0,0
BRDA:24,7,1,0
BRDA:25,8,0,0
BRDA:25,8,1,0
BRF:18
BRH:0
end_of_record
TN:
SF:/home/psp/gocomet/frontend-service/components/admin/report/Details/UIView/common/styles.jsx
FNF:0
FNH:0
DA:6,0
DA:22,0
DA:32,0
DA:36,0
DA:43,0
DA:56,0
DA:61,0
DA:65,0
DA:72,0
DA:79,0
DA:83,0
DA:93,0
DA:111,0
DA:136,0
DA:140,0
DA:146,0
DA:151,0
DA:163,0
DA:170,0
LF:19
LH:0
BRF:0
BRH:0
end_of_record
TN:
SF:/home/psp/gocomet/frontend-service/components/admin/report/Fields/index.jsx
FN:24,(anonymous_0)
FN:30,(anonymous_1)
FN:33,(anonymous_2)
FN:47,(anonymous_3)
FN:99,(anonymous_4)
FN:104,(anonymous_5)
FN:127,(anonymous_6)
FN:128,(anonymous_7)
FN:129,(anonymous_8)
FN:148,(anonymous_9)
FNF:10
FNH:0
FNDA:0,(anonymous_0)
FNDA:0,(anonymous_1)
FNDA:0,(anonymous_2)
FNDA:0,(anonymous_3)
FNDA:0,(anonymous_4)
FNDA:0,(anonymous_5)
FNDA:0,(anonymous_6)
FNDA:0,(anonymous_7)
FNDA:0,(anonymous_8)
FNDA:0,(anonymous_9)
DA:18,0
DA:19,0
DA:22,0
DA:24,0
DA:25,0
DA:26,0
DA:27,0
DA:30,0
DA:31,0
DA:32,0
DA:33,0
DA:34,0
DA:35,0
DA:37,0
DA:42,0
DA:56,0
DA:57,0
DA:58,0
DA:59,0
DA:61,0
DA:100,0
DA:101,0
DA:105,0
DA:106,0
DA:120,0
DA:148,0
DA:151,0
DA:152,0
DA:153,0
LF:29
LH:0
BRDA:34,0,0,0
BRDA:34,0,1,0
BRDA:38,1,0,0
BRDA:38,1,1,0
BRDA:63,2,0,0
BRDA:63,2,1,0
BRDA:74,3,0,0
BRDA:74,3,1,0
BRDA:104,4,0,0
BRDA:104,4,1,0
BRDA:105,5,0,0
BRDA:105,5,1,0
BRDA:151,6,0,0
BRDA:151,6,1,0
BRDA:151,7,0,0
BRDA:151,7,1,0
BRDA:152,8,0,0
BRDA:152,8,1,0
BRF:18
BRH:0
end_of_record
TN:
SF:/home/psp/gocomet/frontend-service/components/admin/report/Fields/styles.jsx
FNF:0
FNH:0
DA:4,0
DA:8,0
LF:2
LH:0
BRF:0
BRH:0
end_of_record
TN:
SF:/home/psp/gocomet/frontend-service/components/admin/report/common/index.jsx
FN:1,(anonymous_0)
FN:18,(anonymous_1)
FN:44,(anonymous_2)
FN:45,(anonymous_3)
FN:46,(anonymous_4)
FNF:5
FNH:0
FNDA:0,(anonymous_0)
FNDA:0,(anonymous_1)
FNDA:0,(anonymous_2)
FNDA:0,(anonymous_3)
FNDA:0,(anonymous_4)
DA:1,0
DA:2,0
DA:3,0
DA:6,0
DA:9,0
DA:15,0
DA:18,0
DA:20,0
DA:31,0
DA:44,0
DA:45,0
DA:46,0
LF:12
LH:0
BRDA:45,0,0,0
BRDA:45,0,1,0
BRDA:45,1,0,0
BRDA:45,1,1,0
BRF:4
BRH:0
end_of_record
TN:
SF:/home/psp/gocomet/frontend-service/components/admin/report/common/shimmers.jsx
FN:7,(anonymous_0)
FN:19,(anonymous_1)
FN:41,(anonymous_2)
FNF:3
FNH:0
FNDA:0,(anonymous_0)
FNDA:0,(anonymous_1)
FNDA:0,(anonymous_2)
DA:7,0
DA:8,0
DA:20,0
DA:41,0
LF:4
LH:0
BRF:0
BRH:0
end_of_record
TN:
SF:/home/psp/gocomet/frontend-service/components/admin/user-management/common.jsx
FN:9,(anonymous_0)
FN:32,(anonymous_1)
FN:36,(anonymous_2)
FN:37,(anonymous_3)
FN:44,(anonymous_4)
FN:60,(anonymous_5)
FN:65,(anonymous_6)
FN:70,(anonymous_7)
FN:80,(anonymous_8)
FN:94,(anonymous_9)
FN:104,(anonymous_10)
FN:117,(anonymous_11)
FN:122,(anonymous_12)
FN:129,(anonymous_13)
FN:137,(anonymous_14)
FN:153,(anonymous_15)
FN:158,(anonymous_16)
FN:173,(anonymous_17)
FN:182,(anonymous_18)
FN:201,(anonymous_19)
FN:206,(anonymous_20)
FN:215,(anonymous_21)
FNF:22
FNH:0
FNDA:0,(anonymous_0)
FNDA:0,(anonymous_1)
FNDA:0,(anonymous_2)
FNDA:0,(anonymous_3)
FNDA:0,(anonymous_4)
FNDA:0,(anonymous_5)
FNDA:0,(anonymous_6)
FNDA:0,(anonymous_7)
FNDA:0,(anonymous_8)
FNDA:0,(anonymous_9)
FNDA:0,(anonymous_10)
FNDA:0,(anonymous_11)
FNDA:0,(anonymous_12)
FNDA:0,(anonymous_13)
FNDA:0,(anonymous_14)
FNDA:0,(anonymous_15)
FNDA:0,(anonymous_16)
FNDA:0,(anonymous_17)
FNDA:0,(anonymous_18)
FNDA:0,(anonymous_19)
FNDA:0,(anonymous_20)
FNDA:0,(anonymous_21)
DA:9,0
DA:10,0
DA:11,0
DA:12,0
DA:13,0
DA:14,0
DA:16,0
DA:18,0
DA:20,0
DA:21,0
DA:22,0
DA:23,0
DA:25,0
DA:27,0
DA:29,0
DA:32,0
DA:34,0
DA:35,0
DA:36,0
DA:37,0
DA:39,0
DA:40,0
DA:41,0
DA:44,0
DA:51,0
DA:60,0
DA:65,0
DA:71,0
DA:72,0
DA:74,0
DA:81,0
DA:82,0
DA:83,0
DA:94,0
DA:104,0
DA:113,0
DA:114,0
DA:117,0
DA:119,0
DA:122,0
DA:124,0
DA:126,0
DA:129,0
DA:137,0
DA:138,0
DA:139,0
DA:142,0
DA:143,0
DA:146,0
DA:149,0
DA:153,0
DA:159,0
DA:160,0
DA:161,0
DA:173,0
DA:182,0
DA:196,0
DA:197,0
DA:201,0
DA:206,0
DA:211,0
DA:215,0
DA:226,0
DA:228,0
LF:64
LH:0
BRDA:10,0,0,0
BRDA:10,0,1,0
BRDA:11,1,0,0
BRDA:11,1,1,0
BRDA:12,2,0,0
BRDA:12,2,1,0
BRDA:12,3,0,0
BRDA:12,3,1,0
BRDA:13,4,0,0
BRDA:13,4,1,0
BRDA:13,5,0,0
BRDA:13,5,1,0
BRDA:20,6,0,0
BRDA:20,6,1,0
BRDA:21,7,0,0
BRDA:21,7,1,0
BRDA:21,8,0,0
BRDA:21,8,1,0
BRDA:22,9,0,0
BRDA:22,9,1,0
BRDA:22,10,0,0
BRDA:22,10,1,0
BRDA:49,11,0,0
BRDA:60,12,0,0
BRDA:60,12,1,0
BRDA:71,13,0,0
BRDA:71,13,1,0
BRDA:81,14,0,0
BRDA:81,14,1,0
BRDA:100,15,0,0
BRDA:100,15,1,0
BRDA:101,16,0,0
BRDA:101,16,1,0
BRDA:113,17,0,0
BRDA:113,17,1,0
BRDA:117,18,0,0
BRDA:117,18,1,0
BRDA:117,19,0,0
BRDA:117,19,1,0
BRDA:122,20,0,0
BRDA:122,20,1,0
BRDA:122,21,0,0
BRDA:122,21,1,0
BRDA:138,22,0,0
BRDA:138,22,1,0
BRDA:142,23,0,0
BRDA:142,23,1,0
BRDA:153,24,0,0
BRDA:153,24,1,0
BRDA:159,25,0,0
BRDA:159,25,1,0
BRDA:163,26,0,0
BRDA:163,26,1,0
BRDA:169,27,0,0
BRDA:169,27,1,0
BRDA:171,28,0,0
BRDA:171,28,1,0
BRDA:196,29,0,0
BRDA:196,29,1,0
BRF:59
BRH:0
end_of_record
TN:
SF:/home/psp/gocomet/frontend-service/components/admin/user-management/helper.jsx
FN:2,(anonymous_0)
FN:3,(anonymous_1)
FNF:2
FNH:0
FNDA:0,(anonymous_0)
FNDA:0,(anonymous_1)
DA:2,0
DA:3,0
DA:4,0
DA:6,0
DA:7,0
DA:13,0
DA:14,0
DA:24,0
DA:28,0
DA:32,0
LF:10
LH:0
BRDA:3,0,0,0
BRDA:4,1,0,0
BRDA:4,1,1,0
BRDA:8,2,0,0
BRDA:8,2,1,0
BRDA:9,3,0,0
BRDA:9,3,1,0
BRDA:10,4,0,0
BRDA:10,4,1,0
BRDA:14,5,0,0
BRDA:14,5,1,0
BRDA:16,6,0,0
BRDA:16,6,1,0
BRDA:16,7,0,0
BRDA:16,7,1,0
BRDA:21,8,0,0
BRDA:21,8,1,0
BRF:17
BRH:0
end_of_record
TN:
SF:/home/psp/gocomet/frontend-service/components/admin/user-management/companies/EditDrawer.jsx
FN:12,(anonymous_0)
FN:28,(anonymous_1)
FN:275,(anonymous_2)
FN:279,(anonymous_3)
FN:298,(anonymous_4)
FN:332,(anonymous_5)
FN:333,(anonymous_6)
FN:334,(anonymous_7)
FN:335,(anonymous_8)
FN:338,(anonymous_9)
FNF:10
FNH:0
FNDA:0,(anonymous_0)
FNDA:0,(anonymous_1)
FNDA:0,(anonymous_2)
FNDA:0,(anonymous_3)
FNDA:0,(anonymous_4)
FNDA:0,(anonymous_5)
FNDA:0,(anonymous_6)
FNDA:0,(anonymous_7)
FNDA:0,(anonymous_8)
FNDA:0,(anonymous_9)
DA:12,0
DA:24,0
DA:25,0
DA:26,0
DA:27,0
DA:28,0
DA:29,0
DA:30,0
DA:34,0
DA:35,0
DA:146,0
DA:189,0
DA:190,0
DA:275,0
DA:276,0
DA:277,0
DA:279,0
DA:280,0
DA:281,0
DA:283,0
DA:298,0
DA:325,0
DA:338,0
DA:339,0
DA:341,0
LF:25
LH:0
BRDA:25,0,0,0
BRDA:25,0,1,0
BRDA:26,1,0,0
BRDA:26,1,1,0
BRDA:27,2,0,0
BRDA:27,2,1,0
BRDA:29,3,0,0
BRDA:29,3,1,0
BRDA:152,4,0,0
BRDA:152,4,1,0
BRDA:152,5,0,0
BRDA:152,5,1,0
BRDA:160,6,0,0
BRDA:160,6,1,0
BRDA:168,7,0,0
BRDA:168,7,1,0
BRDA:168,8,0,0
BRDA:168,8,1,0
BRDA:176,9,0,0
BRDA:176,9,1,0
BRDA:176,10,0,0
BRDA:176,10,1,0
BRDA:183,11,0,0
BRDA:183,11,1,0
BRDA:184,12,0,0
BRDA:184,12,1,0
BRDA:185,13,0,0
BRDA:185,13,1,0
BRDA:189,14,0,0
BRDA:189,14,1,0
BRDA:196,15,0,0
BRDA:196,15,1,0
BRDA:197,16,0,0
BRDA:197,16,1,0
BRDA:208,17,0,0
BRDA:208,17,1,0
BRDA:209,18,0,0
BRDA:209,18,1,0
BRDA:216,19,0,0
BRDA:216,19,1,0
BRDA:216,20,0,0
BRDA:216,20,1,0
BRDA:217,21,0,0
BRDA:217,21,1,0
BRDA:219,22,0,0
BRDA:219,22,1,0
BRDA:219,23,0,0
BRDA:219,23,1,0
BRDA:220,24,0,0
BRDA:220,24,1,0
BRDA:228,25,0,0
BRDA:228,25,1,0
BRDA:228,26,0,0
BRDA:228,26,1,0
BRDA:228,27,0,0
BRDA:228,27,1,0
BRDA:230,28,0,0
BRDA:230,28,1,0
BRDA:230,29,0,0
BRDA:230,29,1,0
BRDA:230,30,0,0
BRDA:230,30,1,0
BRDA:238,31,0,0
BRDA:238,31,1,0
BRDA:238,32,0,0
BRDA:238,32,1,0
BRDA:239,33,0,0
BRDA:239,33,1,0
BRDA:241,34,0,0
BRDA:241,34,1,0
BRDA:241,35,0,0
BRDA:241,35,1,0
BRDA:242,36,0,0
BRDA:242,36,1,0
BRDA:250,37,0,0
BRDA:250,37,1,0
BRDA:250,38,0,0
BRDA:250,38,1,0
BRDA:251,39,0,0
BRDA:251,39,1,0
BRDA:253,40,0,0
BRDA:253,40,1,0
BRDA:253,41,0,0
BRDA:253,41,1,0
BRDA:254,42,0,0
BRDA:254,42,1,0
BRDA:261,43,0,0
BRDA:261,43,1,0
BRDA:261,44,0,0
BRDA:261,44,1,0
BRDA:261,45,0,0
BRDA:261,45,1,0
BRDA:262,46,0,0
BRDA:262,46,1,0
BRDA:262,47,0,0
BRDA:262,47,1,0
BRDA:262,48,0,0
BRDA:262,48,1,0
BRDA:270,49,0,0
BRDA:270,49,1,0
BRDA:279,50,0,0
BRDA:280,51,0,0
BRDA:280,51,1,0
BRDA:285,52,0,0
BRDA:285,52,1,0
BRDA:292,53,0,0
BRDA:292,53,1,0
BRDA:298,54,0,0
BRDA:298,54,1,0
BRDA:338,55,0,0
BRF:110
BRH:0
end_of_record
TN:
SF:/home/psp/gocomet/frontend-service/components/admin/user-management/companies/index.jsx
FN:38,(anonymous_0)
FN:54,(anonymous_1)
FN:63,(anonymous_2)
FN:73,(anonymous_3)
FN:83,(anonymous_4)
FN:88,(anonymous_5)
FN:92,(anonymous_6)
FN:96,(anonymous_7)
FN:105,(anonymous_8)
FN:106,(anonymous_9)
FN:113,(anonymous_10)
FN:129,(anonymous_11)
FN:161,(anonymous_12)
FN:169,(anonymous_13)
FN:173,(anonymous_14)
FN:184,(anonymous_15)
FN:189,(anonymous_16)
FN:227,(anonymous_17)
FN:244,(anonymous_18)
FN:259,(anonymous_19)
FN:341,(anonymous_20)
FN:342,(anonymous_21)
FN:343,(anonymous_22)
FN:344,(anonymous_23)
FN:345,(anonymous_24)
FN:346,(anonymous_25)
FN:347,(anonymous_26)
FN:348,(anonymous_27)
FN:349,(anonymous_28)
FN:352,(anonymous_29)
FNF:30
FNH:0
FNDA:0,(anonymous_0)
FNDA:0,(anonymous_1)
FNDA:0,(anonymous_2)
FNDA:0,(anonymous_3)
FNDA:0,(anonymous_4)
FNDA:0,(anonymous_5)
FNDA:0,(anonymous_6)
FNDA:0,(anonymous_7)
FNDA:0,(anonymous_8)
FNDA:0,(anonymous_9)
FNDA:0,(anonymous_10)
FNDA:0,(anonymous_11)
FNDA:0,(anonymous_12)
FNDA:0,(anonymous_13)
FNDA:0,(anonymous_14)
FNDA:0,(anonymous_15)
FNDA:0,(anonymous_16)
FNDA:0,(anonymous_17)
FNDA:0,(anonymous_18)
FNDA:0,(anonymous_19)
FNDA:0,(anonymous_20)
FNDA:0,(anonymous_21)
FNDA:0,(anonymous_22)
FNDA:0,(anonymous_23)
FNDA:0,(anonymous_24)
FNDA:0,(anonymous_25)
FNDA:0,(anonymous_26)
FNDA:0,(anonymous_27)
FNDA:0,(anonymous_28)
FNDA:0,(anonymous_29)
DA:39,0
DA:40,0
DA:54,0
DA:55,0
DA:56,0
DA:57,0
DA:58,0
DA:59,0
DA:63,0
DA:64,0
DA:65,0
DA:66,0
DA:67,0
DA:73,0
DA:74,0
DA:75,0
DA:76,0
DA:77,0
DA:79,0
DA:83,0
DA:84,0
DA:85,0
DA:88,0
DA:89,0
DA:92,0
DA:93,0
DA:96,0
DA:97,0
DA:98,0
DA:99,0
DA:101,0
DA:105,0
DA:106,0
DA:113,0
DA:114,0
DA:115,0
DA:116,0
DA:117,0
DA:122,0
DA:124,0
DA:129,0
DA:130,0
DA:133,0
DA:135,0
DA:136,0
DA:153,0
DA:155,0
DA:156,0
DA:158,0
DA:161,0
DA:162,0
DA:169,0
DA:170,0
DA:173,0
DA:174,0
DA:175,0
DA:176,0
DA:177,0
DA:179,0
DA:181,0
DA:184,0
DA:185,0
DA:186,0
DA:198,0
DA:206,0
DA:207,0
DA:209,0
DA:227,0
DA:245,0
DA:259,0
DA:333,0
DA:352,0
DA:353,0
DA:360,0
DA:361,0
DA:362,0
LF:76
LH:0
BRDA:38,0,0,0
BRDA:57,1,0,0
BRDA:57,1,1,0
BRDA:66,2,0,0
BRDA:66,2,1,0
BRDA:66,3,0,0
BRDA:66,3,1,0
BRDA:66,4,0,0
BRDA:66,4,1,0
BRDA:73,5,0,0
BRDA:76,6,0,0
BRDA:76,6,1,0
BRDA:98,7,0,0
BRDA:98,7,1,0
BRDA:105,8,0,0
BRDA:105,9,0,0
BRDA:106,10,0,0
BRDA:116,11,0,0
BRDA:116,11,1,0
BRDA:119,12,0,0
BRDA:119,12,1,0
BRDA:135,13,0,0
BRDA:135,13,1,0
BRDA:139,14,0,0
BRDA:139,14,1,0
BRDA:139,15,0,0
BRDA:139,15,1,0
BRDA:141,16,0,0
BRDA:141,16,1,0
BRDA:141,17,0,0
BRDA:141,17,1,0
BRDA:143,18,0,0
BRDA:143,18,1,0
BRDA:143,19,0,0
BRDA:143,19,1,0
BRDA:145,20,0,0
BRDA:145,20,1,0
BRDA:145,21,0,0
BRDA:145,21,1,0
BRDA:146,22,0,0
BRDA:146,22,1,0
BRDA:146,23,0,0
BRDA:146,23,1,0
BRDA:147,24,0,0
BRDA:147,24,1,0
BRDA:147,25,0,0
BRDA:147,25,1,0
BRDA:148,26,0,0
BRDA:148,26,1,0
BRDA:148,27,0,0
BRDA:148,27,1,0
BRDA:148,28,0,0
BRDA:148,28,1,0
BRDA:149,29,0,0
BRDA:149,29,1,0
BRDA:149,30,0,0
BRDA:149,30,1,0
BRDA:149,31,0,0
BRDA:149,31,1,0
BRDA:150,32,0,0
BRDA:150,32,1,0
BRDA:151,33,0,0
BRDA:151,33,1,0
BRDA:151,34,0,0
BRDA:151,34,1,0
BRDA:153,35,0,0
BRDA:153,35,1,0
BRDA:163,36,0,0
BRDA:163,36,1,0
BRDA:176,37,0,0
BRDA:176,37,1,0
BRDA:200,38,0,0
BRDA:207,39,0,0
BRDA:207,40,0,0
BRDA:207,40,1,0
BRDA:212,41,0,0
BRDA:212,41,1,0
BRDA:213,42,0,0
BRDA:213,42,1,0
BRDA:223,43,0,0
BRDA:223,43,1,0
BRDA:254,44,0,0
BRDA:254,44,1,0
BRDA:274,45,0,0
BRDA:274,45,1,0
BRDA:286,46,0,0
BRDA:286,46,1,0
BRDA:295,47,0,0
BRDA:295,47,1,0
BRF:89
BRH:0
end_of_record
TN:
SF:/home/psp/gocomet/frontend-service/components/admin/user-management/companies/styles.jsx
FNF:0
FNH:0
DA:7,0
DA:44,0
DA:65,0
DA:96,0
DA:111,0
DA:120,0
DA:141,0
DA:207,0
DA:212,0
DA:216,0
LF:10
LH:0
BRF:0
BRH:0
end_of_record
TN:
SF:/home/psp/gocomet/frontend-service/components/admin/user-management/groups/helper.jsx
FN:20,(anonymous_0)
FN:42,(anonymous_1)
FN:45,(anonymous_2)
FN:69,(anonymous_3)
FN:82,(anonymous_4)
FN:83,(anonymous_5)
FN:88,(anonymous_6)
FN:114,(anonymous_7)
FN:166,(anonymous_8)
FN:167,(anonymous_9)
FN:168,(anonymous_10)
FN:169,(anonymous_11)
FN:171,(anonymous_12)
FN:175,(anonymous_13)
FN:200,(anonymous_14)
FN:202,(anonymous_15)
FN:229,(anonymous_16)
FN:290,(anonymous_17)
FN:315,(anonymous_18)
FN:316,(anonymous_19)
FNF:20
FNH:0
FNDA:0,(anonymous_0)
FNDA:0,(anonymous_1)
FNDA:0,(anonymous_2)
FNDA:0,(anonymous_3)
FNDA:0,(anonymous_4)
FNDA:0,(anonymous_5)
FNDA:0,(anonymous_6)
FNDA:0,(anonymous_7)
FNDA:0,(anonymous_8)
FNDA:0,(anonymous_9)
FNDA:0,(anonymous_10)
FNDA:0,(anonymous_11)
FNDA:0,(anonymous_12)
FNDA:0,(anonymous_13)
FNDA:0,(anonymous_14)
FNDA:0,(anonymous_15)
FNDA:0,(anonymous_16)
FNDA:0,(anonymous_17)
FNDA:0,(anonymous_18)
FNDA:0,(anonymous_19)
DA:18,0
DA:20,0
DA:21,0
DA:42,0
DA:43,0
DA:45,0
DA:46,0
DA:47,0
DA:48,0
DA:52,0
DA:69,0
DA:80,0
DA:88,0
DA:102,0
DA:115,0
DA:163,0
DA:175,0
DA:183,0
DA:200,0
DA:203,0
DA:229,0
DA:240,0
DA:260,0
DA:261,0
DA:276,0
DA:290,0
DA:310,0
LF:27
LH:0
BRDA:24,0,0,0
BRDA:24,0,1,0
BRDA:27,1,0,0
BRDA:27,1,1,0
BRDA:27,2,0,0
BRDA:27,2,1,0
BRDA:36,3,0,0
BRDA:36,3,1,0
BRDA:47,4,0,0
BRDA:47,4,1,0
BRDA:52,5,0,0
BRDA:52,5,1,0
BRDA:62,6,0,0
BRDA:62,6,1,0
BRDA:130,7,0,0
BRDA:130,7,1,0
BRDA:130,7,2,0
BRDA:202,8,0,0
BRDA:202,8,1,0
BRDA:247,9,0,0
BRDA:247,9,1,0
BRDA:256,10,0,0
BRDA:256,10,1,0
BRDA:260,11,0,0
BRDA:260,11,1,0
BRDA:270,12,0,0
BRDA:270,12,1,0
BRDA:271,13,0,0
BRDA:271,13,1,0
BRDA:278,14,0,0
BRDA:278,14,1,0
BRDA:286,15,0,0
BRDA:286,15,1,0
BRDA:290,16,0,0
BRF:34
BRH:0
end_of_record
TN:
SF:/home/psp/gocomet/frontend-service/components/admin/user-management/groups/index.jsx
FN:30,(anonymous_0)
FN:42,(anonymous_1)
FN:54,(anonymous_2)
FN:63,(anonymous_3)
FN:71,(anonymous_4)
FN:84,(anonymous_5)
FN:92,(anonymous_6)
FN:98,(anonymous_7)
FN:104,(anonymous_8)
FN:152,(anonymous_9)
FN:156,(anonymous_10)
FN:177,(anonymous_11)
FN:197,(anonymous_12)
FN:209,(anonymous_13)
FN:217,(anonymous_14)
FN:243,(anonymous_15)
FN:268,(anonymous_16)
FN:269,(anonymous_17)
FN:396,(anonymous_18)
FN:397,(anonymous_19)
FN:398,(anonymous_20)
FN:399,(anonymous_21)
FN:400,(anonymous_22)
FN:401,(anonymous_23)
FN:402,(anonymous_24)
FN:403,(anonymous_25)
FN:404,(anonymous_26)
FN:407,(anonymous_27)
FN:421,(anonymous_28)
FN:428,(anonymous_29)
FNF:30
FNH:0
FNDA:0,(anonymous_0)
FNDA:0,(anonymous_1)
FNDA:0,(anonymous_2)
FNDA:0,(anonymous_3)
FNDA:0,(anonymous_4)
FNDA:0,(anonymous_5)
FNDA:0,(anonymous_6)
FNDA:0,(anonymous_7)
FNDA:0,(anonymous_8)
FNDA:0,(anonymous_9)
FNDA:0,(anonymous_10)
FNDA:0,(anonymous_11)
FNDA:0,(anonymous_12)
FNDA:0,(anonymous_13)
FNDA:0,(anonymous_14)
FNDA:0,(anonymous_15)
FNDA:0,(anonymous_16)
FNDA:0,(anonymous_17)
FNDA:0,(anonymous_18)
FNDA:0,(anonymous_19)
FNDA:0,(anonymous_20)
FNDA:0,(anonymous_21)
FNDA:0,(anonymous_22)
FNDA:0,(anonymous_23)
FNDA:0,(anonymous_24)
FNDA:0,(anonymous_25)
FNDA:0,(anonymous_26)
FNDA:0,(anonymous_27)
FNDA:0,(anonymous_28)
FNDA:0,(anonymous_29)
DA:31,0
DA:32,0
DA:45,0
DA:46,0
DA:47,0
DA:48,0
DA:50,0
DA:55,0
DA:56,0
DA:57,0
DA:59,0
DA:63,0
DA:64,0
DA:65,0
DA:71,0
DA:74,0
DA:75,0
DA:76,0
DA:77,0
DA:78,0
DA:81,0
DA:83,0
DA:84,0
DA:92,0
DA:93,0
DA:94,0
DA:95,0
DA:96,0
DA:98,0
DA:104,0
DA:113,0
DA:115,0
DA:118,0
DA:119,0
DA:131,0
DA:135,0
DA:136,0
DA:147,0
DA:149,0
DA:152,0
DA:153,0
DA:156,0
DA:157,0
DA:158,0
DA:166,0
DA:168,0
DA:170,0
DA:171,0
DA:173,0
DA:177,0
DA:178,0
DA:186,0
DA:188,0
DA:190,0
DA:191,0
DA:193,0
DA:197,0
DA:198,0
DA:199,0
DA:200,0
DA:201,0
DA:209,0
DA:210,0
DA:211,0
DA:218,0
DA:251,0
DA:262,0
DA:263,0
DA:266,0
DA:269,0
DA:277,0
DA:381,0
DA:407,0
DA:408,0
DA:416,0
DA:417,0
DA:418,0
DA:419,0
DA:420,0
DA:421,0
DA:422,0
DA:423,0
DA:426,0
DA:428,0
DA:431,0
LF:85
LH:0
BRDA:38,0,0,0
BRDA:38,0,1,0
BRDA:46,1,0,0
BRDA:46,1,1,0
BRDA:47,2,0,0
BRDA:47,2,1,0
BRDA:57,3,0,0
BRDA:57,3,1,0
BRDA:75,4,0,0
BRDA:75,4,1,0
BRDA:76,5,0,0
BRDA:76,5,1,0
BRDA:76,6,0,0
BRDA:76,6,1,0
BRDA:76,7,0,0
BRDA:76,7,1,0
BRDA:76,8,0,0
BRDA:76,8,1,0
BRDA:77,9,0,0
BRDA:77,9,1,0
BRDA:81,10,0,0
BRDA:81,10,1,0
BRDA:83,11,0,0
BRDA:83,11,1,0
BRDA:88,12,0,0
BRDA:88,12,1,0
BRDA:94,13,0,0
BRDA:94,13,1,0
BRDA:98,14,0,0
BRDA:115,15,0,0
BRDA:115,15,1,0
BRDA:115,16,0,0
BRDA:115,16,1,0
BRDA:115,17,0,0
BRDA:115,17,1,0
BRDA:115,18,0,0
BRDA:115,18,1,0
BRDA:118,19,0,0
BRDA:118,19,1,0
BRDA:129,20,0,0
BRDA:129,20,1,0
BRDA:129,20,2,0
BRDA:145,21,0,0
BRDA:145,21,1,0
BRDA:147,22,0,0
BRDA:147,22,1,0
BRDA:152,23,0,0
BRDA:170,24,0,0
BRDA:170,24,1,0
BRDA:190,25,0,0
BRDA:190,25,1,0
BRDA:214,26,0,0
BRDA:214,26,1,0
BRDA:214,27,0,0
BRDA:214,27,1,0
BRDA:263,28,0,0
BRDA:263,28,1,0
BRDA:268,29,0,0
BRDA:268,29,1,0
BRDA:268,30,0,0
BRDA:269,31,0,0
BRDA:269,31,1,0
BRDA:270,32,0,0
BRDA:270,32,1,0
BRDA:279,33,0,0
BRDA:279,33,1,0
BRDA:282,34,0,0
BRDA:282,34,1,0
BRDA:282,35,0,0
BRDA:282,35,1,0
BRDA:283,36,0,0
BRDA:283,36,1,0
BRDA:289,37,0,0
BRDA:289,37,1,0
BRDA:318,38,0,0
BRDA:318,38,1,0
BRDA:318,38,2,0
BRDA:333,39,0,0
BRDA:333,39,1,0
BRDA:333,39,2,0
BRDA:417,40,0,0
BRDA:417,40,1,0
BRDA:418,41,0,0
BRDA:418,41,1,0
BRDA:419,42,0,0
BRDA:419,42,1,0
BRDA:420,43,0,0
BRDA:420,43,1,0
BRDA:422,44,0,0
BRDA:422,44,1,0
BRDA:443,45,0,0
BRDA:443,45,1,0
BRDA:443,46,0,0
BRDA:443,46,1,0
BRDA:448,47,0,0
BRDA:448,47,1,0
BRF:96
BRH:0
end_of_record
TN:
SF:/home/psp/gocomet/frontend-service/components/admin/user-management/groups/style.jsx
FNF:0
FNH:0
DA:5,0
DA:9,0
DA:15,0
LF:3
LH:0
BRF:0
BRH:0
end_of_record
TN:
SF:/home/psp/gocomet/frontend-service/components/admin/user-management/groups/CreateEditDrawer/helper.jsx
FN:40,(anonymous_0)
FN:42,(anonymous_1)
FN:44,(anonymous_2)
FN:45,(anonymous_3)
FN:46,(anonymous_4)
FN:49,(anonymous_5)
FN:51,(anonymous_6)
FN:81,(anonymous_7)
FNF:8
FNH:0
FNDA:0,(anonymous_0)
FNDA:0,(anonymous_1)
FNDA:0,(anonymous_2)
FNDA:0,(anonymous_3)
FNDA:0,(anonymous_4)
FNDA:0,(anonymous_5)
FNDA:0,(anonymous_6)
FNDA:0,(anonymous_7)
DA:8,0
DA:19,0
DA:40,0
DA:41,0
DA:42,0
DA:44,0
DA:45,0
DA:46,0
DA:49,0
DA:50,0
DA:51,0
DA:52,0
DA:53,0
DA:58,0
DA:59,0
DA:66,0
DA:67,0
DA:70,0
DA:73,0
DA:78,0
DA:81,0
DA:82,0
DA:90,0
DA:91,0
LF:24
LH:0
BRDA:42,0,0,0
BRDA:42,0,1,0
BRDA:42,0,2,0
BRDA:42,0,3,0
BRDA:42,0,4,0
BRDA:45,1,0,0
BRDA:45,1,1,0
BRDA:49,2,0,0
BRDA:49,2,1,0
BRDA:53,3,0,0
BRDA:53,3,1,0
BRDA:54,4,0,0
BRDA:54,4,1,0
BRDA:54,4,2,0
BRDA:58,5,0,0
BRDA:58,5,1,0
BRDA:58,6,0,0
BRDA:58,6,1,0
BRDA:59,7,0,0
BRDA:59,7,1,0
BRDA:59,8,0,0
BRDA:59,8,1,0
BRDA:66,9,0,0
BRDA:66,9,1,0
BRDA:67,10,0,0
BRDA:67,10,1,0
BRDA:90,11,0,0
BRDA:90,11,1,0
BRF:28
BRH:0
end_of_record
TN:
SF:/home/psp/gocomet/frontend-service/components/admin/user-management/groups/CreateEditDrawer/index.jsx
FN:41,(anonymous_0)
FN:54,(anonymous_1)
FN:65,(anonymous_2)
FN:81,(anonymous_3)
FN:95,(anonymous_4)
FN:103,(anonymous_5)
FN:108,(anonymous_6)
FN:125,(anonymous_7)
FN:133,(anonymous_8)
FN:147,(anonymous_9)
FN:157,(anonymous_10)
FN:169,(anonymous_11)
FN:176,(anonymous_12)
FN:183,(anonymous_13)
FN:183,(anonymous_14)
FN:201,(anonymous_15)
FN:208,(anonymous_16)
FN:218,(anonymous_17)
FN:228,(anonymous_18)
FN:234,(anonymous_19)
FN:250,(anonymous_20)
FN:260,(anonymous_21)
FN:275,(anonymous_22)
FN:283,(anonymous_23)
FN:287,(anonymous_24)
FN:292,(anonymous_25)
FN:301,(anonymous_26)
FN:307,(anonymous_27)
FN:316,(anonymous_28)
FN:320,(anonymous_29)
FN:322,(anonymous_30)
FN:325,(anonymous_31)
FN:331,(anonymous_32)
FN:334,(anonymous_33)
FN:339,(anonymous_34)
FN:347,(anonymous_35)
FN:348,(anonymous_36)
FN:362,(anonymous_37)
FN:363,(anonymous_38)
FN:365,(anonymous_39)
FN:377,(anonymous_40)
FN:378,(anonymous_41)
FN:380,(anonymous_42)
FN:393,(anonymous_43)
FN:394,(anonymous_44)
FN:396,(anonymous_45)
FN:405,(anonymous_46)
FN:424,(anonymous_47)
FN:427,(anonymous_48)
FN:440,(anonymous_49)
FN:441,(anonymous_50)
FN:442,(anonymous_51)
FN:447,(anonymous_52)
FN:458,(anonymous_53)
FN:459,(anonymous_54)
FN:475,(anonymous_55)
FN:476,(anonymous_56)
FN:477,(anonymous_57)
FN:482,(anonymous_58)
FN:491,(anonymous_59)
FN:509,(anonymous_60)
FN:563,(anonymous_61)
FN:567,(anonymous_62)
FN:581,(anonymous_63)
FN:583,(anonymous_64)
FN:588,(anonymous_65)
FNF:66
FNH:0
FNDA:0,(anonymous_0)
FNDA:0,(anonymous_1)
FNDA:0,(anonymous_2)
FNDA:0,(anonymous_3)
FNDA:0,(anonymous_4)
FNDA:0,(anonymous_5)
FNDA:0,(anonymous_6)
FNDA:0,(anonymous_7)
FNDA:0,(anonymous_8)
FNDA:0,(anonymous_9)
FNDA:0,(anonymous_10)
FNDA:0,(anonymous_11)
FNDA:0,(anonymous_12)
FNDA:0,(anonymous_13)
FNDA:0,(anonymous_14)
FNDA:0,(anonymous_15)
FNDA:0,(anonymous_16)
FNDA:0,(anonymous_17)
FNDA:0,(anonymous_18)
FNDA:0,(anonymous_19)
FNDA:0,(anonymous_20)
FNDA:0,(anonymous_21)
FNDA:0,(anonymous_22)
FNDA:0,(anonymous_23)
FNDA:0,(anonymous_24)
FNDA:0,(anonymous_25)
FNDA:0,(anonymous_26)
FNDA:0,(anonymous_27)
FNDA:0,(anonymous_28)
FNDA:0,(anonymous_29)
FNDA:0,(anonymous_30)
FNDA:0,(anonymous_31)
FNDA:0,(anonymous_32)
FNDA:0,(anonymous_33)
FNDA:0,(anonymous_34)
FNDA:0,(anonymous_35)
FNDA:0,(anonymous_36)
FNDA:0,(anonymous_37)
FNDA:0,(anonymous_38)
FNDA:0,(anonymous_39)
FNDA:0,(anonymous_40)
FNDA:0,(anonymous_41)
FNDA:0,(anonymous_42)
FNDA:0,(anonymous_43)
FNDA:0,(anonymous_44)
FNDA:0,(anonymous_45)
FNDA:0,(anonymous_46)
FNDA:0,(anonymous_47)
FNDA:0,(anonymous_48)
FNDA:0,(anonymous_49)
FNDA:0,(anonymous_50)
FNDA:0,(anonymous_51)
FNDA:0,(anonymous_52)
FNDA:0,(anonymous_53)
FNDA:0,(anonymous_54)
FNDA:0,(anonymous_55)
FNDA:0,(anonymous_56)
FNDA:0,(anonymous_57)
FNDA:0,(anonymous_58)
FNDA:0,(anonymous_59)
FNDA:0,(anonymous_60)
FNDA:0,(anonymous_61)
FNDA:0,(anonymous_62)
FNDA:0,(anonymous_63)
FNDA:0,(anonymous_64)
FNDA:0,(anonymous_65)
DA:34,0
DA:35,0
DA:37,0
DA:38,0
DA:42,0
DA:43,0
DA:55,0
DA:56,0
DA:57,0
DA:58,0
DA:59,0
DA:61,0
DA:66,0
DA:67,0
DA:68,0
DA:70,0
DA:71,0
DA:72,0
DA:73,0
DA:76,0
DA:81,0
DA:82,0
DA:83,0
DA:84,0
DA:92,0
DA:95,0
DA:96,0
DA:97,0
DA:98,0
DA:100,0
DA:103,0
DA:104,0
DA:105,0
DA:106,0
DA:108,0
DA:109,0
DA:110,0
DA:113,0
DA:114,0
DA:115,0
DA:117,0
DA:118,0
DA:119,0
DA:122,0
DA:125,0
DA:126,0
DA:127,0
DA:128,0
DA:130,0
DA:133,0
DA:134,0
DA:135,0
DA:136,0
DA:140,0
DA:142,0
DA:144,0
DA:147,0
DA:148,0
DA:149,0
DA:150,0
DA:151,0
DA:157,0
DA:158,0
DA:159,0
DA:160,0
DA:166,0
DA:169,0
DA:170,0
DA:171,0
DA:172,0
DA:173,0
DA:176,0
DA:177,0
DA:178,0
DA:179,0
DA:180,0
DA:183,0
DA:184,0
DA:185,0
DA:186,0
DA:188,0
DA:189,0
DA:190,0
DA:192,0
DA:196,0
DA:198,0
DA:201,0
DA:202,0
DA:203,0
DA:204,0
DA:205,0
DA:208,0
DA:209,0
DA:210,0
DA:211,0
DA:212,0
DA:213,0
DA:215,0
DA:218,0
DA:219,0
DA:220,0
DA:221,0
DA:223,0
DA:224,0
DA:228,0
DA:234,0
DA:241,0
DA:242,0
DA:250,0
DA:260,0
DA:267,0
DA:275,0
DA:283,0
DA:284,0
DA:286,0
DA:288,0
DA:289,0
DA:293,0
DA:301,0
DA:302,0
DA:303,0
DA:307,0
DA:308,0
DA:309,0
DA:316,0
DA:320,0
DA:322,0
DA:325,0
DA:331,0
DA:332,0
DA:333,0
DA:334,0
DA:337,0
DA:338,0
DA:339,0
DA:341,0
DA:347,0
DA:348,0
DA:362,0
DA:363,0
DA:366,0
DA:377,0
DA:378,0
DA:381,0
DA:393,0
DA:394,0
DA:397,0
DA:405,0
DA:421,0
DA:424,0
DA:425,0
DA:426,0
DA:427,0
DA:428,0
DA:440,0
DA:441,0
DA:442,0
DA:448,0
DA:458,0
DA:459,0
DA:475,0
DA:476,0
DA:477,0
DA:483,0
DA:491,0
DA:501,0
DA:517,0
DA:518,0
DA:526,0
DA:527,0
DA:528,0
DA:529,0
DA:563,0
DA:568,0
DA:581,0
DA:583,0
DA:589,0
LF:177
LH:0
BRDA:55,0,0,0
BRDA:56,1,0,0
BRDA:56,1,1,0
BRDA:57,2,0,0
BRDA:57,2,1,0
BRDA:58,3,0,0
BRDA:58,3,1,0
BRDA:67,4,0,0
BRDA:67,4,1,0
BRDA:70,5,0,0
BRDA:70,5,1,0
BRDA:72,6,0,0
BRDA:72,6,1,0
BRDA:109,7,0,0
BRDA:109,7,1,0
BRDA:113,8,0,0
BRDA:113,8,1,0
BRDA:113,9,0,0
BRDA:113,9,1,0
BRDA:117,10,0,0
BRDA:117,10,1,0
BRDA:117,11,0,0
BRDA:117,11,1,0
BRDA:117,11,2,0
BRDA:136,12,0,0
BRDA:136,12,1,0
BRDA:137,13,0,0
BRDA:137,13,1,0
BRDA:172,14,0,0
BRDA:172,14,1,0
BRDA:184,15,0,0
BRDA:184,15,1,0
BRDA:188,16,0,0
BRDA:188,16,1,0
BRDA:212,17,0,0
BRDA:212,18,0,0
BRDA:212,18,1,0
BRDA:219,19,0,0
BRDA:219,19,1,0
BRDA:220,20,0,0
BRDA:220,20,1,0
BRDA:223,21,0,0
BRDA:223,21,1,0
BRDA:229,22,0,0
BRDA:229,22,1,0
BRDA:229,23,0,0
BRDA:229,23,1,0
BRDA:229,24,0,0
BRDA:229,24,1,0
BRDA:235,25,0,0
BRDA:235,25,1,0
BRDA:235,26,0,0
BRDA:235,26,1,0
BRDA:235,27,0,0
BRDA:235,27,1,0
BRDA:241,28,0,0
BRDA:241,28,1,0
BRDA:249,29,0,0
BRDA:249,29,1,0
BRDA:259,30,0,0
BRDA:259,30,1,0
BRDA:288,31,0,0
BRDA:288,31,1,0
BRDA:288,32,0,0
BRDA:288,32,1,0
BRDA:289,33,0,0
BRDA:289,33,1,0
BRDA:302,34,0,0
BRDA:302,34,1,0
BRDA:317,35,0,0
BRDA:317,35,1,0
BRDA:318,36,0,0
BRDA:318,36,1,0
BRDA:334,37,0,0
BRDA:334,37,1,0
BRDA:337,38,0,0
BRDA:337,38,1,0
BRDA:338,39,0,0
BRDA:338,39,1,0
BRDA:339,40,0,0
BRDA:339,40,1,0
BRDA:373,41,0,0
BRDA:373,41,1,0
BRDA:376,42,0,0
BRDA:376,42,1,0
BRDA:389,43,0,0
BRDA:389,43,1,0
BRDA:405,44,0,0
BRDA:405,44,1,0
BRDA:415,45,0,0
BRDA:415,45,1,0
BRDA:415,45,2,0
BRDA:425,46,0,0
BRDA:427,47,0,0
BRDA:427,47,1,0
BRDA:439,48,0,0
BRDA:439,48,1,0
BRDA:439,49,0,0
BRDA:439,49,1,0
BRDA:447,50,0,0
BRDA:457,51,0,0
BRDA:457,51,1,0
BRDA:474,52,0,0
BRDA:474,52,1,0
BRDA:474,53,0,0
BRDA:474,53,1,0
BRDA:482,54,0,0
BRDA:497,55,0,0
BRDA:497,55,1,0
BRDA:503,56,0,0
BRDA:503,56,1,0
BRDA:522,57,0,0
BRDA:526,58,0,0
BRDA:526,58,1,0
BRDA:527,59,0,0
BRDA:527,59,1,0
BRDA:528,60,0,0
BRDA:528,60,1,0
BRDA:531,61,0,0
BRDA:531,61,1,0
BRDA:567,62,0,0
BRDA:575,63,0,0
BRDA:575,63,1,0
BRDA:580,64,0,0
BRDA:580,64,1,0
BRDA:588,65,0,0
BRDA:617,66,0,0
BRDA:617,66,1,0
BRF:128
BRH:0
end_of_record
TN:
SF:/home/psp/gocomet/frontend-service/components/client/dashboard/index.jsx
FN:32,(anonymous_0)
FN:50,(anonymous_1)
FN:62,(anonymous_2)
FN:75,(anonymous_3)
FN:80,(anonymous_4)
FN:84,(anonymous_5)
FN:92,(anonymous_6)
FN:96,(anonymous_7)
FN:100,(anonymous_8)
FN:218,(anonymous_9)
FNF:10
FNH:0
FNDA:0,(anonymous_0)
FNDA:0,(anonymous_1)
FNDA:0,(anonymous_2)
FNDA:0,(anonymous_3)
FNDA:0,(anonymous_4)
FNDA:0,(anonymous_5)
FNDA:0,(anonymous_6)
FNDA:0,(anonymous_7)
FNDA:0,(anonymous_8)
FNDA:0,(anonymous_9)
DA:22,0
DA:23,0
DA:24,0
DA:25,0
DA:33,0
DA:34,0
DA:35,0
DA:37,0
DA:38,0
DA:39,0
DA:40,0
DA:42,0
DA:51,0
DA:52,0
DA:53,0
DA:54,0
DA:55,0
DA:56,0
DA:57,0
DA:62,0
DA:63,0
DA:64,0
DA:65,0
DA:66,0
DA:69,0
DA:71,0
DA:75,0
DA:76,0
DA:77,0
DA:80,0
DA:81,0
DA:84,0
DA:85,0
DA:86,0
DA:87,0
DA:88,0
DA:89,0
DA:92,0
DA:93,0
DA:96,0
DA:97,0
DA:103,0
DA:104,0
DA:105,0
DA:106,0
DA:108,0
DA:212,0
DA:218,0
DA:219,0
DA:220,0
DA:221,0
DA:222,0
DA:223,0
DA:225,0
LF:54
LH:0
BRDA:35,0,0,0
BRDA:35,0,1,0
BRDA:38,1,0,0
BRDA:38,1,1,0
BRDA:39,2,0,0
BRDA:39,2,1,0
BRDA:39,3,0,0
BRDA:39,3,1,0
BRDA:40,4,0,0
BRDA:40,4,1,0
BRDA:40,5,0,0
BRDA:40,5,1,0
BRDA:52,6,0,0
BRDA:52,6,1,0
BRDA:52,7,0,0
BRDA:52,7,1,0
BRDA:53,8,0,0
BRDA:53,8,1,0
BRDA:56,9,0,0
BRDA:56,9,1,0
BRDA:56,10,0,0
BRDA:56,10,1,0
BRDA:63,11,0,0
BRDA:63,11,1,0
BRDA:65,12,0,0
BRDA:65,12,1,0
BRDA:65,13,0,0
BRDA:65,13,1,0
BRDA:86,14,0,0
BRDA:86,14,1,0
BRDA:87,15,0,0
BRDA:87,15,1,0
BRDA:88,16,0,0
BRDA:88,16,1,0
BRDA:105,17,0,0
BRDA:105,17,1,0
BRDA:106,18,0,0
BRDA:106,18,1,0
BRDA:111,19,0,0
BRDA:111,19,1,0
BRDA:130,20,0,0
BRDA:130,20,1,0
BRDA:131,21,0,0
BRDA:131,21,1,0
BRDA:132,22,0,0
BRDA:132,22,1,0
BRDA:147,23,0,0
BRDA:147,23,1,0
BRDA:150,24,0,0
BRDA:150,24,1,0
BRDA:154,25,0,0
BRDA:154,25,1,0
BRDA:154,25,2,0
BRDA:155,26,0,0
BRDA:155,26,1,0
BRDA:155,26,2,0
BRDA:156,27,0,0
BRDA:156,27,1,0
BRDA:156,27,2,0
BRDA:161,28,0,0
BRDA:161,28,1,0
BRDA:169,29,0,0
BRDA:169,29,1,0
BRDA:177,30,0,0
BRDA:177,30,1,0
BRDA:186,31,0,0
BRDA:186,31,1,0
BRDA:189,32,0,0
BRDA:189,32,1,0
BRDA:195,33,0,0
BRDA:195,33,1,0
BRDA:219,34,0,0
BRDA:219,34,1,0
BRDA:220,35,0,0
BRDA:220,35,1,0
BRDA:221,36,0,0
BRDA:221,36,1,0
BRDA:222,37,0,0
BRDA:222,37,1,0
BRDA:223,38,0,0
BRDA:223,38,1,0
BRF:81
BRH:0
end_of_record
TN:
SF:/home/psp/gocomet/frontend-service/components/client/dashboard/styles.jsx
FNF:0
FNH:0
DA:6,0
DA:46,0
DA:93,0
DA:139,0
DA:153,0
LF:5
LH:0
BRF:0
BRH:0
end_of_record
TN:
SF:/home/psp/gocomet/frontend-service/components/client/dashboard/common/Graph.jsx
FN:25,(anonymous_0)
FN:29,(anonymous_1)
FN:46,(anonymous_2)
FN:51,(anonymous_3)
FN:76,(anonymous_4)
FN:87,(anonymous_5)
FN:107,(anonymous_6)
FN:108,(anonymous_7)
FN:113,(anonymous_8)
FN:118,(anonymous_9)
FN:189,(anonymous_10)
FN:232,(anonymous_11)
FN:243,(anonymous_12)
FNF:13
FNH:0
FNDA:0,(anonymous_0)
FNDA:0,(anonymous_1)
FNDA:0,(anonymous_2)
FNDA:0,(anonymous_3)
FNDA:0,(anonymous_4)
FNDA:0,(anonymous_5)
FNDA:0,(anonymous_6)
FNDA:0,(anonymous_7)
FNDA:0,(anonymous_8)
FNDA:0,(anonymous_9)
FNDA:0,(anonymous_10)
FNDA:0,(anonymous_11)
FNDA:0,(anonymous_12)
DA:20,0
DA:23,0
DA:26,0
DA:30,0
DA:33,0
DA:35,0
DA:42,0
DA:46,0
DA:47,0
DA:48,0
DA:51,0
DA:52,0
DA:61,0
DA:62,0
DA:64,0
DA:66,0
DA:76,0
DA:88,0
DA:107,0
DA:108,0
DA:113,0
DA:114,0
DA:115,0
DA:119,0
DA:141,0
DA:143,0
DA:145,0
DA:190,0
DA:222,0
LF:29
LH:0
BRDA:35,0,0,0
BRDA:35,0,1,0
BRDA:36,1,0,0
BRDA:36,1,1,0
BRDA:36,1,2,0
BRDA:36,1,3,0
BRDA:36,1,4,0
BRDA:36,1,5,0
BRDA:62,2,0,0
BRDA:62,2,1,0
BRDA:64,3,0,0
BRDA:64,3,1,0
BRDA:64,4,0,0
BRDA:64,4,1,0
BRDA:68,5,0,0
BRDA:68,5,1,0
BRDA:80,6,0,0
BRDA:80,6,1,0
BRDA:147,7,0,0
BRDA:147,7,1,0
BRDA:153,8,0,0
BRDA:153,8,1,0
BRDA:167,9,0,0
BRDA:167,9,1,0
BRDA:180,10,0,0
BRDA:180,10,1,0
BRDA:180,10,2,0
BRDA:184,11,0,0
BRDA:184,11,1,0
BRDA:186,12,0,0
BRDA:186,12,1,0
BRDA:189,13,0,0
BRDA:189,13,1,0
BRDA:195,14,0,0
BRDA:195,14,1,0
BRDA:204,15,0,0
BRDA:204,15,1,0
BRDA:210,16,0,0
BRDA:210,16,1,0
BRDA:211,17,0,0
BRDA:211,17,1,0
BRDA:214,18,0,0
BRDA:214,18,1,0
BRDA:216,19,0,0
BRDA:216,19,1,0
BRF:45
BRH:0
end_of_record
TN:
SF:/home/psp/gocomet/frontend-service/components/client/dashboard/common/HeatMap.jsx
FN:28,(anonymous_0)
FN:32,(anonymous_1)
FN:49,(anonymous_2)
FN:54,(anonymous_3)
FN:59,(anonymous_4)
FN:63,(anonymous_5)
FN:76,(anonymous_6)
FN:90,(anonymous_7)
FN:119,(anonymous_8)
FN:120,(anonymous_9)
FN:125,(anonymous_10)
FN:130,(anonymous_11)
FN:246,(anonymous_12)
FN:247,(anonymous_13)
FN:248,(anonymous_14)
FNF:15
FNH:0
FNDA:0,(anonymous_0)
FNDA:0,(anonymous_1)
FNDA:0,(anonymous_2)
FNDA:0,(anonymous_3)
FNDA:0,(anonymous_4)
FNDA:0,(anonymous_5)
FNDA:0,(anonymous_6)
FNDA:0,(anonymous_7)
FNDA:0,(anonymous_8)
FNDA:0,(anonymous_9)
FNDA:0,(anonymous_10)
FNDA:0,(anonymous_11)
FNDA:0,(anonymous_12)
FNDA:0,(anonymous_13)
FNDA:0,(anonymous_14)
DA:21,0
DA:24,0
DA:29,0
DA:33,0
DA:36,0
DA:38,0
DA:45,0
DA:49,0
DA:50,0
DA:51,0
DA:54,0
DA:55,0
DA:56,0
DA:59,0
DA:60,0
DA:61,0
DA:63,0
DA:64,0
DA:65,0
DA:73,0
DA:76,0
DA:77,0
DA:80,0
DA:81,0
DA:83,0
DA:84,0
DA:85,0
DA:90,0
DA:96,0
DA:119,0
DA:120,0
DA:125,0
DA:126,0
DA:127,0
DA:131,0
DA:146,0
DA:147,0
DA:230,0
LF:38
LH:0
BRDA:38,0,0,0
BRDA:38,0,1,0
BRDA:39,1,0,0
BRDA:39,1,1,0
BRDA:39,1,2,0
BRDA:39,1,3,0
BRDA:39,1,4,0
BRDA:39,1,5,0
BRDA:63,2,0,0
BRDA:63,2,1,0
BRDA:64,3,0,0
BRDA:64,3,1,0
BRDA:81,4,0,0
BRDA:81,4,1,0
BRDA:83,5,0,0
BRDA:83,5,1,0
BRDA:83,6,0,0
BRDA:83,6,1,0
BRDA:84,7,0,0
BRDA:84,7,1,0
BRDA:98,8,0,0
BRDA:98,8,1,0
BRDA:149,9,0,0
BRDA:149,9,1,0
BRDA:151,10,0,0
BRDA:151,10,1,0
BRDA:151,10,2,0
BRDA:152,11,0,0
BRDA:152,11,1,0
BRDA:156,12,0,0
BRDA:156,12,1,0
BRDA:166,13,0,0
BRDA:166,13,1,0
BRDA:180,14,0,0
BRDA:180,14,1,0
BRDA:184,15,0,0
BRDA:184,15,1,0
BRDA:186,16,0,0
BRDA:186,16,1,0
BRDA:199,17,0,0
BRDA:199,17,1,0
BRDA:202,18,0,0
BRDA:202,18,1,0
BRDA:205,19,0,0
BRDA:205,19,1,0
BRDA:220,20,0,0
BRDA:220,20,1,0
BRDA:222,21,0,0
BRDA:222,21,1,0
BRDA:223,22,0,0
BRDA:223,22,1,0
BRF:51
BRH:0
end_of_record
TN:
SF:/home/psp/gocomet/frontend-service/components/client/dashboard/common/Sider.jsx
FN:12,(anonymous_0)
FN:21,(anonymous_1)
FN:25,(anonymous_2)
FN:29,(anonymous_3)
FN:41,(anonymous_4)
FN:59,(anonymous_5)
FN:76,(anonymous_6)
FN:82,(anonymous_7)
FN:86,(anonymous_8)
FN:90,(anonymous_9)
FN:96,(anonymous_10)
FN:103,(anonymous_11)
FN:118,(anonymous_12)
FN:194,(anonymous_13)
FN:195,(anonymous_14)
FNF:15
FNH:8
FNDA:6,(anonymous_0)
FNDA:6,(anonymous_1)
FNDA:6,(anonymous_2)
FNDA:0,(anonymous_3)
FNDA:0,(anonymous_4)
FNDA:0,(anonymous_5)
FNDA:0,(anonymous_6)
FNDA:3,(anonymous_7)
FNDA:0,(anonymous_8)
FNDA:1,(anonymous_9)
FNDA:1,(anonymous_10)
FNDA:13,(anonymous_11)
FNDA:41,(anonymous_12)
FNDA:0,(anonymous_13)
FNDA:0,(anonymous_14)
DA:9,2
DA:13,6
DA:14,6
DA:15,6
DA:22,6
DA:26,6
DA:29,6
DA:30,0
DA:32,0
DA:33,0
DA:41,6
DA:42,0
DA:43,0
DA:45,0
DA:46,0
DA:47,0
DA:48,0
DA:49,0
DA:53,0
DA:54,0
DA:55,0
DA:59,6
DA:60,0
DA:61,0
DA:62,0
DA:63,0
DA:64,0
DA:72,0
DA:76,6
DA:77,0
DA:78,0
DA:82,6
DA:83,3
DA:86,6
DA:87,0
DA:90,6
DA:91,1
DA:92,1
DA:93,1
DA:96,6
DA:97,1
DA:98,1
DA:99,1
DA:104,13
DA:107,13
DA:108,13
DA:110,13
DA:119,41
DA:193,2
LF:49
LH:27
BRDA:30,0,0,0
BRDA:30,0,1,0
BRDA:30,1,0,0
BRDA:30,1,1,0
BRDA:34,2,0,0
BRDA:34,2,1,0
BRDA:34,2,2,0
BRDA:34,2,3,0
BRDA:36,3,0,0
BRDA:36,3,1,0
BRDA:37,4,0,0
BRDA:37,4,1,0
BRDA:47,5,0,0
BRDA:47,5,1,0
BRDA:47,6,0,0
BRDA:47,6,1,0
BRDA:54,7,0,0
BRDA:54,7,1,0
BRDA:54,8,0,0
BRDA:54,8,1,0
BRDA:61,9,0,0
BRDA:61,9,1,0
BRDA:63,10,0,0
BRDA:63,10,1,0
BRDA:72,11,0,0
BRDA:72,11,1,0
BRDA:106,12,0,0
BRDA:123,13,0,13
BRDA:123,13,1,0
BRF:29
BRH:1
end_of_record
TN:
SF:/home/psp/gocomet/frontend-service/components/client/dashboard/common/graph-helper.jsx
FN:4,(anonymous_0)
FN:12,(anonymous_1)
FN:52,createSeries
FN:76,(anonymous_3)
FN:94,(anonymous_4)
FNF:5
FNH:1
FNDA:7,(anonymous_0)
FNDA:0,(anonymous_1)
FNDA:0,createSeries
FNDA:0,(anonymous_3)
FNDA:0,(anonymous_4)
DA:4,35
DA:12,35
DA:22,0
DA:23,0
DA:26,0
DA:27,0
[...]
FN:185,(anonymous_15)
FN:190,(anonymous_16)
FN:197,(anonymous_17)
FN:201,(anonymous_18)
FN:209,(anonymous_19)
FN:219,(anonymous_20)
FN:225,(anonymous_21)
FN:233,(anonymous_22)
FN:243,(anonymous_23)
FN:248,(anonymous_24)
FN:254,(anonymous_25)
FN:283,(anonymous_26)
FN:320,(anonymous_27)
FN:403,(anonymous_28)
FN:461,(anonymous_29)
FN:462,(anonymous_30)
FN:463,(anonymous_31)
FN:464,(anonymous_32)
FN:465,(anonymous_33)
FN:466,(anonymous_34)
FN:467,(anonymous_35)
FN:468,(anonymous_36)
FN:469,(anonymous_37)
FN:470,(anonymous_38)
FNF:39
FNH:0
FNDA:0,(anonymous_0)
FNDA:0,(anonymous_1)
FNDA:0,(anonymous_2)
FNDA:0,(anonymous_3)
FNDA:0,(anonymous_4)
FNDA:0,(anonymous_5)
FNDA:0,(anonymous_6)
FNDA:0,(anonymous_7)
FNDA:0,(anonymous_8)
FNDA:0,(anonymous_9)
FNDA:0,(anonymous_10)
FNDA:0,(anonymous_11)
FNDA:0,(anonymous_12)
FNDA:0,(anonymous_13)
FNDA:0,(anonymous_14)
FNDA:0,(anonymous_15)
FNDA:0,(anonymous_16)
FNDA:0,(anonymous_17)
FNDA:0,(anonymous_18)
FNDA:0,(anonymous_19)
FNDA:0,(anonymous_20)
FNDA:0,(anonymous_21)
FNDA:0,(anonymous_22)
FNDA:0,(anonymous_23)
FNDA:0,(anonymous_24)
FNDA:0,(anonymous_25)
FNDA:0,(anonymous_26)
FNDA:0,(anonymous_27)
FNDA:0,(anonymous_28)
FNDA:0,(anonymous_29)
FNDA:0,(anonymous_30)
FNDA:0,(anonymous_31)
FNDA:0,(anonymous_32)
FNDA:0,(anonymous_33)
FNDA:0,(anonymous_34)
FNDA:0,(anonymous_35)
FNDA:0,(anonymous_36)
FNDA:0,(anonymous_37)
FNDA:0,(anonymous_38)
DA:41,0
DA:59,0
DA:60,0
DA:63,0
DA:64,0
DA:66,0
DA:67,0
DA:68,0
DA:70,0
DA:71,0
DA:72,0
DA:74,0
DA:75,0
DA:76,0
DA:78,0
DA:81,0
DA:85,0
DA:90,0
DA:91,0
DA:92,0
DA:94,0
DA:104,0
DA:105,0
DA:108,0
DA:109,0
DA:112,0
DA:114,0
DA:115,0
DA:116,0
DA:120,0
DA:121,0
DA:127,0
DA:128,0
DA:132,0
DA:133,0
DA:139,0
DA:140,0
DA:144,0
DA:146,0
DA:147,0
DA:149,0
DA:150,0
DA:154,0
DA:155,0
DA:161,0
DA:162,0
DA:165,0
DA:166,0
DA:167,0
DA:168,0
DA:169,0
DA:170,0
DA:172,0
DA:174,0
DA:178,0
DA:179,0
DA:185,0
DA:186,0
DA:190,0
DA:191,0
DA:197,0
DA:198,0
DA:201,0
DA:202,0
DA:203,0
DA:204,0
DA:205,0
DA:206,0
DA:209,0
DA:213,0
DA:215,0
DA:220,0
DA:225,0
DA:226,0
DA:227,0
DA:228,0
DA:229,0
DA:230,0
DA:233,0
DA:237,0
DA:239,0
DA:244,0
DA:248,0
DA:266,0
DA:281,0
DA:282,0
DA:283,0
DA:284,0
DA:286,0
DA:287,0
DA:288,0
DA:289,0
DA:293,0
DA:294,0
DA:295,0
DA:299,0
DA:320,0
DA:403,0
DA:404,0
DA:405,0
DA:406,0
DA:407,0
DA:408,0
DA:409,0
DA:411,0
DA:414,0
DA:451,0
LF:107
LH:0
BRDA:64,0,0,0
BRDA:64,0,1,0
BRDA:90,1,0,0
BRDA:112,2,0,0
BRDA:144,3,0,0
BRDA:169,4,0,0
BRDA:169,4,1,0
BRDA:169,5,0,0
BRDA:169,5,1,0
BRDA:181,6,0,0
BRDA:181,6,1,0
BRDA:201,7,0,0
BRDA:209,8,0,0
BRDA:209,8,1,0
BRDA:225,9,0,0
BRDA:233,10,0,0
BRDA:233,10,1,0
BRDA:282,11,0,0
BRDA:282,11,1,0
BRDA:288,12,0,0
BRDA:288,12,1,0
BRDA:294,13,0,0
BRDA:294,13,1,0
BRDA:301,14,0,0
BRDA:301,14,1,0
BRDA:403,15,0,0
BRDA:405,16,0,0
BRDA:405,16,1,0
BRDA:406,17,0,0
BRDA:406,17,1,0
BRDA:406,18,0,0
BRDA:406,18,1,0
BRDA:407,19,0,0
BRDA:407,19,1,0
BRDA:407,20,0,0
BRDA:407,20,1,0
BRF:36
BRH:0
end_of_record
TN:
SF:/home/psp/gocomet/frontend-service/components/client/group/VendorList/styles.jsx
FN:92,(anonymous_0)
FN:97,(anonymous_1)
FN:102,(anonymous_2)
FN:107,(anonymous_3)
FNF:4
FNH:0
FNDA:0,(anonymous_0)
FNDA:0,(anonymous_1)
FNDA:0,(anonymous_2)
FNDA:0,(anonymous_3)
DA:6,0
DA:75,0
DA:92,0
DA:97,0
DA:102,0
DA:107,0
DA:145,0
DA:160,0
DA:169,0
DA:173,0
DA:182,0
LF:11
LH:0
BRDA:92,0,0,0
BRDA:92,0,1,0
BRDA:92,1,0,0
BRDA:92,1,1,0
BRDA:97,2,0,0
BRDA:97,2,1,0
BRDA:97,3,0,0
BRDA:97,3,1,0
BRDA:102,4,0,0
BRDA:102,4,1,0
BRDA:102,5,0,0
BRDA:102,5,1,0
BRDA:107,6,0,0
BRDA:107,6,1,0
BRDA:107,7,0,0
BRDA:107,7,1,0
BRF:16
BRH:0
end_of_record
TN:
SF:/home/psp/gocomet/frontend-service/components/client/group/VendorList/common/controls_helper.jsx
FN:34,(anonymous_0)
FN:40,(anonymous_1)
FN:69,(anonymous_2)
FN:70,(anonymous_3)
FN:71,(anonymous_4)
FN:72,(anonymous_5)
FN:73,(anonymous_6)
FN:74,(anonymous_7)
FN:75,(anonymous_8)
FN:76,(anonymous_9)
FN:78,(anonymous_10)
FN:78,(anonymous_11)
FN:104,(anonymous_12)
FN:114,(anonymous_13)
FN:148,(anonymous_14)
FN:199,(anonymous_15)
FN:251,(anonymous_16)
FN:314,(anonymous_17)
FN:340,(anonymous_18)
FN:345,(anonymous_19)
FN:370,(anonymous_20)
FN:424,(anonymous_21)
FN:439,(anonymous_22)
FN:468,(anonymous_23)
FN:508,(anonymous_24)
FN:530,(anonymous_25)
FN:578,(anonymous_26)
FNF:27
FNH:0
FNDA:0,(anonymous_0)
FNDA:0,(anonymous_1)
FNDA:0,(anonymous_2)
FNDA:0,(anonymous_3)
FNDA:0,(anonymous_4)
FNDA:0,(anonymous_5)
FNDA:0,(anonymous_6)
FNDA:0,(anonymous_7)
FNDA:0,(anonymous_8)
FNDA:0,(anonymous_9)
FNDA:0,(anonymous_10)
FNDA:0,(anonymous_11)
FNDA:0,(anonymous_12)
FNDA:0,(anonymous_13)
FNDA:0,(anonymous_14)
FNDA:0,(anonymous_15)
FNDA:0,(anonymous_16)
FNDA:0,(anonymous_17)
FNDA:0,(anonymous_18)
FNDA:0,(anonymous_19)
FNDA:0,(anonymous_20)
FNDA:0,(anonymous_21)
FNDA:0,(anonymous_22)
FNDA:0,(anonymous_23)
FNDA:0,(anonymous_24)
FNDA:0,(anonymous_25)
FNDA:0,(anonymous_26)
DA:29,0
DA:30,0
DA:31,0
DA:34,0
DA:39,0
DA:40,0
DA:41,0
DA:42,0
DA:43,0
DA:47,0
DA:48,0
DA:51,0
DA:52,0
DA:53,0
DA:59,0
DA:66,0
DA:69,0
DA:70,0
DA:71,0
DA:72,0
DA:73,0
DA:74,0
DA:75,0
DA:76,0
DA:78,0
DA:86,0
DA:87,0
DA:94,0
DA:96,0
DA:104,0
DA:113,0
DA:114,0
DA:116,0
DA:148,0
DA:199,0
DA:251,0
DA:314,0
DA:324,0
DA:341,0
DA:345,0
DA:370,0
DA:380,0
DA:425,0
DA:440,0
DA:468,0
DA:469,0
DA:499,0
DA:500,0
DA:514,0
DA:526,0
DA:530,0
DA:531,0
DA:565,0
DA:566,0
DA:569,0
DA:584,0
DA:596,0
LF:57
LH:0
BRDA:36,0,0,0
BRDA:37,1,0,0
BRDA:40,2,0,0
BRDA:40,2,1,0
BRDA:40,3,0,0
BRDA:42,4,0,0
BRDA:42,4,1,0
BRDA:42,5,0,0
BRDA:42,5,1,0
BRDA:47,6,0,0
BRDA:47,6,1,0
BRDA:47,7,0,0
BRDA:47,7,1,0
BRDA:51,8,0,0
BRDA:51,8,1,0
BRDA:87,9,0,0
BRDA:87,9,1,0
BRDA:88,10,0,0
BRDA:88,10,1,0
BRDA:88,10,2,0
BRDA:88,10,3,0
BRDA:88,10,4,0
BRDA:88,10,5,0
BRDA:88,10,6,0
BRDA:88,11,0,0
BRDA:88,11,1,0
BRDA:88,12,0,0
BRDA:88,12,1,0
BRDA:89,13,0,0
BRDA:89,13,1,0
BRDA:89,14,0,0
BRDA:89,14,1,0
BRDA:90,15,0,0
BRDA:90,15,1,0
BRDA:91,16,0,0
BRDA:91,16,1,0
BRDA:98,17,0,0
BRDA:98,17,1,0
BRDA:220,18,0,0
BRDA:220,18,1,0
BRDA:268,19,0,0
BRDA:268,19,1,0
BRDA:270,20,0,0
BRDA:270,20,1,0
BRDA:280,21,0,0
BRDA:280,21,1,0
BRDA:282,22,0,0
BRDA:282,22,1,0
BRDA:291,23,0,0
BRDA:291,23,1,0
BRDA:293,24,0,0
BRDA:293,24,1,0
BRDA:299,25,0,0
BRDA:299,25,1,0
BRDA:325,26,0,0
BRDA:325,26,1,0
BRDA:330,27,0,0
BRDA:330,27,1,0
BRDA:330,28,0,0
BRDA:330,28,1,0
BRDA:336,29,0,0
BRDA:336,29,1,0
BRDA:340,30,0,0
BRDA:340,30,1,0
BRDA:344,31,0,0
BRDA:344,31,1,0
BRDA:345,32,0,0
BRDA:345,32,1,0
BRDA:388,33,0,0
BRDA:388,33,1,0
BRDA:441,34,0,0
BRDA:441,34,1,0
BRDA:442,35,0,0
BRDA:442,35,1,0
BRDA:443,36,0,0
BRDA:443,36,1,0
BRDA:499,37,0,0
BRDA:499,37,1,0
BRDA:514,38,0,0
BRDA:514,38,1,0
BRDA:565,39,0,0
BRDA:565,39,1,0
BRDA:566,40,0,0
BRDA:566,40,1,0
BRDA:584,41,0,0
BRDA:584,41,1,0
BRF:86
BRH:0
end_of_record
TN:
SF:/home/psp/gocomet/frontend-service/components/client/group/VendorList/common/index.jsx
FN:1,(anonymous_0)
FN:20,(anonymous_1)
FNF:2
FNH:0
FNDA:0,(anonymous_0)
FNDA:0,(anonymous_1)
DA:1,0
DA:2,0
DA:3,0
DA:4,0
DA:5,0
DA:6,0
DA:7,0
DA:9,0
DA:14,0
DA:17,0
DA:20,0
DA:21,0
DA:22,0
DA:23,0
DA:24,0
DA:25,0
DA:26,0
DA:27,0
DA:28,0
DA:30,0
DA:39,0
DA:40,0
DA:42,0
DA:46,0
DA:47,0
DA:49,0
DA:53,0
DA:54,0
DA:56,0
DA:60,0
DA:61,0
DA:62,0
DA:63,0
DA:65,0
DA:66,0
DA:67,0
DA:71,0
DA:72,0
DA:74,0
DA:78,0
DA:79,0
DA:81,0
DA:84,0
LF:43
LH:0
BRDA:1,0,0,0
BRDA:2,1,0,0
BRDA:2,1,1,0
BRDA:3,2,0,0
BRDA:3,2,1,0
BRDA:4,3,0,0
BRDA:4,3,1,0
BRDA:5,4,0,0
BRDA:5,4,1,0
BRDA:6,5,0,0
BRDA:6,5,1,0
BRDA:7,6,0,0
BRDA:7,6,1,0
BRDA:9,7,0,0
BRDA:9,7,1,0
BRDA:10,8,0,0
BRDA:10,8,1,0
BRDA:10,8,2,0
BRDA:10,8,3,0
BRDA:10,8,4,0
BRDA:10,8,5,0
BRDA:20,9,0,0
BRDA:21,10,0,0
BRDA:21,10,1,0
BRDA:22,11,0,0
BRDA:22,11,1,0
BRDA:23,12,0,0
BRDA:23,12,1,0
BRDA:24,13,0,0
BRDA:24,13,1,0
BRDA:25,14,0,0
BRDA:25,14,1,0
BRDA:26,15,0,0
BRDA:26,15,1,0
BRDA:27,16,0,0
BRDA:27,16,1,0
BRDA:28,17,0,0
BRDA:28,17,1,0
BRDA:39,18,0,0
BRDA:39,18,1,0
BRDA:39,19,0,0
BRDA:39,19,1,0
BRDA:46,20,0,0
BRDA:46,20,1,0
BRDA:46,21,0,0
BRDA:46,21,1,0
BRDA:53,22,0,0
BRDA:53,22,1,0
BRDA:53,23,0,0
BRDA:53,23,1,0
BRDA:60,24,0,0
BRDA:60,24,1,0
BRDA:60,25,0,0
BRDA:60,25,1,0
BRDA:60,25,2,0
BRDA:71,26,0,0
BRDA:71,26,1,0
BRDA:78,27,0,0
BRDA:78,27,1,0
BRF:59
BRH:0
end_of_record
TN:
SF:/home/psp/gocomet/frontend-service/components/client/group/VendorList/common/preferences_constant.jsx
FN:59,(anonymous_0)
FN:73,(anonymous_1)
FN:88,(anonymous_2)
FN:103,(anonymous_3)
FN:120,(anonymous_4)
FN:126,(anonymous_5)
FN:134,(anonymous_6)
FN:140,(anonymous_7)
FN:148,(anonymous_8)
FN:151,(anonymous_9)
FN:158,(anonymous_10)
FN:165,(anonymous_11)
FN:174,(anonymous_12)
FN:180,(anonymous_13)
FN:188,(anonymous_14)
FN:191,(anonymous_15)
FN:199,(anonymous_16)
FN:200,(anonymous_17)
FN:204,(anonymous_18)
FN:206,(anonymous_19)
FN:208,(anonymous_20)
FN:210,(anonymous_21)
FN:212,(anonymous_22)
FN:214,(anonymous_23)
FN:216,(anonymous_24)
FN:218,(anonymous_25)
FN:220,(anonymous_26)
FN:223,(anonymous_27)
FN:224,(anonymous_28)
FN:228,(anonymous_29)
FN:230,(anonymous_30)
FN:232,(anonymous_31)
FN:234,(anonymous_32)
FN:236,(anonymous_33)
FN:238,(anonymous_34)
FN:240,(anonymous_35)
FN:242,(anonymous_36)
FN:244,(anonymous_37)
FN:252,(anonymous_38)
FNF:39
FNH:8
FNDA:0,(anonymous_0)
FNDA:0,(anonymous_1)
FNDA:0,(anonymous_2)
FNDA:0,(anonymous_3)
FNDA:0,(anonymous_4)
FNDA:0,(anonymous_5)
FNDA:0,(anonymous_6)
FNDA:0,(anonymous_7)
FNDA:0,(anonymous_8)
FNDA:0,(anonymous_9)
FNDA:0,(anonymous_10)
FNDA:0,(anonymous_11)
FNDA:0,(anonymous_12)
FNDA:0,(anonymous_13)
FNDA:0,(anonymous_14)
FNDA:0,(anonymous_15)
FNDA:72,(anonymous_16)
FNDA:300,(anonymous_17)
FNDA:268,(anonymous_18)
FNDA:24,(anonymous_19)
FNDA:0,(anonymous_20)
FNDA:24,(anonymous_21)
FNDA:0,(anonymous_22)
FNDA:0,(anonymous_23)
FNDA:0,(anonymous_24)
FNDA:12,(anonymous_25)
FNDA:12,(anonymous_26)
FNDA:0,(anonymous_27)
FNDA:0,(anonymous_28)
FNDA:0,(anonymous_29)
FNDA:0,(anonymous_30)
FNDA:0,(anonymous_31)
FNDA:0,(anonymous_32)
FNDA:0,(anonymous_33)
FNDA:0,(anonymous_34)
FNDA:0,(anonymous_35)
FNDA:0,(anonymous_36)
FNDA:0,(anonymous_37)
FNDA:72,(anonymous_38)
DA:2,1
DA:11,1
DA:16,1
DA:28,1
DA:41,1
DA:47,1
DA:52,1
DA:54,1
DA:56,1
DA:59,1
DA:60,0
DA:73,0
DA:74,0
DA:75,0
DA:76,0
DA:77,0
DA:78,0
DA:79,0
DA:80,0
DA:81,0
DA:82,0
DA:85,0
DA:88,1
DA:89,0
DA:103,0
DA:104,0
DA:105,0
DA:106,0
DA:107,0
DA:108,0
DA:110,0
DA:111,0
DA:112,0
DA:113,0
DA:114,0
DA:117,0
DA:120,1
DA:121,0
DA:126,0
DA:127,0
DA:128,0
DA:131,0
DA:134,1
DA:135,0
DA:140,0
DA:141,0
DA:142,0
DA:145,0
DA:148,1
DA:149,0
DA:151,0
DA:152,0
DA:155,0
DA:158,1
DA:159,0
DA:165,0
DA:166,0
DA:167,0
DA:168,0
DA:171,0
DA:174,1
DA:175,0
DA:180,0
DA:181,0
DA:182,0
DA:185,0
DA:188,1
DA:189,0
DA:191,0
DA:192,0
DA:195,0
DA:199,72
DA:201,300
DA:202,300
DA:204,268
DA:206,24
DA:208,1
DA:210,24
DA:212,1
DA:214,1
DA:216,1
DA:218,12
DA:220,12
DA:223,1
DA:225,0
DA:226,0
DA:228,0
DA:230,1
DA:232,1
DA:234,1
DA:236,1
DA:238,1
DA:240,1
DA:242,1
DA:244,1
DA:252,72
LF:96
LH:39
BRDA:73,0,0,0
BRDA:73,0,1,0
BRDA:73,1,0,0
BRDA:74,2,0,0
BRDA:74,2,1,0
BRDA:75,3,0,0
BRDA:75,3,1,0
BRDA:76,4,0,0
BRDA:76,4,1,0
BRDA:77,5,0,0
BRDA:77,5,1,0
BRDA:78,6,0,0
BRDA:78,6,1,0
BRDA:79,7,0,0
BRDA:79,7,1,0
BRDA:80,8,0,0
BRDA:80,8,1,0
BRDA:81,9,0,0
BRDA:81,9,1,0
BRDA:82,10,0,0
BRDA:82,10,1,0
BRDA:103,11,0,0
BRDA:103,11,1,0
BRDA:104,12,0,0
BRDA:104,12,1,0
BRDA:105,13,0,0
BRDA:105,13,1,0
BRDA:106,14,0,0
BRDA:106,14,1,0
BRDA:107,15,0,0
BRDA:107,15,1,0
BRDA:108,16,0,0
BRDA:108,16,1,0
BRDA:110,17,0,0
BRDA:110,17,1,0
BRDA:111,18,0,0
BRDA:111,18,1,0
BRDA:112,19,0,0
BRDA:112,19,1,0
BRDA:113,20,0,0
BRDA:113,20,1,0
BRDA:114,21,0,0
BRDA:114,21,1,0
BRDA:126,22,0,0
BRDA:126,22,1,0
BRDA:127,23,0,0
BRDA:127,23,1,0
BRDA:128,24,0,0
BRDA:128,24,1,0
BRDA:140,25,0,0
BRDA:140,25,1,0
BRDA:140,26,0,0
BRDA:141,27,0,0
BRDA:141,27,1,0
BRDA:142,28,0,0
BRDA:142,28,1,0
BRDA:151,29,0,0
BRDA:151,29,1,0
BRDA:151,30,0,0
BRDA:152,31,0,0
BRDA:152,31,1,0
BRDA:165,32,0,0
BRDA:165,32,1,0
BRDA:165,33,0,0
BRDA:166,34,0,0
BRDA:166,34,1,0
BRDA:167,35,0,0
BRDA:167,35,1,0
BRDA:168,36,0,0
BRDA:168,36,1,0
BRDA:180,37,0,0
BRDA:180,37,1,0
BRDA:181,38,0,0
BRDA:181,38,1,0
BRDA:182,39,0,0
BRDA:182,39,1,0
BRDA:191,40,0,0
BRDA:191,40,1,0
BRDA:192,41,0,0
BRDA:192,41,1,0
BRDA:199,42,0,72
BRDA:199,42,1,0
BRDA:201,43,0,300
BRDA:201,43,1,0
BRDA:202,44,0,300
BRDA:202,44,1,32
BRDA:202,45,0,300
BRDA:202,45,1,0
BRDA:223,46,0,0
BRDA:223,46,1,0
BRDA:226,47,0,0
BRDA:226,47,1,0
BRDA:226,48,0,0
BRDA:226,48,1,0
BRDA:252,49,0,0
BRDA:252,50,0,0
BRDA:252,50,1,72
BRF:97
BRH:6
end_of_record
TN:
SF:/home/psp/gocomet/frontend-service/components/client/group/VendorList/common/table_headers.jsx
FN:13,(anonymous_0)
FN:27,(anonymous_1)
FN:40,(anonymous_2)
FN:63,(anonymous_3)
FN:91,(anonymous_4)
FN:112,(anonymous_5)
FN:115,(anonymous_6)
FN:120,(anonymous_7)
FN:123,(anonymous_8)
FN:125,(anonymous_9)
FN:140,(anonymous_10)
FN:157,(anonymous_11)
FN:172,(anonymous_12)
FN:179,(anonymous_13)
FN:184,(anonymous_14)
FN:195,(anonymous_15)
FNF:16
FNH:6
FNDA:4,(anonymous_0)
FNDA:12,(anonymous_1)
FNDA:12,(anonymous_2)
FNDA:12,(anonymous_3)
FNDA:12,(anonymous_4)
FNDA:12,(anonymous_5)
FNDA:0,(anonymous_6)
FNDA:0,(anonymous_7)
FNDA:0,(anonymous_8)
FNDA:0,(anonymous_9)
FNDA:0,(anonymous_10)
FNDA:0,(anonymous_11)
FNDA:0,(anonymous_12)
FNDA:0,(anonymous_13)
FNDA:0,(anonymous_14)
FNDA:0,(anonymous_15)
DA:13,1
DA:22,4
DA:28,12
DA:29,12
DA:41,12
DA:42,12
DA:43,12
DA:44,12
DA:45,0
DA:46,0
DA:48,12
DA:49,12
DA:64,12
DA:65,12
DA:66,12
DA:67,12
DA:68,0
DA:69,0
DA:71,12
DA:72,12
DA:84,4
DA:85,4
DA:92,12
DA:93,12
DA:94,12
DA:95,12
DA:106,4
DA:107,4
DA:113,12
DA:115,0
DA:120,0
DA:123,0
DA:125,0
DA:136,4
DA:140,1
DA:149,0
DA:150,0
DA:158,0
DA:159,0
DA:160,0
DA:161,0
DA:165,0
DA:166,0
DA:173,0
DA:174,0
DA:179,0
DA:184,0
DA:194,0
DA:195,0
DA:198,0
DA:210,0
LF:51
LH:27
BRDA:28,0,0,12
BRDA:28,0,1,0
BRDA:28,1,0,12
BRDA:28,1,1,0
BRDA:41,2,0,12
BRDA:41,2,1,0
BRDA:42,3,0,12
BRDA:42,3,1,0
BRDA:43,4,0,12
BRDA:43,4,1,0
BRDA:44,5,0,0
BRDA:44,5,1,12
BRDA:64,6,0,12
BRDA:64,6,1,0
BRDA:65,7,0,12
BRDA:65,7,1,0
BRDA:66,8,0,12
BRDA:66,8,1,0
BRDA:67,9,0,0
BRDA:67,9,1,12
BRDA:84,10,0,4
BRDA:84,10,1,0
BRDA:92,11,0,12
BRDA:92,11,1,0
BRDA:93,12,0,12
BRDA:93,12,1,0
BRDA:94,13,0,12
BRDA:94,13,1,0
BRDA:106,14,0,4
BRDA:106,14,1,0
BRDA:106,15,0,4
BRDA:106,15,1,0
BRDA:112,16,0,0
BRDA:114,17,0,12
BRDA:114,17,1,12
BRDA:118,18,0,12
BRDA:118,18,1,12
BRDA:122,19,0,12
BRDA:122,19,1,0
BRDA:159,20,0,0
BRDA:159,20,1,0
BRDA:160,21,0,0
BRDA:160,21,1,0
BRDA:165,22,0,0
BRDA:165,22,1,0
BRDA:176,23,0,0
BRDA:176,23,1,0
BRDA:202,24,0,0
BRDA:202,24,1,0
BRDA:203,25,0,0
BRDA:203,25,1,0
BRDA:204,26,0,0
BRDA:204,26,1,0
BRF:53
BRH:21
end_of_record
TN:
SF:/home/psp/gocomet/frontend-service/components/client/group/common/ClientCreateDrawer.jsx
FN:29,(anonymous_0)
FN:79,(anonymous_1)
FNF:2
FNH:0
FNDA:0,(anonymous_0)
FNDA:0,(anonymous_1)
DA:8,0
DA:18,0
DA:29,0
DA:39,0
DA:41,0
DA:43,0
DA:72,0
LF:7
LH:0
BRF:0
BRH:0
end_of_record
TN:
SF:/home/psp/gocomet/frontend-service/components/client/group/common/ClientDeleteModal.jsx
FN:4,(anonymous_0)
FN:47,(anonymous_1)
FN:48,(anonymous_2)
FNF:3
FNH:0
FNDA:0,(anonymous_0)
FNDA:0,(anonymous_1)
FNDA:0,(anonymous_2)
DA:4,0
DA:13,0
DA:41,0
LF:3
LH:0
BRDA:21,0,0,0
BRDA:21,0,1,0
BRDA:25,1,0,0
BRDA:25,1,1,0
BRF:4
BRH:0
end_of_record
TN:
SF:/home/psp/gocomet/frontend-service/components/client/group/common/ClientEditDrawer.jsx
FN:9,(anonymous_0)
FNF:1
FNH:0
FNDA:0,(anonymous_0)
DA:19,0
DA:20,0
DA:22,0
DA:52,0
LF:4
LH:0
BRF:0
BRH:0
end_of_record
TN:
SF:/home/psp/gocomet/frontend-service/components/client/group/common/UploadDragger.jsx
FN:14,(anonymous_0)
FN:20,(anonymous_1)
FN:30,(anonymous_2)
FN:33,(anonymous_3)
FN:49,(anonymous_4)
FN:54,(anonymous_5)
FN:62,(anonymous_6)
FN:87,(anonymous_7)
FN:88,(anonymous_8)
FN:98,(anonymous_9)
FN:102,(anonymous_10)
FN:103,(anonymous_11)
FN:104,(anonymous_12)
FN:112,(anonymous_13)
FN:114,(anonymous_14)
FN:124,(anonymous_15)
FN:133,(anonymous_16)
FN:137,(anonymous_17)
FN:137,(anonymous_18)
FN:140,(anonymous_19)
FN:142,(anonymous_20)
FN:142,(anonymous_21)
FN:147,(anonymous_22)
FN:148,(anonymous_23)
FN:166,(anonymous_24)
FN:179,(anonymous_25)
FN:207,(anonymous_26)
FNF:27
FNH:0
FNDA:0,(anonymous_0)
FNDA:0,(anonymous_1)
FNDA:0,(anonymous_2)
FNDA:0,(anonymous_3)
FNDA:0,(anonymous_4)
FNDA:0,(anonymous_5)
FNDA:0,(anonymous_6)
FNDA:0,(anonymous_7)
FNDA:0,(anonymous_8)
FNDA:0,(anonymous_9)
FNDA:0,(anonymous_10)
FNDA:0,(anonymous_11)
FNDA:0,(anonymous_12)
FNDA:0,(anonymous_13)
FNDA:0,(anonymous_14)
FNDA:0,(anonymous_15)
FNDA:0,(anonymous_16)
FNDA:0,(anonymous_17)
FNDA:0,(anonymous_18)
FNDA:0,(anonymous_19)
FNDA:0,(anonymous_20)
FNDA:0,(anonymous_21)
FNDA:0,(anonymous_22)
FNDA:0,(anonymous_23)
FNDA:0,(anonymous_24)
FNDA:0,(anonymous_25)
FNDA:0,(anonymous_26)
DA:7,1
DA:10,0
DA:15,0
DA:16,0
DA:17,0
DA:21,0
DA:22,0
DA:23,0
DA:24,0
DA:26,0
DA:30,0
DA:31,0
DA:33,0
DA:36,0
DA:37,0
DA:49,0
DA:50,0
DA:51,0
DA:54,0
DA:57,0
DA:58,0
DA:60,0
DA:61,0
DA:62,0
DA:63,0
DA:66,0
DA:67,0
DA:68,0
DA:71,0
DA:72,0
DA:83,0
DA:88,0
DA:91,0
DA:93,0
DA:94,0
DA:98,0
DA:99,0
DA:100,0
DA:101,0
DA:102,0
DA:103,0
DA:104,0
DA:106,0
DA:107,0
DA:108,0
DA:109,0
DA:110,0
DA:111,0
DA:112,0
DA:114,0
DA:115,0
DA:119,0
DA:124,0
DA:125,0
DA:126,0
DA:127,0
DA:128,0
DA:129,0
DA:134,0
DA:135,0
DA:136,0
DA:137,0
DA:139,0
DA:140,0
DA:142,0
DA:145,0
DA:147,0
DA:148,0
DA:151,0
DA:152,0
DA:159,0
DA:160,0
DA:161,0
DA:163,0
DA:167,0
DA:168,0
DA:170,0
DA:179,0
DA:202,1
LF:79
LH:2
BRDA:23,0,0,0
BRDA:23,0,1,0
BRDA:31,1,0,0
BRDA:31,1,1,0
BRDA:31,2,0,0
BRDA:31,2,1,0
BRDA:38,3,0,0
BRDA:38,3,1,0
BRDA:39,4,0,0
BRDA:39,4,1,0
BRDA:42,5,0,0
BRDA:42,5,1,0
BRDA:60,6,0,0
BRDA:60,6,1,0
BRDA:62,7,0,0
BRDA:62,7,1,0
BRDA:68,8,0,0
BRDA:68,8,1,0
BRDA:71,9,0,0
BRDA:71,9,1,0
BRDA:88,10,0,0
BRDA:88,10,1,0
BRDA:91,11,0,0
BRDA:91,11,1,0
BRDA:94,12,0,0
BRDA:94,12,1,0
BRDA:99,13,0,0
BRDA:99,13,1,0
BRDA:101,14,0,0
BRDA:101,14,1,0
BRDA:104,15,0,0
BRDA:104,15,1,0
BRDA:106,16,0,0
BRDA:106,16,1,0
BRDA:109,17,0,0
BRDA:109,17,1,0
BRDA:109,18,0,0
BRDA:109,18,1,0
BRDA:126,19,0,0
BRDA:126,19,1,0
BRDA:128,20,0,0
BRDA:128,20,1,0
BRDA:157,21,0,0
BRDA:157,21,1,0
BRDA:159,22,0,0
BRDA:159,22,1,0
BRDA:180,23,0,0
BRDA:180,23,1,0
BRF:48
BRH:0
end_of_record
TN:
SF:/home/psp/gocomet/frontend-service/components/client/group/common/helper.jsx
FN:4,(anonymous_0)
FN:5,(anonymous_1)
FN:32,(anonymous_2)
FN:49,(anonymous_3)
FN:63,(anonymous_4)
FN:70,(anonymous_5)
FN:90,(anonymous_6)
FN:91,(anonymous_7)
FN:94,(anonymous_8)
FN:96,(anonymous_9)
FN:97,(anonymous_10)
FN:116,(anonymous_11)
FN:118,(anonymous_12)
FN:119,(anonymous_13)
FNF:14
FNH:0
FNDA:0,(anonymous_0)
FNDA:0,(anonymous_1)
FNDA:0,(anonymous_2)
FNDA:0,(anonymous_3)
FNDA:0,(anonymous_4)
FNDA:0,(anonymous_5)
FNDA:0,(anonymous_6)
FNDA:0,(anonymous_7)
FNDA:0,(anonymous_8)
FNDA:0,(anonymous_9)
FNDA:0,(anonymous_10)
FNDA:0,(anonymous_11)
FNDA:0,(anonymous_12)
FNDA:0,(anonymous_13)
DA:4,3
DA:5,0
DA:6,0
DA:8,0
DA:9,0
DA:10,0
DA:20,0
DA:24,0
DA:28,0
DA:32,3
DA:33,0
DA:34,0
DA:50,0
DA:59,0
DA:63,3
DA:64,0
DA:65,0
DA:66,0
DA:67,0
DA:70,3
DA:71,0
DA:72,0
DA:78,0
DA:83,0
DA:84,0
DA:86,0
DA:90,3
DA:91,0
DA:94,3
DA:95,0
DA:96,0
DA:97,0
DA:98,0
DA:99,0
DA:100,0
DA:102,0
DA:103,0
DA:105,0
DA:106,0
DA:113,0
DA:116,3
DA:117,0
DA:118,0
DA:119,0
DA:120,0
DA:121,0
DA:122,0
DA:123,0
DA:125,0
DA:127,0
DA:128,0
DA:132,0
LF:52
LH:7
BRDA:6,0,0,0
BRDA:6,0,1,0
BRDA:10,1,0,0
BRDA:10,1,1,0
BRDA:12,2,0,0
BRDA:12,2,1,0
BRDA:12,3,0,0
BRDA:12,3,1,0
BRDA:17,4,0,0
BRDA:17,4,1,0
BRDA:64,5,0,0
BRDA:64,5,1,0
BRDA:65,6,0,0
BRDA:65,6,1,0
BRDA:66,7,0,0
BRDA:66,7,1,0
BRDA:71,8,0,0
BRDA:71,8,1,0
BRDA:71,9,0,0
BRDA:71,9,1,0
BRDA:83,10,0,0
BRDA:83,10,1,0
BRDA:83,11,0,0
BRDA:83,11,1,0
BRDA:90,12,0,0
BRDA:90,12,1,0
BRDA:96,13,0,0
BRDA:96,13,1,0
BRDA:97,14,0,0
BRDA:97,14,1,0
BRDA:99,15,0,0
BRDA:99,15,1,0
BRDA:99,16,0,0
BRDA:99,16,1,0
BRDA:102,17,0,0
BRDA:102,17,1,0
BRDA:102,18,0,0
BRDA:102,18,1,0
BRDA:105,19,0,0
BRDA:105,19,1,0
BRDA:105,20,0,0
BRDA:105,20,1,0
BRDA:118,21,0,0
BRDA:118,21,1,0
BRDA:119,22,0,0
BRDA:119,22,1,0
BRDA:121,23,0,0
BRDA:121,23,1,0
BRDA:121,24,0,0
BRDA:121,24,1,0
BRDA:122,25,0,0
BRDA:122,25,1,0
BRDA:122,26,0,0
BRDA:122,26,1,0
BRDA:127,27,0,0
BRDA:127,27,1,0
BRDA:127,28,0,0
BRDA:127,28,1,0
BRF:58
BRH:0
end_of_record
