{"/Users/pragalbha/Documents/GoComet/frontend-service/components/client/operations-module/helpers.js": {"path":"/Users/pragalbha/Documents/GoComet/frontend-service/components/client/operations-module/helpers.js","statementMap":{"0":{"start":{"line":4,"column":14},"end":{"line":4,"column":18}},"1":{"start":{"line":5,"column":1},"end":{"line":25,"column":2}},"2":{"start":{"line":6,"column":2},"end":{"line":11,"column":3}},"3":{"start":{"line":6,"column":15},"end":{"line":6,"column":16}},"4":{"start":{"line":7,"column":3},"end":{"line":7,"column":78}},"5":{"start":{"line":8,"column":3},"end":{"line":10,"column":4}},"6":{"start":{"line":9,"column":4},"end":{"line":9,"column":10}},"7":{"start":{"line":13,"column":2},"end":{"line":24,"column":3}},"8":{"start":{"line":14,"column":3},"end":{"line":17,"column":4}},"9":{"start":{"line":15,"column":4},"end":{"line":15,"column":27}},"10":{"start":{"line":16,"column":4},"end":{"line":16,"column":25}},"11":{"start":{"line":18,"column":3},"end":{"line":23,"column":4}},"12":{"start":{"line":19,"column":4},"end":{"line":19,"column":85}},"13":{"start":{"line":20,"column":4},"end":{"line":22,"column":5}},"14":{"start":{"line":21,"column":5},"end":{"line":21,"column":11}},"15":{"start":{"line":26,"column":1},"end":{"line":26,"column":15}},"16":{"start":{"line":29,"column":37},"end":{"line":69,"column":1}},"17":{"start":{"line":36,"column":5},"end":{"line":36,"column":19}},"18":{"start":{"line":37,"column":26},"end":{"line":37,"column":80}},"19":{"start":{"line":37,"column":60},"end":{"line":37,"column":79}},"20":{"start":{"line":39,"column":23},"end":{"line":39,"column":38}},"21":{"start":{"line":40,"column":23},"end":{"line":40,"column":68}},"22":{"start":{"line":42,"column":26},"end":{"line":42,"column":82}},"23":{"start":{"line":42,"column":63},"end":{"line":42,"column":81}},"24":{"start":{"line":44,"column":22},"end":{"line":44,"column":60}},"25":{"start":{"line":46,"column":1},"end":{"line":48,"column":2}},"26":{"start":{"line":47,"column":2},"end":{"line":47,"column":45}},"27":{"start":{"line":49,"column":1},"end":{"line":53,"column":2}},"28":{"start":{"line":50,"column":21},"end":{"line":50,"column":84}},"29":{"start":{"line":51,"column":2},"end":{"line":51,"column":66}},"30":{"start":{"line":52,"column":2},"end":{"line":52,"column":82}},"31":{"start":{"line":54,"column":1},"end":{"line":56,"column":2}},"32":{"start":{"line":55,"column":2},"end":{"line":55,"column":46}},"33":{"start":{"line":57,"column":1},"end":{"line":59,"column":2}},"34":{"start":{"line":58,"column":2},"end":{"line":58,"column":36}},"35":{"start":{"line":60,"column":1},"end":{"line":62,"column":2}},"36":{"start":{"line":61,"column":2},"end":{"line":61,"column":41}},"37":{"start":{"line":63,"column":1},"end":{"line":63,"column":57}},"38":{"start":{"line":65,"column":22},"end":{"line":65,"column":84}},"39":{"start":{"line":66,"column":1},"end":{"line":66,"column":57}},"40":{"start":{"line":68,"column":1},"end":{"line":68,"column":22}},"41":{"start":{"line":71,"column":35},"end":{"line":81,"column":1}},"42":{"start":{"line":72,"column":23},"end":{"line":72,"column":25}},"43":{"start":{"line":73,"column":1},"end":{"line":79,"column":6}},"44":{"start":{"line":73,"column":60},"end":{"line":79,"column":4}},"45":{"start":{"line":73,"column":121},"end":{"line":79,"column":3}},"46":{"start":{"line":74,"column":2},"end":{"line":77,"column":3}},"47":{"start":{"line":75,"column":3},"end":{"line":75,"column":30}},"48":{"start":{"line":76,"column":3},"end":{"line":76,"column":15}},"49":{"start":{"line":78,"column":2},"end":{"line":78,"column":15}},"50":{"start":{"line":80,"column":1},"end":{"line":80,"column":24}},"51":{"start":{"line":83,"column":31},"end":{"line":101,"column":1}},"52":{"start":{"line":84,"column":25},"end":{"line":84,"column":59}},"53":{"start":{"line":85,"column":1},"end":{"line":87,"column":2}},"54":{"start":{"line":86,"column":2},"end":{"line":86,"column":14}},"55":{"start":{"line":88,"column":1},"end":{"line":90,"column":2}},"56":{"start":{"line":89,"column":2},"end":{"line":89,"column":14}},"57":{"start":{"line":91,"column":1},"end":{"line":93,"column":2}},"58":{"start":{"line":92,"column":2},"end":{"line":92,"column":14}},"59":{"start":{"line":94,"column":1},"end":{"line":96,"column":2}},"60":{"start":{"line":95,"column":2},"end":{"line":95,"column":14}},"61":{"start":{"line":97,"column":1},"end":{"line":99,"column":2}},"62":{"start":{"line":98,"column":2},"end":{"line":98,"column":14}},"63":{"start":{"line":100,"column":1},"end":{"line":100,"column":14}},"64":{"start":{"line":103,"column":41},"end":{"line":133,"column":1}},"65":{"start":{"line":110,"column":1},"end":{"line":112,"column":2}},"66":{"start":{"line":111,"column":2},"end":{"line":111,"column":20}},"67":{"start":{"line":113,"column":18},"end":{"line":113,"column":66}},"68":{"start":{"line":114,"column":1},"end":{"line":116,"column":2}},"69":{"start":{"line":115,"column":2},"end":{"line":115,"column":20}},"70":{"start":{"line":118,"column":32},"end":{"line":128,"column":3}},"71":{"start":{"line":119,"column":25},"end":{"line":119,"column":40}},"72":{"start":{"line":121,"column":33},"end":{"line":125,"column":3}},"73":{"start":{"line":122,"column":59},"end":{"line":124,"column":48}},"74":{"start":{"line":127,"column":2},"end":{"line":127,"column":62}},"75":{"start":{"line":129,"column":28},"end":{"line":131,"column":2}},"76":{"start":{"line":130,"column":22},"end":{"line":130,"column":44}},"77":{"start":{"line":132,"column":1},"end":{"line":132,"column":27}}},"fnMap":{"0":{"name":"getKeyForObjectWithProp","decl":{"start":{"line":3,"column":9},"end":{"line":3,"column":32}},"loc":{"start":{"line":3,"column":64},"end":{"line":27,"column":1}},"line":3},"1":{"name":"(anonymous_1)","decl":{"start":{"line":29,"column":37},"end":{"line":29,"column":38}},"loc":{"start":{"line":33,"column":5},"end":{"line":69,"column":1}},"line":33},"2":{"name":"(anonymous_2)","decl":{"start":{"line":32,"column":22},"end":{"line":32,"column":23}},"loc":{"start":{"line":32,"column":28},"end":{"line":32,"column":30}},"line":32},"3":{"name":"(anonymous_3)","decl":{"start":{"line":37,"column":48},"end":{"line":37,"column":49}},"loc":{"start":{"line":37,"column":60},"end":{"line":37,"column":79}},"line":37},"4":{"name":"(anonymous_4)","decl":{"start":{"line":42,"column":51},"end":{"line":42,"column":52}},"loc":{"start":{"line":42,"column":63},"end":{"line":42,"column":81}},"line":42},"5":{"name":"(anonymous_5)","decl":{"start":{"line":71,"column":35},"end":{"line":71,"column":36}},"loc":{"start":{"line":71,"column":68},"end":{"line":81,"column":1}},"line":71},"6":{"name":"(anonymous_6)","decl":{"start":{"line":73,"column":40},"end":{"line":73,"column":41}},"loc":{"start":{"line":73,"column":60},"end":{"line":79,"column":4}},"line":73},"7":{"name":"(anonymous_7)","decl":{"start":{"line":73,"column":90},"end":{"line":73,"column":91}},"loc":{"start":{"line":73,"column":121},"end":{"line":79,"column":3}},"line":73},"8":{"name":"(anonymous_8)","decl":{"start":{"line":73,"column":132},"end":{"line":73,"column":133}},"loc":{"start":{"line":73,"column":152},"end":{"line":79,"column":2}},"line":73},"9":{"name":"(anonymous_9)","decl":{"start":{"line":83,"column":31},"end":{"line":83,"column":32}},"loc":{"start":{"line":83,"column":61},"end":{"line":101,"column":1}},"line":83},"10":{"name":"(anonymous_10)","decl":{"start":{"line":103,"column":41},"end":{"line":103,"column":42}},"loc":{"start":{"line":109,"column":5},"end":{"line":133,"column":1}},"line":109},"11":{"name":"(anonymous_11)","decl":{"start":{"line":118,"column":56},"end":{"line":118,"column":57}},"loc":{"start":{"line":118,"column":69},"end":{"line":128,"column":2}},"line":118},"12":{"name":"(anonymous_12)","decl":{"start":{"line":122,"column":3},"end":{"line":122,"column":4}},"loc":{"start":{"line":122,"column":59},"end":{"line":124,"column":48}},"line":122},"13":{"name":"(anonymous_13)","decl":{"start":{"line":130,"column":2},"end":{"line":130,"column":3}},"loc":{"start":{"line":130,"column":22},"end":{"line":130,"column":44}},"line":130}},"branchMap":{"0":{"loc":{"start":{"line":5,"column":1},"end":{"line":25,"column":2}},"type":"if","locations":[{"start":{"line":5,"column":1},"end":{"line":25,"column":2}},{"start":{"line":5,"column":1},"end":{"line":25,"column":2}}],"line":5},"1":{"loc":{"start":{"line":8,"column":3},"end":{"line":10,"column":4}},"type":"if","locations":[{"start":{"line":8,"column":3},"end":{"line":10,"column":4}},{"start":{"line":8,"column":3},"end":{"line":10,"column":4}}],"line":8},"2":{"loc":{"start":{"line":14,"column":3},"end":{"line":17,"column":4}},"type":"if","locations":[{"start":{"line":14,"column":3},"end":{"line":17,"column":4}},{"start":{"line":14,"column":3},"end":{"line":17,"column":4}}],"line":14},"3":{"loc":{"start":{"line":14,"column":7},"end":{"line":14,"column":45}},"type":"binary-expr","locations":[{"start":{"line":14,"column":7},"end":{"line":14,"column":19}},{"start":{"line":14,"column":23},"end":{"line":14,"column":45}}],"line":14},"4":{"loc":{"start":{"line":18,"column":3},"end":{"line":23,"column":4}},"type":"if","locations":[{"start":{"line":18,"column":3},"end":{"line":23,"column":4}},{"start":{"line":18,"column":3},"end":{"line":23,"column":4}}],"line":18},"5":{"loc":{"start":{"line":18,"column":7},"end":{"line":18,"column":76}},"type":"binary-expr","locations":[{"start":{"line":18,"column":7},"end":{"line":18,"column":40}},{"start":{"line":18,"column":44},"end":{"line":18,"column":76}}],"line":18},"6":{"loc":{"start":{"line":20,"column":4},"end":{"line":22,"column":5}},"type":"if","locations":[{"start":{"line":20,"column":4},"end":{"line":22,"column":5}},{"start":{"line":20,"column":4},"end":{"line":22,"column":5}}],"line":20},"7":{"loc":{"start":{"line":30,"column":1},"end":{"line":30,"column":16}},"type":"default-arg","locations":[{"start":{"line":30,"column":14},"end":{"line":30,"column":16}}],"line":30},"8":{"loc":{"start":{"line":31,"column":1},"end":{"line":31,"column":20}},"type":"default-arg","locations":[{"start":{"line":31,"column":18},"end":{"line":31,"column":20}}],"line":31},"9":{"loc":{"start":{"line":32,"column":1},"end":{"line":32,"column":30}},"type":"default-arg","locations":[{"start":{"line":32,"column":22},"end":{"line":32,"column":30}}],"line":32},"10":{"loc":{"start":{"line":46,"column":1},"end":{"line":48,"column":2}},"type":"if","locations":[{"start":{"line":46,"column":1},"end":{"line":48,"column":2}},{"start":{"line":46,"column":1},"end":{"line":48,"column":2}}],"line":46},"11":{"loc":{"start":{"line":49,"column":1},"end":{"line":53,"column":2}},"type":"if","locations":[{"start":{"line":49,"column":1},"end":{"line":53,"column":2}},{"start":{"line":49,"column":1},"end":{"line":53,"column":2}}],"line":49},"12":{"loc":{"start":{"line":54,"column":1},"end":{"line":56,"column":2}},"type":"if","locations":[{"start":{"line":54,"column":1},"end":{"line":56,"column":2}},{"start":{"line":54,"column":1},"end":{"line":56,"column":2}}],"line":54},"13":{"loc":{"start":{"line":57,"column":1},"end":{"line":59,"column":2}},"type":"if","locations":[{"start":{"line":57,"column":1},"end":{"line":59,"column":2}},{"start":{"line":57,"column":1},"end":{"line":59,"column":2}}],"line":57},"14":{"loc":{"start":{"line":60,"column":1},"end":{"line":62,"column":2}},"type":"if","locations":[{"start":{"line":60,"column":1},"end":{"line":62,"column":2}},{"start":{"line":60,"column":1},"end":{"line":62,"column":2}}],"line":60},"15":{"loc":{"start":{"line":73,"column":15},"end":{"line":73,"column":33}},"type":"binary-expr","locations":[{"start":{"line":73,"column":15},"end":{"line":73,"column":27}},{"start":{"line":73,"column":31},"end":{"line":73,"column":33}}],"line":73},"16":{"loc":{"start":{"line":73,"column":61},"end":{"line":73,"column":83}},"type":"binary-expr","locations":[{"start":{"line":73,"column":61},"end":{"line":73,"column":77}},{"start":{"line":73,"column":81},"end":{"line":73,"column":83}}],"line":73},"17":{"loc":{"start":{"line":74,"column":2},"end":{"line":77,"column":3}},"type":"if","locations":[{"start":{"line":74,"column":2},"end":{"line":77,"column":3}},{"start":{"line":74,"column":2},"end":{"line":77,"column":3}}],"line":74},"18":{"loc":{"start":{"line":84,"column":25},"end":{"line":84,"column":59}},"type":"binary-expr","locations":[{"start":{"line":84,"column":25},"end":{"line":84,"column":53}},{"start":{"line":84,"column":57},"end":{"line":84,"column":59}}],"line":84},"19":{"loc":{"start":{"line":85,"column":1},"end":{"line":87,"column":2}},"type":"if","locations":[{"start":{"line":85,"column":1},"end":{"line":87,"column":2}},{"start":{"line":85,"column":1},"end":{"line":87,"column":2}}],"line":85},"20":{"loc":{"start":{"line":85,"column":5},"end":{"line":85,"column":65}},"type":"binary-expr","locations":[{"start":{"line":85,"column":5},"end":{"line":85,"column":37}},{"start":{"line":85,"column":41},"end":{"line":85,"column":65}}],"line":85},"21":{"loc":{"start":{"line":88,"column":1},"end":{"line":90,"column":2}},"type":"if","locations":[{"start":{"line":88,"column":1},"end":{"line":90,"column":2}},{"start":{"line":88,"column":1},"end":{"line":90,"column":2}}],"line":88},"22":{"loc":{"start":{"line":88,"column":5},"end":{"line":88,"column":68}},"type":"binary-expr","locations":[{"start":{"line":88,"column":5},"end":{"line":88,"column":31}},{"start":{"line":88,"column":35},"end":{"line":88,"column":68}}],"line":88},"23":{"loc":{"start":{"line":91,"column":1},"end":{"line":93,"column":2}},"type":"if","locations":[{"start":{"line":91,"column":1},"end":{"line":93,"column":2}},{"start":{"line":91,"column":1},"end":{"line":93,"column":2}}],"line":91},"24":{"loc":{"start":{"line":91,"column":5},"end":{"line":91,"column":52}},"type":"binary-expr","locations":[{"start":{"line":91,"column":5},"end":{"line":91,"column":23}},{"start":{"line":91,"column":27},"end":{"line":91,"column":52}}],"line":91},"25":{"loc":{"start":{"line":94,"column":1},"end":{"line":96,"column":2}},"type":"if","locations":[{"start":{"line":94,"column":1},"end":{"line":96,"column":2}},{"start":{"line":94,"column":1},"end":{"line":96,"column":2}}],"line":94},"26":{"loc":{"start":{"line":94,"column":5},"end":{"line":94,"column":60}},"type":"binary-expr","locations":[{"start":{"line":94,"column":5},"end":{"line":94,"column":26}},{"start":{"line":94,"column":30},"end":{"line":94,"column":60}}],"line":94},"27":{"loc":{"start":{"line":97,"column":1},"end":{"line":99,"column":2}},"type":"if","locations":[{"start":{"line":97,"column":1},"end":{"line":99,"column":2}},{"start":{"line":97,"column":1},"end":{"line":99,"column":2}}],"line":97},"28":{"loc":{"start":{"line":108,"column":1},"end":{"line":108,"column":26}},"type":"default-arg","locations":[{"start":{"line":108,"column":21},"end":{"line":108,"column":26}}],"line":108},"29":{"loc":{"start":{"line":110,"column":1},"end":{"line":112,"column":2}},"type":"if","locations":[{"start":{"line":110,"column":1},"end":{"line":112,"column":2}},{"start":{"line":110,"column":1},"end":{"line":112,"column":2}}],"line":110},"30":{"loc":{"start":{"line":114,"column":1},"end":{"line":116,"column":2}},"type":"if","locations":[{"start":{"line":114,"column":1},"end":{"line":116,"column":2}},{"start":{"line":114,"column":1},"end":{"line":116,"column":2}}],"line":114},"31":{"loc":{"start":{"line":114,"column":5},"end":{"line":114,"column":47}},"type":"binary-expr","locations":[{"start":{"line":114,"column":5},"end":{"line":114,"column":22}},{"start":{"line":114,"column":26},"end":{"line":114,"column":47}}],"line":114},"32":{"loc":{"start":{"line":118,"column":33},"end":{"line":118,"column":49}},"type":"binary-expr","locations":[{"start":{"line":118,"column":33},"end":{"line":118,"column":43}},{"start":{"line":118,"column":47},"end":{"line":118,"column":49}}],"line":118},"33":{"loc":{"start":{"line":119,"column":25},"end":{"line":119,"column":40}},"type":"binary-expr","locations":[{"start":{"line":119,"column":25},"end":{"line":119,"column":34}},{"start":{"line":119,"column":38},"end":{"line":119,"column":40}}],"line":119},"34":{"loc":{"start":{"line":122,"column":59},"end":{"line":124,"column":48}},"type":"binary-expr","locations":[{"start":{"line":122,"column":59},"end":{"line":122,"column":67}},{"start":{"line":123,"column":7},"end":{"line":123,"column":57}},{"start":{"line":124,"column":7},"end":{"line":124,"column":48}}],"line":122},"35":{"loc":{"start":{"line":129,"column":29},"end":{"line":129,"column":57}},"type":"binary-expr","locations":[{"start":{"line":129,"column":29},"end":{"line":129,"column":51}},{"start":{"line":129,"column":55},"end":{"line":129,"column":57}}],"line":129}},"s":{"0":0,"1":0,"2":0,"3":0,"4":0,"5":0,"6":0,"7":0,"8":0,"9":0,"10":0,"11":0,"12":0,"13":0,"14":0,"15":0,"16":1,"17":0,"18":0,"19":0,"20":0,"21":0,"22":0,"23":0,"24":0,"25":0,"26":0,"27":0,"28":0,"29":0,"30":0,"31":0,"32":0,"33":0,"34":0,"35":0,"36":0,"37":0,"38":0,"39":0,"40":0,"41":1,"42":5,"43":5,"44":0,"45":0,"46":0,"47":0,"48":0,"49":0,"50":5,"51":1,"52":0,"53":0,"54":0,"55":0,"56":0,"57":0,"58":0,"59":0,"60":0,"61":0,"62":0,"63":0,"64":1,"65":2,"66":0,"67":2,"68":2,"69":0,"70":2,"71":0,"72":0,"73":0,"74":0,"75":2,"76":0,"77":2},"f":{"0":0,"1":0,"2":0,"3":0,"4":0,"5":5,"6":0,"7":0,"8":0,"9":0,"10":2,"11":0,"12":0,"13":0},"b":{"0":[0,0],"1":[0,0],"2":[0,0],"3":[0,0],"4":[0,0],"5":[0,0],"6":[0,0],"7":[0],"8":[0],"9":[0],"10":[0,0],"11":[0,0],"12":[0,0],"13":[0,0],"14":[0,0],"15":[5,0],"16":[0,0],"17":[0,0],"18":[0,0],"19":[0,0],"20":[0,0],"21":[0,0],"22":[0,0],"23":[0,0],"24":[0,0],"25":[0,0],"26":[0,0],"27":[0,0],"28":[0],"29":[0,2],"30":[0,2],"31":[2,2],"32":[2,0],"33":[0,0],"34":[0,0,0],"35":[2,0]},"_coverageSchema":"43e27e138ebf9cfc5966b082cf9a028302ed4184","hash":"bbaaf85112af93e7e082f244ee77e6634023c4da"}
,"/Users/pragalbha/Documents/GoComet/frontend-service/components/client/operations-module/index.jsx": {"path":"/Users/pragalbha/Documents/GoComet/frontend-service/components/client/operations-module/index.jsx","statementMap":{"0":{"start":{"line":36,"column":18},"end":{"line":36,"column":40}},"1":{"start":{"line":44,"column":9},"end":{"line":52,"column":2}},"2":{"start":{"line":54,"column":30},"end":{"line":57,"column":8}},"3":{"start":{"line":55,"column":26},"end":{"line":55,"column":36}},"4":{"start":{"line":56,"column":2},"end":{"line":56,"column":16}},"5":{"start":{"line":59,"column":22},"end":{"line":59,"column":60}},"6":{"start":{"line":64,"column":6},"end":{"line":64,"column":16}},"7":{"start":{"line":65,"column":20},"end":{"line":65,"column":30}},"8":{"start":{"line":67,"column":17},"end":{"line":67,"column":39}},"9":{"start":{"line":68,"column":2},"end":{"line":71,"column":3}},"10":{"start":{"line":69,"column":3},"end":{"line":69,"column":23}},"11":{"start":{"line":70,"column":3},"end":{"line":70,"column":59}},"12":{"start":{"line":72,"column":2},"end":{"line":72,"column":38}},"13":{"start":{"line":79,"column":6},"end":{"line":79,"column":15}},"14":{"start":{"line":85,"column":6},"end":{"line":85,"column":16}},"15":{"start":{"line":86,"column":2},"end":{"line":94,"column":3}},"16":{"start":{"line":92,"column":3},"end":{"line":92,"column":76}},"17":{"start":{"line":93,"column":3},"end":{"line":93,"column":57}},"18":{"start":{"line":98,"column":2},"end":{"line":100,"column":3}},"19":{"start":{"line":99,"column":3},"end":{"line":99,"column":44}},"20":{"start":{"line":101,"column":2},"end":{"line":103,"column":3}},"21":{"start":{"line":102,"column":3},"end":{"line":102,"column":39}},"22":{"start":{"line":107,"column":20},"end":{"line":109,"column":2}},"23":{"start":{"line":108,"column":2},"end":{"line":108,"column":45}},"24":{"start":{"line":112,"column":22},"end":{"line":115,"column":2}},"25":{"start":{"line":113,"column":29},"end":{"line":113,"column":39}},"26":{"start":{"line":114,"column":2},"end":{"line":114,"column":97}},"27":{"start":{"line":117,"column":22},"end":{"line":120,"column":2}},"28":{"start":{"line":118,"column":29},"end":{"line":118,"column":39}},"29":{"start":{"line":119,"column":2},"end":{"line":119,"column":68}},"30":{"start":{"line":123,"column":21},"end":{"line":125,"column":2}},"31":{"start":{"line":124,"column":2},"end":{"line":124,"column":50}},"32":{"start":{"line":127,"column":21},"end":{"line":129,"column":2}},"33":{"start":{"line":128,"column":2},"end":{"line":128,"column":51}},"34":{"start":{"line":132,"column":22},"end":{"line":134,"column":2}},"35":{"start":{"line":133,"column":2},"end":{"line":133,"column":51}},"36":{"start":{"line":136,"column":22},"end":{"line":138,"column":2}},"37":{"start":{"line":137,"column":2},"end":{"line":137,"column":52}},"38":{"start":{"line":141,"column":26},"end":{"line":144,"column":2}},"39":{"start":{"line":142,"column":42},"end":{"line":142,"column":52}},"40":{"start":{"line":143,"column":2},"end":{"line":143,"column":94}},"41":{"start":{"line":143,"column":61},"end":{"line":143,"column":92}},"42":{"start":{"line":146,"column":26},"end":{"line":149,"column":2}},"43":{"start":{"line":147,"column":42},"end":{"line":147,"column":52}},"44":{"start":{"line":148,"column":2},"end":{"line":148,"column":95}},"45":{"start":{"line":148,"column":62},"end":{"line":148,"column":93}},"46":{"start":{"line":155,"column":24},"end":{"line":177,"column":2}},"47":{"start":{"line":156,"column":2},"end":{"line":172,"column":4}},"48":{"start":{"line":174,"column":2},"end":{"line":176,"column":3}},"49":{"start":{"line":175,"column":3},"end":{"line":175,"column":33}},"50":{"start":{"line":179,"column":26},"end":{"line":185,"column":2}},"51":{"start":{"line":180,"column":60},"end":{"line":180,"column":70}},"52":{"start":{"line":181,"column":2},"end":{"line":184,"column":5}},"53":{"start":{"line":187,"column":32},"end":{"line":189,"column":2}},"54":{"start":{"line":188,"column":2},"end":{"line":188,"column":35}},"55":{"start":{"line":191,"column":29},"end":{"line":193,"column":2}},"56":{"start":{"line":192,"column":2},"end":{"line":192,"column":36}},"57":{"start":{"line":195,"column":16},"end":{"line":199,"column":2}},"58":{"start":{"line":196,"column":37},"end":{"line":196,"column":47}},"59":{"start":{"line":197,"column":2},"end":{"line":197,"column":75}},"60":{"start":{"line":198,"column":2},"end":{"line":198,"column":40}},"61":{"start":{"line":212,"column":6},"end":{"line":212,"column":16}},"62":{"start":{"line":222,"column":6},"end":{"line":222,"column":16}},"63":{"start":{"line":224,"column":2},"end":{"line":306,"column":4}},"64":{"start":{"line":333,"column":0},"end":{"line":354,"column":2}},"65":{"start":{"line":356,"column":24},"end":{"line":389,"column":1}},"66":{"start":{"line":357,"column":29},"end":{"line":357,"column":40}},"67":{"start":{"line":366,"column":5},"end":{"line":366,"column":27}},"68":{"start":{"line":367,"column":28},"end":{"line":367,"column":45}},"69":{"start":{"line":368,"column":85},"end":{"line":368,"column":105}},"70":{"start":{"line":369,"column":18},"end":{"line":369,"column":104}},"71":{"start":{"line":370,"column":22},"end":{"line":370,"column":47}},"72":{"start":{"line":371,"column":26},"end":{"line":371,"column":96}},"73":{"start":{"line":372,"column":44},"end":{"line":372,"column":124}},"74":{"start":{"line":373,"column":1},"end":{"line":388,"column":3}},"75":{"start":{"line":391,"column":32},"end":{"line":395,"column":1}},"76":{"start":{"line":392,"column":1},"end":{"line":394,"column":32}},"77":{"start":{"line":393,"column":15},"end":{"line":393,"column":66}}},"fnMap":{"0":{"name":"(anonymous_0)","decl":{"start":{"line":54,"column":39},"end":{"line":54,"column":40}},"loc":{"start":{"line":54,"column":45},"end":{"line":57,"column":2}},"line":54},"1":{"name":"(anonymous_1)","decl":{"start":{"line":61,"column":1},"end":{"line":61,"column":2}},"loc":{"start":{"line":61,"column":21},"end":{"line":73,"column":2}},"line":61},"2":{"name":"(anonymous_2)","decl":{"start":{"line":75,"column":1},"end":{"line":75,"column":2}},"loc":{"start":{"line":75,"column":31},"end":{"line":95,"column":2}},"line":75},"3":{"name":"(anonymous_3)","decl":{"start":{"line":97,"column":1},"end":{"line":97,"column":2}},"loc":{"start":{"line":97,"column":24},"end":{"line":104,"column":2}},"line":97},"4":{"name":"(anonymous_4)","decl":{"start":{"line":107,"column":20},"end":{"line":107,"column":21}},"loc":{"start":{"line":107,"column":32},"end":{"line":109,"column":2}},"line":107},"5":{"name":"(anonymous_5)","decl":{"start":{"line":112,"column":22},"end":{"line":112,"column":23}},"loc":{"start":{"line":112,"column":36},"end":{"line":115,"column":2}},"line":112},"6":{"name":"(anonymous_6)","decl":{"start":{"line":117,"column":22},"end":{"line":117,"column":23}},"loc":{"start":{"line":117,"column":28},"end":{"line":120,"column":2}},"line":117},"7":{"name":"(anonymous_7)","decl":{"start":{"line":123,"column":21},"end":{"line":123,"column":22}},"loc":{"start":{"line":123,"column":27},"end":{"line":125,"column":2}},"line":123},"8":{"name":"(anonymous_8)","decl":{"start":{"line":127,"column":21},"end":{"line":127,"column":22}},"loc":{"start":{"line":127,"column":27},"end":{"line":129,"column":2}},"line":127},"9":{"name":"(anonymous_9)","decl":{"start":{"line":132,"column":22},"end":{"line":132,"column":23}},"loc":{"start":{"line":132,"column":28},"end":{"line":134,"column":2}},"line":132},"10":{"name":"(anonymous_10)","decl":{"start":{"line":136,"column":22},"end":{"line":136,"column":23}},"loc":{"start":{"line":136,"column":28},"end":{"line":138,"column":2}},"line":136},"11":{"name":"(anonymous_11)","decl":{"start":{"line":141,"column":26},"end":{"line":141,"column":27}},"loc":{"start":{"line":141,"column":32},"end":{"line":144,"column":2}},"line":141},"12":{"name":"(anonymous_12)","decl":{"start":{"line":143,"column":55},"end":{"line":143,"column":56}},"loc":{"start":{"line":143,"column":61},"end":{"line":143,"column":92}},"line":143},"13":{"name":"(anonymous_13)","decl":{"start":{"line":146,"column":26},"end":{"line":146,"column":27}},"loc":{"start":{"line":146,"column":32},"end":{"line":149,"column":2}},"line":146},"14":{"name":"(anonymous_14)","decl":{"start":{"line":148,"column":56},"end":{"line":148,"column":57}},"loc":{"start":{"line":148,"column":62},"end":{"line":148,"column":93}},"line":148},"15":{"name":"(anonymous_15)","decl":{"start":{"line":155,"column":24},"end":{"line":155,"column":25}},"loc":{"start":{"line":155,"column":39},"end":{"line":177,"column":2}},"line":155},"16":{"name":"(anonymous_16)","decl":{"start":{"line":179,"column":26},"end":{"line":179,"column":27}},"loc":{"start":{"line":179,"column":44},"end":{"line":185,"column":2}},"line":179},"17":{"name":"(anonymous_17)","decl":{"start":{"line":187,"column":32},"end":{"line":187,"column":33}},"loc":{"start":{"line":187,"column":38},"end":{"line":189,"column":2}},"line":187},"18":{"name":"(anonymous_18)","decl":{"start":{"line":191,"column":29},"end":{"line":191,"column":30}},"loc":{"start":{"line":191,"column":35},"end":{"line":193,"column":2}},"line":191},"19":{"name":"(anonymous_19)","decl":{"start":{"line":195,"column":16},"end":{"line":195,"column":17}},"loc":{"start":{"line":195,"column":22},"end":{"line":199,"column":2}},"line":195},"20":{"name":"(anonymous_20)","decl":{"start":{"line":201,"column":1},"end":{"line":201,"column":2}},"loc":{"start":{"line":201,"column":10},"end":{"line":307,"column":2}},"line":201},"21":{"name":"(anonymous_21)","decl":{"start":{"line":347,"column":16},"end":{"line":347,"column":17}},"loc":{"start":{"line":347,"column":22},"end":{"line":347,"column":24}},"line":347},"22":{"name":"(anonymous_22)","decl":{"start":{"line":348,"column":14},"end":{"line":348,"column":15}},"loc":{"start":{"line":348,"column":20},"end":{"line":348,"column":22}},"line":348},"23":{"name":"(anonymous_23)","decl":{"start":{"line":349,"column":22},"end":{"line":349,"column":23}},"loc":{"start":{"line":349,"column":28},"end":{"line":349,"column":30}},"line":349},"24":{"name":"(anonymous_24)","decl":{"start":{"line":350,"column":21},"end":{"line":350,"column":22}},"loc":{"start":{"line":350,"column":27},"end":{"line":350,"column":29}},"line":350},"25":{"name":"(anonymous_25)","decl":{"start":{"line":351,"column":30},"end":{"line":351,"column":31}},"loc":{"start":{"line":351,"column":36},"end":{"line":351,"column":38}},"line":351},"26":{"name":"(anonymous_26)","decl":{"start":{"line":352,"column":17},"end":{"line":352,"column":18}},"loc":{"start":{"line":352,"column":23},"end":{"line":352,"column":25}},"line":352},"27":{"name":"(anonymous_27)","decl":{"start":{"line":353,"column":17},"end":{"line":353,"column":18}},"loc":{"start":{"line":353,"column":23},"end":{"line":353,"column":25}},"line":353},"28":{"name":"(anonymous_28)","decl":{"start":{"line":356,"column":24},"end":{"line":356,"column":25}},"loc":{"start":{"line":356,"column":33},"end":{"line":389,"column":1}},"line":356},"29":{"name":"(anonymous_29)","decl":{"start":{"line":391,"column":32},"end":{"line":391,"column":33}},"loc":{"start":{"line":392,"column":1},"end":{"line":394,"column":32}},"line":392},"30":{"name":"(anonymous_30)","decl":{"start":{"line":393,"column":3},"end":{"line":393,"column":4}},"loc":{"start":{"line":393,"column":15},"end":{"line":393,"column":66}},"line":393}},"branchMap":{"0":{"loc":{"start":{"line":68,"column":2},"end":{"line":71,"column":3}},"type":"if","locations":[{"start":{"line":68,"column":2},"end":{"line":71,"column":3}},{"start":{"line":68,"column":2},"end":{"line":71,"column":3}}],"line":68},"1":{"loc":{"start":{"line":68,"column":7},"end":{"line":68,"column":21}},"type":"binary-expr","locations":[{"start":{"line":68,"column":7},"end":{"line":68,"column":15}},{"start":{"line":68,"column":19},"end":{"line":68,"column":21}}],"line":68},"2":{"loc":{"start":{"line":86,"column":2},"end":{"line":94,"column":3}},"type":"if","locations":[{"start":{"line":86,"column":2},"end":{"line":94,"column":3}},{"start":{"line":86,"column":2},"end":{"line":94,"column":3}}],"line":86},"3":{"loc":{"start":{"line":87,"column":3},"end":{"line":90,"column":19}},"type":"binary-expr","locations":[{"start":{"line":87,"column":3},"end":{"line":87,"column":34}},{"start":{"line":88,"column":6},"end":{"line":88,"column":40}},{"start":{"line":89,"column":6},"end":{"line":89,"column":37}},{"start":{"line":90,"column":6},"end":{"line":90,"column":19}}],"line":87},"4":{"loc":{"start":{"line":98,"column":2},"end":{"line":100,"column":3}},"type":"if","locations":[{"start":{"line":98,"column":2},"end":{"line":100,"column":3}},{"start":{"line":98,"column":2},"end":{"line":100,"column":3}}],"line":98},"5":{"loc":{"start":{"line":101,"column":2},"end":{"line":103,"column":3}},"type":"if","locations":[{"start":{"line":101,"column":2},"end":{"line":103,"column":3}},{"start":{"line":101,"column":2},"end":{"line":103,"column":3}}],"line":101},"6":{"loc":{"start":{"line":101,"column":6},"end":{"line":101,"column":70}},"type":"binary-expr","locations":[{"start":{"line":101,"column":6},"end":{"line":101,"column":43}},{"start":{"line":101,"column":47},"end":{"line":101,"column":70}}],"line":101},"7":{"loc":{"start":{"line":174,"column":2},"end":{"line":176,"column":3}},"type":"if","locations":[{"start":{"line":174,"column":2},"end":{"line":176,"column":3}},{"start":{"line":174,"column":2},"end":{"line":176,"column":3}}],"line":174},"8":{"loc":{"start":{"line":174,"column":6},"end":{"line":174,"column":70}},"type":"binary-expr","locations":[{"start":{"line":174,"column":6},"end":{"line":174,"column":43}},{"start":{"line":174,"column":47},"end":{"line":174,"column":70}}],"line":174},"9":{"loc":{"start":{"line":198,"column":14},"end":{"line":198,"column":38}},"type":"binary-expr","locations":[{"start":{"line":198,"column":14},"end":{"line":198,"column":26}},{"start":{"line":198,"column":30},"end":{"line":198,"column":38}}],"line":198},"10":{"loc":{"start":{"line":229,"column":16},"end":{"line":229,"column":78}},"type":"cond-expr","locations":[{"start":{"line":229,"column":53},"end":{"line":229,"column":55}},{"start":{"line":229,"column":58},"end":{"line":229,"column":78}}],"line":229},"11":{"loc":{"start":{"line":229,"column":16},"end":{"line":229,"column":50}},"type":"binary-expr","locations":[{"start":{"line":229,"column":16},"end":{"line":229,"column":29}},{"start":{"line":229,"column":33},"end":{"line":229,"column":50}}],"line":229},"12":{"loc":{"start":{"line":248,"column":7},"end":{"line":262,"column":7}},"type":"binary-expr","locations":[{"start":{"line":248,"column":7},"end":{"line":248,"column":15}},{"start":{"line":248,"column":19},"end":{"line":248,"column":42}},{"start":{"line":249,"column":7},"end":{"line":261,"column":21}}],"line":248},"13":{"loc":{"start":{"line":264,"column":6},"end":{"line":279,"column":6}},"type":"binary-expr","locations":[{"start":{"line":264,"column":6},"end":{"line":264,"column":14}},{"start":{"line":265,"column":6},"end":{"line":278,"column":8}}],"line":264},"14":{"loc":{"start":{"line":280,"column":6},"end":{"line":284,"column":6}},"type":"binary-expr","locations":[{"start":{"line":280,"column":6},"end":{"line":280,"column":19}},{"start":{"line":280,"column":23},"end":{"line":280,"column":32}},{"start":{"line":281,"column":6},"end":{"line":283,"column":21}}],"line":280},"15":{"loc":{"start":{"line":286,"column":6},"end":{"line":303,"column":6}},"type":"cond-expr","locations":[{"start":{"line":287,"column":6},"end":{"line":287,"column":16}},{"start":{"line":289,"column":6},"end":{"line":302,"column":9}}],"line":286},"16":{"loc":{"start":{"line":367,"column":28},"end":{"line":367,"column":45}},"type":"binary-expr","locations":[{"start":{"line":367,"column":28},"end":{"line":367,"column":39}},{"start":{"line":367,"column":43},"end":{"line":367,"column":45}}],"line":367},"17":{"loc":{"start":{"line":368,"column":85},"end":{"line":368,"column":105}},"type":"binary-expr","locations":[{"start":{"line":368,"column":85},"end":{"line":368,"column":99}},{"start":{"line":368,"column":103},"end":{"line":368,"column":105}}],"line":368},"18":{"loc":{"start":{"line":369,"column":18},"end":{"line":369,"column":104}},"type":"cond-expr","locations":[{"start":{"line":369,"column":43},"end":{"line":369,"column":77}},{"start":{"line":369,"column":80},"end":{"line":369,"column":104}}],"line":369},"19":{"loc":{"start":{"line":379,"column":14},"end":{"line":381,"column":15}},"type":"cond-expr","locations":[{"start":{"line":380,"column":5},"end":{"line":380,"column":93}},{"start":{"line":381,"column":5},"end":{"line":381,"column":15}}],"line":379}},"s":{"0":0,"1":0,"2":0,"3":0,"4":0,"5":0,"6":0,"7":0,"8":0,"9":0,"10":0,"11":0,"12":0,"13":0,"14":0,"15":0,"16":0,"17":0,"18":0,"19":0,"20":0,"21":0,"22":0,"23":0,"24":0,"25":0,"26":0,"27":0,"28":0,"29":0,"30":0,"31":0,"32":0,"33":0,"34":0,"35":0,"36":0,"37":0,"38":0,"39":0,"40":0,"41":0,"42":0,"43":0,"44":0,"45":0,"46":0,"47":0,"48":0,"49":0,"50":0,"51":0,"52":0,"53":0,"54":0,"55":0,"56":0,"57":0,"58":0,"59":0,"60":0,"61":0,"62":0,"63":0,"64":0,"65":0,"66":0,"67":0,"68":0,"69":0,"70":0,"71":0,"72":0,"73":0,"74":0,"75":0,"76":0,"77":0},"f":{"0":0,"1":0,"2":0,"3":0,"4":0,"5":0,"6":0,"7":0,"8":0,"9":0,"10":0,"11":0,"12":0,"13":0,"14":0,"15":0,"16":0,"17":0,"18":0,"19":0,"20":0,"21":0,"22":0,"23":0,"24":0,"25":0,"26":0,"27":0,"28":0,"29":0,"30":0},"b":{"0":[0,0],"1":[0,0],"2":[0,0],"3":[0,0,0,0],"4":[0,0],"5":[0,0],"6":[0,0],"7":[0,0],"8":[0,0],"9":[0,0],"10":[0,0],"11":[0,0],"12":[0,0,0],"13":[0,0],"14":[0,0,0],"15":[0,0],"16":[0,0],"17":[0,0],"18":[0,0],"19":[0,0]},"hash":"2d8da026becb4cf378fd0f32106ecdb05bb344cb"}
,"/Users/pragalbha/Documents/GoComet/frontend-service/components/client/operations-module/styles.jsx": {"path":"/Users/pragalbha/Documents/GoComet/frontend-service/components/client/operations-module/styles.jsx","statementMap":{"0":{"start":{"line":11,"column":27},"end":{"line":15,"column":1}},"1":{"start":{"line":16,"column":27},"end":{"line":31,"column":1}},"2":{"start":{"line":32,"column":39},"end":{"line":35,"column":1}},"3":{"start":{"line":37,"column":29},"end":{"line":37,"column":41}},"4":{"start":{"line":40,"column":29},"end":{"line":87,"column":1}},"5":{"start":{"line":44,"column":30},"end":{"line":44,"column":70}},"6":{"start":{"line":48,"column":44},"end":{"line":48,"column":125}},"7":{"start":{"line":49,"column":52},"end":{"line":49,"column":95}},"8":{"start":{"line":62,"column":30},"end":{"line":62,"column":95}}},"fnMap":{"0":{"name":"(anonymous_0)","decl":{"start":{"line":44,"column":11},"end":{"line":44,"column":12}},"loc":{"start":{"line":44,"column":30},"end":{"line":44,"column":70}},"line":44},"1":{"name":"(anonymous_1)","decl":{"start":{"line":48,"column":11},"end":{"line":48,"column":12}},"loc":{"start":{"line":48,"column":44},"end":{"line":48,"column":125}},"line":48},"2":{"name":"(anonymous_2)","decl":{"start":{"line":49,"column":19},"end":{"line":49,"column":20}},"loc":{"start":{"line":49,"column":52},"end":{"line":49,"column":95}},"line":49},"3":{"name":"(anonymous_3)","decl":{"start":{"line":62,"column":11},"end":{"line":62,"column":12}},"loc":{"start":{"line":62,"column":30},"end":{"line":62,"column":95}},"line":62}},"branchMap":{"0":{"loc":{"start":{"line":44,"column":30},"end":{"line":44,"column":70}},"type":"cond-expr","locations":[{"start":{"line":44,"column":41},"end":{"line":44,"column":47}},{"start":{"line":44,"column":50},"end":{"line":44,"column":70}}],"line":44},"1":{"loc":{"start":{"line":48,"column":44},"end":{"line":48,"column":125}},"type":"cond-expr","locations":[{"start":{"line":48,"column":71},"end":{"line":48,"column":77}},{"start":{"line":48,"column":80},"end":{"line":48,"column":125}}],"line":48},"2":{"loc":{"start":{"line":48,"column":44},"end":{"line":48,"column":68}},"type":"binary-expr","locations":[{"start":{"line":48,"column":44},"end":{"line":48,"column":56}},{"start":{"line":48,"column":60},"end":{"line":48,"column":68}}],"line":48},"3":{"loc":{"start":{"line":49,"column":52},"end":{"line":49,"column":95}},"type":"cond-expr","locations":[{"start":{"line":49,"column":79},"end":{"line":49,"column":84}},{"start":{"line":49,"column":87},"end":{"line":49,"column":95}}],"line":49},"4":{"loc":{"start":{"line":49,"column":52},"end":{"line":49,"column":76}},"type":"binary-expr","locations":[{"start":{"line":49,"column":52},"end":{"line":49,"column":64}},{"start":{"line":49,"column":68},"end":{"line":49,"column":76}}],"line":49},"5":{"loc":{"start":{"line":62,"column":30},"end":{"line":62,"column":95}},"type":"cond-expr","locations":[{"start":{"line":62,"column":41},"end":{"line":62,"column":47}},{"start":{"line":62,"column":50},"end":{"line":62,"column":95}}],"line":62}},"s":{"0":0,"1":0,"2":0,"3":0,"4":0,"5":0,"6":0,"7":0,"8":0},"f":{"0":0,"1":0,"2":0,"3":0},"b":{"0":[0,0],"1":[0,0],"2":[0,0],"3":[0,0],"4":[0,0],"5":[0,0]},"hash":"ab11963c73dde381a8dba01ceaba4f2177618184"}
,"/Users/pragalbha/Documents/GoComet/frontend-service/components/client/operations-module/LeftNavbar/index.jsx": {"path":"/Users/pragalbha/Documents/GoComet/frontend-service/components/client/operations-module/LeftNavbar/index.jsx","statementMap":{"0":{"start":{"line":11,"column":9},"end":{"line":11,"column":35}},"1":{"start":{"line":13,"column":14},"end":{"line":15,"column":2}},"2":{"start":{"line":14,"column":2},"end":{"line":14,"column":43}},"3":{"start":{"line":17,"column":21},"end":{"line":19,"column":2}},"4":{"start":{"line":18,"column":2},"end":{"line":18,"column":43}},"5":{"start":{"line":21,"column":14},"end":{"line":23,"column":2}},"6":{"start":{"line":22,"column":2},"end":{"line":22,"column":44}},"7":{"start":{"line":26,"column":30},"end":{"line":26,"column":40}},"8":{"start":{"line":28,"column":2},"end":{"line":53,"column":4}}},"fnMap":{"0":{"name":"(anonymous_0)","decl":{"start":{"line":13,"column":14},"end":{"line":13,"column":15}},"loc":{"start":{"line":13,"column":20},"end":{"line":15,"column":2}},"line":13},"1":{"name":"(anonymous_1)","decl":{"start":{"line":17,"column":21},"end":{"line":17,"column":22}},"loc":{"start":{"line":17,"column":27},"end":{"line":19,"column":2}},"line":17},"2":{"name":"(anonymous_2)","decl":{"start":{"line":21,"column":14},"end":{"line":21,"column":15}},"loc":{"start":{"line":21,"column":20},"end":{"line":23,"column":2}},"line":21},"3":{"name":"(anonymous_3)","decl":{"start":{"line":25,"column":1},"end":{"line":25,"column":2}},"loc":{"start":{"line":25,"column":10},"end":{"line":54,"column":2}},"line":25},"4":{"name":"(anonymous_4)","decl":{"start":{"line":31,"column":28},"end":{"line":31,"column":29}},"loc":{"start":{"line":31,"column":34},"end":{"line":31,"column":36}},"line":31}},"branchMap":{"0":{"loc":{"start":{"line":41,"column":5},"end":{"line":51,"column":5}},"type":"binary-expr","locations":[{"start":{"line":41,"column":5},"end":{"line":41,"column":20}},{"start":{"line":42,"column":5},"end":{"line":50,"column":23}}],"line":41}},"s":{"0":0,"1":0,"2":0,"3":0,"4":0,"5":0,"6":0,"7":0,"8":0},"f":{"0":0,"1":0,"2":0,"3":0,"4":0},"b":{"0":[0,0]},"hash":"63ae56812b67b88a4e1c485afe15163ff48b6b21"}
,"/Users/pragalbha/Documents/GoComet/frontend-service/components/client/operations-module/LeftNavbar/styles.jsx": {"path":"/Users/pragalbha/Documents/GoComet/frontend-service/components/client/operations-module/LeftNavbar/styles.jsx","statementMap":{"0":{"start":{"line":11,"column":22},"end":{"line":11,"column":28}},"1":{"start":{"line":13,"column":22},"end":{"line":20,"column":1}},"2":{"start":{"line":22,"column":25},"end":{"line":28,"column":1}},"3":{"start":{"line":30,"column":26},"end":{"line":50,"column":1}},"4":{"start":{"line":52,"column":31},"end":{"line":66,"column":1}}},"fnMap":{},"branchMap":{},"s":{"0":0,"1":0,"2":0,"3":0,"4":0},"f":{},"b":{},"hash":"f69db9413fc09618ce154ebff11556eaf4db9226"}
,"/Users/pragalbha/Documents/GoComet/frontend-service/components/client/operations-module/MessagesAndActivity/SendMessage.jsx": {"path":"/Users/pragalbha/Documents/GoComet/frontend-service/components/client/operations-module/MessagesAndActivity/SendMessage.jsx","statementMap":{"0":{"start":{"line":20,"column":21},"end":{"line":20,"column":26}},"1":{"start":{"line":22,"column":20},"end":{"line":171,"column":1}},"2":{"start":{"line":25,"column":32},"end":{"line":25,"column":46}},"3":{"start":{"line":26,"column":39},"end":{"line":26,"column":54}},"4":{"start":{"line":27,"column":43},"end":{"line":27,"column":55}},"5":{"start":{"line":28,"column":59},"end":{"line":28,"column":74}},"6":{"start":{"line":30,"column":30},"end":{"line":37,"column":2}},"7":{"start":{"line":31,"column":21},"end":{"line":31,"column":30}},"8":{"start":{"line":32,"column":2},"end":{"line":36,"column":3}},"9":{"start":{"line":33,"column":3},"end":{"line":33,"column":68}},"10":{"start":{"line":34,"column":9},"end":{"line":36,"column":3}},"11":{"start":{"line":35,"column":3},"end":{"line":35,"column":58}},"12":{"start":{"line":39,"column":20},"end":{"line":65,"column":2}},"13":{"start":{"line":40,"column":26},"end":{"line":40,"column":46}},"14":{"start":{"line":41,"column":30},"end":{"line":44,"column":3}},"15":{"start":{"line":45,"column":2},"end":{"line":45,"column":67}},"16":{"start":{"line":45,"column":35},"end":{"line":45,"column":67}},"17":{"start":{"line":46,"column":2},"end":{"line":64,"column":6}},"18":{"start":{"line":48,"column":4},"end":{"line":56,"column":5}},"19":{"start":{"line":49,"column":38},"end":{"line":49,"column":52}},"20":{"start":{"line":50,"column":5},"end":{"line":50,"column":43}},"21":{"start":{"line":51,"column":5},"end":{"line":55,"column":8}},"22":{"start":{"line":59,"column":24},"end":{"line":59,"column":50}},"23":{"start":{"line":60,"column":4},"end":{"line":63,"column":7}},"24":{"start":{"line":67,"column":20},"end":{"line":84,"column":2}},"25":{"start":{"line":68,"column":2},"end":{"line":83,"column":3}},"26":{"start":{"line":70,"column":3},"end":{"line":75,"column":6}},"27":{"start":{"line":74,"column":43},"end":{"line":74,"column":51}},"28":{"start":{"line":76,"column":3},"end":{"line":76,"column":44}},"29":{"start":{"line":78,"column":3},"end":{"line":78,"column":25}},"30":{"start":{"line":79,"column":3},"end":{"line":79,"column":24}},"31":{"start":{"line":80,"column":3},"end":{"line":80,"column":24}},"32":{"start":{"line":82,"column":3},"end":{"line":82,"column":28}},"33":{"start":{"line":86,"column":25},"end":{"line":86,"column":106}},"34":{"start":{"line":86,"column":33},"end":{"line":86,"column":106}},"35":{"start":{"line":86,"column":74},"end":{"line":86,"column":105}},"36":{"start":{"line":88,"column":27},"end":{"line":105,"column":2}},"37":{"start":{"line":89,"column":2},"end":{"line":89,"column":23}},"38":{"start":{"line":90,"column":19},"end":{"line":90,"column":33}},"39":{"start":{"line":91,"column":2},"end":{"line":91,"column":66}},"40":{"start":{"line":92,"column":2},"end":{"line":92,"column":37}},"41":{"start":{"line":93,"column":2},"end":{"line":104,"column":6}},"42":{"start":{"line":95,"column":17},"end":{"line":95,"column":26}},"43":{"start":{"line":96,"column":4},"end":{"line":96,"column":26}},"44":{"start":{"line":97,"column":4},"end":{"line":97,"column":26}},"45":{"start":{"line":98,"column":4},"end":{"line":98,"column":21}},"46":{"start":{"line":101,"column":4},"end":{"line":101,"column":20}},"47":{"start":{"line":102,"column":4},"end":{"line":102,"column":26}},"48":{"start":{"line":103,"column":4},"end":{"line":103,"column":47}},"49":{"start":{"line":107,"column":1},"end":{"line":112,"column":8}},"50":{"start":{"line":108,"column":2},"end":{"line":108,"column":27}},"51":{"start":{"line":109,"column":2},"end":{"line":111,"column":4}},"52":{"start":{"line":110,"column":3},"end":{"line":110,"column":61}},"53":{"start":{"line":110,"column":42},"end":{"line":110,"column":59}},"54":{"start":{"line":114,"column":22},"end":{"line":121,"column":2}},"55":{"start":{"line":123,"column":32},"end":{"line":123,"column":82}},"56":{"start":{"line":126,"column":2},"end":{"line":135,"column":9}},"57":{"start":{"line":128,"column":4},"end":{"line":133,"column":19}},"58":{"start":{"line":132,"column":45},"end":{"line":132,"column":62}},"59":{"start":{"line":138,"column":21},"end":{"line":138,"column":74}},"60":{"start":{"line":140,"column":1},"end":{"line":170,"column":3}},"61":{"start":{"line":146,"column":23},"end":{"line":146,"column":57}}},"fnMap":{"0":{"name":"(anonymous_0)","decl":{"start":{"line":22,"column":20},"end":{"line":22,"column":21}},"loc":{"start":{"line":24,"column":6},"end":{"line":171,"column":1}},"line":24},"1":{"name":"(anonymous_1)","decl":{"start":{"line":30,"column":30},"end":{"line":30,"column":31}},"loc":{"start":{"line":30,"column":38},"end":{"line":37,"column":2}},"line":30},"2":{"name":"(anonymous_2)","decl":{"start":{"line":39,"column":20},"end":{"line":39,"column":21}},"loc":{"start":{"line":39,"column":35},"end":{"line":65,"column":2}},"line":39},"3":{"name":"(anonymous_3)","decl":{"start":{"line":47,"column":9},"end":{"line":47,"column":10}},"loc":{"start":{"line":47,"column":16},"end":{"line":57,"column":4}},"line":47},"4":{"name":"(anonymous_4)","decl":{"start":{"line":58,"column":10},"end":{"line":58,"column":11}},"loc":{"start":{"line":58,"column":15},"end":{"line":64,"column":4}},"line":58},"5":{"name":"(anonymous_5)","decl":{"start":{"line":67,"column":20},"end":{"line":67,"column":21}},"loc":{"start":{"line":67,"column":26},"end":{"line":84,"column":2}},"line":67},"6":{"name":"(anonymous_6)","decl":{"start":{"line":74,"column":35},"end":{"line":74,"column":36}},"loc":{"start":{"line":74,"column":43},"end":{"line":74,"column":51}},"line":74},"7":{"name":"(anonymous_7)","decl":{"start":{"line":86,"column":25},"end":{"line":86,"column":26}},"loc":{"start":{"line":86,"column":33},"end":{"line":86,"column":106}},"line":86},"8":{"name":"(anonymous_8)","decl":{"start":{"line":86,"column":50},"end":{"line":86,"column":51}},"loc":{"start":{"line":86,"column":74},"end":{"line":86,"column":105}},"line":86},"9":{"name":"(anonymous_9)","decl":{"start":{"line":88,"column":27},"end":{"line":88,"column":28}},"loc":{"start":{"line":88,"column":41},"end":{"line":105,"column":2}},"line":88},"10":{"name":"(anonymous_10)","decl":{"start":{"line":94,"column":9},"end":{"line":94,"column":10}},"loc":{"start":{"line":94,"column":16},"end":{"line":99,"column":4}},"line":94},"11":{"name":"(anonymous_11)","decl":{"start":{"line":100,"column":10},"end":{"line":100,"column":11}},"loc":{"start":{"line":100,"column":15},"end":{"line":104,"column":4}},"line":100},"12":{"name":"(anonymous_12)","decl":{"start":{"line":107,"column":11},"end":{"line":107,"column":12}},"loc":{"start":{"line":107,"column":17},"end":{"line":112,"column":2}},"line":107},"13":{"name":"(anonymous_13)","decl":{"start":{"line":109,"column":9},"end":{"line":109,"column":10}},"loc":{"start":{"line":109,"column":15},"end":{"line":111,"column":3}},"line":109},"14":{"name":"(anonymous_14)","decl":{"start":{"line":110,"column":25},"end":{"line":110,"column":26}},"loc":{"start":{"line":110,"column":42},"end":{"line":110,"column":59}},"line":110},"15":{"name":"(anonymous_15)","decl":{"start":{"line":127,"column":22},"end":{"line":127,"column":23}},"loc":{"start":{"line":128,"column":4},"end":{"line":133,"column":19}},"line":128},"16":{"name":"(anonymous_16)","decl":{"start":{"line":132,"column":39},"end":{"line":132,"column":40}},"loc":{"start":{"line":132,"column":45},"end":{"line":132,"column":62}},"line":132},"17":{"name":"(anonymous_17)","decl":{"start":{"line":146,"column":14},"end":{"line":146,"column":15}},"loc":{"start":{"line":146,"column":23},"end":{"line":146,"column":57}},"line":146}},"branchMap":{"0":{"loc":{"start":{"line":32,"column":2},"end":{"line":36,"column":3}},"type":"if","locations":[{"start":{"line":32,"column":2},"end":{"line":36,"column":3}},{"start":{"line":32,"column":2},"end":{"line":36,"column":3}}],"line":32},"1":{"loc":{"start":{"line":34,"column":9},"end":{"line":36,"column":3}},"type":"if","locations":[{"start":{"line":34,"column":9},"end":{"line":36,"column":3}},{"start":{"line":34,"column":9},"end":{"line":36,"column":3}}],"line":34},"2":{"loc":{"start":{"line":45,"column":2},"end":{"line":45,"column":67}},"type":"if","locations":[{"start":{"line":45,"column":2},"end":{"line":45,"column":67}},{"start":{"line":45,"column":2},"end":{"line":45,"column":67}}],"line":45},"3":{"loc":{"start":{"line":48,"column":4},"end":{"line":56,"column":5}},"type":"if","locations":[{"start":{"line":48,"column":4},"end":{"line":56,"column":5}},{"start":{"line":48,"column":4},"end":{"line":56,"column":5}}],"line":48},"4":{"loc":{"start":{"line":48,"column":8},"end":{"line":48,"column":48}},"type":"binary-expr","locations":[{"start":{"line":48,"column":8},"end":{"line":48,"column":26}},{"start":{"line":48,"column":30},"end":{"line":48,"column":48}}],"line":48},"5":{"loc":{"start":{"line":49,"column":38},"end":{"line":49,"column":52}},"type":"binary-expr","locations":[{"start":{"line":49,"column":38},"end":{"line":49,"column":46}},{"start":{"line":49,"column":50},"end":{"line":49,"column":52}}],"line":49},"6":{"loc":{"start":{"line":68,"column":2},"end":{"line":83,"column":3}},"type":"if","locations":[{"start":{"line":68,"column":2},"end":{"line":83,"column":3}},{"start":{"line":68,"column":2},"end":{"line":83,"column":3}}],"line":68},"7":{"loc":{"start":{"line":68,"column":6},"end":{"line":68,"column":34}},"type":"binary-expr","locations":[{"start":{"line":68,"column":6},"end":{"line":68,"column":10}},{"start":{"line":68,"column":14},"end":{"line":68,"column":34}}],"line":68},"8":{"loc":{"start":{"line":123,"column":32},"end":{"line":123,"column":82}},"type":"binary-expr","locations":[{"start":{"line":123,"column":32},"end":{"line":123,"column":67}},{"start":{"line":123,"column":71},"end":{"line":123,"column":82}}],"line":123},"9":{"loc":{"start":{"line":123,"column":34},"end":{"line":123,"column":66}},"type":"binary-expr","locations":[{"start":{"line":123,"column":34},"end":{"line":123,"column":38}},{"start":{"line":123,"column":42},"end":{"line":123,"column":66}}],"line":123},"10":{"loc":{"start":{"line":141,"column":35},"end":{"line":141,"column":76}},"type":"cond-expr","locations":[{"start":{"line":141,"column":55},"end":{"line":141,"column":57}},{"start":{"line":141,"column":60},"end":{"line":141,"column":76}}],"line":141},"11":{"loc":{"start":{"line":156,"column":5},"end":{"line":167,"column":5}},"type":"binary-expr","locations":[{"start":{"line":156,"column":5},"end":{"line":156,"column":30}},{"start":{"line":157,"column":5},"end":{"line":166,"column":16}}],"line":156},"12":{"loc":{"start":{"line":164,"column":8},"end":{"line":164,"column":86}},"type":"cond-expr","locations":[{"start":{"line":164,"column":22},"end":{"line":164,"column":54}},{"start":{"line":164,"column":57},"end":{"line":164,"column":86}}],"line":164}},"s":{"0":0,"1":0,"2":0,"3":0,"4":0,"5":0,"6":0,"7":0,"8":0,"9":0,"10":0,"11":0,"12":0,"13":0,"14":0,"15":0,"16":0,"17":0,"18":0,"19":0,"20":0,"21":0,"22":0,"23":0,"24":0,"25":0,"26":0,"27":0,"28":0,"29":0,"30":0,"31":0,"32":0,"33":0,"34":0,"35":0,"36":0,"37":0,"38":0,"39":0,"40":0,"41":0,"42":0,"43":0,"44":0,"45":0,"46":0,"47":0,"48":0,"49":0,"50":0,"51":0,"52":0,"53":0,"54":0,"55":0,"56":0,"57":0,"58":0,"59":0,"60":0,"61":0},"f":{"0":0,"1":0,"2":0,"3":0,"4":0,"5":0,"6":0,"7":0,"8":0,"9":0,"10":0,"11":0,"12":0,"13":0,"14":0,"15":0,"16":0,"17":0},"b":{"0":[0,0],"1":[0,0],"2":[0,0],"3":[0,0],"4":[0,0],"5":[0,0],"6":[0,0],"7":[0,0],"8":[0,0],"9":[0,0],"10":[0,0],"11":[0,0],"12":[0,0]},"hash":"8e1ba8a749b5a4d42f547375549b290bfb0a1d53"}
,"/Users/pragalbha/Documents/GoComet/frontend-service/components/client/operations-module/MessagesAndActivity/helpers.jsx": {"path":"/Users/pragalbha/Documents/GoComet/frontend-service/components/client/operations-module/MessagesAndActivity/helpers.jsx","statementMap":{"0":{"start":{"line":21,"column":23},"end":{"line":25,"column":12}},"1":{"start":{"line":21,"column":34},"end":{"line":25,"column":12}},"2":{"start":{"line":24,"column":14},"end":{"line":24,"column":58}},"3":{"start":{"line":27,"column":27},"end":{"line":32,"column":1}},"4":{"start":{"line":28,"column":13},"end":{"line":28,"column":49}},"5":{"start":{"line":29,"column":16},"end":{"line":29,"column":44}},"6":{"start":{"line":30,"column":1},"end":{"line":30,"column":88}},"7":{"start":{"line":31,"column":1},"end":{"line":31,"column":17}},"8":{"start":{"line":34,"column":33},"end":{"line":34,"column":80}},"9":{"start":{"line":34,"column":62},"end":{"line":34,"column":80}},"10":{"start":{"line":36,"column":31},"end":{"line":62,"column":1}},"11":{"start":{"line":37,"column":1},"end":{"line":61,"column":4}},"12":{"start":{"line":49,"column":39},"end":{"line":49,"column":65}},"13":{"start":{"line":68,"column":25},"end":{"line":82,"column":1}},"14":{"start":{"line":69,"column":21},"end":{"line":69,"column":55}},"15":{"start":{"line":70,"column":1},"end":{"line":81,"column":3}},"16":{"start":{"line":90,"column":21},"end":{"line":95,"column":2}},"17":{"start":{"line":91,"column":1},"end":{"line":94,"column":17}},"18":{"start":{"line":98,"column":30},"end":{"line":107,"column":1}},"19":{"start":{"line":99,"column":1},"end":{"line":106,"column":24}},"20":{"start":{"line":109,"column":28},"end":{"line":132,"column":1}},"21":{"start":{"line":112,"column":42},"end":{"line":112,"column":56}},"22":{"start":{"line":113,"column":1},"end":{"line":131,"column":3}},"23":{"start":{"line":115,"column":18},"end":{"line":115,"column":60}},"24":{"start":{"line":134,"column":0},"end":{"line":136,"column":2}},"25":{"start":{"line":147,"column":27},"end":{"line":176,"column":1}},"26":{"start":{"line":150,"column":5},"end":{"line":150,"column":18}},"27":{"start":{"line":152,"column":1},"end":{"line":175,"column":3}}},"fnMap":{"0":{"name":"(anonymous_0)","decl":{"start":{"line":21,"column":23},"end":{"line":21,"column":24}},"loc":{"start":{"line":21,"column":34},"end":{"line":25,"column":12}},"line":21},"1":{"name":"(anonymous_1)","decl":{"start":{"line":24,"column":7},"end":{"line":24,"column":8}},"loc":{"start":{"line":24,"column":14},"end":{"line":24,"column":58}},"line":24},"2":{"name":"(anonymous_2)","decl":{"start":{"line":27,"column":27},"end":{"line":27,"column":28}},"loc":{"start":{"line":27,"column":41},"end":{"line":32,"column":1}},"line":27},"3":{"name":"(anonymous_3)","decl":{"start":{"line":34,"column":33},"end":{"line":34,"column":34}},"loc":{"start":{"line":34,"column":62},"end":{"line":34,"column":80}},"line":34},"4":{"name":"(anonymous_4)","decl":{"start":{"line":36,"column":31},"end":{"line":36,"column":32}},"loc":{"start":{"line":37,"column":1},"end":{"line":61,"column":4}},"line":37},"5":{"name":"(anonymous_5)","decl":{"start":{"line":49,"column":30},"end":{"line":49,"column":31}},"loc":{"start":{"line":49,"column":39},"end":{"line":49,"column":65}},"line":49},"6":{"name":"(anonymous_6)","decl":{"start":{"line":68,"column":25},"end":{"line":68,"column":26}},"loc":{"start":{"line":68,"column":49},"end":{"line":82,"column":1}},"line":68},"7":{"name":"(anonymous_7)","decl":{"start":{"line":90,"column":32},"end":{"line":90,"column":33}},"loc":{"start":{"line":91,"column":1},"end":{"line":94,"column":17}},"line":91},"8":{"name":"(anonymous_8)","decl":{"start":{"line":98,"column":30},"end":{"line":98,"column":31}},"loc":{"start":{"line":99,"column":1},"end":{"line":106,"column":24}},"line":99},"9":{"name":"(anonymous_9)","decl":{"start":{"line":109,"column":28},"end":{"line":109,"column":29}},"loc":{"start":{"line":111,"column":6},"end":{"line":132,"column":1}},"line":111},"10":{"name":"(anonymous_10)","decl":{"start":{"line":115,"column":12},"end":{"line":115,"column":13}},"loc":{"start":{"line":115,"column":18},"end":{"line":115,"column":60}},"line":115},"11":{"name":"(anonymous_11)","decl":{"start":{"line":147,"column":27},"end":{"line":147,"column":28}},"loc":{"start":{"line":147,"column":58},"end":{"line":176,"column":1}},"line":147}},"branchMap":{"0":{"loc":{"start":{"line":21,"column":34},"end":{"line":25,"column":12}},"type":"binary-expr","locations":[{"start":{"line":21,"column":34},"end":{"line":21,"column":56}},{"start":{"line":22,"column":4},"end":{"line":25,"column":12}}],"line":21},"1":{"loc":{"start":{"line":27,"column":28},"end":{"line":27,"column":36}},"type":"default-arg","locations":[{"start":{"line":27,"column":34},"end":{"line":27,"column":36}}],"line":27},"2":{"loc":{"start":{"line":29,"column":16},"end":{"line":29,"column":44}},"type":"binary-expr","locations":[{"start":{"line":29,"column":16},"end":{"line":29,"column":38}},{"start":{"line":29,"column":42},"end":{"line":29,"column":44}}],"line":29},"3":{"loc":{"start":{"line":30,"column":14},"end":{"line":30,"column":41}},"type":"binary-expr","locations":[{"start":{"line":30,"column":14},"end":{"line":30,"column":35}},{"start":{"line":30,"column":39},"end":{"line":30,"column":41}}],"line":30},"4":{"loc":{"start":{"line":30,"column":46},"end":{"line":30,"column":71}},"type":"binary-expr","locations":[{"start":{"line":30,"column":46},"end":{"line":30,"column":65}},{"start":{"line":30,"column":69},"end":{"line":30,"column":71}}],"line":30},"5":{"loc":{"start":{"line":34,"column":47},"end":{"line":34,"column":57}},"type":"default-arg","locations":[{"start":{"line":34,"column":55},"end":{"line":34,"column":57}}],"line":34},"6":{"loc":{"start":{"line":76,"column":12},"end":{"line":76,"column":45}},"type":"binary-expr","locations":[{"start":{"line":76,"column":12},"end":{"line":76,"column":23}},{"start":{"line":76,"column":27},"end":{"line":76,"column":45}}],"line":76},"7":{"loc":{"start":{"line":112,"column":42},"end":{"line":112,"column":56}},"type":"binary-expr","locations":[{"start":{"line":112,"column":42},"end":{"line":112,"column":50}},{"start":{"line":112,"column":54},"end":{"line":112,"column":56}}],"line":112},"8":{"loc":{"start":{"line":120,"column":4},"end":{"line":126,"column":4}},"type":"binary-expr","locations":[{"start":{"line":120,"column":4},"end":{"line":120,"column":18}},{"start":{"line":121,"column":4},"end":{"line":125,"column":10}}],"line":120},"9":{"loc":{"start":{"line":122,"column":6},"end":{"line":124,"column":10}},"type":"cond-expr","locations":[{"start":{"line":123,"column":8},"end":{"line":123,"column":60}},{"start":{"line":124,"column":8},"end":{"line":124,"column":10}}],"line":122},"10":{"loc":{"start":{"line":150,"column":5},"end":{"line":150,"column":18}},"type":"binary-expr","locations":[{"start":{"line":150,"column":5},"end":{"line":150,"column":12}},{"start":{"line":150,"column":16},"end":{"line":150,"column":18}}],"line":150},"11":{"loc":{"start":{"line":161,"column":6},"end":{"line":161,"column":50}},"type":"binary-expr","locations":[{"start":{"line":161,"column":6},"end":{"line":161,"column":16}},{"start":{"line":161,"column":20},"end":{"line":161,"column":50}}],"line":161},"12":{"loc":{"start":{"line":164,"column":6},"end":{"line":166,"column":10}},"type":"cond-expr","locations":[{"start":{"line":165,"column":8},"end":{"line":165,"column":60}},{"start":{"line":166,"column":8},"end":{"line":166,"column":10}}],"line":164},"13":{"loc":{"start":{"line":172,"column":38},"end":{"line":172,"column":55}},"type":"binary-expr","locations":[{"start":{"line":172,"column":38},"end":{"line":172,"column":49}},{"start":{"line":172,"column":53},"end":{"line":172,"column":55}}],"line":172}},"s":{"0":0,"1":0,"2":0,"3":0,"4":0,"5":0,"6":0,"7":0,"8":0,"9":0,"10":0,"11":0,"12":0,"13":0,"14":0,"15":0,"16":0,"17":0,"18":0,"19":0,"20":0,"21":0,"22":0,"23":0,"24":0,"25":0,"26":0,"27":0},"f":{"0":0,"1":0,"2":0,"3":0,"4":0,"5":0,"6":0,"7":0,"8":0,"9":0,"10":0,"11":0},"b":{"0":[0,0],"1":[0],"2":[0,0],"3":[0,0],"4":[0,0],"5":[0],"6":[0,0],"7":[0,0],"8":[0,0],"9":[0,0],"10":[0,0],"11":[0,0],"12":[0,0],"13":[0,0]},"hash":"028107bd59122846c8ade8e1b53045c2d24ee6a1"}
,"/Users/pragalbha/Documents/GoComet/frontend-service/components/client/operations-module/MessagesAndActivity/index.jsx": {"path":"/Users/pragalbha/Documents/GoComet/frontend-service/components/client/operations-module/MessagesAndActivity/index.jsx","statementMap":{"0":{"start":{"line":35,"column":20},"end":{"line":35,"column":24}},"1":{"start":{"line":37,"column":20},"end":{"line":37,"column":78}},"2":{"start":{"line":37,"column":32},"end":{"line":37,"column":78}},"3":{"start":{"line":42,"column":9},"end":{"line":45,"column":2}},"4":{"start":{"line":48,"column":47},"end":{"line":48,"column":56}},"5":{"start":{"line":49,"column":43},"end":{"line":49,"column":53}},"6":{"start":{"line":51,"column":87},"end":{"line":51,"column":96}},"7":{"start":{"line":52,"column":46},"end":{"line":52,"column":56}},"8":{"start":{"line":55,"column":36},"end":{"line":55,"column":104}},"9":{"start":{"line":56,"column":31},"end":{"line":56,"column":74}},"10":{"start":{"line":57,"column":36},"end":{"line":57,"column":112}},"11":{"start":{"line":59,"column":2},"end":{"line":61,"column":3}},"12":{"start":{"line":60,"column":3},"end":{"line":60,"column":33}},"13":{"start":{"line":64,"column":21},"end":{"line":70,"column":4}},"14":{"start":{"line":64,"column":46},"end":{"line":70,"column":3}},"15":{"start":{"line":65,"column":23},"end":{"line":65,"column":86}},"16":{"start":{"line":66,"column":23},"end":{"line":66,"column":86}},"17":{"start":{"line":67,"column":2},"end":{"line":67,"column":67}},"18":{"start":{"line":67,"column":57},"end":{"line":67,"column":67}},"19":{"start":{"line":68,"column":2},"end":{"line":68,"column":30}},"20":{"start":{"line":68,"column":21},"end":{"line":68,"column":30}},"21":{"start":{"line":69,"column":2},"end":{"line":69,"column":37}},"22":{"start":{"line":73,"column":23},"end":{"line":79,"column":4}},"23":{"start":{"line":73,"column":67},"end":{"line":79,"column":3}},"24":{"start":{"line":74,"column":2},"end":{"line":74,"column":86}},"25":{"start":{"line":74,"column":33},"end":{"line":74,"column":86}},"26":{"start":{"line":75,"column":2},"end":{"line":77,"column":3}},"27":{"start":{"line":76,"column":3},"end":{"line":76,"column":56}},"28":{"start":{"line":78,"column":2},"end":{"line":78,"column":14}},"29":{"start":{"line":81,"column":26},"end":{"line":91,"column":2}},"30":{"start":{"line":83,"column":21},"end":{"line":85,"column":3}},"31":{"start":{"line":86,"column":2},"end":{"line":90,"column":3}},"32":{"start":{"line":87,"column":3},"end":{"line":89,"column":9}},"33":{"start":{"line":88,"column":4},"end":{"line":88,"column":51}},"34":{"start":{"line":93,"column":24},"end":{"line":98,"column":2}},"35":{"start":{"line":94,"column":31},"end":{"line":94,"column":41}},"36":{"start":{"line":95,"column":2},"end":{"line":97,"column":3}},"37":{"start":{"line":96,"column":3},"end":{"line":96,"column":24}},"38":{"start":{"line":100,"column":26},"end":{"line":104,"column":2}},"39":{"start":{"line":101,"column":2},"end":{"line":103,"column":11}},"40":{"start":{"line":102,"column":3},"end":{"line":102,"column":37}},"41":{"start":{"line":106,"column":15},"end":{"line":114,"column":2}},"42":{"start":{"line":107,"column":48},"end":{"line":107,"column":58}},"43":{"start":{"line":108,"column":2},"end":{"line":110,"column":3}},"44":{"start":{"line":109,"column":3},"end":{"line":109,"column":20}},"45":{"start":{"line":111,"column":2},"end":{"line":111,"column":97}},"46":{"start":{"line":111,"column":51},"end":{"line":111,"column":97}},"47":{"start":{"line":113,"column":2},"end":{"line":113,"column":79}},"48":{"start":{"line":116,"column":19},"end":{"line":124,"column":2}},"49":{"start":{"line":117,"column":64},"end":{"line":117,"column":74}},"50":{"start":{"line":118,"column":2},"end":{"line":123,"column":3}},"51":{"start":{"line":119,"column":3},"end":{"line":119,"column":20}},"52":{"start":{"line":121,"column":3},"end":{"line":121,"column":20}},"53":{"start":{"line":122,"column":3},"end":{"line":122,"column":33}},"54":{"start":{"line":126,"column":16},"end":{"line":128,"column":2}},"55":{"start":{"line":127,"column":2},"end":{"line":127,"column":66}},"56":{"start":{"line":130,"column":22},"end":{"line":134,"column":2}},"57":{"start":{"line":131,"column":2},"end":{"line":133,"column":5}},"58":{"start":{"line":136,"column":15},"end":{"line":157,"column":2}},"59":{"start":{"line":137,"column":27},"end":{"line":137,"column":37}},"60":{"start":{"line":138,"column":26},"end":{"line":138,"column":36}},"61":{"start":{"line":139,"column":2},"end":{"line":139,"column":72}},"62":{"start":{"line":140,"column":2},"end":{"line":156,"column":6}},"63":{"start":{"line":142,"column":4},"end":{"line":142,"column":101}},"64":{"start":{"line":142,"column":86},"end":{"line":142,"column":99}},"65":{"start":{"line":143,"column":4},"end":{"line":147,"column":7}},"66":{"start":{"line":150,"column":24},"end":{"line":150,"column":50}},"67":{"start":{"line":151,"column":4},"end":{"line":155,"column":7}},"68":{"start":{"line":159,"column":15},"end":{"line":181,"column":2}},"69":{"start":{"line":160,"column":27},"end":{"line":160,"column":37}},"70":{"start":{"line":161,"column":26},"end":{"line":161,"column":36}},"71":{"start":{"line":162,"column":2},"end":{"line":162,"column":72}},"72":{"start":{"line":163,"column":2},"end":{"line":180,"column":6}},"73":{"start":{"line":165,"column":4},"end":{"line":165,"column":18}},"74":{"start":{"line":166,"column":4},"end":{"line":166,"column":80}},"75":{"start":{"line":167,"column":4},"end":{"line":171,"column":7}},"76":{"start":{"line":174,"column":24},"end":{"line":174,"column":50}},"77":{"start":{"line":175,"column":4},"end":{"line":179,"column":7}},"78":{"start":{"line":183,"column":15},"end":{"line":198,"column":2}},"79":{"start":{"line":184,"column":41},"end":{"line":184,"column":51}},"80":{"start":{"line":185,"column":26},"end":{"line":185,"column":36}},"81":{"start":{"line":186,"column":2},"end":{"line":197,"column":6}},"82":{"start":{"line":188,"column":4},"end":{"line":188,"column":18}},"83":{"start":{"line":191,"column":24},"end":{"line":191,"column":50}},"84":{"start":{"line":192,"column":4},"end":{"line":196,"column":7}},"85":{"start":{"line":203,"column":17},"end":{"line":350,"column":2}},"86":{"start":{"line":204,"column":27},"end":{"line":204,"column":37}},"87":{"start":{"line":205,"column":80},"end":{"line":205,"column":92}},"88":{"start":{"line":214,"column":6},"end":{"line":214,"column":16}},"89":{"start":{"line":215,"column":24},"end":{"line":215,"column":71}},"90":{"start":{"line":217,"column":26},"end":{"line":221,"column":3}},"91":{"start":{"line":218,"column":25},"end":{"line":218,"column":58}},"92":{"start":{"line":219,"column":3},"end":{"line":219,"column":87}},"93":{"start":{"line":219,"column":24},"end":{"line":219,"column":87}},"94":{"start":{"line":220,"column":3},"end":{"line":220,"column":42}},"95":{"start":{"line":222,"column":24},"end":{"line":225,"column":3}},"96":{"start":{"line":223,"column":3},"end":{"line":224,"column":34}},"97":{"start":{"line":223,"column":23},"end":{"line":223,"column":75}},"98":{"start":{"line":224,"column":8},"end":{"line":224,"column":34}},"99":{"start":{"line":228,"column":3},"end":{"line":233,"column":5}},"100":{"start":{"line":229,"column":25},"end":{"line":229,"column":102}},"101":{"start":{"line":231,"column":18},"end":{"line":231,"column":43}},"102":{"start":{"line":236,"column":3},"end":{"line":244,"column":5}},"103":{"start":{"line":248,"column":2},"end":{"line":295,"column":3}},"104":{"start":{"line":249,"column":21},"end":{"line":259,"column":7}},"105":{"start":{"line":250,"column":27},"end":{"line":252,"column":5}},"106":{"start":{"line":251,"column":58},"end":{"line":251,"column":74}},"107":{"start":{"line":253,"column":4},"end":{"line":257,"column":5}},"108":{"start":{"line":254,"column":5},"end":{"line":256,"column":8}},"109":{"start":{"line":255,"column":6},"end":{"line":255,"column":87}},"110":{"start":{"line":255,"column":32},"end":{"line":255,"column":69}},"111":{"start":{"line":258,"column":4},"end":{"line":258,"column":85}},"112":{"start":{"line":261,"column":25},"end":{"line":288,"column":7}},"113":{"start":{"line":262,"column":29},"end":{"line":265,"column":5}},"114":{"start":{"line":266,"column":4},"end":{"line":287,"column":6}},"115":{"start":{"line":271,"column":51},"end":{"line":271,"column":61}},"116":{"start":{"line":272,"column":8},"end":{"line":280,"column":9}},"117":{"start":{"line":273,"column":9},"end":{"line":279,"column":11}},"118":{"start":{"line":281,"column":8},"end":{"line":281,"column":80}},"119":{"start":{"line":290,"column":3},"end":{"line":294,"column":6}},"120":{"start":{"line":298,"column":2},"end":{"line":315,"column":3}},"121":{"start":{"line":299,"column":30},"end":{"line":313,"column":4}},"122":{"start":{"line":301,"column":50},"end":{"line":301,"column":60}},"123":{"start":{"line":302,"column":5},"end":{"line":311,"column":7}},"124":{"start":{"line":314,"column":3},"end":{"line":314,"column":29}},"125":{"start":{"line":318,"column":2},"end":{"line":347,"column":3}},"126":{"start":{"line":319,"column":21},"end":{"line":323,"column":5}},"127":{"start":{"line":320,"column":57},"end":{"line":320,"column":73}},"128":{"start":{"line":322,"column":4},"end":{"line":322,"column":85}},"129":{"start":{"line":322,"column":30},"end":{"line":322,"column":67}},"130":{"start":{"line":325,"column":4},"end":{"line":340,"column":7}},"131":{"start":{"line":328,"column":49},"end":{"line":328,"column":59}},"132":{"start":{"line":329,"column":6},"end":{"line":337,"column":7}},"133":{"start":{"line":330,"column":7},"end":{"line":336,"column":9}},"134":{"start":{"line":338,"column":6},"end":{"line":338,"column":18}},"135":{"start":{"line":342,"column":3},"end":{"line":346,"column":6}},"136":{"start":{"line":349,"column":2},"end":{"line":349,"column":12}},"137":{"start":{"line":353,"column":46},"end":{"line":353,"column":56}},"138":{"start":{"line":354,"column":39},"end":{"line":354,"column":51}},"139":{"start":{"line":355,"column":60},"end":{"line":355,"column":70}},"140":{"start":{"line":357,"column":32},"end":{"line":357,"column":93}},"141":{"start":{"line":358,"column":34},"end":{"line":358,"column":115}},"142":{"start":{"line":359,"column":2},"end":{"line":361,"column":3}},"143":{"start":{"line":360,"column":3},"end":{"line":360,"column":34}},"144":{"start":{"line":362,"column":26},"end":{"line":369,"column":3}},"145":{"start":{"line":363,"column":18},"end":{"line":363,"column":20}},"146":{"start":{"line":364,"column":3},"end":{"line":364,"column":51}},"147":{"start":{"line":364,"column":27},"end":{"line":364,"column":51}},"148":{"start":{"line":365,"column":3},"end":{"line":367,"column":4}},"149":{"start":{"line":366,"column":4},"end":{"line":366,"column":39}},"150":{"start":{"line":368,"column":3},"end":{"line":368,"column":19}},"151":{"start":{"line":371,"column":2},"end":{"line":404,"column":4}},"152":{"start":{"line":418,"column":0},"end":{"line":423,"column":2}},"153":{"start":{"line":425,"column":24},"end":{"line":449,"column":1}},"154":{"start":{"line":432,"column":5},"end":{"line":432,"column":27}},"155":{"start":{"line":434,"column":28},"end":{"line":434,"column":39}},"156":{"start":{"line":435,"column":56},"end":{"line":435,"column":76}},"157":{"start":{"line":436,"column":23},"end":{"line":436,"column":80}},"158":{"start":{"line":437,"column":1},"end":{"line":448,"column":3}}},"fnMap":{"0":{"name":"(anonymous_0)","decl":{"start":{"line":37,"column":20},"end":{"line":37,"column":21}},"loc":{"start":{"line":37,"column":32},"end":{"line":37,"column":78}},"line":37},"1":{"name":"(anonymous_1)","decl":{"start":{"line":47,"column":1},"end":{"line":47,"column":2}},"loc":{"start":{"line":47,"column":42},"end":{"line":62,"column":2}},"line":47},"2":{"name":"(anonymous_2)","decl":{"start":{"line":64,"column":29},"end":{"line":64,"column":30}},"loc":{"start":{"line":64,"column":46},"end":{"line":70,"column":3}},"line":64},"3":{"name":"(anonymous_3)","decl":{"start":{"line":64,"column":58},"end":{"line":64,"column":59}},"loc":{"start":{"line":64,"column":78},"end":{"line":70,"column":2}},"line":64},"4":{"name":"(anonymous_4)","decl":{"start":{"line":73,"column":31},"end":{"line":73,"column":32}},"loc":{"start":{"line":73,"column":67},"end":{"line":79,"column":3}},"line":73},"5":{"name":"(anonymous_5)","decl":{"start":{"line":73,"column":89},"end":{"line":73,"column":90}},"loc":{"start":{"line":73,"column":109},"end":{"line":79,"column":2}},"line":73},"6":{"name":"(anonymous_6)","decl":{"start":{"line":81,"column":26},"end":{"line":81,"column":27}},"loc":{"start":{"line":81,"column":32},"end":{"line":91,"column":2}},"line":81},"7":{"name":"(anonymous_7)","decl":{"start":{"line":87,"column":14},"end":{"line":87,"column":15}},"loc":{"start":{"line":87,"column":20},"end":{"line":89,"column":4}},"line":87},"8":{"name":"(anonymous_8)","decl":{"start":{"line":93,"column":24},"end":{"line":93,"column":25}},"loc":{"start":{"line":93,"column":30},"end":{"line":98,"column":2}},"line":93},"9":{"name":"(anonymous_9)","decl":{"start":{"line":100,"column":26},"end":{"line":100,"column":27}},"loc":{"start":{"line":100,"column":32},"end":{"line":104,"column":2}},"line":100},"10":{"name":"(anonymous_10)","decl":{"start":{"line":101,"column":37},"end":{"line":101,"column":38}},"loc":{"start":{"line":101,"column":43},"end":{"line":103,"column":3}},"line":101},"11":{"name":"(anonymous_11)","decl":{"start":{"line":106,"column":15},"end":{"line":106,"column":16}},"loc":{"start":{"line":106,"column":25},"end":{"line":114,"column":2}},"line":106},"12":{"name":"(anonymous_12)","decl":{"start":{"line":116,"column":19},"end":{"line":116,"column":20}},"loc":{"start":{"line":116,"column":25},"end":{"line":124,"column":2}},"line":116},"13":{"name":"(anonymous_13)","decl":{"start":{"line":126,"column":16},"end":{"line":126,"column":17}},"loc":{"start":{"line":126,"column":44},"end":{"line":128,"column":2}},"line":126},"14":{"name":"(anonymous_14)","decl":{"start":{"line":130,"column":22},"end":{"line":130,"column":23}},"loc":{"start":{"line":130,"column":28},"end":{"line":134,"column":2}},"line":130},"15":{"name":"(anonymous_15)","decl":{"start":{"line":136,"column":15},"end":{"line":136,"column":16}},"loc":{"start":{"line":136,"column":24},"end":{"line":157,"column":2}},"line":136},"16":{"name":"(anonymous_16)","decl":{"start":{"line":141,"column":9},"end":{"line":141,"column":10}},"loc":{"start":{"line":141,"column":16},"end":{"line":148,"column":4}},"line":141},"17":{"name":"(anonymous_17)","decl":{"start":{"line":142,"column":80},"end":{"line":142,"column":81}},"loc":{"start":{"line":142,"column":86},"end":{"line":142,"column":99}},"line":142},"18":{"name":"(anonymous_18)","decl":{"start":{"line":149,"column":10},"end":{"line":149,"column":11}},"loc":{"start":{"line":149,"column":15},"end":{"line":156,"column":4}},"line":149},"19":{"name":"(anonymous_19)","decl":{"start":{"line":159,"column":15},"end":{"line":159,"column":16}},"loc":{"start":{"line":159,"column":24},"end":{"line":181,"column":2}},"line":159},"20":{"name":"(anonymous_20)","decl":{"start":{"line":164,"column":9},"end":{"line":164,"column":10}},"loc":{"start":{"line":164,"column":16},"end":{"line":172,"column":4}},"line":164},"21":{"name":"(anonymous_21)","decl":{"start":{"line":173,"column":10},"end":{"line":173,"column":11}},"loc":{"start":{"line":173,"column":15},"end":{"line":180,"column":4}},"line":173},"22":{"name":"(anonymous_22)","decl":{"start":{"line":183,"column":15},"end":{"line":183,"column":16}},"loc":{"start":{"line":183,"column":29},"end":{"line":198,"column":2}},"line":183},"23":{"name":"(anonymous_23)","decl":{"start":{"line":187,"column":9},"end":{"line":187,"column":10}},"loc":{"start":{"line":187,"column":15},"end":{"line":189,"column":4}},"line":187},"24":{"name":"(anonymous_24)","decl":{"start":{"line":190,"column":10},"end":{"line":190,"column":11}},"loc":{"start":{"line":190,"column":15},"end":{"line":197,"column":4}},"line":190},"25":{"name":"(anonymous_25)","decl":{"start":{"line":203,"column":17},"end":{"line":203,"column":18}},"loc":{"start":{"line":203,"column":27},"end":{"line":350,"column":2}},"line":203},"26":{"name":"(anonymous_26)","decl":{"start":{"line":217,"column":26},"end":{"line":217,"column":27}},"loc":{"start":{"line":217,"column":32},"end":{"line":221,"column":3}},"line":217},"27":{"name":"(anonymous_27)","decl":{"start":{"line":222,"column":24},"end":{"line":222,"column":25}},"loc":{"start":{"line":222,"column":30},"end":{"line":225,"column":3}},"line":222},"28":{"name":"(anonymous_28)","decl":{"start":{"line":229,"column":19},"end":{"line":229,"column":20}},"loc":{"start":{"line":229,"column":25},"end":{"line":229,"column":102}},"line":229},"29":{"name":"(anonymous_29)","decl":{"start":{"line":231,"column":12},"end":{"line":231,"column":13}},"loc":{"start":{"line":231,"column":18},"end":{"line":231,"column":43}},"line":231},"30":{"name":"(anonymous_30)","decl":{"start":{"line":249,"column":22},"end":{"line":249,"column":23}},"loc":{"start":{"line":249,"column":28},"end":{"line":259,"column":4}},"line":249},"31":{"name":"(anonymous_31)","decl":{"start":{"line":251,"column":40},"end":{"line":251,"column":41}},"loc":{"start":{"line":251,"column":58},"end":{"line":251,"column":74}},"line":251},"32":{"name":"(anonymous_32)","decl":{"start":{"line":254,"column":31},"end":{"line":254,"column":32}},"loc":{"start":{"line":255,"column":6},"end":{"line":255,"column":87}},"line":255},"33":{"name":"(anonymous_33)","decl":{"start":{"line":255,"column":26},"end":{"line":255,"column":27}},"loc":{"start":{"line":255,"column":32},"end":{"line":255,"column":69}},"line":255},"34":{"name":"(anonymous_34)","decl":{"start":{"line":261,"column":26},"end":{"line":261,"column":27}},"loc":{"start":{"line":261,"column":32},"end":{"line":288,"column":4}},"line":261},"35":{"name":"(anonymous_35)","decl":{"start":{"line":270,"column":28},"end":{"line":270,"column":29}},"loc":{"start":{"line":270,"column":36},"end":{"line":282,"column":8}},"line":270},"36":{"name":"(anonymous_36)","decl":{"start":{"line":300,"column":4},"end":{"line":300,"column":5}},"loc":{"start":{"line":300,"column":12},"end":{"line":312,"column":5}},"line":300},"37":{"name":"(anonymous_37)","decl":{"start":{"line":320,"column":39},"end":{"line":320,"column":40}},"loc":{"start":{"line
[...]
,"/Users/pragalbha/Documents/GoComet/frontend-service/components/client/operations-module/SummaryCard/Modals/Documents.jsx": {"path":"/Users/pragalbha/Documents/GoComet/frontend-service/components/client/operations-module/SummaryCard/Modals/Documents.jsx","statementMap":{"0":{"start":{"line":9,"column":18},"end":{"line":69,"column":1}},"1":{"start":{"line":12,"column":32},"end":{"line":21,"column":7}},"2":{"start":{"line":13,"column":2},"end":{"line":19,"column":3}},"3":{"start":{"line":14,"column":3},"end":{"line":17,"column":4}},"4":{"start":{"line":15,"column":4},"end":{"line":15,"column":43}},"5":{"start":{"line":16,"column":4},"end":{"line":16,"column":21}},"6":{"start":{"line":18,"column":3},"end":{"line":18,"column":55}},"7":{"start":{"line":20,"column":2},"end":{"line":20,"column":19}},"8":{"start":{"line":23,"column":22},"end":{"line":23,"column":88}},"9":{"start":{"line":23,"column":59},"end":{"line":23,"column":87}},"10":{"start":{"line":24,"column":1},"end":{"line":68,"column":3}},"11":{"start":{"line":54,"column":6},"end":{"line":63,"column":9}},"12":{"start":{"line":61,"column":8},"end":{"line":61,"column":38}},"13":{"start":{"line":77,"column":0},"end":{"line":81,"column":2}},"14":{"start":{"line":83,"column":24},"end":{"line":86,"column":1}},"15":{"start":{"line":84,"column":32},"end":{"line":84,"column":54}},"16":{"start":{"line":85,"column":1},"end":{"line":85,"column":42}}},"fnMap":{"0":{"name":"(anonymous_0)","decl":{"start":{"line":9,"column":18},"end":{"line":9,"column":19}},"loc":{"start":{"line":11,"column":6},"end":{"line":69,"column":1}},"line":11},"1":{"name":"(anonymous_1)","decl":{"start":{"line":12,"column":57},"end":{"line":12,"column":58}},"loc":{"start":{"line":12,"column":82},"end":{"line":21,"column":2}},"line":12},"2":{"name":"(anonymous_2)","decl":{"start":{"line":23,"column":45},"end":{"line":23,"column":46}},"loc":{"start":{"line":23,"column":59},"end":{"line":23,"column":87}},"line":23},"3":{"name":"(anonymous_3)","decl":{"start":{"line":53,"column":49},"end":{"line":53,"column":50}},"loc":{"start":{"line":54,"column":6},"end":{"line":63,"column":9}},"line":54},"4":{"name":"(anonymous_4)","decl":{"start":{"line":60,"column":36},"end":{"line":60,"column":37}},"loc":{"start":{"line":61,"column":8},"end":{"line":61,"column":38}},"line":61},"5":{"name":"(anonymous_5)","decl":{"start":{"line":80,"column":12},"end":{"line":80,"column":13}},"loc":{"start":{"line":80,"column":18},"end":{"line":80,"column":20}},"line":80},"6":{"name":"(anonymous_6)","decl":{"start":{"line":83,"column":24},"end":{"line":83,"column":25}},"loc":{"start":{"line":83,"column":33},"end":{"line":86,"column":1}},"line":83}},"branchMap":{"0":{"loc":{"start":{"line":12,"column":33},"end":{"line":12,"column":48}},"type":"binary-expr","locations":[{"start":{"line":12,"column":33},"end":{"line":12,"column":42}},{"start":{"line":12,"column":46},"end":{"line":12,"column":48}}],"line":12},"1":{"loc":{"start":{"line":13,"column":2},"end":{"line":19,"column":3}},"type":"if","locations":[{"start":{"line":13,"column":2},"end":{"line":19,"column":3}},{"start":{"line":13,"column":2},"end":{"line":19,"column":3}}],"line":13},"2":{"loc":{"start":{"line":14,"column":3},"end":{"line":17,"column":4}},"type":"if","locations":[{"start":{"line":14,"column":3},"end":{"line":17,"column":4}},{"start":{"line":14,"column":3},"end":{"line":17,"column":4}}],"line":14},"3":{"loc":{"start":{"line":23,"column":23},"end":{"line":23,"column":38}},"type":"binary-expr","locations":[{"start":{"line":23,"column":23},"end":{"line":23,"column":32}},{"start":{"line":23,"column":36},"end":{"line":23,"column":38}}],"line":23},"4":{"loc":{"start":{"line":41,"column":6},"end":{"line":52,"column":6}},"type":"cond-expr","locations":[{"start":{"line":42,"column":6},"end":{"line":49,"column":9}},{"start":{"line":51,"column":6},"end":{"line":51,"column":8}}],"line":41},"5":{"loc":{"start":{"line":60,"column":9},"end":{"line":60,"column":30}},"type":"binary-expr","locations":[{"start":{"line":60,"column":9},"end":{"line":60,"column":24}},{"start":{"line":60,"column":28},"end":{"line":60,"column":30}}],"line":60}},"s":{"0":1,"1":0,"2":0,"3":0,"4":0,"5":0,"6":0,"7":0,"8":0,"9":0,"10":0,"11":0,"12":0,"13":1,"14":1,"15":0,"16":0},"f":{"0":0,"1":0,"2":0,"3":0,"4":0,"5":0,"6":0},"b":{"0":[0,0],"1":[0,0],"2":[0,0],"3":[0,0],"4":[0,0],"5":[0,0]},"_coverageSchema":"43e27e138ebf9cfc5966b082cf9a028302ed4184","hash":"131d4f14712ab6104ff104abea161db2df8cd717"}
,"/Users/pragalbha/Documents/GoComet/frontend-service/components/client/operations-module/SummaryCard/Modals/InvoiceUpload.jsx": {"path":"/Users/pragalbha/Documents/GoComet/frontend-service/components/client/operations-module/SummaryCard/Modals/InvoiceUpload.jsx","statementMap":{"0":{"start":{"line":10,"column":18},"end":{"line":10,"column":40}},"1":{"start":{"line":12,"column":27},"end":{"line":60,"column":1}},"2":{"start":{"line":22,"column":34},"end":{"line":22,"column":56}},"3":{"start":{"line":24,"column":1},"end":{"line":31,"column":3}},"4":{"start":{"line":26,"column":3},"end":{"line":28,"column":4}},"5":{"start":{"line":27,"column":4},"end":{"line":27,"column":36}},"6":{"start":{"line":33,"column":1},"end":{"line":59,"column":3}},"7":{"start":{"line":73,"column":0},"end":{"line":82,"column":2}},"8":{"start":{"line":84,"column":24},"end":{"line":109,"column":1}},"9":{"start":{"line":85,"column":30},"end":{"line":85,"column":44}},"10":{"start":{"line":86,"column":29},"end":{"line":86,"column":51}},"11":{"start":{"line":87,"column":19},"end":{"line":87,"column":105}},"12":{"start":{"line":88,"column":26},"end":{"line":88,"column":40}},"13":{"start":{"line":89,"column":34},"end":{"line":89,"column":52}},"14":{"start":{"line":90,"column":29},"end":{"line":90,"column":55}},"15":{"start":{"line":91,"column":28},"end":{"line":91,"column":30}},"16":{"start":{"line":93,"column":1},"end":{"line":97,"column":4}},"17":{"start":{"line":94,"column":2},"end":{"line":96,"column":3}},"18":{"start":{"line":95,"column":3},"end":{"line":95,"column":32}},"19":{"start":{"line":99,"column":28},"end":{"line":103,"column":2}},"20":{"start":{"line":104,"column":1},"end":{"line":108,"column":3}},"21":{"start":{"line":111,"column":27},"end":{"line":113,"column":1}}},"fnMap":{"0":{"name":"(anonymous_0)","decl":{"start":{"line":12,"column":27},"end":{"line":12,"column":28}},"loc":{"start":{"line":21,"column":6},"end":{"line":60,"column":1}},"line":21},"1":{"name":"(anonymous_1)","decl":{"start":{"line":25,"column":2},"end":{"line":25,"column":3}},"loc":{"start":{"line":25,"column":8},"end":{"line":29,"column":3}},"line":25},"2":{"name":"(anonymous_2)","decl":{"start":{"line":76,"column":12},"end":{"line":76,"column":13}},"loc":{"start":{"line":76,"column":18},"end":{"line":76,"column":20}},"line":76},"3":{"name":"(anonymous_3)","decl":{"start":{"line":81,"column":22},"end":{"line":81,"column":23}},"loc":{"start":{"line":81,"column":28},"end":{"line":81,"column":30}},"line":81},"4":{"name":"(anonymous_4)","decl":{"start":{"line":84,"column":24},"end":{"line":84,"column":25}},"loc":{"start":{"line":84,"column":33},"end":{"line":109,"column":1}},"line":84},"5":{"name":"(anonymous_5)","decl":{"start":{"line":93,"column":67},"end":{"line":93,"column":68}},"loc":{"start":{"line":93,"column":85},"end":{"line":97,"column":2}},"line":93}},"branchMap":{"0":{"loc":{"start":{"line":22,"column":34},"end":{"line":22,"column":56}},"type":"binary-expr","locations":[{"start":{"line":22,"column":34},"end":{"line":22,"column":50}},{"start":{"line":22,"column":54},"end":{"line":22,"column":56}}],"line":22},"1":{"loc":{"start":{"line":26,"column":3},"end":{"line":28,"column":4}},"type":"if","locations":[{"start":{"line":26,"column":3},"end":{"line":28,"column":4}},{"start":{"line":26,"column":3},"end":{"line":28,"column":4}}],"line":26},"2":{"loc":{"start":{"line":87,"column":19},"end":{"line":87,"column":105}},"type":"cond-expr","locations":[{"start":{"line":87,"column":44},"end":{"line":87,"column":78}},{"start":{"line":87,"column":81},"end":{"line":87,"column":105}}],"line":87},"3":{"loc":{"start":{"line":88,"column":26},"end":{"line":88,"column":40}},"type":"binary-expr","locations":[{"start":{"line":88,"column":26},"end":{"line":88,"column":34}},{"start":{"line":88,"column":38},"end":{"line":88,"column":40}}],"line":88},"4":{"loc":{"start":{"line":89,"column":34},"end":{"line":89,"column":52}},"type":"binary-expr","locations":[{"start":{"line":89,"column":34},"end":{"line":89,"column":46}},{"start":{"line":89,"column":50},"end":{"line":89,"column":52}}],"line":89},"5":{"loc":{"start":{"line":90,"column":29},"end":{"line":90,"column":55}},"type":"binary-expr","locations":[{"start":{"line":90,"column":29},"end":{"line":90,"column":49}},{"start":{"line":90,"column":53},"end":{"line":90,"column":55}}],"line":90},"6":{"loc":{"start":{"line":93,"column":16},"end":{"line":93,"column":57}},"type":"binary-expr","locations":[{"start":{"line":93,"column":16},"end":{"line":93,"column":51}},{"start":{"line":93,"column":55},"end":{"line":93,"column":57}}],"line":93},"7":{"loc":{"start":{"line":93,"column":17},"end":{"line":93,"column":30}},"type":"binary-expr","locations":[{"start":{"line":93,"column":17},"end":{"line":93,"column":24}},{"start":{"line":93,"column":28},"end":{"line":93,"column":30}}],"line":93},"8":{"loc":{"start":{"line":94,"column":2},"end":{"line":96,"column":3}},"type":"if","locations":[{"start":{"line":94,"column":2},"end":{"line":96,"column":3}},{"start":{"line":94,"column":2},"end":{"line":96,"column":3}}],"line":94},"9":{"loc":{"start":{"line":94,"column":6},"end":{"line":94,"column":57}},"type":"binary-expr","locations":[{"start":{"line":94,"column":6},"end":{"line":94,"column":23}},{"start":{"line":94,"column":27},"end":{"line":94,"column":48}},{"start":{"line":94,"column":52},"end":{"line":94,"column":57}}],"line":94},"10":{"loc":{"start":{"line":100,"column":6},"end":{"line":100,"column":18}},"type":"binary-expr","locations":[{"start":{"line":100,"column":6},"end":{"line":100,"column":12}},{"start":{"line":100,"column":16},"end":{"line":100,"column":18}}],"line":100}},"s":{"0":1,"1":1,"2":0,"3":0,"4":0,"5":0,"6":0,"7":1,"8":1,"9":0,"10":0,"11":0,"12":0,"13":0,"14":0,"15":0,"16":0,"17":0,"18":0,"19":0,"20":0,"21":1},"f":{"0":0,"1":0,"2":0,"3":0,"4":0,"5":0},"b":{"0":[0,0],"1":[0,0],"2":[0,0],"3":[0,0],"4":[0,0],"5":[0,0],"6":[0,0],"7":[0,0],"8":[0,0],"9":[0,0,0],"10":[0,0]},"_coverageSchema":"43e27e138ebf9cfc5966b082cf9a028302ed4184","hash":"ff369b07d1c78463f2c6ac7961aaed3e986a328d"}
,"/Users/pragalbha/Documents/GoComet/frontend-service/components/client/operations-module/SummaryCard/Modals/ShipmentDetails.jsx": {"path":"/Users/pragalbha/Documents/GoComet/frontend-service/components/client/operations-module/SummaryCard/Modals/ShipmentDetails.jsx","statementMap":{"0":{"start":{"line":14,"column":18},"end":{"line":14,"column":40}},"1":{"start":{"line":16,"column":32},"end":{"line":25,"column":1}},"2":{"start":{"line":17,"column":1},"end":{"line":17,"column":24}},"3":{"start":{"line":17,"column":12},"end":{"line":17,"column":24}},"4":{"start":{"line":18,"column":1},"end":{"line":20,"column":2}},"5":{"start":{"line":19,"column":2},"end":{"line":19,"column":14}},"6":{"start":{"line":21,"column":1},"end":{"line":23,"column":2}},"7":{"start":{"line":22,"column":2},"end":{"line":22,"column":14}},"8":{"start":{"line":24,"column":1},"end":{"line":24,"column":36}},"9":{"start":{"line":27,"column":24},"end":{"line":155,"column":1}},"10":{"start":{"line":28,"column":25},"end":{"line":120,"column":2}},"11":{"start":{"line":53,"column":6},"end":{"line":53,"column":19}},"12":{"start":{"line":55,"column":15},"end":{"line":118,"column":3}},"13":{"start":{"line":119,"column":2},"end":{"line":119,"column":14}},"14":{"start":{"line":122,"column":1},"end":{"line":154,"column":3}},"15":{"start":{"line":136,"column":34},"end":{"line":136,"column":69}},"16":{"start":{"line":140,"column":6},"end":{"line":142,"column":7}},"17":{"start":{"line":141,"column":7},"end":{"line":141,"column":65}},"18":{"start":{"line":143,"column":6},"end":{"line":150,"column":7}},"19":{"start":{"line":144,"column":7},"end":{"line":149,"column":9}},"20":{"start":{"line":163,"column":0},"end":{"line":167,"column":2}},"21":{"start":{"line":169,"column":24},"end":{"line":174,"column":1}},"22":{"start":{"line":170,"column":29},"end":{"line":170,"column":51}},"23":{"start":{"line":171,"column":17},"end":{"line":171,"column":103}},"24":{"start":{"line":173,"column":1},"end":{"line":173,"column":20}}},"fnMap":{"0":{"name":"(anonymous_0)","decl":{"start":{"line":16,"column":32},"end":{"line":16,"column":33}},"loc":{"start":{"line":16,"column":40},"end":{"line":25,"column":1}},"line":16},"1":{"name":"(anonymous_1)","decl":{"start":{"line":27,"column":24},"end":{"line":27,"column":25}},"loc":{"start":{"line":27,"column":63},"end":{"line":155,"column":1}},"line":27},"2":{"name":"(anonymous_2)","decl":{"start":{"line":28,"column":25},"end":{"line":28,"column":26}},"loc":{"start":{"line":28,"column":31},"end":{"line":120,"column":2}},"line":28},"3":{"name":"(anonymous_3)","decl":{"start":{"line":136,"column":13},"end":{"line":136,"column":14}},"loc":{"start":{"line":136,"column":34},"end":{"line":136,"column":69}},"line":136},"4":{"name":"(anonymous_4)","decl":{"start":{"line":137,"column":10},"end":{"line":137,"column":11}},"loc":{"start":{"line":139,"column":18},"end":{"line":151,"column":6}},"line":139},"5":{"name":"(anonymous_5)","decl":{"start":{"line":166,"column":12},"end":{"line":166,"column":13}},"loc":{"start":{"line":166,"column":18},"end":{"line":166,"column":20}},"line":166},"6":{"name":"(anonymous_6)","decl":{"start":{"line":169,"column":24},"end":{"line":169,"column":25}},"loc":{"start":{"line":169,"column":33},"end":{"line":174,"column":1}},"line":169}},"branchMap":{"0":{"loc":{"start":{"line":17,"column":1},"end":{"line":17,"column":24}},"type":"if","locations":[{"start":{"line":17,"column":1},"end":{"line":17,"column":24}},{"start":{"line":17,"column":1},"end":{"line":17,"column":24}}],"line":17},"1":{"loc":{"start":{"line":18,"column":1},"end":{"line":20,"column":2}},"type":"if","locations":[{"start":{"line":18,"column":1},"end":{"line":20,"column":2}},{"start":{"line":18,"column":1},"end":{"line":20,"column":2}}],"line":18},"2":{"loc":{"start":{"line":21,"column":1},"end":{"line":23,"column":2}},"type":"if","locations":[{"start":{"line":21,"column":1},"end":{"line":23,"column":2}},{"start":{"line":21,"column":1},"end":{"line":23,"column":2}}],"line":21},"3":{"loc":{"start":{"line":21,"column":6},"end":{"line":21,"column":16}},"type":"binary-expr","locations":[{"start":{"line":21,"column":6},"end":{"line":21,"column":10}},{"start":{"line":21,"column":14},"end":{"line":21,"column":16}}],"line":21},"4":{"loc":{"start":{"line":53,"column":6},"end":{"line":53,"column":19}},"type":"binary-expr","locations":[{"start":{"line":53,"column":6},"end":{"line":53,"column":13}},{"start":{"line":53,"column":17},"end":{"line":53,"column":19}}],"line":53},"5":{"loc":{"start":{"line":63,"column":19},"end":{"line":63,"column":28}},"type":"binary-expr","locations":[{"start":{"line":63,"column":19},"end":{"line":63,"column":22}},{"start":{"line":63,"column":26},"end":{"line":63,"column":28}}],"line":63},"6":{"loc":{"start":{"line":64,"column":8},"end":{"line":64,"column":17}},"type":"binary-expr","locations":[{"start":{"line":64,"column":8},"end":{"line":64,"column":11}},{"start":{"line":64,"column":15},"end":{"line":64,"column":17}}],"line":64},"7":{"loc":{"start":{"line":73,"column":19},"end":{"line":73,"column":28}},"type":"binary-expr","locations":[{"start":{"line":73,"column":19},"end":{"line":73,"column":22}},{"start":{"line":73,"column":26},"end":{"line":73,"column":28}}],"line":73},"8":{"loc":{"start":{"line":74,"column":8},"end":{"line":74,"column":17}},"type":"binary-expr","locations":[{"start":{"line":74,"column":8},"end":{"line":74,"column":11}},{"start":{"line":74,"column":15},"end":{"line":74,"column":17}}],"line":74},"9":{"loc":{"start":{"line":83,"column":47},"end":{"line":83,"column":85}},"type":"binary-expr","locations":[{"start":{"line":83,"column":47},"end":{"line":83,"column":54}},{"start":{"line":83,"column":58},"end":{"line":83,"column":85}}],"line":83},"10":{"loc":{"start":{"line":84,"column":51},"end":{"line":84,"column":93}},"type":"binary-expr","locations":[{"start":{"line":84,"column":51},"end":{"line":84,"column":60}},{"start":{"line":84,"column":64},"end":{"line":84,"column":93}}],"line":84},"11":{"loc":{"start":{"line":85,"column":49},"end":{"line":85,"column":89}},"type":"binary-expr","locations":[{"start":{"line":85,"column":49},"end":{"line":85,"column":57}},{"start":{"line":85,"column":61},"end":{"line":85,"column":89}}],"line":85},"12":{"loc":{"start":{"line":86,"column":10},"end":{"line":86,"column":61}},"type":"cond-expr","locations":[{"start":{"line":86,"column":45},"end":{"line":86,"column":54}},{"start":{"line":86,"column":57},"end":{"line":86,"column":61}}],"line":86},"13":{"loc":{"start":{"line":86,"column":10},"end":{"line":86,"column":42}},"type":"binary-expr","locations":[{"start":{"line":86,"column":10},"end":{"line":86,"column":17}},{"start":{"line":86,"column":21},"end":{"line":86,"column":30}},{"start":{"line":86,"column":34},"end":{"line":86,"column":42}}],"line":86},"14":{"loc":{"start":{"line":136,"column":34},"end":{"line":136,"column":69}},"type":"binary-expr","locations":[{"start":{"line":136,"column":35},"end":{"line":136,"column":40}},{"start":{"line":136,"column":44},"end":{"line":136,"column":49}},{"start":{"line":136,"column":54},"end":{"line":136,"column":69}}],"line":136},"15":{"loc":{"start":{"line":140,"column":6},"end":{"line":142,"column":7}},"type":"if","locations":[{"start":{"line":140,"column":6},"end":{"line":142,"column":7}},{"start":{"line":140,"column":6},"end":{"line":142,"column":7}}],"line":140},"16":{"loc":{"start":{"line":143,"column":6},"end":{"line":150,"column":7}},"type":"if","locations":[{"start":{"line":143,"column":6},"end":{"line":150,"column":7}},{"start":{"line":143,"column":6},"end":{"line":150,"column":7}}],"line":143},"17":{"loc":{"start":{"line":143,"column":10},"end":{"line":143,"column":24}},"type":"binary-expr","locations":[{"start":{"line":143,"column":10},"end":{"line":143,"column":15}},{"start":{"line":143,"column":19},"end":{"line":143,"column":24}}],"line":143},"18":{"loc":{"start":{"line":145,"column":18},"end":{"line":145,"column":29}},"type":"binary-expr","locations":[{"start":{"line":145,"column":18},"end":{"line":145,"column":21}},{"start":{"line":145,"column":25},"end":{"line":145,"column":29}}],"line":145},"19":{"loc":{"start":{"line":171,"column":17},"end":{"line":171,"column":103}},"type":"cond-expr","locations":[{"start":{"line":171,"column":42},"end":{"line":171,"column":76}},{"start":{"line":171,"column":79},"end":{"line":171,"column":103}}],"line":171}},"s":{"0":0,"1":0,"2":0,"3":0,"4":0,"5":0,"6":0,"7":0,"8":0,"9":0,"10":0,"11":0,"12":0,"13":0,"14":0,"15":0,"16":0,"17":0,"18":0,"19":0,"20":0,"21":0,"22":0,"23":0,"24":0},"f":{"0":0,"1":0,"2":0,"3":0,"4":0,"5":0,"6":0},"b":{"0":[0,0],"1":[0,0],"2":[0,0],"3":[0,0],"4":[0,0],"5":[0,0],"6":[0,0],"7":[0,0],"8":[0,0],"9":[0,0],"10":[0,0],"11":[0,0],"12":[0,0],"13":[0,0,0],"14":[0,0,0],"15":[0,0],"16":[0,0],"17":[0,0],"18":[0,0],"19":[0,0]},"hash":"a3dd34983d146e3c54714bee01ddd23e133a958a"}
}
