{"/Users/pragalbha/Documents/GoComet/frontend-service/components/client/dispatch/create/CustomFields.jsx": {"path":"/Users/pragalbha/Documents/GoComet/frontend-service/components/client/dispatch/create/CustomFields.jsx","statementMap":{"0":{"start":{"line":10,"column":15},"end":{"line":10,"column":25}},"1":{"start":{"line":11,"column":25},"end":{"line":11,"column":40}},"2":{"start":{"line":13,"column":21},"end":{"line":370,"column":1}},"3":{"start":{"line":30,"column":6},"end":{"line":30,"column":19}},"4":{"start":{"line":44,"column":5},"end":{"line":44,"column":33}},"5":{"start":{"line":47,"column":5},"end":{"line":47,"column":24}},"6":{"start":{"line":53,"column":5},"end":{"line":53,"column":25}},"7":{"start":{"line":54,"column":19},"end":{"line":54,"column":55}},"8":{"start":{"line":64,"column":5},"end":{"line":64,"column":37}},"9":{"start":{"line":66,"column":18},"end":{"line":69,"column":2}},"10":{"start":{"line":67,"column":2},"end":{"line":67,"column":51}},"11":{"start":{"line":68,"column":2},"end":{"line":68,"column":31}},"12":{"start":{"line":71,"column":28},"end":{"line":73,"column":2}},"13":{"start":{"line":72,"column":2},"end":{"line":72,"column":94}},"14":{"start":{"line":75,"column":30},"end":{"line":79,"column":2}},"15":{"start":{"line":76,"column":29},"end":{"line":76,"column":49}},"16":{"start":{"line":77,"column":2},"end":{"line":77,"column":38}},"17":{"start":{"line":78,"column":2},"end":{"line":78,"column":52}},"18":{"start":{"line":81,"column":22},"end":{"line":84,"column":2}},"19":{"start":{"line":82,"column":15},"end":{"line":82,"column":42}},"20":{"start":{"line":83,"column":2},"end":{"line":83,"column":36}},"21":{"start":{"line":86,"column":23},"end":{"line":90,"column":2}},"22":{"start":{"line":92,"column":24},"end":{"line":96,"column":2}},"23":{"start":{"line":98,"column":26},"end":{"line":101,"column":2}},"24":{"start":{"line":103,"column":28},"end":{"line":106,"column":2}},"25":{"start":{"line":108,"column":1},"end":{"line":369,"column":3}},"26":{"start":{"line":118,"column":27},"end":{"line":118,"column":89}},"27":{"start":{"line":131,"column":27},"end":{"line":131,"column":90}},"28":{"start":{"line":144,"column":27},"end":{"line":144,"column":95}},"29":{"start":{"line":158,"column":27},"end":{"line":158,"column":88}},"30":{"start":{"line":171,"column":27},"end":{"line":171,"column":89}},"31":{"start":{"line":184,"column":27},"end":{"line":184,"column":81}},"32":{"start":{"line":197,"column":27},"end":{"line":197,"column":94}},"33":{"start":{"line":214,"column":28},"end":{"line":214,"column":72}},"34":{"start":{"line":227,"column":28},"end":{"line":227,"column":71}},"35":{"start":{"line":239,"column":28},"end":{"line":239,"column":71}},"36":{"start":{"line":251,"column":28},"end":{"line":251,"column":71}},"37":{"start":{"line":265,"column":28},"end":{"line":265,"column":73}},"38":{"start":{"line":276,"column":28},"end":{"line":276,"column":73}},"39":{"start":{"line":290,"column":42},"end":{"line":290,"column":60}},"40":{"start":{"line":291,"column":27},"end":{"line":291,"column":52}},"41":{"start":{"line":304,"column":42},"end":{"line":304,"column":60}},"42":{"start":{"line":305,"column":27},"end":{"line":305,"column":52}},"43":{"start":{"line":318,"column":28},"end":{"line":318,"column":73}},"44":{"start":{"line":333,"column":27},"end":{"line":333,"column":63}},"45":{"start":{"line":334,"column":38},"end":{"line":334,"column":56}},"46":{"start":{"line":338,"column":9},"end":{"line":340,"column":18}},"47":{"start":{"line":354,"column":27},"end":{"line":354,"column":65}},"48":{"start":{"line":355,"column":38},"end":{"line":355,"column":56}},"49":{"start":{"line":359,"column":9},"end":{"line":361,"column":18}},"50":{"start":{"line":388,"column":0},"end":{"line":402,"column":2}}},"fnMap":{"0":{"name":"(anonymous_0)","decl":{"start":{"line":13,"column":21},"end":{"line":13,"column":22}},"loc":{"start":{"line":27,"column":6},"end":{"line":370,"column":1}},"line":27},"1":{"name":"(anonymous_1)","decl":{"start":{"line":66,"column":18},"end":{"line":66,"column":19}},"loc":{"start":{"line":66,"column":38},"end":{"line":69,"column":2}},"line":66},"2":{"name":"(anonymous_2)","decl":{"start":{"line":71,"column":28},"end":{"line":71,"column":29}},"loc":{"start":{"line":71,"column":44},"end":{"line":73,"column":2}},"line":71},"3":{"name":"(anonymous_3)","decl":{"start":{"line":75,"column":30},"end":{"line":75,"column":31}},"loc":{"start":{"line":75,"column":50},"end":{"line":79,"column":2}},"line":75},"4":{"name":"(anonymous_4)","decl":{"start":{"line":81,"column":22},"end":{"line":81,"column":23}},"loc":{"start":{"line":81,"column":42},"end":{"line":84,"column":2}},"line":81},"5":{"name":"(anonymous_5)","decl":{"start":{"line":118,"column":18},"end":{"line":118,"column":19}},"loc":{"start":{"line":118,"column":27},"end":{"line":118,"column":89}},"line":118},"6":{"name":"(anonymous_6)","decl":{"start":{"line":131,"column":18},"end":{"line":131,"column":19}},"loc":{"start":{"line":131,"column":27},"end":{"line":131,"column":90}},"line":131},"7":{"name":"(anonymous_7)","decl":{"start":{"line":144,"column":18},"end":{"line":144,"column":19}},"loc":{"start":{"line":144,"column":27},"end":{"line":144,"column":95}},"line":144},"8":{"name":"(anonymous_8)","decl":{"start":{"line":158,"column":18},"end":{"line":158,"column":19}},"loc":{"start":{"line":158,"column":27},"end":{"line":158,"column":88}},"line":158},"9":{"name":"(anonymous_9)","decl":{"start":{"line":171,"column":18},"end":{"line":171,"column":19}},"loc":{"start":{"line":171,"column":27},"end":{"line":171,"column":89}},"line":171},"10":{"name":"(anonymous_10)","decl":{"start":{"line":184,"column":18},"end":{"line":184,"column":19}},"loc":{"start":{"line":184,"column":27},"end":{"line":184,"column":81}},"line":184},"11":{"name":"(anonymous_11)","decl":{"start":{"line":197,"column":18},"end":{"line":197,"column":19}},"loc":{"start":{"line":197,"column":27},"end":{"line":197,"column":94}},"line":197},"12":{"name":"(anonymous_12)","decl":{"start":{"line":214,"column":19},"end":{"line":214,"column":20}},"loc":{"start":{"line":214,"column":28},"end":{"line":214,"column":72}},"line":214},"13":{"name":"(anonymous_13)","decl":{"start":{"line":227,"column":19},"end":{"line":227,"column":20}},"loc":{"start":{"line":227,"column":28},"end":{"line":227,"column":71}},"line":227},"14":{"name":"(anonymous_14)","decl":{"start":{"line":239,"column":19},"end":{"line":239,"column":20}},"loc":{"start":{"line":239,"column":28},"end":{"line":239,"column":71}},"line":239},"15":{"name":"(anonymous_15)","decl":{"start":{"line":251,"column":19},"end":{"line":251,"column":20}},"loc":{"start":{"line":251,"column":28},"end":{"line":251,"column":71}},"line":251},"16":{"name":"(anonymous_16)","decl":{"start":{"line":265,"column":19},"end":{"line":265,"column":20}},"loc":{"start":{"line":265,"column":28},"end":{"line":265,"column":73}},"line":265},"17":{"name":"(anonymous_17)","decl":{"start":{"line":276,"column":19},"end":{"line":276,"column":20}},"loc":{"start":{"line":276,"column":28},"end":{"line":276,"column":73}},"line":276},"18":{"name":"(anonymous_18)","decl":{"start":{"line":290,"column":31},"end":{"line":290,"column":32}},"loc":{"start":{"line":290,"column":42},"end":{"line":290,"column":60}},"line":290},"19":{"name":"(anonymous_19)","decl":{"start":{"line":291,"column":19},"end":{"line":291,"column":20}},"loc":{"start":{"line":291,"column":27},"end":{"line":291,"column":52}},"line":291},"20":{"name":"(anonymous_20)","decl":{"start":{"line":304,"column":31},"end":{"line":304,"column":32}},"loc":{"start":{"line":304,"column":42},"end":{"line":304,"column":60}},"line":304},"21":{"name":"(anonymous_21)","decl":{"start":{"line":305,"column":19},"end":{"line":305,"column":20}},"loc":{"start":{"line":305,"column":27},"end":{"line":305,"column":52}},"line":305},"22":{"name":"(anonymous_22)","decl":{"start":{"line":318,"column":19},"end":{"line":318,"column":20}},"loc":{"start":{"line":318,"column":28},"end":{"line":318,"column":73}},"line":318},"23":{"name":"(anonymous_23)","decl":{"start":{"line":333,"column":18},"end":{"line":333,"column":19}},"loc":{"start":{"line":333,"column":27},"end":{"line":333,"column":63}},"line":333},"24":{"name":"(anonymous_24)","decl":{"start":{"line":334,"column":27},"end":{"line":334,"column":28}},"loc":{"start":{"line":334,"column":38},"end":{"line":334,"column":56}},"line":334},"25":{"name":"(anonymous_25)","decl":{"start":{"line":337,"column":45},"end":{"line":337,"column":46}},"loc":{"start":{"line":338,"column":9},"end":{"line":340,"column":18}},"line":338},"26":{"name":"(anonymous_26)","decl":{"start":{"line":354,"column":18},"end":{"line":354,"column":19}},"loc":{"start":{"line":354,"column":27},"end":{"line":354,"column":65}},"line":354},"27":{"name":"(anonymous_27)","decl":{"start":{"line":355,"column":27},"end":{"line":355,"column":28}},"loc":{"start":{"line":355,"column":38},"end":{"line":355,"column":56}},"line":355},"28":{"name":"(anonymous_28)","decl":{"start":{"line":358,"column":47},"end":{"line":358,"column":48}},"loc":{"start":{"line":359,"column":9},"end":{"line":361,"column":18}},"line":359},"29":{"name":"(anonymous_29)","decl":{"start":{"line":400,"column":15},"end":{"line":400,"column":16}},"loc":{"start":{"line":400,"column":21},"end":{"line":400,"column":23}},"line":400},"30":{"name":"(anonymous_30)","decl":{"start":{"line":401,"column":12},"end":{"line":401,"column":13}},"loc":{"start":{"line":401,"column":18},"end":{"line":401,"column":20}},"line":401}},"branchMap":{"0":{"loc":{"start":{"line":29,"column":2},"end":{"line":29,"column":20}},"type":"default-arg","locations":[{"start":{"line":29,"column":18},"end":{"line":29,"column":20}}],"line":29},"1":{"loc":{"start":{"line":30,"column":6},"end":{"line":30,"column":19}},"type":"binary-expr","locations":[{"start":{"line":30,"column":6},"end":{"line":30,"column":13}},{"start":{"line":30,"column":17},"end":{"line":30,"column":19}}],"line":30},"2":{"loc":{"start":{"line":32,"column":2},"end":{"line":32,"column":10}},"type":"default-arg","locations":[{"start":{"line":32,"column":8},"end":{"line":32,"column":10}}],"line":32},"3":{"loc":{"start":{"line":33,"column":2},"end":{"line":33,"column":10}},"type":"default-arg","locations":[{"start":{"line":33,"column":8},"end":{"line":33,"column":10}}],"line":33},"4":{"loc":{"start":{"line":34,"column":2},"end":{"line":34,"column":10}},"type":"default-arg","locations":[{"start":{"line":34,"column":8},"end":{"line":34,"column":10}}],"line":34},"5":{"loc":{"start":{"line":35,"column":2},"end":{"line":35,"column":10}},"type":"default-arg","locations":[{"start":{"line":35,"column":8},"end":{"line":35,"column":10}}],"line":35},"6":{"loc":{"start":{"line":37,"column":2},"end":{"line":37,"column":28}},"type":"default-arg","locations":[{"start":{"line":37,"column":26},"end":{"line":37,"column":28}}],"line":37},"7":{"loc":{"start":{"line":38,"column":2},"end":{"line":38,"column":27}},"type":"default-arg","locations":[{"start":{"line":38,"column":25},"end":{"line":38,"column":27}}],"line":38},"8":{"loc":{"start":{"line":39,"column":2},"end":{"line":39,"column":33}},"type":"default-arg","locations":[{"start":{"line":39,"column":31},"end":{"line":39,"column":33}}],"line":39},"9":{"loc":{"start":{"line":40,"column":2},"end":{"line":40,"column":26}},"type":"default-arg","locations":[{"start":{"line":40,"column":24},"end":{"line":40,"column":26}}],"line":40},"10":{"loc":{"start":{"line":41,"column":2},"end":{"line":41,"column":27}},"type":"default-arg","locations":[{"start":{"line":41,"column":25},"end":{"line":41,"column":27}}],"line":41},"11":{"loc":{"start":{"line":42,"column":2},"end":{"line":42,"column":19}},"type":"default-arg","locations":[{"start":{"line":42,"column":17},"end":{"line":42,"column":19}}],"line":42},"12":{"loc":{"start":{"line":43,"column":2},"end":{"line":43,"column":32}},"type":"default-arg","locations":[{"start":{"line":43,"column":30},"end":{"line":43,"column":32}}],"line":43},"13":{"loc":{"start":{"line":44,"column":5},"end":{"line":44,"column":33}},"type":"binary-expr","locations":[{"start":{"line":44,"column":5},"end":{"line":44,"column":27}},{"start":{"line":44,"column":31},"end":{"line":44,"column":33}}],"line":44},"14":{"loc":{"start":{"line":47,"column":5},"end":{"line":47,"column":24}},"type":"binary-expr","locations":[{"start":{"line":47,"column":5},"end":{"line":47,"column":18}},{"start":{"line":47,"column":22},"end":{"line":47,"column":24}}],"line":47},"15":{"loc":{"start":{"line":53,"column":5},"end":{"line":53,"column":25}},"type":"binary-expr","locations":[{"start":{"line":53,"column":5},"end":{"line":53,"column":19}},{"start":{"line":53,"column":23},"end":{"line":53,"column":25}}],"line":53},"16":{"loc":{"start":{"line":54,"column":20},"end":{"line":54,"column":30}},"type":"binary-expr","locations":[{"start":{"line":54,"column":20},"end":{"line":54,"column":24}},{"start":{"line":54,"column":28},"end":{"line":54,"column":30}}],"line":54},"17":{"loc":{"start":{"line":64,"column":5},"end":{"line":64,"column":37}},"type":"binary-expr","locations":[{"start":{"line":64,"column":5},"end":{"line":64,"column":31}},{"start":{"line":64,"column":35},"end":{"line":64,"column":37}}],"line":64},"18":{"loc":{"start":{"line":72,"column":21},"end":{"line":72,"column":49}},"type":"binary-expr","locations":[{"start":{"line":72,"column":21},"end":{"line":72,"column":43}},{"start":{"line":72,"column":47},"end":{"line":72,"column":49}}],"line":72},"19":{"loc":{"start":{"line":82,"column":15},"end":{"line":82,"column":42}},"type":"cond-expr","locations":[{"start":{"line":82,"column":23},"end":{"line":82,"column":37}},{"start":{"line":82,"column":40},"end":{"line":82,"column":42}}],"line":82},"20":{"loc":{"start":{"line":87,"column":9},"end":{"line":87,"column":62}},"type":"cond-expr","locations":[{"start":{"line":87,"column":21},"end":{"line":87,"column":41}},{"start":{"line":87,"column":44},"end":{"line":87,"column":62}}],"line":87},"21":{"loc":{"start":{"line":89,"column":3},"end":{"line":89,"column":93}},"type":"binary-expr","locations":[{"start":{"line":89,"column":3},"end":{"line":89,"column":9}},{"start":{"line":89,"column":13},"end":{"line":89,"column":93}}],"line":89},"22":{"loc":{"start":{"line":89,"column":14},"end":{"line":89,"column":69}},"type":"binary-expr","locations":[{"start":{"line":89,"column":14},"end":{"line":89,"column":63}},{"start":{"line":89,"column":67},"end":{"line":89,"column":69}}],"line":89},"23":{"loc":{"start":{"line":89,"column":15},"end":{"line":89,"column":39}},"type":"binary-expr","locations":[{"start":{"line":89,"column":15},"end":{"line":89,"column":33}},{"start":{"line":89,"column":37},"end":{"line":89,"column":39}}],"line":89},"24":{"loc":{"start":{"line":95,"column":3},"end":{"line":95,"column":93}},"type":"binary-expr","locations":[{"start":{"line":95,"column":3},"end":{"line":95,"column":9}},{"start":{"line":95,"column":13},"end":{"line":95,"column":93}}],"line":95},"25":{"loc":{"start":{"line":95,"column":14},"end":{"line":95,"column":69}},"type":"binary-expr","locations":[{"start":{"line":95,"column":14},"end":{"line":95,"column":63}},{"start":{"line":95,"column":67},"end":{"line":95,"column":69}}],"line":95},"26":{"loc":{"start":{"line":95,"column":15},"end":{"line":95,"column":39}},"type":"binary-expr","locations":[{"start":{"line":95,"column":15},"end":{"line":95,"column":33}},{"start":{"line":95,"column":37},"end":{"line":95,"column":39}}],"line":95},"27":{"loc":{"start":{"line":109,"column":15},"end":{"line":109,"column":44}},"type":"binary-expr","locations":[{"start":{"line":109,"column":15},"end":{"line":109,"column":24}},{"start":{"line":109,"column":28},"end":{"line":109,"column":44}}],"line":109},"28":{"loc":{"start":{"line":112,"column":5},"end":{"line":123,"column":5}},"type":"binary-expr","locations":[{"start":{"line":112,"column":5},"end":{"line":112,"column":39}},{"start":{"line":113,"column":5},"end":{"line":122,"column":11}}],"line":112},"29":{"loc":{"start":{"line":125,"column":5},"end":{"line":136,"column":5}},"type":"binary-expr","locations":[{"start":{"line":125,"column":5},"end":{"line":125,"column":44}},{"start":{"line":126,"column":5},"end":{"line":135,"column":11}}],"line":125},"30":{"loc":{"start":{"line":138,"column":5},"end":{"line":150,"column":5}},"type":"binary-expr","locations":[{"start":{"line":138,"column":5},"end":{"line":138,"column":52}},{"start":{"line":139,"column":5},"end":{"line":149,"column":11}}],"line":138},"31":{"loc":{"start":{"line":152,"column":5},"end":{"line":163,"column":5}},"type":"binary-expr","locations":[{"start":{"line":152,"column":5},"end":{"line":152,"column":32}},{"start":{"line":153,"column":5},"end":{"line":162,"column":11}}],"line":152},"32":{"loc":{"start":{"line":165,"column":5},"end":{"line":176,"column":5}},"type":"binary-expr","locations":[{"start":{"line":165,"column":5},"end":{"line":165,"column":33}},{"start":{"line":166,"column":5},"end":{"line":175,"column":11}}],"line":165},"33":{"loc":{"start":{"line":178,"column":5},"end":{"line":189,"column":5}},"type":"binary-expr","locations":[{"start":{"line":178,"column":5},"end":{"line":178,"column":25}},{"start":{"line":179,"column":5},"end":{"line":188,"column":11}}],"line":178},"34":{"loc":{"start":{"line":191,"column":5},"end":{"line":203,"column":5}},"type":"binary-expr","locations":[{"start":{"line":191,"column":5},"end":{"line":191,"column":38}},{"start":{"line":192,"column":5},"end":{"line":202,"column":11}}],"line":191},"35":{"loc":{"start":{"line":205,"column":5},"end":{"line":257,"column":5}},"type":"binary-expr","locations":[{"start":{"line":205,"column":5},"end":{"line":205,"column":23}},{"start":{"line":206,"column":5},"end":{"line":256,"column":8}}],"line":205},"36":{"loc":{"start":{"line":212,"column":14},"end":{"line":212,"column":28}},"type":"cond-expr","locations":[{"start":{"line":212,"column":23},"end":{"line":212,"column":24}},{"start":{"line":212,"column":27},"end":{"line":212,"column":28}}],"line":212},"37":{"loc":{"start":{"line":225,"column":14},"end":{"line":225,"column":28}},"type":"cond-expr","locations":[{"start":{"line":225,"column":23},"end":{"line":225,"column":24}},{"start":{"line":225,"column":27},"end":{"line":225,"column":28}}],"line":225},"38":{"loc":{"start":{"line":226,"column":22},"end":{"line":226,"column":87}},"type":"cond-expr","locations":[{"start":{"line":226,"column":34},"end":{"line":226,"column":60}},{"start":{"line":226,"column":63},"end":{"line":226,"column":87}}],"line":226},"39":{"loc":{"start":{"line":237,"column":14},"end":{"line":237,"column":28}},"type":"cond-expr","locations":[{"start":{"line":237,"column":23},"end":{"line":237,"column":24}},{"start":{"line":237,"column":27},"end":{"line":237,"column":28}}],"line":237},"40":{"loc":{"start":{"line":249,"column":14},"end":{"line":249,"column":28}},"type":"cond-expr","locations":[{"start":{"line":249,"column":23},"end":{"line":249,"column":24}},{"start":{"line":249,"column":27},"end":{"line":249,"column":28}}],"line":249},"41":{"loc":{"start":{"line":258,"column":5},"end":{"line":324,"column":5}},"type":"binary-expr","locations":[{"start":{"line":258,"column":5},"end":{"line":258,"column":41}},{"start":{"line":259,"column":5},"end":{"line":323,"column":8}}],"line":258},"42":{"loc":{"start":{"line":261,"column":25},"end":{"line":261,"column":51}},"type":"cond-expr","locations":[{"start":{"line":261,"column":37},"end":{"line":261,"column":43}},{"start":{"line":261,"column":46},"end":{"line":261,"column":51}}],"line":261},"43":{"loc":{"start":{"line":264,"column":22},"end":{"line":264,"column":60}},"type":"cond-expr","locations":[{"start":{"line":264,"column":34},"end":{"line":264,"column":46}},{"start":{"line":264,"column":49},"end":{"line":264,"column":60}}],"line":264},"44":{"loc":{"start":{"line":272,"column":25},"end":{"line":272,"column":51}},"type":"cond-expr","locations":[{"start":{"line":272,"column":37},"end":{"line":272,"column":43}},{"start":{"line":272,"column":46},"end":{"line":272,"column":51}}],"line":272},"45":{"loc":{"start":{"line":275,"column":22},"end":{"line":275,"column":60}},"type":"cond-expr","locations":[{"start":{"line":275,"column":34},"end":{"line":275,"column":46}},{"start":{"line":275,"column":49},"end":{"line":275,"column":60}}],"line":275},"46":{"loc":{"start":{"line":289,"column":16},"end":{"line":289,"column":40}},"type":"cond-expr","locations":[{"start":{"line":289,"column":22},"end":{"line":289,"column":33}},{"start":{"line":289,"column":36},"end":{"line":289,"column":40}}],"line":289},"47":{"loc":{"start":{"line":303,"column":16},"end":{"line":303,"column":40}},"type":"cond-expr","locations":[{"start":{"line":303,"column":22},"end":{"line":303,"column":33}},{"start":{"line":303,"column":36},"end":{"line":303,"column":40}}],"line":303},"48":{"loc":{"start":{"line":326,"column":5},"end":{"line":345,"column":5}},"type":"binary-expr","locations":[{"start":{"line":326,"column":5},"end":{"line":326,"column":31}},{"start":{"line":327,"column":5},"end":{"line":344,"column":11}}],"line":326},"49":{"loc":{"start":{"line":337,"column":10},"end":{"line":337,"column":39}},"type":"binary-expr","locations":[{"start":{"line":337,"column":10},"end":{"line":337,"column":33}},{"start":{"line":337,"column":37},"end":{"line":337,"column":39}}],"line":337},"50":{"loc":{"start":{"line":339,"column":11},"end":{"line":339,"column":23}},"type":"binary-expr","locations":[{"start":{"line":339,"column":11},"end":{"line":339,"column":15}},{"start":{"line":339,"column":19},"end":{"line":339,"column":23}}],"line":339},"51":{"loc":{"start":{"line":347,"column":5},"end":{"line":366,"column":5}},"type":"binary-expr","locations":[{"start":{"line":347,"column":5},"end":{"line":347,"column":33}},{"start":{"line":348,"column":5},"end":{"line":365,"column":11}}],"line":347},"52":{"loc":{"start":{"line":358,"column":10},"end":{"line":358,"column":41}},"type":"binary-expr","locations":[{"start":{"line":358,"column":10},"end":{"line":358,"column":35}},{"start":{"line":358,"column":39},"end":{"line":358,"column":41}}],"line":358},"53":{"loc":{"start":{"line":360,"column":11},"end":{"line":360,"column":23}},"type":"binary-expr","locations":[{"start":{"line":360,"column":11},"end":{"line":360,"column":15}},{"start":{"line":360,"column":19},"end":{"line":360,"column":23}}],"line":360}},"s":{"0":0,"1":0,"2":0,"3":0,"4":0,"5":0,"6":0,"7":0,"8":0,"9":0,"10":0,"11":0,"12":0,"13":0,"14":0,"15":0,"16":0,"17":0,"18":0,"19":0,"20":0,"21":0,"22":0,"23":0,"24":0,"25":0,"26":0,"27":0,"28":0,"29":0,"30":0,"31":0,"32":0,"33":0,"34":0,"35":0,"36":0,"37":0,"38":0,"39":0,"40":0,"41":0,"42":0,"43":0,"44":0,"45":0,"46":0,"47":0,"48":0,"49":0,"50":0},"f":{"0":0,"1":0,"2":0,"3":0,"4":0,"5":0,"6":0,"7":0,"8":0,"9":0,"10":0,"11":0,"12":0,"13":0,"14":0,"15":0,"16":0,"17":0,"18":0,"19":0,"20":0,"21":0,"22":0,"23":0,"24":0,"25":0,"26":0,"27":0,"28":0,"29":0,"30":0},"b":{"0":[0],"1":[0,0],"2":[0],"3":[0],"4":[0],"5":[0],"6":[0],"7":[0],"8":[0],"9":[0],"10":[0],"11":[0],"12":[0],"13":[0,0],"14":[0,0],"15":[0,0],"16":[0,0],"17":[0,0],"18":[0,0],"19":[0,0],"20":[0,0],"21":[0,0],"22":[0,0],"23":[0,0],"24":[0,0],"25":[0,0],"26":[0,0],"27":[0,0],"28":[0,0],"29":[0,0],"30":[0,0],"31":[0,0],"32":[0,0],"33":[0,0],"34":[0,0],"35":[0,0],"36":[0,0],"37":[0,0],"38":[0,0],"39":[0,0],"40":[0,0],"41":[0,0],"42":[0,0],"43":[0,0],"44":[0,0],"45":[0,0],"46":[0,0],"47":[0,0],"48":[0,0],"49":[0,0],"50":[0,0],"51":[0,0],"52":[0,0],"53":[0,0]},"hash":"274c53cce643aa72abaf9ba870abc3d90c9f95bf"}
,"/Users/pragalbha/Documents/GoComet/frontend-service/components/client/dispatch/create/FreightForwader.jsx": {"path":"/Users/pragalbha/Documents/GoComet/frontend-service/components/client/dispatch/create/FreightForwader.jsx","statementMap":{"0":{"start":{"line":7,"column":19},"end":{"line":7,"column":25}},"1":{"start":{"line":9,"column":18},"end":{"line":9,"column":38}},"2":{"start":{"line":11,"column":25},"end":{"line":14,"column":1}},"3":{"start":{"line":16,"column":22},"end":{"line":18,"column":1}},"4":{"start":{"line":20,"column":25},"end":{"line":83,"column":1}},"5":{"start":{"line":23,"column":31},"end":{"line":31,"column":2}},"6":{"start":{"line":24,"column":2},"end":{"line":30,"column":3}},"7":{"start":{"line":25,"column":3},"end":{"line":25,"column":51}},"8":{"start":{"line":26,"column":3},"end":{"line":26,"column":29}},"9":{"start":{"line":28,"column":3},"end":{"line":28,"column":50}},"10":{"start":{"line":29,"column":3},"end":{"line":29,"column":33}},"11":{"start":{"line":33,"column":30},"end":{"line":35,"column":2}},"12":{"start":{"line":34,"column":2},"end":{"line":34,"column":28}},"13":{"start":{"line":37,"column":17},"end":{"line":40,"column":2}},"14":{"start":{"line":42,"column":1},"end":{"line":82,"column":3}},"15":{"start":{"line":51,"column":26},"end":{"line":51,"column":76}},"16":{"start":{"line":52,"column":37},"end":{"line":52,"column":55}},"17":{"start":{"line":58,"column":12},"end":{"line":58,"column":27}},"18":{"start":{"line":59,"column":29},"end":{"line":59,"column":52}},"19":{"start":{"line":60,"column":8},"end":{"line":64,"column":10}},"20":{"start":{"line":73,"column":26},"end":{"line":73,"column":86}},"21":{"start":{"line":92,"column":0},"end":{"line":97,"column":2}}},"fnMap":{"0":{"name":"(anonymous_0)","decl":{"start":{"line":20,"column":25},"end":{"line":20,"column":26}},"loc":{"start":{"line":22,"column":6},"end":{"line":83,"column":1}},"line":22},"1":{"name":"(anonymous_1)","decl":{"start":{"line":23,"column":31},"end":{"line":23,"column":32}},"loc":{"start":{"line":23,"column":48},"end":{"line":31,"column":2}},"line":23},"2":{"name":"(anonymous_2)","decl":{"start":{"line":33,"column":30},"end":{"line":33,"column":31}},"loc":{"start":{"line":33,"column":47},"end":{"line":35,"column":2}},"line":33},"3":{"name":"(anonymous_3)","decl":{"start":{"line":51,"column":17},"end":{"line":51,"column":18}},"loc":{"start":{"line":51,"column":26},"end":{"line":51,"column":76}},"line":51},"4":{"name":"(anonymous_4)","decl":{"start":{"line":52,"column":26},"end":{"line":52,"column":27}},"loc":{"start":{"line":52,"column":37},"end":{"line":52,"column":55}},"line":52},"5":{"name":"(anonymous_5)","decl":{"start":{"line":55,"column":41},"end":{"line":55,"column":42}},"loc":{"start":{"line":55,"column":54},"end":{"line":65,"column":8}},"line":55},"6":{"name":"(anonymous_6)","decl":{"start":{"line":73,"column":17},"end":{"line":73,"column":18}},"loc":{"start":{"line":73,"column":26},"end":{"line":73,"column":86}},"line":73},"7":{"name":"(anonymous_7)","decl":{"start":{"line":95,"column":15},"end":{"line":95,"column":16}},"loc":{"start":{"line":95,"column":21},"end":{"line":95,"column":23}},"line":95},"8":{"name":"(anonymous_8)","decl":{"start":{"line":96,"column":12},"end":{"line":96,"column":13}},"loc":{"start":{"line":96,"column":18},"end":{"line":96,"column":20}},"line":96}},"branchMap":{"0":{"loc":{"start":{"line":24,"column":2},"end":{"line":30,"column":3}},"type":"if","locations":[{"start":{"line":24,"column":2},"end":{"line":30,"column":3}},{"start":{"line":24,"column":2},"end":{"line":30,"column":3}}],"line":24},"1":{"loc":{"start":{"line":43,"column":33},"end":{"line":43,"column":85}},"type":"binary-expr","locations":[{"start":{"line":43,"column":33},"end":{"line":43,"column":61}},{"start":{"line":43,"column":65},"end":{"line":43,"column":85}}],"line":43},"2":{"loc":{"start":{"line":43,"column":34},"end":{"line":43,"column":49}},"type":"binary-expr","locations":[{"start":{"line":43,"column":34},"end":{"line":43,"column":43}},{"start":{"line":43,"column":47},"end":{"line":43,"column":49}}],"line":43},"3":{"loc":{"start":{"line":55,"column":9},"end":{"line":55,"column":35}},"type":"binary-expr","locations":[{"start":{"line":55,"column":9},"end":{"line":55,"column":29}},{"start":{"line":55,"column":33},"end":{"line":55,"column":35}}],"line":55},"4":{"loc":{"start":{"line":58,"column":12},"end":{"line":58,"column":27}},"type":"binary-expr","locations":[{"start":{"line":58,"column":12},"end":{"line":58,"column":21}},{"start":{"line":58,"column":25},"end":{"line":58,"column":27}}],"line":58},"5":{"loc":{"start":{"line":59,"column":29},"end":{"line":59,"column":52}},"type":"binary-expr","locations":[{"start":{"line":59,"column":29},"end":{"line":59,"column":46}},{"start":{"line":59,"column":50},"end":{"line":59,"column":52}}],"line":59},"6":{"loc":{"start":{"line":62,"column":38},"end":{"line":62,"column":64}},"type":"binary-expr","locations":[{"start":{"line":62,"column":38},"end":{"line":62,"column":47}},{"start":{"line":62,"column":51},"end":{"line":62,"column":64}}],"line":62},"7":{"loc":{"start":{"line":73,"column":48},"end":{"line":73,"column":66}},"type":"binary-expr","locations":[{"start":{"line":73,"column":48},"end":{"line":73,"column":60}},{"start":{"line":73,"column":64},"end":{"line":73,"column":66}}],"line":73}},"s":{"0":0,"1":0,"2":0,"3":0,"4":0,"5":0,"6":0,"7":0,"8":0,"9":0,"10":0,"11":0,"12":0,"13":0,"14":0,"15":0,"16":0,"17":0,"18":0,"19":0,"20":0,"21":0},"f":{"0":0,"1":0,"2":0,"3":0,"4":0,"5":0,"6":0,"7":0,"8":0},"b":{"0":[0,0],"1":[0,0],"2":[0,0],"3":[0,0],"4":[0,0],"5":[0,0],"6":[0,0],"7":[0,0]},"hash":"d1e6fac3627fd99f710892d20d73a55e9f87dc3d"}
,"/Users/pragalbha/Documents/GoComet/frontend-service/components/client/dispatch/create/Reference.jsx": {"path":"/Users/pragalbha/Documents/GoComet/frontend-service/components/client/dispatch/create/Reference.jsx","statementMap":{"0":{"start":{"line":10,"column":18},"end":{"line":10,"column":24}},"1":{"start":{"line":12,"column":24},"end":{"line":15,"column":1}},"2":{"start":{"line":17,"column":19},"end":{"line":19,"column":1}},"3":{"start":{"line":21,"column":18},"end":{"line":61,"column":1}},"4":{"start":{"line":24,"column":18},"end":{"line":27,"column":2}},"5":{"start":{"line":25,"column":2},"end":{"line":25,"column":72}},"6":{"start":{"line":26,"column":2},"end":{"line":26,"column":52}},"7":{"start":{"line":29,"column":22},"end":{"line":31,"column":2}},"8":{"start":{"line":30,"column":2},"end":{"line":30,"column":45}},"9":{"start":{"line":33,"column":17},"end":{"line":35,"column":2}},"10":{"start":{"line":37,"column":1},"end":{"line":60,"column":3}},"11":{"start":{"line":45,"column":26},"end":{"line":45,"column":49}},"12":{"start":{"line":54,"column":95},"end":{"line":54,"column":137}},"13":{"start":{"line":71,"column":0},"end":{"line":77,"column":2}}},"fnMap":{"0":{"name":"(anonymous_0)","decl":{"start":{"line":21,"column":18},"end":{"line":21,"column":19}},"loc":{"start":{"line":23,"column":6},"end":{"line":61,"column":1}},"line":23},"1":{"name":"(anonymous_1)","decl":{"start":{"line":24,"column":18},"end":{"line":24,"column":19}},"loc":{"start":{"line":24,"column":38},"end":{"line":27,"column":2}},"line":24},"2":{"name":"(anonymous_2)","decl":{"start":{"line":29,"column":22},"end":{"line":29,"column":23}},"loc":{"start":{"line":29,"column":48},"end":{"line":31,"column":2}},"line":29},"3":{"name":"(anonymous_3)","decl":{"start":{"line":45,"column":17},"end":{"line":45,"column":18}},"loc":{"start":{"line":45,"column":26},"end":{"line":45,"column":49}},"line":45},"4":{"name":"(anonymous_4)","decl":{"start":{"line":54,"column":80},"end":{"line":54,"column":81}},"loc":{"start":{"line":54,"column":95},"end":{"line":54,"column":137}},"line":54},"5":{"name":"(anonymous_5)","decl":{"start":{"line":75,"column":15},"end":{"line":75,"column":16}},"loc":{"start":{"line":75,"column":21},"end":{"line":75,"column":23}},"line":75},"6":{"name":"(anonymous_6)","decl":{"start":{"line":76,"column":12},"end":{"line":76,"column":13}},"loc":{"start":{"line":76,"column":18},"end":{"line":76,"column":20}},"line":76}},"branchMap":{"0":{"loc":{"start":{"line":25,"column":43},"end":{"line":25,"column":61}},"type":"binary-expr","locations":[{"start":{"line":25,"column":43},"end":{"line":25,"column":55}},{"start":{"line":25,"column":59},"end":{"line":25,"column":61}}],"line":25},"1":{"loc":{"start":{"line":26,"column":16},"end":{"line":26,"column":34}},"type":"binary-expr","locations":[{"start":{"line":26,"column":16},"end":{"line":26,"column":28}},{"start":{"line":26,"column":32},"end":{"line":26,"column":34}}],"line":26},"2":{"loc":{"start":{"line":38,"column":33},"end":{"line":38,"column":85}},"type":"binary-expr","locations":[{"start":{"line":38,"column":33},"end":{"line":38,"column":61}},{"start":{"line":38,"column":65},"end":{"line":38,"column":85}}],"line":38},"3":{"loc":{"start":{"line":38,"column":34},"end":{"line":38,"column":49}},"type":"binary-expr","locations":[{"start":{"line":38,"column":34},"end":{"line":38,"column":43}},{"start":{"line":38,"column":47},"end":{"line":38,"column":49}}],"line":38},"4":{"loc":{"start":{"line":51,"column":5},"end":{"line":57,"column":5}},"type":"binary-expr","locations":[{"start":{"line":51,"column":5},"end":{"line":51,"column":12}},{"start":{"line":52,"column":5},"end":{"line":56,"column":11}}],"line":51},"5":{"loc":{"start":{"line":54,"column":26},"end":{"line":54,"column":68}},"type":"cond-expr","locations":[{"start":{"line":54,"column":41},"end":{"line":54,"column":61}},{"start":{"line":54,"column":64},"end":{"line":54,"column":68}}],"line":54}},"s":{"0":0,"1":0,"2":0,"3":0,"4":0,"5":0,"6":0,"7":0,"8":0,"9":0,"10":0,"11":0,"12":0,"13":0},"f":{"0":0,"1":0,"2":0,"3":0,"4":0,"5":0,"6":0},"b":{"0":[0,0],"1":[0,0],"2":[0,0],"3":[0,0],"4":[0,0],"5":[0,0]},"hash":"1a23791ec905a7fec3c6db3666afbc6074904097"}
,"/Users/pragalbha/Documents/GoComet/frontend-service/components/client/dispatch/create/styles.jsx": {"path":"/Users/pragalbha/Documents/GoComet/frontend-service/components/client/dispatch/create/styles.jsx","statementMap":{"0":{"start":{"line":5,"column":25},"end":{"line":41,"column":1}},"1":{"start":{"line":43,"column":24},"end":{"line":56,"column":1}},"2":{"start":{"line":58,"column":21},"end":{"line":64,"column":1}},"3":{"start":{"line":66,"column":23},"end":{"line":114,"column":1}},"4":{"start":{"line":70,"column":21},"end":{"line":70,"column":68}},"5":{"start":{"line":116,"column":27},"end":{"line":124,"column":1}},"6":{"start":{"line":126,"column":26},"end":{"line":130,"column":1}},"7":{"start":{"line":132,"column":26},"end":{"line":135,"column":1}},"8":{"start":{"line":137,"column":28},"end":{"line":139,"column":1}},"9":{"start":{"line":141,"column":31},"end":{"line":150,"column":1}}},"fnMap":{"0":{"name":"(anonymous_0)","decl":{"start":{"line":70,"column":11},"end":{"line":70,"column":12}},"loc":{"start":{"line":70,"column":21},"end":{"line":70,"column":68}},"line":70}},"branchMap":{"0":{"loc":{"start":{"line":70,"column":21},"end":{"line":70,"column":68}},"type":"cond-expr","locations":[{"start":{"line":70,"column":35},"end":{"line":70,"column":59}},{"start":{"line":70,"column":62},"end":{"line":70,"column":68}}],"line":70}},"s":{"0":0,"1":0,"2":0,"3":0,"4":0,"5":0,"6":0,"7":0,"8":0,"9":0},"f":{"0":0},"b":{"0":[0,0]},"hash":"0852d198c3a5516dd4c549d3f556513a1b3fc36e"}
,"/Users/pragalbha/Documents/GoComet/frontend-service/components/client/dispatch/create/ContainerOrTruckDetails/index.jsx": {"path":"/Users/pragalbha/Documents/GoComet/frontend-service/components/client/dispatch/create/ContainerOrTruckDetails/index.jsx","statementMap":{"0":{"start":{"line":9,"column":18},"end":{"line":9,"column":23}},"1":{"start":{"line":11,"column":18},"end":{"line":11,"column":37}},"2":{"start":{"line":13,"column":23},"end":{"line":16,"column":1}},"3":{"start":{"line":18,"column":19},"end":{"line":21,"column":1}},"4":{"start":{"line":23,"column":32},"end":{"line":228,"column":1}},"5":{"start":{"line":33,"column":42},"end":{"line":33,"column":56}},"6":{"start":{"line":36,"column":18},"end":{"line":93,"column":2}},"7":{"start":{"line":37,"column":25},"end":{"line":39,"column":3}},"8":{"start":{"line":38,"column":16},"end":{"line":38,"column":55}},"9":{"start":{"line":41,"column":21},"end":{"line":41,"column":97}},"10":{"start":{"line":41,"column":61},"end":{"line":41,"column":96}},"11":{"start":{"line":43,"column":2},"end":{"line":68,"column":3}},"12":{"start":{"line":44,"column":25},"end":{"line":50,"column":4}},"13":{"start":{"line":51,"column":26},"end":{"line":51,"column":53}},"14":{"start":{"line":52,"column":32},"end":{"line":54,"column":4}},"15":{"start":{"line":53,"column":17},"end":{"line":53,"column":56}},"16":{"start":{"line":56,"column":3},"end":{"line":64,"column":4}},"17":{"start":{"line":57,"column":4},"end":{"line":61,"column":5}},"18":{"start":{"line":58,"column":5},"end":{"line":58,"column":52}},"19":{"start":{"line":60,"column":5},"end":{"line":60,"column":58}},"20":{"start":{"line":63,"column":4},"end":{"line":63,"column":39}},"21":{"start":{"line":66,"column":3},"end":{"line":66,"column":71}},"22":{"start":{"line":67,"column":3},"end":{"line":67,"column":46}},"23":{"start":{"line":70,"column":2},"end":{"line":92,"column":3}},"24":{"start":{"line":71,"column":25},"end":{"line":76,"column":4}},"25":{"start":{"line":77,"column":22},"end":{"line":77,"column":45}},"26":{"start":{"line":78,"column":28},"end":{"line":78,"column":94}},"27":{"start":{"line":78,"column":62},"end":{"line":78,"column":93}},"28":{"start":{"line":80,"column":3},"end":{"line":88,"column":4}},"29":{"start":{"line":81,"column":4},"end":{"line":85,"column":5}},"30":{"start":{"line":82,"column":5},"end":{"line":82,"column":44}},"31":{"start":{"line":84,"column":5},"end":{"line":84,"column":50}},"32":{"start":{"line":87,"column":4},"end":{"line":87,"column":35}},"33":{"start":{"line":90,"column":3},"end":{"line":90,"column":63}},"34":{"start":{"line":91,"column":3},"end":{"line":91,"column":38}},"35":{"start":{"line":95,"column":30},"end":{"line":95,"column":73}},"36":{"start":{"line":95,"column":39},"end":{"line":95,"column":73}},"37":{"start":{"line":95,"column":60},"end":{"line":95,"column":72}},"38":{"start":{"line":97,"column":23},"end":{"line":128,"column":2}},"39":{"start":{"line":98,"column":20},"end":{"line":98,"column":38}},"40":{"start":{"line":99,"column":25},"end":{"line":99,"column":52}},"41":{"start":{"line":100,"column":21},"end":{"line":100,"column":44}},"42":{"start":{"line":102,"column":31},"end":{"line":104,"column":3}},"43":{"start":{"line":103,"column":16},"end":{"line":103,"column":55}},"44":{"start":{"line":105,"column":27},"end":{"line":107,"column":3}},"45":{"start":{"line":106,"column":16},"end":{"line":106,"column":51}},"46":{"start":{"line":109,"column":2},"end":{"line":127,"column":3}},"47":{"start":{"line":110,"column":3},"end":{"line":113,"column":4}},"48":{"start":{"line":111,"column":24},"end":{"line":111,"column":44}},"49":{"start":{"line":112,"column":4},"end":{"line":112,"column":83}},"50":{"start":{"line":115,"column":3},"end":{"line":115,"column":67}},"51":{"start":{"line":116,"column":3},"end":{"line":116,"column":42}},"52":{"start":{"line":118,"column":3},"end":{"line":123,"column":4}},"53":{"start":{"line":119,"column":23},"end":{"line":119,"column":43}},"54":{"start":{"line":120,"column":4},"end":{"line":122,"column":6}},"55":{"start":{"line":125,"column":3},"end":{"line":125,"column":71}},"56":{"start":{"line":126,"column":3},"end":{"line":126,"column":46}},"57":{"start":{"line":130,"column":30},"end":{"line":133,"column":2}},"58":{"start":{"line":131,"column":31},"end":{"line":131,"column":46}},"59":{"start":{"line":132,"column":2},"end":{"line":132,"column":28}},"60":{"start":{"line":135,"column":27},"end":{"line":144,"column":2}},"61":{"start":{"line":136,"column":2},"end":{"line":139,"column":3}},"62":{"start":{"line":137,"column":24},"end":{"line":137,"column":86}},"63":{"start":{"line":137,"column":61},"end":{"line":137,"column":79}},"64":{"start":{"line":138,"column":3},"end":{"line":138,"column":32}},"65":{"start":{"line":142,"column":27},"end":{"line":142,"column":101}},"66":{"start":{"line":142,"column":72},"end":{"line":142,"column":94}},"67":{"start":{"line":143,"column":2},"end":{"line":143,"column":35}},"68":{"start":{"line":146,"column":26},"end":{"line":161,"column":2}},"69":{"start":{"line":147,"column":2},"end":{"line":153,"column":3}},"70":{"start":{"line":148,"column":24},"end":{"line":148,"column":90}},"71":{"start":{"line":148,"column":65},"end":{"line":148,"column":83}},"72":{"start":{"line":149,"column":17},"end":{"line":151,"column":8}},"73":{"start":{"line":152,"column":3},"end":{"line":152,"column":16}},"74":{"start":{"line":156,"column":27},"end":{"line":156,"column":101}},"75":{"start":{"line":156,"column":72},"end":{"line":156,"column":94}},"76":{"start":{"line":157,"column":16},"end":{"line":159,"column":7}},"77":{"start":{"line":160,"column":2},"end":{"line":160,"column":15}},"78":{"start":{"line":163,"column":1},"end":{"line":227,"column":3}},"79":{"start":{"line":172,"column":9},"end":{"line":194,"column":15}},"80":{"start":{"line":180,"column":32},"end":{"line":180,"column":63}},"81":{"start":{"line":190,"column":31},"end":{"line":190,"column":67}},"82":{"start":{"line":206,"column":9},"end":{"line":219,"column":15}},"83":{"start":{"line":214,"column":32},"end":{"line":214,"column":59}},"84":{"start":{"line":240,"column":0},"end":{"line":248,"column":2}}},"fnMap":{"0":{"name":"(anonymous_0)","decl":{"start":{"line":23,"column":32},"end":{"line":23,"column":33}},"loc":{"start":{"line":32,"column":6},"end":{"line":228,"column":1}},"line":32},"1":{"name":"(anonymous_1)","decl":{"start":{"line":36,"column":18},"end":{"line":36,"column":19}},"loc":{"start":{"line":36,"column":41},"end":{"line":93,"column":2}},"line":36},"2":{"name":"(anonymous_2)","decl":{"start":{"line":38,"column":3},"end":{"line":38,"column":4}},"loc":{"start":{"line":38,"column":16},"end":{"line":38,"column":55}},"line":38},"3":{"name":"(anonymous_3)","decl":{"start":{"line":41,"column":48},"end":{"line":41,"column":49}},"loc":{"start":{"line":41,"column":61},"end":{"line":41,"column":96}},"line":41},"4":{"name":"(anonymous_4)","decl":{"start":{"line":53,"column":4},"end":{"line":53,"column":5}},"loc":{"start":{"line":53,"column":17},"end":{"line":53,"column":56}},"line":53},"5":{"name":"(anonymous_5)","decl":{"start":{"line":78,"column":53},"end":{"line":78,"column":54}},"loc":{"start":{"line":78,"column":62},"end":{"line":78,"column":93}},"line":78},"6":{"name":"(anonymous_6)","decl":{"start":{"line":95,"column":30},"end":{"line":95,"column":31}},"loc":{"start":{"line":95,"column":39},"end":{"line":95,"column":73}},"line":95},"7":{"name":"(anonymous_7)","decl":{"start":{"line":95,"column":52},"end":{"line":95,"column":53}},"loc":{"start":{"line":95,"column":60},"end":{"line":95,"column":72}},"line":95},"8":{"name":"(anonymous_8)","decl":{"start":{"line":97,"column":23},"end":{"line":97,"column":24}},"loc":{"start":{"line":97,"column":46},"end":{"line":128,"column":2}},"line":97},"9":{"name":"(anonymous_9)","decl":{"start":{"line":103,"column":3},"end":{"line":103,"column":4}},"loc":{"start":{"line":103,"column":16},"end":{"line":103,"column":55}},"line":103},"10":{"name":"(anonymous_10)","decl":{"start":{"line":106,"column":3},"end":{"line":106,"column":4}},"loc":{"start":{"line":106,"column":16},"end":{"line":106,"column":51}},"line":106},"11":{"name":"(anonymous_11)","decl":{"start":{"line":130,"column":30},"end":{"line":130,"column":31}},"loc":{"start":{"line":130,"column":36},"end":{"line":133,"column":2}},"line":130},"12":{"name":"(anonymous_12)","decl":{"start":{"line":135,"column":27},"end":{"line":135,"column":28}},"loc":{"start":{"line":135,"column":35},"end":{"line":144,"column":2}},"line":135},"13":{"name":"(anonymous_13)","decl":{"start":{"line":137,"column":36},"end":{"line":137,"column":37}},"loc":{"start":{"line":137,"column":61},"end":{"line":137,"column":79}},"line":137},"14":{"name":"(anonymous_14)","decl":{"start":{"line":142,"column":43},"end":{"line":142,"column":44}},"loc":{"start":{"line":142,"column":72},"end":{"line":142,"column":94}},"line":142},"15":{"name":"(anonymous_15)","decl":{"start":{"line":146,"column":26},"end":{"line":146,"column":27}},"loc":{"start":{"line":146,"column":34},"end":{"line":161,"column":2}},"line":146},"16":{"name":"(anonymous_16)","decl":{"start":{"line":148,"column":40},"end":{"line":148,"column":41}},"loc":{"start":{"line":148,"column":65},"end":{"line":148,"column":83}},"line":148},"17":{"name":"(anonymous_17)","decl":{"start":{"line":156,"column":43},"end":{"line":156,"column":44}},"loc":{"start":{"line":156,"column":72},"end":{"line":156,"column":94}},"line":156},"18":{"name":"(anonymous_18)","decl":{"start":{"line":171,"column":41},"end":{"line":171,"column":42}},"loc":{"start":{"line":172,"column":9},"end":{"line":194,"column":15}},"line":172},"19":{"name":"(anonymous_19)","decl":{"start":{"line":180,"column":23},"end":{"line":180,"column":24}},"loc":{"start":{"line":180,"column":32},"end":{"line":180,"column":63}},"line":180},"20":{"name":"(anonymous_20)","decl":{"start":{"line":190,"column":22},"end":{"line":190,"column":23}},"loc":{"start":{"line":190,"column":31},"end":{"line":190,"column":67}},"line":190},"21":{"name":"(anonymous_21)","decl":{"start":{"line":205,"column":37},"end":{"line":205,"column":38}},"loc":{"start":{"line":206,"column":9},"end":{"line":219,"column":15}},"line":206},"22":{"name":"(anonymous_22)","decl":{"start":{"line":214,"column":23},"end":{"line":214,"column":24}},"loc":{"start":{"line":214,"column":32},"end":{"line":214,"column":59}},"line":214},"23":{"name":"(anonymous_23)","decl":{"start":{"line":246,"column":15},"end":{"line":246,"column":16}},"loc":{"start":{"line":246,"column":21},"end":{"line":246,"column":23}},"line":246},"24":{"name":"(anonymous_24)","decl":{"start":{"line":247,"column":12},"end":{"line":247,"column":13}},"loc":{"start":{"line":247,"column":18},"end":{"line":247,"column":20}},"line":247}},"branchMap":{"0":{"loc":{"start":{"line":33,"column":9},"end":{"line":33,"column":24}},"type":"default-arg","locations":[{"start":{"line":33,"column":22},"end":{"line":33,"column":24}}],"line":33},"1":{"loc":{"start":{"line":33,"column":26},"end":{"line":33,"column":37}},"type":"default-arg","locations":[{"start":{"line":33,"column":35},"end":{"line":33,"column":37}}],"line":33},"2":{"loc":{"start":{"line":33,"column":42},"end":{"line":33,"column":56}},"type":"binary-expr","locations":[{"start":{"line":33,"column":42},"end":{"line":33,"column":50}},{"start":{"line":33,"column":54},"end":{"line":33,"column":56}}],"line":33},"3":{"loc":{"start":{"line":43,"column":2},"end":{"line":68,"column":3}},"type":"if","locations":[{"start":{"line":43,"column":2},"end":{"line":68,"column":3}},{"start":{"line":43,"column":2},"end":{"line":68,"column":3}}],"line":43},"4":{"loc":{"start":{"line":43,"column":6},"end":{"line":43,"column":47}},"type":"binary-expr","locations":[{"start":{"line":43,"column":6},"end":{"line":43,"column":24}},{"start":{"line":43,"column":28},"end":{"line":43,"column":47}}],"line":43},"5":{"loc":{"start":{"line":45,"column":8},"end":{"line":45,"column":49}},"type":"binary-expr","locations":[{"start":{"line":45,"column":8},"end":{"line":45,"column":43}},{"start":{"line":45,"column":47},"end":{"line":45,"column":49}}],"line":45},"6":{"loc":{"start":{"line":51,"column":36},"end":{"line":51,"column":52}},"type":"binary-expr","locations":[{"start":{"line":51,"column":36},"end":{"line":51,"column":46}},{"start":{"line":51,"column":50},"end":{"line":51,"column":52}}],"line":51},"7":{"loc":{"start":{"line":52,"column":33},"end":{"line":52,"column":49}},"type":"binary-expr","locations":[{"start":{"line":52,"column":33},"end":{"line":52,"column":43}},{"start":{"line":52,"column":47},"end":{"line":52,"column":49}}],"line":52},"8":{"loc":{"start":{"line":56,"column":3},"end":{"line":64,"column":4}},"type":"if","locations":[{"start":{"line":56,"column":3},"end":{"line":64,"column":4}},{"start":{"line":56,"column":3},"end":{"line":64,"column":4}}],"line":56},"9":{"loc":{"start":{"line":56,"column":7},"end":{"line":56,"column":65}},"type":"binary-expr","locations":[{"start":{"line":56,"column":7},"end":{"line":56,"column":36}},{"start":{"line":56,"column":40},"end":{"line":56,"column":65}}],"line":56},"10":{"loc":{"start":{"line":56,"column":8},"end":{"line":56,"column":24}},"type":"binary-expr","locations":[{"start":{"line":56,"column":8},"end":{"line":56,"column":18}},{"start":{"line":56,"column":22},"end":{"line":56,"column":24}}],"line":56},"11":{"loc":{"start":{"line":57,"column":4},"end":{"line":61,"column":5}},"type":"if","locations":[{"start":{"line":57,"column":4},"end":{"line":61,"column":5}},{"start":{"line":57,"column":4},"end":{"line":61,"column":5}}],"line":57},"12":{"loc":{"start":{"line":70,"column":2},"end":{"line":92,"column":3}},"type":"if","locations":[{"start":{"line":70,"column":2},"end":{"line":92,"column":3}},{"start":{"line":70,"column":2},"end":{"line":92,"column":3}}],"line":70},"13":{"loc":{"start":{"line":70,"column":6},"end":{"line":70,"column":42}},"type":"binary-expr","locations":[{"start":{"line":70,"column":6},"end":{"line":70,"column":23}},{"start":{"line":70,"column":27},"end":{"line":70,"column":42}}],"line":70},"14":{"loc":{"start":{"line":72,"column":8},"end":{"line":72,"column":41}},"type":"binary-expr","locations":[{"start":{"line":72,"column":8},"end":{"line":72,"column":35}},{"start":{"line":72,"column":39},"end":{"line":72,"column":41}}],"line":72},"15":{"loc":{"start":{"line":77,"column":32},"end":{"line":77,"column":44}},"type":"binary-expr","locations":[{"start":{"line":77,"column":32},"end":{"line":77,"column":38}},{"start":{"line":77,"column":42},"end":{"line":77,"column":44}}],"line":77},"16":{"loc":{"start":{"line":78,"column":29},"end":{"line":78,"column":41}},"type":"binary-expr","locations":[{"start":{"line":78,"column":29},"end":{"line":78,"column":35}},{"start":{"line":78,"column":39},"end":{"line":78,"column":41}}],"line":78},"17":{"loc":{"start":{"line":80,"column":3},"end":{"line":88,"column":4}},"type":"if","locations":[{"start":{"line":80,"column":3},"end":{"line":88,"column":4}},{"start":{"line":80,"column":3},"end":{"line":88,"column":4}}],"line":80},"18":{"loc":{"start":{"line":80,"column":7},"end":{"line":80,"column":57}},"type":"binary-expr","locations":[{"start":{"line":80,"column":7},"end":{"line":80,"column":32}},{"start":{"line":80,"column":36},"end":{"line":80,"column":57}}],"line":80},"19":{"loc":{"start":{"line":80,"column":8},"end":{"line":80,"column":20}},"type":"binary-expr","locations":[{"start":{"line":80,"column":8},"end":{"line":80,"column":14}},{"start":{"line":80,"column":18},"end":{"line":80,"column":20}}],"line":80},"20":{"loc":{"start":{"line":81,"column":4},"end":{"line":85,"column":5}},"type":"if","locations":[{"start":{"line":81,"column":4},"end":{"line":85,"column":5}},{"start":{"line":81,"column":4},"end":{"line":85,"column":5}}],"line":81},"21":{"loc":{"start":{"line":98,"column":20},"end":{"line":98,"column":38}},"type":"binary-expr","locations":[{"start":{"line":98,"column":20},"end":{"line":98,"column":32}},{"start":{"line":98,"column":36},"end":{"line":98,"column":38}}],"line":98},"22":{"loc":{"start":{"line":99,"column":35},"end":{"line":99,"column":51}},"type":"binary-expr","locations":[{"start":{"line":99,"column":35},"end":{"line":99,"column":45}},{"start":{"line":99,"column":49},"end":{"line":99,"column":51}}],"line":99},"23":{"loc":{"start":{"line":100,"column":31},"end":{"line":100,"column":43}},"type":"binary-expr","locations":[{"start":{"line":100,"column":31},"end":{"line":100,"column":37}},{"start":{"line":100,"column":41},"end":{"line":100,"column":43}}],"line":100},"24":{"loc":{"start":{"line":102,"column":32},"end":{"line":102,"column":48}},"type":"binary-expr","locations":[{"start":{"line":102,"column":32},"end":{"line":102,"column":42}},{"start":{"line":102,"column":46},"end":{"line":102,"column":48}}],"line":102},"25":{"loc":{"start":{"line":105,"column":28},"end":{"line":105,"column":40}},"type":"binary-expr","locations":[{"start":{"line":105,"column":28},"end":{"line":105,"column":34}},{"start":{"line":105,"column":38},"end":{"line":105,"column":40}}],"line":105},"26":{"loc":{"start":{"line":109,"column":2},"end":{"line":127,"column":3}},"type":"if","locations":[{"start":{"line":109,"column":2},"end":{"line":127,"column":3}},{"start":{"line":109,"column":2},"end":{"line":127,"column":3}}],"line":109},"27":{"loc":{"start":{"line":110,"column":3},"end":{"line":113,"column":4}},"type":"if","locations":[{"start":{"line":110,"column":3},"end":{"line":113,"column":4}},{"start":{"line":110,"column":3},"end":{"line":113,"column":4}}],"line":110},"28":{"loc":{"start":{"line":110,"column":7},"end":{"line":110,"column":57}},"type":"binary-expr","locations":[{"start":{"line":110,"column":7},"end":{"line":110,"column":32}},{"start":{"line":110,"column":36},"end":{"line":110,"column":57}}],"line":110},"29":{"loc":{"start":{"line":110,"column":8},"end":{"line":110,"column":20}},"type":"binary-expr","locations":[{"start":{"line":110,"column":8},"end":{"line":110,"column":14}},{"start":{"line":110,"column":18},"end":{"line":110,"column":20}}],"line":110},"30":{"loc":{"start":{"line":118,"column":3},"end":{"line":123,"column":4}},"type":"if","locations":[{"start":{"line":118,"column":3},"end":{"line":123,"column":4}},{"start":{"line":118,"column":3},"end":{"line":123,"column":4}}],"line":118},"31":{"loc":{"start":{"line":118,"column":7},"end":{"line":118,"column":65}},"type":"binary-expr","locations":[{"start":{"line":118,"column":7},"end":{"line":118,"column":36}},{"start":{"line":118,"column":40},"end":{"line":118,"column":65}}],"line":118},"32":{"loc":{"start":{"line":118,"column":8},"end":{"line":118,"column":24}},"type":"binary-expr","locations":[{"start":{"line":118,"column":8},"end":{"line":118,"column":18}},{"start":{"line":118,"column":22},"end":{"line":118,"column":24}}],"line":118},"33":{"loc":{"start":{"line":131,"column":31},"end":{"line":131,"column":46}},"type":"binary-expr","locations":[{"start":{"line":131,"column":31},"end":{"line":131,"column":40}},{"start":{"line":131,"column":44},"end":{"line":131,"column":46}}],"line":131},"34":{"loc":{"start":{"line":132,"column":9},"end":{"line":132,"column":27}},"type":"binary-expr","locations":[{"start":{"line":132,"column":9},"end":{"line":132,"column":18}},{"start":{"line":132,"column":22},"end":{"line":132,"column":27}}],"line":132},"35":{"loc":{"start":{"line":136,"column":2},"end":{"line":139,"column":3}},"type":"if","locations":[{"start":{"line":136,"column":2},"end":{"line":139,"column":3}},{"start":{"line":136,"column":2},"end":{"line":139,"column":3}}],"line":136},"36":{"loc":{"start":{"line":137,"column":24},"end":{"line":137,"column":86}},"type":"binary-expr","locations":[{"start":{"line":137,"column":24},"end":{"line":137,"column":80}},{"start":{"line":137,"column":84},"end":{"line":137,"column":86}}],"line":137},"37":{"loc":{"start":{"line":142,"column":27},"end":{"line":142,"column":101}},"type":"binary-expr","locations":[{"start":{"line":142,"column":27},"end":{"line":142,"column":95}},{"start":{"line":142,"column":99},"end":{"line":142,"column":101}}],"line":142},"38":{"loc":{"start":{"line":147,"column":2},"end":{"line":153,"column":3}},"type":"if","locations":[{"start":{"line":147,"column":2},"end":{"line":153,"column":3}},{"start":{"line":147,"column":2},"end":{"line":153,"column":3}}],"line":147},"39":{"loc":{"start":{"line":148,"column":24},"end":{"line":148,"column":90}},"type":"binary-expr","locations":[{"start":{"line":148,"column":24},"end":{"line":148,"column":84}},{"start":{"line":148,"column":88},"end":{"line":148,"column":90}}],"line":148},"40":{"loc":{"start":{"line":149,"column":17},"end":{"line":151,"column":8}},"type":"cond-expr","locations":[{"start":{"line":150,"column":6},"end":{"line":150,"column":64}},{"start":{"line":151,"column":6},"end":{"line":151,"column":8}}],"line":149},"41":{"loc":{"start":{"line":156,"column":27},"end":{"line":156,"column":101}},"type":"binary-expr","locations":[{"start":{"line":156,"column":27},"end":{"line":156,"column":95}},{"start":{"line":156,"column":99},"end":{"line":156,"column":101}}],"line":156},"42":{"loc":{"start":{"line":157,"column":16},"end":{"line":159,"column":7}},"type":"cond-expr","locations":[{"start":{"line":158,"column":5},"end":{"line":158,"column":71}},{"start":{"line":159,"column":5},"end":{"line":159,"column":7}}],"line":157},"43":{"loc":{"start":{"line":166,"column":12},"end":{"line":166,"column":53}},"type":"cond-expr","locations":[{"start":{"line":166,"column":32},"end":{"line":166,"column":39}},{"start":{"line":166,"column":42},"end":{"line":166,"column":53}}],"line":166},"44":{"loc":{"start":{"line":167,"column":5},"end":{"line":199,"column":5}},"type":"binary-expr","locations":[{"start":{"line":167,"column":5},"end":{"line":167,"column":19}},{"start":{"line":168,"column":5},"end":{"line":198,"column":11}}],"line":167},"45":{"loc":{"start":{"line":171,"column":10},"end":{"line":171,"column":35}},"type":"binary-expr","locations":[{"start":{"line":171,"column":10},"end":{"line":171,"column":29}},{"start":{"line":171,"column":33},"end":{"line":171,"column":35}}],"line":171},"46":{"loc":{"start":{"line":201,"column":5},"end":{"line":224,"column":5}},"type":"binary-expr","locations":[{"start":{"line":201,"column":5},"end":{"line":201,"column":22}},{"start":{"line":202,"column":5},"end":{"line":223,"column":11}}],"line":201},"47":{"loc":{"start":{"line":205,"column":10},"end":{"line":205,"column":31}},"type":"binary-expr","locations":[{"start":{"line":205,"column":10},"end":{"line":205,"column":25}},{"start":{"line":205,"column":29},"end":{"line":205,"column":31}}],"line":205}},"s":{"0":0,"1":0,"2":0,"3":0,"4":0,"5":0,"6":0,"7":0,"8":0,"9":0,"10":0,"11":0,"12":0,"13":0,"14":0,"15":0,"16":0,"17":0,"18":0,"19":0,"20":0,"21":0,"22":0,"23":0,"24":0,"25":0,"26":0,"27":0,"28":0,"29":0,"30":0,"31":0,"32":0,"33":0,"34":0,"35":0,"36":0,"37":0,"38":0,"39":0,"40":0,"41":0,"42":0,"43":0,"44":0,"45":0,"46":0,"47":0,"48":0,"49":0,"50":0,"51":0,"52":0,"53":0,"54":0,"55":0,"56":0,"57":0,"58":0,"59":0,"60":0,"61":0,"62":0,"63":0,"64":0,"65":0,"66":0,"67":0,"68":0,"69":0,"70":0,"71":0,"72":0,"73":0,"74":0,"75":0,"76":0,"77":0,"78":0,"79":0,"80":0,"81":0,"82":0,"83":0,"84":0},"f":{"0":0,"1":0,"2":0,"3":0,"4":0,"5":0,"6":0,"7":0,"8":0,"9":0,"10":0,"11":0,"12":0,"13":0,"14":0,"15":0,"16":0,"17":0,"18":0,"19":0,"20":0,"21":0,"22":0,"23":0,"24":0},"b":{"0":[0],"1":[0],"2":[0,0],"3":[0,0],"4":[0,0],"5":[0,0],"6":[0,0],"7":[0,0],"8":[0,0],"9":[0,0],"10":[0,0],"11":[0,0],"12":[0,0],"13":[0,0],"14":[0,0],"15":[0,0],"16":[0,0],"17":[0,0],"18":[0,0],"19":[0,0],"20":[0,0],"21":[0,0],"22":[0,0],"23":[0,0],"24":[0,0],"25":[0,0],"26":[0,0],"27":[0,0],"28":[0,0],"29":[0,0],"30":[0,0],"31":[0,0],"32":[0,0],"33":[0,0],"34":[0,0],"35":[0,0],"36":[0,0],"37":[0,0],"38":[0,0],"39":[0,0],"40":[0,0],"41":[0,0],"42":[0,0],"43":[0,0],"44":[0,0],"45":[0,0],"46":[0,0],"47":[0,0]},"hash":"9773fa529d9d9a7fcc3b160e23f19f1f08894fdd"}
,"/Users/pragalbha/Documents/GoComet/frontend-service/components/client/dispatch/create/ContainerOrTruckDetails/styles.jsx": {"path":"/Users/pragalbha/Documents/GoComet/frontend-service/components/client/dispatch/create/ContainerOrTruckDetails/styles.jsx","statementMap":{"0":{"start":{"line":3,"column":29},"end":{"line":17,"column":1}}},"fnMap":{},"branchMap":{},"s":{"0":0},"f":{},"b":{},"hash":"88b2afb2d5a33d6c31e5404b0b1a3cda28946cf3"}
,"/Users/pragalbha/Documents/GoComet/frontend-service/components/client/dispatch/create/SideBar/index.jsx": {"path":"/Users/pragalbha/Documents/GoComet/frontend-service/components/client/dispatch/create/SideBar/index.jsx","statementMap":{"0":{"start":{"line":12,"column":16},"end":{"line":170,"column":1}},"1":{"start":{"line":22,"column":30},"end":{"line":22,"column":50}},"2":{"start":{"line":23,"column":76},"end":{"line":23,"column":97}},"3":{"start":{"line":25,"column":18},"end":{"line":88,"column":2}},"4":{"start":{"line":26,"column":23},"end":{"line":26,"column":25}},"5":{"start":{"line":27,"column":2},"end":{"line":86,"column":4}},"6":{"start":{"line":87,"column":2},"end":{"line":87,"column":24}},"7":{"start":{"line":90,"column":21},"end":{"line":102,"column":2}},"8":{"start":{"line":91,"column":14},"end":{"line":91,"column":71}},"9":{"start":{"line":91,"column":44},"end":{"line":91,"column":70}},"10":{"start":{"line":92,"column":13},"end":{"line":92,"column":41}},"11":{"start":{"line":93,"column":2},"end":{"line":101,"column":3}},"12":{"start":{"line":94,"column":19},"end":{"line":94,"column":46}},"13":{"start":{"line":95,"column":3},"end":{"line":95,"column":25}},"14":{"start":{"line":96,"column":3},"end":{"line":98,"column":4}},"15":{"start":{"line":97,"column":4},"end":{"line":97,"column":86}},"16":{"start":{"line":100,"column":3},"end":{"line":100,"column":31}},"17":{"start":{"line":104,"column":32},"end":{"line":119,"column":2}},"18":{"start":{"line":105,"column":15},"end":{"line":116,"column":4}},"19":{"start":{"line":106,"column":3},"end":{"line":115,"column":4}},"20":{"start":{"line":107,"column":4},"end":{"line":114,"column":6}},"21":{"start":{"line":118,"column":2},"end":{"line":118,"column":44}},"22":{"start":{"line":121,"column":1},"end":{"line":169,"column":3}},"23":{"start":{"line":135,"column":9},"end":{"line":135,"column":23}},"24":{"start":{"line":136,"column":5},"end":{"line":165,"column":6}},"25":{"start":{"line":137,"column":23},"end":{"line":144,"column":7}},"26":{"start":{"line":145,"column":19},"end":{"line":145,"column":72}},"27":{"start":{"line":147,"column":6},"end":{"line":164,"column":8}},"28":{"start":{"line":172,"column":24},"end":{"line":182,"column":1}},"29":{"start":{"line":173,"column":73},"end":{"line":173,"column":87}},"30":{"start":{"line":174,"column":28},"end":{"line":174,"column":39}},"31":{"start":{"line":176,"column":1},"end":{"line":181,"column":3}},"32":{"start":{"line":195,"column":0},"end":{"line":204,"column":2}}},"fnMap":{"0":{"name":"(anonymous_0)","decl":{"start":{"line":12,"column":16},"end":{"line":12,"column":17}},"loc":{"start":{"line":21,"column":6},"end":{"line":170,"column":1}},"line":21},"1":{"name":"(anonymous_1)","decl":{"start":{"line":25,"column":18},"end":{"line":25,"column":19}},"loc":{"start":{"line":25,"column":24},"end":{"line":88,"column":2}},"line":25},"2":{"name":"(anonymous_2)","decl":{"start":{"line":90,"column":21},"end":{"line":90,"column":22}},"loc":{"start":{"line":90,"column":30},"end":{"line":102,"column":2}},"line":90},"3":{"name":"(anonymous_3)","decl":{"start":{"line":91,"column":32},"end":{"line":91,"column":33}},"loc":{"start":{"line":91,"column":44},"end":{"line":91,"column":70}},"line":91},"4":{"name":"(anonymous_4)","decl":{"start":{"line":104,"column":32},"end":{"line":104,"column":33}},"loc":{"start":{"line":104,"column":38},"end":{"line":119,"column":2}},"line":104},"5":{"name":"(anonymous_5)","decl":{"start":{"line":105,"column":30},"end":{"line":105,"column":31}},"loc":{"start":{"line":105,"column":38},"end":{"line":116,"column":3}},"line":105},"6":{"name":"(anonymous_6)","decl":{"start":{"line":132,"column":20},"end":{"line":132,"column":21}},"loc":{"start":{"line":132,"column":32},"end":{"line":166,"column":5}},"line":132},"7":{"name":"(anonymous_7)","decl":{"start":{"line":172,"column":24},"end":{"line":172,"column":25}},"loc":{"start":{"line":172,"column":33},"end":{"line":182,"column":1}},"line":172},"8":{"name":"(anonymous_8)","decl":{"start":{"line":202,"column":20},"end":{"line":202,"column":21}},"loc":{"start":{"line":202,"column":26},"end":{"line":202,"column":28}},"line":202},"9":{"name":"(anonymous_9)","decl":{"start":{"line":203,"column":20},"end":{"line":203,"column":21}},"loc":{"start":{"line":203,"column":26},"end":{"line":203,"column":28}},"line":203}},"branchMap":{"0":{"loc":{"start":{"line":22,"column":30},"end":{"line":22,"column":50}},"type":"binary-expr","locations":[{"start":{"line":22,"column":30},"end":{"line":22,"column":44}},{"start":{"line":22,"column":48},"end":{"line":22,"column":50}}],"line":22},"1":{"loc":{"start":{"line":23,"column":76},"end":{"line":23,"column":97}},"type":"binary-expr","locations":[{"start":{"line":23,"column":76},"end":{"line":23,"column":91}},{"start":{"line":23,"column":95},"end":{"line":23,"column":97}}],"line":23},"2":{"loc":{"start":{"line":40,"column":12},"end":{"line":40,"column":29}},"type":"binary-expr","locations":[{"start":{"line":40,"column":12},"end":{"line":40,"column":19}},{"start":{"line":40,"column":23},"end":{"line":40,"column":29}}],"line":40},"3":{"loc":{"start":{"line":47,"column":12},"end":{"line":47,"column":58}},"type":"binary-expr","locations":[{"start":{"line":47,"column":12},"end":{"line":47,"column":48}},{"start":{"line":47,"column":52},"end":{"line":47,"column":58}}],"line":47},"4":{"loc":{"start":{"line":47,"column":13},"end":{"line":47,"column":23}},"type":"binary-expr","locations":[{"start":{"line":47,"column":13},"end":{"line":47,"column":17}},{"start":{"line":47,"column":21},"end":{"line":47,"column":23}}],"line":47},"5":{"loc":{"start":{"line":54,"column":12},"end":{"line":54,"column":58}},"type":"binary-expr","locations":[{"start":{"line":54,"column":12},"end":{"line":54,"column":48}},{"start":{"line":54,"column":52},"end":{"line":54,"column":58}}],"line":54},"6":{"loc":{"start":{"line":54,"column":13},"end":{"line":54,"column":23}},"type":"binary-expr","locations":[{"start":{"line":54,"column":13},"end":{"line":54,"column":17}},{"start":{"line":54,"column":21},"end":{"line":54,"column":23}}],"line":54},"7":{"loc":{"start":{"line":59,"column":14},"end":{"line":59,"column":46}},"type":"binary-expr","locations":[{"start":{"line":59,"column":14},"end":{"line":59,"column":28}},{"start":{"line":59,"column":32},"end":{"line":59,"column":46}}],"line":59},"8":{"loc":{"start":{"line":74,"column":14},"end":{"line":74,"column":74}},"type":"binary-expr","locations":[{"start":{"line":74,"column":14},"end":{"line":74,"column":41}},{"start":{"line":74,"column":45},"end":{"line":74,"column":74}}],"line":74},"9":{"loc":{"start":{"line":81,"column":5},"end":{"line":82,"column":89}},"type":"binary-expr","locations":[{"start":{"line":81,"column":5},"end":{"line":81,"column":12}},{"start":{"line":82,"column":8},"end":{"line":82,"column":89}}],"line":81},"10":{"loc":{"start":{"line":82,"column":10},"end":{"line":82,"column":65}},"type":"binary-expr","locations":[{"start":{"line":82,"column":10},"end":{"line":82,"column":59}},{"start":{"line":82,"column":63},"end":{"line":82,"column":65}}],"line":82},"11":{"loc":{"start":{"line":82,"column":11},"end":{"line":82,"column":35}},"type":"binary-expr","locations":[{"start":{"line":82,"column":11},"end":{"line":82,"column":29}},{"start":{"line":82,"column":33},"end":{"line":82,"column":35}}],"line":82},"12":{"loc":{"start":{"line":84,"column":12},"end":{"line":84,"column":40}},"type":"binary-expr","locations":[{"start":{"line":84,"column":12},"end":{"line":84,"column":19}},{"start":{"line":84,"column":23},"end":{"line":84,"column":40}}],"line":84},"13":{"loc":{"start":{"line":92,"column":14},"end":{"line":92,"column":34}},"type":"binary-expr","locations":[{"start":{"line":92,"column":14},"end":{"line":92,"column":28}},{"start":{"line":92,"column":32},"end":{"line":92,"column":34}}],"line":92},"14":{"loc":{"start":{"line":92,"column":15},"end":{"line":92,"column":24}},"type":"binary-expr","locations":[{"start":{"line":92,"column":15},"end":{"line":92,"column":18}},{"start":{"line":92,"column":22},"end":{"line":92,"column":24}}],"line":92},"15":{"loc":{"start":{"line":96,"column":3},"end":{"line":98,"column":4}},"type":"if","locations":[{"start":{"line":96,"column":3},"end":{"line":98,"column":4}},{"start":{"line":96,"column":3},"end":{"line":98,"column":4}}],"line":96},"16":{"loc":{"start":{"line":106,"column":3},"end":{"line":115,"column":4}},"type":"if","locations":[{"start":{"line":106,"column":3},"end":{"line":115,"column":4}},{"start":{"line":106,"column":3},"end":{"line":115,"column":4}}],"line":106},"17":{"loc":{"start":{"line":135,"column":9},"end":{"line":135,"column":23}},"type":"binary-expr","locations":[{"start":{"line":135,"column":9},"end":{"line":135,"column":17}},{"start":{"line":135,"column":21},"end":{"line":135,"column":23}}],"line":135},"18":{"loc":{"start":{"line":136,"column":5},"end":{"line":165,"column":6}},"type":"if","locations":[{"start":{"line":136,"column":5},"end":{"line":165,"column":6}},{"start":{"line":136,"column":5},"end":{"line":165,"column":6}}],"line":136},"19":{"loc":{"start":{"line":149,"column":9},"end":{"line":159,"column":9}},"type":"cond-expr","locations":[{"start":{"line":150,"column":9},"end":{"line":156,"column":11}},{"start":{"line":158,"column":9},"end":{"line":158,"column":13}}],"line":149},"20":{"loc":{"start":{"line":161,"column":31},"end":{"line":161,"column":55}},"type":"binary-expr","locations":[{"start":{"line":161,"column":31},"end":{"line":161,"column":39}},{"start":{"line":161,"column":43},"end":{"line":161,"column":55}}],"line":161}},"s":{"0":0,"1":0,"2":0,"3":0,"4":0,"5":0,"6":0,"7":0,"8":0,"9":0,"10":0,"11":0,"12":0,"13":0,"14":0,"15":0,"16":0,"17":0,"18":0,"19":0,"20":0,"21":0,"22":0,"23":0,"24":0,"25":0,"26":0,"27":0,"28":0,"29":0,"30":0,"31":0,"32":0},"f":{"0":0,"1":0,"2":0,"3":0,"4":0,"5":0,"6":0,"7":0,"8":0,"9":0},"b":{"0":[0,0],"1":[0,0],"2":[0,0],"3":[0,0],"4":[0,0],"5":[0,0],"6":[0,0],"7":[0,0],"8":[0,0],"9":[0,0],"10":[0,0],"11":[0,0],"12":[0,0],"13":[0,0],"14":[0,0],"15":[0,0],"16":[0,0],"17":[0,0],"18":[0,0],"19":[0,0],"20":[0,0]},"hash":"b983de66711d35524d332068ac54a60c86bcaeff"}
,"/Users/pragalbha/Documents/GoComet/frontend-service/components/client/dispatch/create/SideBar/styles.jsx": {"path":"/Users/pragalbha/Documents/GoComet/frontend-service/components/client/dispatch/create/SideBar/styles.jsx","statementMap":{"0":{"start":{"line":4,"column":20},"end":{"line":6,"column":1}},"1":{"start":{"line":8,"column":27},"end":{"line":10,"column":1}},"2":{"start":{"line":12,"column":25},"end":{"line":44,"column":1}},"3":{"start":{"line":46,"column":23},"end":{"line":53,"column":1}},"4":{"start":{"line":52,"column":31},"end":{"line":52,"column":78}}},"fnMap":{"0":{"name":"(anonymous_0)","decl":{"start":{"line":52,"column":21},"end":{"line":52,"column":22}},"loc":{"start":{"line":52,"column":31},"end":{"line":52,"column":78}},"line":52}},"branchMap":{"0":{"loc":{"start":{"line":52,"column":31},"end":{"line":52,"column":78}},"type":"cond-expr","locations":[{"start":{"line":52,"column":48},"end":{"line":52,"column":57}},{"start":{"line":52,"column":60},"end":{"line":52,"column":78}}],"line":52}},"s":{"0":0,"1":0,"2":0,"3":0,"4":0},"f":{"0":0},"b":{"0":[0,0]},"hash":"552896a077a6a333e5d2d09acb44fe0de4fb8d83"}
,"/Users/pragalbha/Documents/GoComet/frontend-service/components/client/dispatch/create/WeightVolume/calculator.jsx": {"path":"/Users/pragalbha/Documents/GoComet/frontend-service/components/client/dispatch/create/WeightVolume/calculator.jsx","statementMap":{"0":{"start":{"line":1,"column":37},"end":{"line":13,"column":1}},"1":{"start":{"line":2,"column":14},"end":{"line":2,"column":15}},"2":{"start":{"line":3,"column":14},"end":{"line":3,"column":15}},"3":{"start":{"line":4,"column":1},"end":{"line":7,"column":4}},"4":{"start":{"line":5,"column":2},"end":{"line":5,"column":40}},"5":{"start":{"line":6,"column":2},"end":{"line":6,"column":40}},"6":{"start":{"line":9,"column":1},"end":{"line":12,"column":3}},"7":{"start":{"line":15,"column":33},"end":{"line":38,"column":1}},"8":{"start":{"line":18,"column":5},"end":{"line":18,"column":19}},"9":{"start":{"line":19,"column":17},"end":{"line":19,"column":65}},"10":{"start":{"line":20,"column":15},"end":{"line":20,"column":46}},"11":{"start":{"line":22,"column":1},"end":{"line":34,"column":2}},"12":{"start":{"line":24,"column":3},"end":{"line":24,"column":19}},"13":{"start":{"line":25,"column":3},"end":{"line":25,"column":9}},"14":{"start":{"line":28,"column":3},"end":{"line":28,"column":35}},"15":{"start":{"line":29,"column":3},"end":{"line":29,"column":9}},"16":{"start":{"line":32,"column":3},"end":{"line":32,"column":40}},"17":{"start":{"line":33,"column":3},"end":{"line":33,"column":9}},"18":{"start":{"line":35,"column":1},"end":{"line":35,"column":43}},"19":{"start":{"line":37,"column":1},"end":{"line":37,"column":29}}},"fnMap":{"0":{"name":"(anonymous_0)","decl":{"start":{"line":1,"column":37},"end":{"line":1,"column":38}},"loc":{"start":{"line":1,"column":51},"end":{"line":13,"column":1}},"line":1},"1":{"name":"(anonymous_1)","decl":{"start":{"line":4,"column":28},"end":{"line":4,"column":29}},"loc":{"start":{"line":4,"column":36},"end":{"line":7,"column":2}},"line":4},"2":{"name":"(anonymous_2)","decl":{"start":{"line":15,"column":33},"end":{"line":15,"column":34}},"loc":{"start":{"line":15,"column":52},"end":{"line":38,"column":1}},"line":15}},"branchMap":{"0":{"loc":{"start":{"line":4,"column":2},"end":{"line":4,"column":18}},"type":"binary-expr","locations":[{"start":{"line":4,"column":2},"end":{"line":4,"column":12}},{"start":{"line":4,"column":16},"end":{"line":4,"column":18}}],"line":4},"1":{"loc":{"start":{"line":15,"column":34},"end":{"line":15,"column":47}},"type":"default-arg","locations":[{"start":{"line":15,"column":45},"end":{"line":15,"column":47}}],"line":15},"2":{"loc":{"start":{"line":18,"column":5},"end":{"line":18,"column":19}},"type":"binary-expr","locations":[{"start":{"line":18,"column":5},"end":{"line":18,"column":13}},{"start":{"line":18,"column":17},"end":{"line":18,"column":19}}],"line":18},"3":{"loc":{"start":{"line":19,"column":29},"end":{"line":19,"column":40}},"type":"binary-expr","locations":[{"start":{"line":19,"column":29},"end":{"line":19,"column":35}},{"start":{"line":19,"column":39},"end":{"line":19,"column":40}}],"line":19},"4":{"loc":{"start":{"line":22,"column":1},"end":{"line":34,"column":2}},"type":"switch","locations":[{"start":{"line":23,"column":2},"end":{"line":25,"column":9}},{"start":{"line":27,"column":2},"end":{"line":29,"column":9}},{"start":{"line":31,"column":2},"end":{"line":33,"column":9}}],"line":22}},"s":{"0":0,"1":0,"2":0,"3":0,"4":0,"5":0,"6":0,"7":0,"8":0,"9":0,"10":0,"11":0,"12":0,"13":0,"14":0,"15":0,"16":0,"17":0,"18":0,"19":0},"f":{"0":0,"1":0,"2":0},"b":{"0":[0,0],"1":[0],"2":[0,0],"3":[0,0],"4":[0,0,0]},"hash":"b34f2361013015ba5a91ab21c6f3083aef8df67e"}
,"/Users/pragalbha/Documents/GoComet/frontend-service/components/client/dispatch/create/WeightVolume/index.jsx": {"path":"/Users/pragalbha/Documents/GoComet/frontend-service/components/client/dispatch/create/WeightVolume/index.jsx","statementMap":{"0":{"start":{"line":23,"column":18},"end":{"line":23,"column":23}},"1":{"start":{"line":24,"column":19},"end":{"line":24,"column":25}},"2":{"start":{"line":25,"column":20},"end":{"line":25,"column":24}},"3":{"start":{"line":28,"column":12},"end":{"line":31,"column":2}},"4":{"start":{"line":29,"column":22},"end":{"line":29,"column":32}},"5":{"start":{"line":30,"column":2},"end":{"line":30,"column":30}},"6":{"start":{"line":34,"column":23},"end":{"line":56,"column":2}},"7":{"start":{"line":37,"column":6},"end":{"line":37,"column":16}},"8":{"start":{"line":38,"column":41},"end":{"line":38,"column":51}},"9":{"start":{"line":39,"column":25},"end":{"line":39,"column":48}},"10":{"start":{"line":40,"column":2},"end":{"line":40,"column":38}},"11":{"start":{"line":41,"column":31},"end":{"line":41,"column":68}},"12":{"start":{"line":42,"column":16},"end":{"line":48,"column":3}},"13":{"start":{"line":50,"column":2},"end":{"line":53,"column":5}},"14":{"start":{"line":54,"column":2},"end":{"line":54,"column":40}},"15":{"start":{"line":55,"column":2},"end":{"line":55,"column":35}},"16":{"start":{"line":58,"column":12},"end":{"line":72,"column":2}},"17":{"start":{"line":61,"column":6},"end":{"line":61,"column":16}},"18":{"start":{"line":62,"column":29},"end":{"line":62,"column":39}},"19":{"start":{"line":63,"column":16},"end":{"line":68,"column":3}},"20":{"start":{"line":70,"column":2},"end":{"line":70,"column":60}},"21":{"start":{"line":71,"column":2},"end":{"line":71,"column":35}},"22":{"start":{"line":74,"column":12},"end":{"line":79,"column":2}},"23":{"start":{"line":75,"column":28},"end":{"line":75,"column":38}},"24":{"start":{"line":76,"column":29},"end":{"line":76,"column":39}},"25":{"start":{"line":78,"column":2},"end":{"line":78,"column":74}},"26":{"start":{"line":82,"column":12},"end":{"line":89,"column":2}},"27":{"start":{"line":83,"column":28},"end":{"line":83,"column":38}},"28":{"start":{"line":84,"column":24},"end":{"line":84,"column":34}},"29":{"start":{"line":85,"column":14},"end":{"line":85,"column":36}},"30":{"start":{"line":86,"column":2},"end":{"line":86,"column":16}},"31":{"start":{"line":88,"column":2},"end":{"line":88,"column":28}},"32":{"start":{"line":91,"column":17},"end":{"line":110,"column":2}},"33":{"start":{"line":94,"column":6},"end":{"line":94,"column":16}},"34":{"start":{"line":95,"column":23},"end":{"line":95,"column":33}},"35":{"start":{"line":96,"column":23},"end":{"line":96,"column":44}},"36":{"start":{"line":97,"column":2},"end":{"line":97,"column":44}},"37":{"start":{"line":99,"column":2},"end":{"line":108,"column":5}},"38":{"start":{"line":102,"column":12},"end":{"line":106,"column":31}},"39":{"start":{"line":109,"column":2},"end":{"line":109,"column":36}},"40":{"start":{"line":112,"column":16},"end":{"line":120,"column":2}},"41":{"start":{"line":113,"column":28},"end":{"line":113,"column":38}},"42":{"start":{"line":114,"column":23},"end":{"line":114,"column":33}},"43":{"start":{"line":115,"column":23},"end":{"line":115,"column":44}},"44":{"start":{"line":116,"column":2},"end":{"line":116,"column":32}},"45":{"start":{"line":118,"column":2},"end":{"line":119,"column":41}},"46":{"start":{"line":118,"column":37},"end":{"line":118,"column":61}},"47":{"start":{"line":119,"column":7},"end":{"line":119,"column":41}},"48":{"start":{"line":122,"column":17},"end":{"line":140,"column":2}},"49":{"start":{"line":123,"column":28},"end":{"line":123,"column":38}},"50":{"start":{"line":124,"column":28},"end":{"line":124,"column":38}},"51":{"start":{"line":125,"column":23},"end":{"line":137,"column":3}},"52":{"start":{"line":139,"column":2},"end":{"line":139,"column":36}},"53":{"start":{"line":142,"column":20},"end":{"line":148,"column":2}},"54":{"start":{"line":143,"column":28},"end":{"line":143,"column":38}},"55":{"start":{"line":144,"column":24},"end":{"line":144,"column":34}},"56":{"start":{"line":145,"column":15},"end":{"line":145,"column":80}},"57":{"start":{"line":145,"column":53},"end":{"line":145,"column":79}},"58":{"start":{"line":147,"column":2},"end":{"line":147,"column":35}},"59":{"start":{"line":151,"column":23},"end":{"line":208,"column":2}},"60":{"start":{"line":152,"column":32},"end":{"line":152,"column":42}},"61":{"start":{"line":153,"column":17},"end":{"line":195,"column":4}},"62":{"start":{"line":154,"column":30},"end":{"line":154,"column":40}},"63":{"start":{"line":156,"column":3},"end":{"line":194,"column":5}},"64":{"start":{"line":166,"column":28},"end":{"line":166,"column":76}},"65":{"start":{"line":173,"column":25},"end":{"line":173,"column":56}},"66":{"start":{"line":187,"column":28},"end":{"line":187,"column":76}},"67":{"start":{"line":197,"column":2},"end":{"line":207,"column":4}},"68":{"start":{"line":210,"column":20},"end":{"line":353,"column":2}},"69":{"start":{"line":219,"column":6},"end":{"line":219,"column":26}},"70":{"start":{"line":220,"column":26},"end":{"line":220,"column":46}},"71":{"start":{"line":221,"column":16},"end":{"line":221,"column":30}},"72":{"start":{"line":222,"column":16},"end":{"line":222,"column":30}},"73":{"start":{"line":224,"column":2},"end":{"line":352,"column":4}},"74":{"start":{"line":233,"column":27},"end":{"line":233,"column":59}},"75":{"start":{"line":241,"column":24},"end":{"line":241,"column":56}},"76":{"start":{"line":254,"column":27},"end":{"line":254,"column":63}},"77":{"start":{"line":262,"column":24},"end":{"line":262,"column":55}},"78":{"start":{"line":276,"column":28},"end":{"line":276,"column":58}},"79":{"start":{"line":284,"column":28},"end":{"li
[...]
Filters/index.jsx": {"path":"/Users/pragalbha/Documents/GoComet/frontend-service/components/client/dispatch/list/Filters/index.jsx","statementMap":{"0":{"start":{"line":15,"column":16},"end":{"line":228,"column":1}},"1":{"start":{"line":25,"column":23},"end":{"line":28,"column":2}},"2":{"start":{"line":25,"column":39},"end":{"line":28,"column":2}},"3":{"start":{"line":30,"column":33},"end":{"line":33,"column":2}},"4":{"start":{"line":31,"column":2},"end":{"line":31,"column":63}},"5":{"start":{"line":32,"column":2},"end":{"line":32,"column":22}},"6":{"start":{"line":35,"column":22},"end":{"line":55,"column":2}},"7":{"start":{"line":36,"column":21},"end":{"line":36,"column":61}},"8":{"start":{"line":37,"column":2},"end":{"line":40,"column":5}},"9":{"start":{"line":42,"column":24},"end":{"line":46,"column":3}},"10":{"start":{"line":48,"column":2},"end":{"line":52,"column":5}},"11":{"start":{"line":53,"column":2},"end":{"line":53,"column":38}},"12":{"start":{"line":54,"column":2},"end":{"line":54,"column":22}},"13":{"start":{"line":57,"column":22},"end":{"line":61,"column":2}},"14":{"start":{"line":58,"column":2},"end":{"line":58,"column":63}},"15":{"start":{"line":59,"column":2},"end":{"line":59,"column":35}},"16":{"start":{"line":60,"column":2},"end":{"line":60,"column":22}},"17":{"start":{"line":78,"column":5},"end":{"line":78,"column":17}},"18":{"start":{"line":80,"column":24},"end":{"line":207,"column":2}},"19":{"start":{"line":209,"column":1},"end":{"line":227,"column":3}},"20":{"start":{"line":241,"column":0},"end":{"line":250,"column":2}},"21":{"start":{"line":252,"column":24},"end":{"line":260,"column":1}},"22":{"start":{"line":253,"column":55},"end":{"line":253,"column":75}},"23":{"start":{"line":255,"column":1},"end":{"line":259,"column":3}}},"fnMap":{"0":{"name":"(anonymous_0)","decl":{"start":{"line":15,"column":16},"end":{"line":15,"column":17}},"loc":{"start":{"line":24,"column":6},"end":{"line":228,"column":1}},"line":24},"1":{"name":"(anonymous_1)","decl":{"start":{"line":25,"column":23},"end":{"line":25,"column":24}},"loc":{"start":{"line":25,"column":39},"end":{"line":28,"column":2}},"line":25},"2":{"name":"(anonymous_2)","decl":{"start":{"line":30,"column":33},"end":{"line":30,"column":34}},"loc":{"start":{"line":30,"column":39},"end":{"line":33,"column":2}},"line":30},"3":{"name":"(anonymous_3)","decl":{"start":{"line":35,"column":22},"end":{"line":35,"column":23}},"loc":{"start":{"line":35,"column":39},"end":{"line":55,"column":2}},"line":35},"4":{"name":"(anonymous_4)","decl":{"start":{"line":57,"column":22},"end":{"line":57,"column":23}},"loc":{"start":{"line":57,"column":28},"end":{"line":61,"column":2}},"line":57},"5":{"name":"(anonymous_5)","decl":{"start":{"line":247,"column":20},"end":{"line":247,"column":21}},"loc":{"start":{"line":247,"column":26},"end":{"line":247,"column":28}},"line":247},"6":{"name":"(anonymous_6)","decl":{"start":{"line":248,"column":20},"end":{"line":248,"column":21}},"loc":{"start":{"line":248,"column":26},"end":{"line":248,"column":28}},"line":248},"7":{"name":"(anonymous_7)","decl":{"start":{"line":249,"column":23},"end":{"line":249,"column":24}},"loc":{"start":{"line":249,"column":29},"end":{"line":249,"column":31}},"line":249},"8":{"name":"(anonymous_8)","decl":{"start":{"line":252,"column":24},"end":{"line":252,"column":25}},"loc":{"start":{"line":252,"column":33},"end":{"line":260,"column":1}},"line":252}},"branchMap":{"0":{"loc":{"start":{"line":26,"column":2},"end":{"line":26,"column":48}},"type":"cond-expr","locations":[{"start":{"line":26,"column":10},"end":{"line":26,"column":41}},{"start":{"line":26,"column":44},"end":{"line":26,"column":48}}],"line":26},"1":{"loc":{"start":{"line":27,"column":2},"end":{"line":27,"column":44}},"type":"cond-expr","locations":[{"start":{"line":27,"column":8},"end":{"line":27,"column":37}},{"start":{"line":27,"column":40},"end":{"line":27,"column":44}}],"line":27},"2":{"loc":{"start":{"line":78,"column":5},"end":{"line":78,"column":17}},"type":"binary-expr","locations":[{"start":{"line":78,"column":5},"end":{"line":78,"column":11}},{"start":{"line":78,"column":15},"end":{"line":78,"column":17}}],"line":78},"3":{"loc":{"start":{"line":85,"column":32},"end":{"line":85,"column":48}},"type":"binary-expr","locations":[{"start":{"line":85,"column":32},"end":{"line":85,"column":42}},{"start":{"line":85,"column":46},"end":{"line":85,"column":48}}],"line":85},"4":{"loc":{"start":{"line":85,"column":63},"end":{"line":85,"column":79}},"type":"binary-expr","locations":[{"start":{"line":85,"column":63},"end":{"line":85,"column":73}},{"start":{"line":85,"column":77},"end":{"line":85,"column":79}}],"line":85},"5":{"loc":{"start":{"line":91,"column":32},"end":{"line":91,"column":48}},"type":"binary-expr","locations":[{"start":{"line":91,"column":32},"end":{"line":91,"column":42}},{"start":{"line":91,"column":46},"end":{"line":91,"column":48}}],"line":91},"6":{"loc":{"start":{"line":91,"column":63},"end":{"line":91,"column":79}},"type":"binary-expr","locations":[{"start":{"line":91,"column":63},"end":{"line":91,"column":73}},{"start":{"line":91,"column":77},"end":{"line":91,"column":79}}],"line":91},"7":{"loc":{"start":{"line":99,"column":17},"end":{"line":99,"column":30}},"type":"binary-expr","locations":[{"start":{"line":99,"column":17},"end":{"line":99,"column":24}},{"start":{"line":99,"column":28},"end":{"line":99,"column":30}}],"line":99},"8":{"loc":{"start":{"line":107,"column":17},"end":{"line":107,"column":30}},"type":"binary-expr","locations":[{"start":{"line":107,"column":17},"end":{"line":107,"column":24}},{"start":{"line":107,"column":28},"end":{"line":107,"column":30}}],"line":107},"9":{"loc":{"start":{"line":113,"column":12},"end":{"line":113,"column":61}},"type":"binary-expr","locations":[{"start":{"line":113,"column":12},"end":{"line":113,"column":55}},{"start":{"line":113,"column":59},"end":{"line":113,"column":61}}],"line":113},"10":{"loc":{"start":{"line":113,"column":13},"end":{"line":113,"column":39}},"type":"binary-expr","locations":[{"start":{"line":113,"column":13},"end":{"line":113,"column":33}},{"start":{"line":113,"column":37},"end":{"line":113,"column":39}}],"line":113},"11":{"loc":{"start":{"line":115,"column":17},"end":{"line":115,"column":36}},"type":"binary-expr","locations":[{"start":{"line":115,"column":17},"end":{"line":115,"column":30}},{"start":{"line":115,"column":34},"end":{"line":115,"column":36}}],"line":115},"12":{"loc":{"start":{"line":122,"column":12},"end":{"line":122,"column":62}},"type":"binary-expr","locations":[{"start":{"line":122,"column":12},"end":{"line":122,"column":56}},{"start":{"line":122,"column":60},"end":{"line":122,"column":62}}],"line":122},"13":{"loc":{"start":{"line":122,"column":13},"end":{"line":122,"column":39}},"type":"binary-expr","locations":[{"start":{"line":122,"column":13},"end":{"line":122,"column":33}},{"start":{"line":122,"column":37},"end":{"line":122,"column":39}}],"line":122},"14":{"loc":{"start":{"line":124,"column":17},"end":{"line":124,"column":38}},"type":"binary-expr","locations":[{"start":{"line":124,"column":17},"end":{"line":124,"column":32}},{"start":{"line":124,"column":36},"end":{"line":124,"column":38}}],"line":124},"15":{"loc":{"start":{"line":130,"column":12},"end":{"line":130,"column":52}},"type":"binary-expr","locations":[{"start":{"line":130,"column":12},"end":{"line":130,"column":46}},{"start":{"line":130,"column":50},"end":{"line":130,"column":52}}],"line":130},"16":{"loc":{"start":{"line":130,"column":13},"end":{"line":130,"column":39}},"type":"binary-expr","locations":[{"start":{"line":130,"column":13},"end":{"line":130,"column":33}},{"start":{"line":130,"column":37},"end":{"line":130,"column":39}}],"line":130},"17":{"loc":{"start":{"line":133,"column":17},"end":{"line":133,"column":28}},"type":"binary-expr","locations":[{"start":{"line":133,"column":17},"end":{"line":133,"column":22}},{"start":{"line":133,"column":26},"end":{"line":133,"column":28}}],"line":133},"18":{"loc":{"start":{"line":140,"column":12},"end":{"line":140,"column":58}},"type":"binary-expr","locations":[{"start":{"line":140,"column":12},"end":{"line":140,"column":52}},{"start":{"line":140,"column":56},"end":{"line":140,"column":58}}],"line":140},"19":{"loc":{"start":{"line":140,"column":13},"end":{"line":140,"column":39}},"type":"binary-expr","locations":[{"start":{"line":140,"column":13},"end":{"line":140,"column":33}},{"start":{"line":140,"column":37},"end":{"line":140,"column":39}}],"line":140},"20":{"loc":{"start":{"line":142,"column":17},"end":{"line":142,"column":34}},"type":"binary-expr","locations":[{"start":{"line":142,"column":17},"end":{"line":142,"column":28}},{"start":{"line":142,"column":32},"end":{"line":142,"column":34}}],"line":142},"21":{"loc":{"start":{"line":149,"column":12},"end":{"line":149,"column":56}},"type":"binary-expr","locations":[{"start":{"line":149,"column":12},"end":{"line":149,"column":50}},{"start":{"line":149,"column":54},"end":{"line":149,"column":56}}],"line":149},"22":{"loc":{"start":{"line":149,"column":13},"end":{"line":149,"column":39}},"type":"binary-expr","locations":[{"start":{"line":149,"column":13},"end":{"line":149,"column":33}},{"start":{"line":149,"column":37},"end":{"line":149,"column":39}}],"line":149},"23":{"loc":{"start":{"line":151,"column":17},"end":{"line":151,"column":32}},"type":"binary-expr","locations":[{"start":{"line":151,"column":17},"end":{"line":151,"column":26}},{"start":{"line":151,"column":30},"end":{"line":151,"column":32}}],"line":151},"24":{"loc":{"start":{"line":161,"column":17},"end":{"line":161,"column":39}},"type":"binary-expr","locations":[{"start":{"line":161,"column":17},"end":{"line":161,"column":33}},{"start":{"line":161,"column":37},"end":{"line":161,"column":39}}],"line":161},"25":{"loc":{"start":{"line":171,"column":17},"end":{"line":171,"column":39}},"type":"binary-expr","locations":[{"start":{"line":171,"column":17},"end":{"line":171,"column":33}},{"start":{"line":171,"column":37},"end":{"line":171,"column":39}}],"line":171},"26":{"loc":{"start":{"line":180,"column":17},"end":{"line":180,"column":39}},"type":"binary-expr","locations":[{"start":{"line":180,"column":17},"end":{"line":180,"column":33}},{"start":{"line":180,"column":37},"end":{"line":180,"column":39}}],"line":180},"27":{"loc":{"start":{"line":189,"column":17},"end":{"line":189,"column":42}},"type":"binary-expr","locations":[{"start":{"line":189,"column":17},"end":{"line":189,"column":36}},{"start":{"line":189,"column":40},"end":{"line":189,"column":42}}],"line":189},"28":{"loc":{"start":{"line":198,"column":17},"end":{"line":198,"column":40}},"type":"binary-expr","locations":[{"start":{"line":198,"column":17},"end":{"line":198,"column":34}},{"start":{"line":198,"column":38},"end":{"line":198,"column":40}}],"line":198},"29":{"loc":{"start":{"line":204,"column":17},"end":{"line":204,"column":29}},"type":"binary-expr","locations":[{"start":{"line":204,"column":17},"end":{"line":204,"column":21}},{"start":{"line":204,"column":25},"end":{"line":204,"column":29}}],"line":204},"30":{"loc":{"start":{"line":253,"column":55},"end":{"line":253,"column":75}},"type":"binary-expr","locations":[{"start":{"line":253,"column":55},"end":{"line":253,"column":69}},{"start":{"line":253,"column":73},"end":{"line":253,"column":75}}],"line":253}},"s":{"0":1,"1":2,"2":4,"3":2,"4":0,"5":0,"6":2,"7":0,"8":0,"9":0,"10":0,"11":0,"12":0,"13":2,"14":0,"15":0,"16":0,"17":2,"18":2,"19":2,"20":1,"21":1,"22":2,"23":2},"f":{"0":2,"1":4,"2":0,"3":0,"4":0,"5":0,"6":0,"7":0,"8":2},"b":{"0":[0,4],"1":[0,4],"2":[2,0],"3":[2,2],"4":[2,2],"5":[2,2],"6":[2,2],"7":[2,2],"8":[2,2],"9":[2,2],"10":[2,0],"11":[2,2],"12":[2,2],"13":[2,0],"14":[2,2],"15":[2,2],"16":[2,0],"17":[2,2],"18":[2,2],"19":[2,0],"20":[2,2],"21":[2,2],"22":[2,0],"23":[2,2],"24":[2,2],"25":[2,2],"26":[2,2],"27":[2,2],"28":[2,2],"29":[2,2],"30":[2,0]},"_coverageSchema":"43e27e138ebf9cfc5966b082cf9a028302ed4184","hash":"d2a62c77659d48e83d4f94947e332cba65639d05"}
,"/Users/pragalbha/Documents/GoComet/frontend-service/components/client/dispatch/list/SideBar/index.jsx": {"path":"/Users/pragalbha/Documents/GoComet/frontend-service/components/client/dispatch/list/SideBar/index.jsx","statementMap":{"0":{"start":{"line":12,"column":13},"end":{"line":37,"column":1}},"1":{"start":{"line":13,"column":15},"end":{"line":22,"column":2}},"2":{"start":{"line":23,"column":1},"end":{"line":35,"column":2}},"3":{"start":{"line":24,"column":2},"end":{"line":34,"column":4}},"4":{"start":{"line":36,"column":1},"end":{"line":36,"column":16}},"5":{"start":{"line":43,"column":6},"end":{"line":43,"column":16}},"6":{"start":{"line":45,"column":2},"end":{"line":45,"column":41}},"7":{"start":{"line":45,"column":29},"end":{"line":45,"column":41}},"8":{"start":{"line":46,"column":2},"end":{"line":46,"column":53}},"9":{"start":{"line":46,"column":41},"end":{"line":46,"column":53}},"10":{"start":{"line":47,"column":2},"end":{"line":47,"column":73}},"11":{"start":{"line":47,"column":61},"end":{"line":47,"column":73}},"12":{"start":{"line":48,"column":2},"end":{"line":50,"column":3}},"13":{"start":{"line":49,"column":3},"end":{"line":49,"column":16}},"14":{"start":{"line":51,"column":2},"end":{"line":51,"column":14}},"15":{"start":{"line":54,"column":20},"end":{"line":67,"column":2}},"16":{"start":{"line":55,"column":40},"end":{"line":55,"column":50}},"17":{"start":{"line":57,"column":2},"end":{"line":66,"column":5}},"18":{"start":{"line":77,"column":6},"end":{"line":77,"column":16}},"19":{"start":{"line":79,"column":2},"end":{"line":131,"column":4}},"20":{"start":{"line":89,"column":6},"end":{"line":95,"column":18}},"21":{"start":{"line":147,"column":0},"end":{"line":157,"column":2}},"22":{"start":{"line":159,"column":24},"end":{"line":168,"column":1}},"23":{"start":{"line":160,"column":31},"end":{"line":160,"column":51}},"24":{"start":{"line":162,"column":1},"end":{"line":167,"column":3}}},"fnMap":{"0":{"name":"(anonymous_0)","decl":{"start":{"line":12,"column":13},"end":{"line":12,"column":14}},"loc":{"start":{"line":12,"column":34},"end":{"line":37,"column":1}},"line":12},"1":{"name":"(anonymous_1)","decl":{"start":{"line":40,"column":1},"end":{"line":40,"column":2}},"loc":{"start":{"line":40,"column":34},"end":{"line":52,"column":2}},"line":40},"2":{"name":"(anonymous_2)","decl":{"start":{"line":54,"column":20},"end":{"line":54,"column":21}},"loc":{"start":{"line":54,"column":33},"end":{"line":67,"column":2}},"line":54},"3":{"name":"(anonymous_3)","decl":{"start":{"line":69,"column":1},"end":{"line":69,"column":2}},"loc":{"start":{"line":69,"column":10},"end":{"line":132,"column":2}},"line":69},"4":{"name":"(anonymous_4)","decl":{"start":{"line":88,"column":42},"end":{"line":88,"column":43}},"loc":{"start":{"line":89,"column":6},"end":{"line":95,"column":18}},"line":89},"5":{"name":"(anonymous_5)","decl":{"start":{"line":155,"column":19},"end":{"line":155,"column":20}},"loc":{"start":{"line":155,"column":25},"end":{"line":155,"column":27}},"line":155},"6":{"name":"(anonymous_6)","decl":{"start":{"line":156,"column":20},"end":{"line":156,"column":21}},"loc":{"start":{"line":156,"column":26},"end":{"line":156,"column":28}},"line":156},"7":{"name":"(anonymous_7)","decl":{"start":{"line":159,"column":24},"end":{"line":159,"column":25}},"loc":{"start":{"line":159,"column":33},"end":{"line":168,"column":1}},"line":159}},"branchMap":{"0":{"loc":{"start":{"line":23,"column":1},"end":{"line":35,"column":2}},"type":"if","locations":[{"start":{"line":23,"column":1},"end":{"line":35,"column":2}},{"start":{"line":23,"column":1},"end":{"line":35,"column":2}}],"line":23},"1":{"loc":{"start":{"line":45,"column":2},"end":{"line":45,"column":41}},"type":"if","locations":[{"start":{"line":45,"column":2},"end":{"line":45,"column":41}},{"start":{"line":45,"column":2},"end":{"line":45,"column":41}}],"line":45},"2":{"loc":{"start":{"line":46,"column":2},"end":{"line":46,"column":53}},"type":"if","locations":[{"start":{"line":46,"column":2},"end":{"line":46,"column":53}},{"start":{"line":46,"column":2},"end":{"line":46,"column":53}}],"line":46},"3":{"loc":{"start":{"line":47,"column":2},"end":{"line":47,"column":73}},"type":"if","locations":[{"start":{"line":47,"column":2},"end":{"line":47,"column":73}},{"start":{"line":47,"column":2},"end":{"line":47,"column":73}}],"line":47},"4":{"loc":{"start":{"line":48,"column":2},"end":{"line":50,"column":3}},"type":"if","locations":[{"start":{"line":48,"column":2},"end":{"line":50,"column":3}},{"start":{"line":48,"column":2},"end":{"line":50,"column":3}}],"line":48},"5":{"loc":{"start":{"line":48,"column":6},"end":{"line":48,"column":77}},"type":"binary-expr","locations":[{"start":{"line":48,"column":6},"end":{"line":48,"column":34}},{"start":{"line":48,"column":38},"end":{"line":48,"column":77}}],"line":48},"6":{"loc":{"start":{"line":88,"column":7},"end":{"line":88,"column":36}},"type":"binary-expr","locations":[{"start":{"line":88,"column":7},"end":{"line":88,"column":30}},{"start":{"line":88,"column":34},"end":{"line":88,"column":36}}],"line":88},"7":{"loc":{"start":{"line":94,"column":21},"end":{"line":94,"column":40}},"type":"binary-expr","locations":[{"start":{"line":94,"column":21},"end":{"line":94,"column":35}},{"start":{"line":94,"column":39},"end":{"line":94,"column":40}}],"line":94},"8":{"loc":{"start":{"line":99,"column":5},"end":{"line":129,"column":5}},"type":"cond-expr","locations":[{"start":{"line":100,"column":5},"end":{"line":112,"column":20}},{"start":{"line":114,"column":5},"end":{"line":128,"column":14}}],"line":99},"9":{"loc":{"start":{"line":105,"column":7},"end":{"line":110,"column":7}},"type":"binary-expr","locations":[{"start":{"line":105,"column":7},"end":{"line":105,"column":17}},{"start":{"line":106,"column":7},"end":{"line":109,"column":10}}],"line":105},"10":{"loc":{"start":{"line":120,"column":7},"end":{"line":125,"column":7}},"type":"binary-expr","locations":[{"start":{"line":120,"column":7},"end":{"line":120,"column":17}},{"start":{"line":121,"column":7},"end":{"line":124,"column":10}}],"line":120},"11":{"loc":{"start":{"line":160,"column":31},"end":{"line":160,"column":51}},"type":"binary-expr","locations":[{"start":{"line":160,"column":31},"end":{"line":160,"column":45}},{"start":{"line":160,"column":49},"end":{"line":160,"column":51}}],"line":160},"12":{"loc":{"start":{"line":166,"column":8},"end":{"line":166,"column":20}},"type":"binary-expr","locations":[{"start":{"line":166,"column":8},"end":{"line":166,"column":14}},{"start":{"line":166,"column":18},"end":{"line":166,"column":20}}],"line":166}},"s":{"0":0,"1":0,"2":0,"3":0,"4":0,"5":0,"6":0,"7":0,"8":0,"9":0,"10":0,"11":0,"12":0,"13":0,"14":0,"15":0,"16":0,"17":0,"18":0,"19":0,"20":0,"21":0,"22":0,"23":0,"24":0},"f":{"0":0,"1":0,"2":0,"3":0,"4":0,"5":0,"6":0,"7":0},"b":{"0":[0,0],"1":[0,0],"2":[0,0],"3":[0,0],"4":[0,0],"5":[0,0],"6":[0,0],"7":[0,0],"8":[0,0],"9":[0,0],"10":[0,0],"11":[0,0],"12":[0,0]},"hash":"c3a81a6431926bdf7b2c339a844e0781f94121a7"}
,"/Users/pragalbha/Documents/GoComet/frontend-service/components/client/dispatch/list/SideBar/styles.jsx": {"path":"/Users/pragalbha/Documents/GoComet/frontend-service/components/client/dispatch/list/SideBar/styles.jsx","statementMap":{"0":{"start":{"line":6,"column":25},"end":{"line":40,"column":1}},"1":{"start":{"line":42,"column":18},"end":{"line":45,"column":1}},"2":{"start":{"line":47,"column":26},"end":{"line":53,"column":1}},"3":{"start":{"line":55,"column":28},"end":{"line":55,"column":50}},"4":{"start":{"line":57,"column":27},"end":{"line":59,"column":1}},"5":{"start":{"line":61,"column":30},"end":{"line":81,"column":1}},"6":{"start":{"line":83,"column":28},"end":{"line":85,"column":1}},"7":{"start":{"line":87,"column":24},"end":{"line":92,"column":1}},"8":{"start":{"line":94,"column":25},"end":{"line":96,"column":1}}},"fnMap":{},"branchMap":{},"s":{"0":0,"1":0,"2":0,"3":0,"4":0,"5":0,"6":0,"7":0,"8":0},"f":{},"b":{},"hash":"e3616609dc2384c4d96531fed36076be5801d5be"}
}
