TN:
SF:/Users/pragalbha/Documents/GoComet/frontend-service/components/client/dispatch/create/CustomFields.jsx
FN:13,(anonymous_0)
FN:66,(anonymous_1)
FN:71,(anonymous_2)
FN:75,(anonymous_3)
FN:81,(anonymous_4)
FN:118,(anonymous_5)
FN:131,(anonymous_6)
FN:144,(anonymous_7)
FN:158,(anonymous_8)
FN:171,(anonymous_9)
FN:184,(anonymous_10)
FN:197,(anonymous_11)
FN:214,(anonymous_12)
FN:227,(anonymous_13)
FN:239,(anonymous_14)
FN:251,(anonymous_15)
FN:265,(anonymous_16)
FN:276,(anonymous_17)
FN:290,(anonymous_18)
FN:291,(anonymous_19)
FN:304,(anonymous_20)
FN:305,(anonymous_21)
FN:318,(anonymous_22)
FN:333,(anonymous_23)
FN:334,(anonymous_24)
FN:337,(anonymous_25)
FN:354,(anonymous_26)
FN:355,(anonymous_27)
FN:358,(anonymous_28)
FN:400,(anonymous_29)
FN:401,(anonymous_30)
FNF:31
FNH:0
FNDA:0,(anonymous_0)
FNDA:0,(anonymous_1)
FNDA:0,(anonymous_2)
FNDA:0,(anonymous_3)
FNDA:0,(anonymous_4)
FNDA:0,(anonymous_5)
FNDA:0,(anonymous_6)
FNDA:0,(anonymous_7)
FNDA:0,(anonymous_8)
FNDA:0,(anonymous_9)
FNDA:0,(anonymous_10)
FNDA:0,(anonymous_11)
FNDA:0,(anonymous_12)
FNDA:0,(anonymous_13)
FNDA:0,(anonymous_14)
FNDA:0,(anonymous_15)
FNDA:0,(anonymous_16)
FNDA:0,(anonymous_17)
FNDA:0,(anonymous_18)
FNDA:0,(anonymous_19)
FNDA:0,(anonymous_20)
FNDA:0,(anonymous_21)
FNDA:0,(anonymous_22)
FNDA:0,(anonymous_23)
FNDA:0,(anonymous_24)
FNDA:0,(anonymous_25)
FNDA:0,(anonymous_26)
FNDA:0,(anonymous_27)
FNDA:0,(anonymous_28)
FNDA:0,(anonymous_29)
FNDA:0,(anonymous_30)
DA:10,0
DA:11,0
DA:13,0
DA:30,0
DA:44,0
DA:47,0
DA:53,0
DA:54,0
DA:64,0
DA:66,0
DA:67,0
DA:68,0
DA:71,0
DA:72,0
DA:75,0
DA:76,0
DA:77,0
DA:78,0
DA:81,0
DA:82,0
DA:83,0
DA:86,0
DA:92,0
DA:98,0
DA:103,0
DA:108,0
DA:118,0
DA:131,0
DA:144,0
DA:158,0
DA:171,0
DA:184,0
DA:197,0
DA:214,0
DA:227,0
DA:239,0
DA:251,0
DA:265,0
DA:276,0
DA:290,0
DA:291,0
DA:304,0
DA:305,0
DA:318,0
DA:333,0
DA:334,0
DA:338,0
DA:354,0
DA:355,0
DA:359,0
DA:388,0
LF:51
LH:0
BRDA:29,0,0,0
BRDA:30,1,0,0
BRDA:30,1,1,0
BRDA:32,2,0,0
BRDA:33,3,0,0
BRDA:34,4,0,0
BRDA:35,5,0,0
BRDA:37,6,0,0
BRDA:38,7,0,0
BRDA:39,8,0,0
BRDA:40,9,0,0
BRDA:41,10,0,0
BRDA:42,11,0,0
BRDA:43,12,0,0
BRDA:44,13,0,0
BRDA:44,13,1,0
BRDA:47,14,0,0
BRDA:47,14,1,0
BRDA:53,15,0,0
BRDA:53,15,1,0
BRDA:54,16,0,0
BRDA:54,16,1,0
BRDA:64,17,0,0
BRDA:64,17,1,0
BRDA:72,18,0,0
BRDA:72,18,1,0
BRDA:82,19,0,0
BRDA:82,19,1,0
BRDA:87,20,0,0
BRDA:87,20,1,0
BRDA:89,21,0,0
BRDA:89,21,1,0
BRDA:89,22,0,0
BRDA:89,22,1,0
BRDA:89,23,0,0
BRDA:89,23,1,0
BRDA:95,24,0,0
BRDA:95,24,1,0
BRDA:95,25,0,0
BRDA:95,25,1,0
BRDA:95,26,0,0
BRDA:95,26,1,0
BRDA:109,27,0,0
BRDA:109,27,1,0
BRDA:112,28,0,0
BRDA:112,28,1,0
BRDA:125,29,0,0
BRDA:125,29,1,0
BRDA:138,30,0,0
BRDA:138,30,1,0
BRDA:152,31,0,0
BRDA:152,31,1,0
BRDA:165,32,0,0
BRDA:165,32,1,0
BRDA:178,33,0,0
BRDA:178,33,1,0
BRDA:191,34,0,0
BRDA:191,34,1,0
BRDA:205,35,0,0
BRDA:205,35,1,0
BRDA:212,36,0,0
BRDA:212,36,1,0
BRDA:225,37,0,0
BRDA:225,37,1,0
BRDA:226,38,0,0
BRDA:226,38,1,0
BRDA:237,39,0,0
BRDA:237,39,1,0
BRDA:249,40,0,0
BRDA:249,40,1,0
BRDA:258,41,0,0
BRDA:258,41,1,0
BRDA:261,42,0,0
BRDA:261,42,1,0
BRDA:264,43,0,0
BRDA:264,43,1,0
BRDA:272,44,0,0
BRDA:272,44,1,0
BRDA:275,45,0,0
BRDA:275,45,1,0
BRDA:289,46,0,0
BRDA:289,46,1,0
BRDA:303,47,0,0
BRDA:303,47,1,0
BRDA:326,48,0,0
BRDA:326,48,1,0
BRDA:337,49,0,0
BRDA:337,49,1,0
BRDA:339,50,0,0
BRDA:339,50,1,0
BRDA:347,51,0,0
BRDA:347,51,1,0
BRDA:358,52,0,0
BRDA:358,52,1,0
BRDA:360,53,0,0
BRDA:360,53,1,0
BRF:96
BRH:0
end_of_record
TN:
SF:/Users/pragalbha/Documents/GoComet/frontend-service/components/client/dispatch/create/FreightForwader.jsx
FN:20,(anonymous_0)
FN:23,(anonymous_1)
FN:33,(anonymous_2)
FN:51,(anonymous_3)
FN:52,(anonymous_4)
FN:55,(anonymous_5)
FN:73,(anonymous_6)
FN:95,(anonymous_7)
FN:96,(anonymous_8)
FNF:9
FNH:0
FNDA:0,(anonymous_0)
FNDA:0,(anonymous_1)
FNDA:0,(anonymous_2)
FNDA:0,(anonymous_3)
FNDA:0,(anonymous_4)
FNDA:0,(anonymous_5)
FNDA:0,(anonymous_6)
FNDA:0,(anonymous_7)
FNDA:0,(anonymous_8)
DA:7,0
DA:9,0
DA:11,0
DA:16,0
DA:20,0
DA:23,0
DA:24,0
DA:25,0
DA:26,0
DA:28,0
DA:29,0
DA:33,0
DA:34,0
DA:37,0
DA:42,0
DA:51,0
DA:52,0
DA:58,0
DA:59,0
DA:60,0
DA:73,0
DA:92,0
LF:22
LH:0
BRDA:24,0,0,0
BRDA:24,0,1,0
BRDA:43,1,0,0
BRDA:43,1,1,0
BRDA:43,2,0,0
BRDA:43,2,1,0
BRDA:55,3,0,0
BRDA:55,3,1,0
BRDA:58,4,0,0
BRDA:58,4,1,0
BRDA:59,5,0,0
BRDA:59,5,1,0
BRDA:62,6,0,0
BRDA:62,6,1,0
BRDA:73,7,0,0
BRDA:73,7,1,0
BRF:16
BRH:0
end_of_record
TN:
SF:/Users/pragalbha/Documents/GoComet/frontend-service/components/client/dispatch/create/Reference.jsx
FN:21,(anonymous_0)
FN:24,(anonymous_1)
FN:29,(anonymous_2)
FN:45,(anonymous_3)
FN:54,(anonymous_4)
FN:75,(anonymous_5)
FN:76,(anonymous_6)
FNF:7
FNH:0
FNDA:0,(anonymous_0)
FNDA:0,(anonymous_1)
FNDA:0,(anonymous_2)
FNDA:0,(anonymous_3)
FNDA:0,(anonymous_4)
FNDA:0,(anonymous_5)
FNDA:0,(anonymous_6)
DA:10,0
DA:12,0
DA:17,0
DA:21,0
DA:24,0
DA:25,0
DA:26,0
DA:29,0
DA:30,0
DA:33,0
DA:37,0
DA:45,0
DA:54,0
DA:71,0
LF:14
LH:0
BRDA:25,0,0,0
BRDA:25,0,1,0
BRDA:26,1,0,0
BRDA:26,1,1,0
BRDA:38,2,0,0
BRDA:38,2,1,0
BRDA:38,3,0,0
BRDA:38,3,1,0
BRDA:51,4,0,0
BRDA:51,4,1,0
BRDA:54,5,0,0
BRDA:54,5,1,0
BRF:12
BRH:0
end_of_record
TN:
SF:/Users/pragalbha/Documents/GoComet/frontend-service/components/client/dispatch/create/styles.jsx
FN:70,(anonymous_0)
FNF:1
FNH:0
FNDA:0,(anonymous_0)
DA:5,0
DA:43,0
DA:58,0
DA:66,0
DA:70,0
DA:116,0
DA:126,0
DA:132,0
DA:137,0
DA:141,0
LF:10
LH:0
BRDA:70,0,0,0
BRDA:70,0,1,0
BRF:2
BRH:0
end_of_record
TN:
SF:/Users/pragalbha/Documents/GoComet/frontend-service/components/client/dispatch/create/ContainerOrTruckDetails/index.jsx
FN:23,(anonymous_0)
FN:36,(anonymous_1)
FN:38,(anonymous_2)
FN:41,(anonymous_3)
FN:53,(anonymous_4)
FN:78,(anonymous_5)
FN:95,(anonymous_6)
FN:95,(anonymous_7)
FN:97,(anonymous_8)
FN:103,(anonymous_9)
FN:106,(anonymous_10)
FN:130,(anonymous_11)
FN:135,(anonymous_12)
FN:137,(anonymous_13)
FN:142,(anonymous_14)
FN:146,(anonymous_15)
FN:148,(anonymous_16)
FN:156,(anonymous_17)
FN:171,(anonymous_18)
FN:180,(anonymous_19)
FN:190,(anonymous_20)
FN:205,(anonymous_21)
FN:214,(anonymous_22)
FN:246,(anonymous_23)
FN:247,(anonymous_24)
FNF:25
FNH:0
FNDA:0,(anonymous_0)
FNDA:0,(anonymous_1)
FNDA:0,(anonymous_2)
FNDA:0,(anonymous_3)
FNDA:0,(anonymous_4)
FNDA:0,(anonymous_5)
FNDA:0,(anonymous_6)
FNDA:0,(anonymous_7)
FNDA:0,(anonymous_8)
FNDA:0,(anonymous_9)
FNDA:0,(anonymous_10)
FNDA:0,(anonymous_11)
FNDA:0,(anonymous_12)
FNDA:0,(anonymous_13)
FNDA:0,(anonymous_14)
FNDA:0,(anonymous_15)
FNDA:0,(anonymous_16)
FNDA:0,(anonymous_17)
FNDA:0,(anonymous_18)
FNDA:0,(anonymous_19)
FNDA:0,(anonymous_20)
FNDA:0,(anonymous_21)
FNDA:0,(anonymous_22)
FNDA:0,(anonymous_23)
FNDA:0,(anonymous_24)
DA:9,0
DA:11,0
DA:13,0
DA:18,0
DA:23,0
DA:33,0
DA:36,0
DA:37,0
DA:38,0
DA:41,0
DA:43,0
DA:44,0
DA:51,0
DA:52,0
DA:53,0
DA:56,0
DA:57,0
DA:58,0
DA:60,0
DA:63,0
DA:66,0
DA:67,0
DA:70,0
DA:71,0
DA:77,0
DA:78,0
DA:80,0
DA:81,0
DA:82,0
DA:84,0
DA:87,0
DA:90,0
DA:91,0
DA:95,0
DA:97,0
DA:98,0
DA:99,0
DA:100,0
DA:102,0
DA:103,0
DA:105,0
DA:106,0
DA:109,0
DA:110,0
DA:111,0
DA:112,0
DA:115,0
DA:116,0
DA:118,0
DA:119,0
DA:120,0
DA:125,0
DA:126,0
DA:130,0
DA:131,0
DA:132,0
DA:135,0
DA:136,0
DA:137,0
DA:138,0
DA:142,0
DA:143,0
DA:146,0
DA:147,0
DA:148,0
DA:149,0
DA:152,0
DA:156,0
DA:157,0
DA:160,0
DA:163,0
DA:172,0
DA:180,0
DA:190,0
DA:206,0
DA:214,0
DA:240,0
LF:77
LH:0
BRDA:33,0,0,0
BRDA:33,1,0,0
BRDA:33,2,0,0
BRDA:33,2,1,0
BRDA:43,3,0,0
BRDA:43,3,1,0
BRDA:43,4,0,0
BRDA:43,4,1,0
BRDA:45,5,0,0
BRDA:45,5,1,0
BRDA:51,6,0,0
BRDA:51,6,1,0
BRDA:52,7,0,0
BRDA:52,7,1,0
BRDA:56,8,0,0
BRDA:56,8,1,0
BRDA:56,9,0,0
BRDA:56,9,1,0
BRDA:56,10,0,0
BRDA:56,10,1,0
BRDA:57,11,0,0
BRDA:57,11,1,0
BRDA:70,12,0,0
BRDA:70,12,1,0
BRDA:70,13,0,0
BRDA:70,13,1,0
BRDA:72,14,0,0
BRDA:72,14,1,0
BRDA:77,15,0,0
BRDA:77,15,1,0
BRDA:78,16,0,0
BRDA:78,16,1,0
BRDA:80,17,0,0
BRDA:80,17,1,0
BRDA:80,18,0,0
BRDA:80,18,1,0
BRDA:80,19,0,0
BRDA:80,19,1,0
BRDA:81,20,0,0
BRDA:81,20,1,0
BRDA:98,21,0,0
BRDA:98,21,1,0
BRDA:99,22,0,0
BRDA:99,22,1,0
BRDA:100,23,0,0
BRDA:100,23,1,0
BRDA:102,24,0,0
BRDA:102,24,1,0
BRDA:105,25,0,0
BRDA:105,25,1,0
BRDA:109,26,0,0
BRDA:109,26,1,0
BRDA:110,27,0,0
BRDA:110,27,1,0
BRDA:110,28,0,0
BRDA:110,28,1,0
BRDA:110,29,0,0
BRDA:110,29,1,0
BRDA:118,30,0,0
BRDA:118,30,1,0
BRDA:118,31,0,0
BRDA:118,31,1,0
BRDA:118,32,0,0
BRDA:118,32,1,0
BRDA:131,33,0,0
BRDA:131,33,1,0
BRDA:132,34,0,0
BRDA:132,34,1,0
BRDA:136,35,0,0
BRDA:136,35,1,0
BRDA:137,36,0,0
BRDA:137,36,1,0
BRDA:142,37,0,0
BRDA:142,37,1,0
BRDA:147,38,0,0
BRDA:147,38,1,0
BRDA:148,39,0,0
BRDA:148,39,1,0
BRDA:149,40,0,0
BRDA:149,40,1,0
BRDA:156,41,0,0
BRDA:156,41,1,0
BRDA:157,42,0,0
BRDA:157,42,1,0
BRDA:166,43,0,0
BRDA:166,43,1,0
BRDA:167,44,0,0
BRDA:167,44,1,0
BRDA:171,45,0,0
BRDA:171,45,1,0
BRDA:201,46,0,0
BRDA:201,46,1,0
BRDA:205,47,0,0
BRDA:205,47,1,0
BRF:94
BRH:0
end_of_record
TN:
SF:/Users/pragalbha/Documents/GoComet/frontend-service/components/client/dispatch/create/ContainerOrTruckDetails/styles.jsx
FNF:0
FNH:0
DA:3,0
LF:1
LH:0
BRF:0
BRH:0
end_of_record
TN:
SF:/Users/pragalbha/Documents/GoComet/frontend-service/components/client/dispatch/create/SideBar/index.jsx
FN:12,(anonymous_0)
FN:25,(anonymous_1)
FN:90,(anonymous_2)
FN:91,(anonymous_3)
FN:104,(anonymous_4)
FN:105,(anonymous_5)
FN:132,(anonymous_6)
FN:172,(anonymous_7)
FN:202,(anonymous_8)
FN:203,(anonymous_9)
FNF:10
FNH:0
FNDA:0,(anonymous_0)
FNDA:0,(anonymous_1)
FNDA:0,(anonymous_2)
FNDA:0,(anonymous_3)
FNDA:0,(anonymous_4)
FNDA:0,(anonymous_5)
FNDA:0,(anonymous_6)
FNDA:0,(anonymous_7)
FNDA:0,(anonymous_8)
FNDA:0,(anonymous_9)
DA:12,0
DA:22,0
DA:23,0
DA:25,0
DA:26,0
DA:27,0
DA:87,0
DA:90,0
DA:91,0
DA:92,0
DA:93,0
DA:94,0
DA:95,0
DA:96,0
DA:97,0
DA:100,0
DA:104,0
DA:105,0
DA:106,0
DA:107,0
DA:118,0
DA:121,0
DA:135,0
DA:136,0
DA:137,0
DA:145,0
DA:147,0
DA:172,0
DA:173,0
DA:174,0
DA:176,0
DA:195,0
LF:32
LH:0
BRDA:22,0,0,0
BRDA:22,0,1,0
BRDA:23,1,0,0
BRDA:23,1,1,0
BRDA:40,2,0,0
BRDA:40,2,1,0
BRDA:47,3,0,0
BRDA:47,3,1,0
BRDA:47,4,0,0
BRDA:47,4,1,0
BRDA:54,5,0,0
BRDA:54,5,1,0
BRDA:54,6,0,0
BRDA:54,6,1,0
BRDA:59,7,0,0
BRDA:59,7,1,0
BRDA:74,8,0,0
BRDA:74,8,1,0
BRDA:81,9,0,0
BRDA:81,9,1,0
BRDA:82,10,0,0
BRDA:82,10,1,0
BRDA:82,11,0,0
BRDA:82,11,1,0
BRDA:84,12,0,0
BRDA:84,12,1,0
BRDA:92,13,0,0
BRDA:92,13,1,0
BRDA:92,14,0,0
BRDA:92,14,1,0
BRDA:96,15,0,0
BRDA:96,15,1,0
BRDA:106,16,0,0
BRDA:106,16,1,0
BRDA:135,17,0,0
BRDA:135,17,1,0
BRDA:136,18,0,0
BRDA:136,18,1,0
BRDA:149,19,0,0
BRDA:149,19,1,0
BRDA:161,20,0,0
BRDA:161,20,1,0
BRF:42
BRH:0
end_of_record
TN:
SF:/Users/pragalbha/Documents/GoComet/frontend-service/components/client/dispatch/create/SideBar/styles.jsx
FN:52,(anonymous_0)
FNF:1
FNH:0
FNDA:0,(anonymous_0)
DA:4,0
DA:8,0
DA:12,0
DA:46,0
DA:52,0
LF:5
LH:0
BRDA:52,0,0,0
BRDA:52,0,1,0
BRF:2
BRH:0
end_of_record
TN:
SF:/Users/pragalbha/Documents/GoComet/frontend-service/components/client/dispatch/create/WeightVolume/calculator.jsx
FN:1,(anonymous_0)
FN:4,(anonymous_1)
FN:15,(anonymous_2)
FNF:3
FNH:0
FNDA:0,(anonymous_0)
FNDA:0,(anonymous_1)
FNDA:0,(anonymous_2)
DA:1,0
DA:2,0
DA:3,0
DA:4,0
DA:5,0
DA:6,0
DA:9,0
DA:15,0
DA:18,0
DA:19,0
DA:20,0
DA:22,0
DA:24,0
DA:25,0
DA:28,0
DA:29,0
DA:32,0
DA:33,0
DA:35,0
DA:37,0
LF:20
LH:0
BRDA:4,0,0,0
BRDA:4,0,1,0
BRDA:15,1,0,0
BRDA:18,2,0,0
BRDA:18,2,1,0
BRDA:19,3,0,0
BRDA:19,3,1,0
BRDA:22,4,0,0
BRDA:22,4,1,0
BRDA:22,4,2,0
BRF:10
BRH:0
end_of_record
TN:
SF:/Users/pragalbha/Documents/GoComet/frontend-service/components/client/dispatch/create/WeightVolume/index.jsx
FN:28,(anonymous_0)
FN:34,(anonymous_1)
FN:58,(anonymous_2)
FN:74,(anonymous_3)
FN:82,(anonymous_4)
FN:91,(anonymous_5)
FN:102,(anonymous_6)
FN:112,(anonymous_7)
FN:122,(anonymous_8)
FN:142,(anonymous_9)
FN:145,(anonymous_10)
FN:151,(anonymous_11)
FN:153,(anonymous_12)
FN:166,(anonymous_13)
FN:173,(anonymous_14)
FN:187,(anonymous_15)
FN:210,(anonymous_16)
FN:233,(anonymous_17)
FN:241,(anonymous_18)
FN:254,(anonymous_19)
FN:262,(anonymous_20)
FN:276,(anonymous_21)
FN:284,(anonymous_22)
FN:297,(anonymous_23)
FN:318,(anonymous_24)
FN:327,(anonymous_25)
FN:355,(anonymous_26)
FN:364,(anonymous_27)
FN:378,(anonymous_28)
FN:385,(anonymous_29)
FN:400,(anonymous_30)
FN:407,(anonymous_31)
FN:414,(anonymous_32)
FN:421,(anonymous_33)
FN:436,(anonymous_34)
FN:443,(anonymous_35)
FN:469,(anonymous_36)
FN:481,(anonymous_37)
FN:494,(anonymous_38)
FN:501,(anonymous_39)
FN:506,(anonymous_40)
FN:511,(anonymous_41)
FN:557,(anonymous_42)
FN:558,(anonymous_43)
FNF:44
FNH:0
FNDA:0,(anonymous_0)
FNDA:0,(anonymous_1)
FNDA:0,(anonymous_2)
FNDA:0,(anonymous_3)
FNDA:0,(anonymous_4)
FNDA:0,(anonymous_5)
FNDA:0,(anonymous_6)
FNDA:0,(anonymous_7)
FNDA:0,(anonymous_8)
FNDA:0,(anonymous_9)
FNDA:0,(anonymous_10)
FNDA:0,(anonymous_11)
FNDA:0,(anonymous_12)
FNDA:0,(anonymous_13)
FNDA:0,(anonymous_14)
FNDA:0,(anonymous_15)
FNDA:0,(anonymous_16)
FNDA:0,(anonymous_17)
FNDA:0,(anonymous_18)
FNDA:0,(anonymous_19)
FNDA:0,(anonymous_20)
FNDA:0,(anonymous_21)
FNDA:0,(anonymous_22)
FNDA:0,(anonymous_23)
FNDA:0,(anonymous_24)
FNDA:0,(anonymous_25)
FNDA:0,(anonymous_26)
FNDA:0,(anonymous_27)
FNDA:0,(anonymous_28)
FNDA:0,(anonymous_29)
FNDA:0,(anonymous_30)
FNDA:0,(anonymous_31)
FNDA:0,(anonymous_32)
FNDA:0,(anonymous_33)
FNDA:0,(anonymous_34)
FNDA:0,(anonymous_35)
FNDA:0,(anonymous_36)
FNDA:0,(anonymous_37)
FNDA:0,(anonymous_38)
FNDA:0,(anonymous_39)
FNDA:0,(anonymous_40)
FNDA:0,(anonymous_41)
FNDA:0,(anonymous_42)
FNDA:0,(anonymous_43)
DA:23,0
DA:24,0
DA:25,0
DA:28,0
DA:29,0
DA:30,0
DA:34,0
DA:37,0
DA:38,0
DA:39,0
DA:40,0
DA:41,0
DA:42,0
DA:50,0
DA:54,0
DA:55,0
DA:58,0
DA:61,0
DA:62,0
DA:63,0
DA:70,0
DA:71,0
DA:74,0
DA:75,0
DA:76,0
DA:78,0
DA:82,0
DA:83,0
DA:84,0
DA:85,0
DA:86,0
DA:88,0
DA:91,0
DA:94,0
DA:95,0
DA:96,0
DA:97,0
DA:99,0
DA:102,0
DA:109,0
DA:112,0
DA:113,0
DA:114,0
DA:115,0
DA:116,0
DA:118,0
DA:119,0
DA:122,0
DA:123,0
DA:124,0
DA:125,0
DA:139,0
DA:142,0
DA:143,0
DA:144,0
DA:145,0
DA:147,0
DA:151,0
DA:152,0
DA:153,0
DA:154,0
DA:156,0
DA:166,0
DA:173,0
DA:187,0
DA:197,0
DA:210,0
DA:219,0
DA:220,0
DA:221,0
DA:222,0
DA:224,0
DA:233,0
DA:241,0
DA:254,0
DA:262,0
DA:276,0
DA:284,0
DA:297,0
DA:318,0
DA:327,0
DA:355,0
DA:356,0
DA:367,0
DA:368,0
DA:369,0
DA:378,0
DA:385,0
DA:400,0
DA:407,0
DA:414,0
DA:421,0
DA:436,0
DA:443,0
DA:469,0
DA:484,0
DA:492,0
DA:494,0
DA:495,0
DA:497,0
DA:498,0
DA:499,0
DA:501,0
DA:502,0
DA:506,0
DA:507,0
DA:511,0
DA:512,0
DA:517,0
DA:519,0
DA:523,0
DA:551,0
LF:112
LH:0
BRDA:38,0,0,0
BRDA:38,0,1,0
BRDA:39,1,0,0
BRDA:39,1,1,0
BRDA:43,2,0,0
BRDA:43,2,1,0
BRDA:47,3,0,0
BRDA:47,3,1,0
BRDA:47,4,0,0
BRDA:47,4,1,0
BRDA:52,5,0,0
BRDA:52,5,1,0
BRDA:62,6,0,0
BRDA:62,6,1,0
BRDA:64,7,0,0
BRDA:64,7,1,0
BRDA:66,8,0,0
BRDA:66,8,1,0
BRDA:66,9,0,0
BRDA:66,9,1,0
BRDA:67,10,0,0
BRDA:67,10,1,0
BRDA:67,11,0,0
BRDA:67,11,1,0
BRDA:70,12,0,0
BRDA:70,12,1,0
BRDA:76,13,0,0
BRDA:76,13,1,0
BRDA:78,14,0,0
BRDA:78,14,1,0
BRDA:84,15,0,0
BRDA:84,15,1,0
BRDA:85,16,0,0
BRDA:85,16,1,0
BRDA:95,17,0,0
BRDA:95,17,1,0
BRDA:96,18,0,0
BRDA:96,18,1,0
BRDA:97,19,0,0
BRDA:97,19,1,0
BRDA:100,20,0,0
BRDA:100,20,1,0
BRDA:102,21,0,0
BRDA:102,21,1,0
BRDA:102,21,2,0
BRDA:102,21,3,0
BRDA:102,21,4,0
BRDA:102,22,0,0
BRDA:102,22,1,0
BRDA:103,23,0,0
BRDA:103,23,1,0
BRDA:104,24,0,0
BRDA:104,24,1,0
BRDA:105,25,0,0
BRDA:105,25,1,0
BRDA:106,26,0,0
BRDA:106,26,1,0
BRDA:114,27,0,0
BRDA:114,27,1,0
BRDA:115,28,0,0
BRDA:115,28,1,0
BRDA:118,29,0,0
BRDA:118,29,1,0
BRDA:118,30,0,0
BRDA:118,30,1,0
BRDA:124,31,0,0
BRDA:124,32,0,0
BRDA:124,32,1,0
BRDA:126,33,0,0
BRDA:126,33,1,0
BRDA:144,34,0,0
BRDA:144,34,1,0
BRDA:145,35,0,0
BRDA:145,35,1,0
BRDA:145,36,0,0
BRDA:145,36,1,0
BRDA:147,37,0,0
BRDA:147,37,1,0
BRDA:153,38,0,0
BRDA:153,38,1,0
BRDA:154,39,0,0
BRDA:154,39,1,0
BRDA:172,40,0,0
BRDA:172,40,1,0
BRDA:199,41,0,0
BRDA:199,41,1,0
BRDA:199,42,0,0
BRDA:199,42,1,0
BRDA:203,43,0,0
BRDA:203,43,1,0
BRDA:219,44,0,0
BRDA:219,44,1,0
BRDA:220,45,0,0
BRDA:220,45,1,0
BRDA:240,46,0,0
BRDA:240,46,1,0
BRDA:261,47,0,0
BRDA:261,47,1,0
BRDA:269,48,0,0
BRDA:269,48,1,0
BRDA:269,49,0,0
BRDA:269,49,1,0
BRDA:271,50,0,0
BRDA:271,50,1,0
BRDA:271,51,0,0
BRDA:271,51,1,0
BRDA:290,52,0,0
BRDA:290,52,1,0
BRDA:290,53,0,0
BRDA:290,53,1,0
BRDA:296,54,0,0
BRDA:296,54,1,0
BRDA:326,55,0,0
BRDA:326,55,1,0
BRDA:345,56,0,0
BRDA:345,56,1,0
BRDA:345,57,0,0
BRDA:345,57,1,0
BRDA:347,58,0,0
BRDA:347,58,1,0
BRDA:347,59,0,0
BRDA:347,59,1,0
BRDA:364,60,0,0
BRDA:364,60,1,0
BRDA:367,61,0,0
BRDA:367,61,1,0
BRDA:487,62,0,0
BRDA:488,63,0,0
BRDA:489,64,0,0
BRDA:490,65,0,0
BRDA:492,66,0,0
BRDA:492,66,1,0
BRDA:494,67,0,0
BRDA:494,67,1,0
BRDA:495,68,0,0
BRDA:495,69,0,0
BRDA:495,69,1,0
BRDA:497,70,0,0
BRDA:497,70,1,0
BRDA:497,71,0,0
BRDA:497,71,1,0
BRDA:498,72,0,0
BRDA:498,72,1,0
BRDA:498,73,0,0
BRDA:498,73,1,0
BRDA:499,74,0,0
BRDA:499,74,1,0
BRDA:499,75,0,0
BRDA:499,75,1,0
BRDA:501,76,0,0
BRDA:501,76,1,0
BRDA:506,77,0,0
BRDA:506,77,1,0
BRDA:511,78,0,0
BRDA:511,78,1,0
BRDA:519,79,0,0
BRDA:519,79,1,0
BRDA:519,80,0,0
BRDA:519,80,1,0
BRDA:521,81,0,0
BRDA:521,81,1,0
BRDA:524,82,0,0
BRDA:524,82,1,0
BRDA:524,83,0,0
BRDA:524,83,1,0
BRDA:527,84,0,0
BRDA:527,84,1,0
BRF:167
BRH:0
end_of_record
TN:
SF:/Users/pragalbha/Documents/GoComet/frontend-service/components/client/dispatch/create/helper/index.jsx
FN:7,(anonymous_0)
FN:7,(anonymous_1)
FN:13,(anonymous_2)
FN:13,(anonymous_3)
FN:19,(anonymous_4)
FN:19,(anonymous_5)
FNF:6
FNH:0
FNDA:0,(anonymous_0)
FNDA:0,(anonymous_1)
FNDA:0,(anonymous_2)
FNDA:0,(anonymous_3)
FNDA:0,(anonymous_4)
FNDA:0,(anonymous_5)
DA:3,0
DA:5,0
DA:7,0
DA:8,0
DA:13,0
DA:14,0
DA:19,0
DA:20,0
LF:8
LH:0
BRDA:7,0,0,0
BRDA:7,0,1,0
BRDA:13,1,0,0
BRDA:13,1,1,0
BRDA:19,2,0,0
BRDA:19,2,1,0
BRF:6
BRH:0
end_of_record
TN:
SF:/Users/pragalbha/Documents/GoComet/frontend-service/components/client/dispatch/create/helper/validation.jsx
FN:1,(anonymous_0)
FN:9,(anonymous_1)
FN:33,(anonymous_2)
FN:50,(anonymous_3)
FN:59,(anonymous_4)
FN:60,(anonymous_5)
FN:69,(anonymous_6)
FN:107,(anonymous_7)
FN:109,(anonymous_8)
FNF:9
FNH:0
FNDA:0,(anonymous_0)
FNDA:0,(anonymous_1)
FNDA:0,(anonymous_2)
FNDA:0,(anonymous_3)
FNDA:0,(anonymous_4)
FNDA:0,(anonymous_5)
FNDA:0,(anonymous_6)
FNDA:0,(anonymous_7)
FNDA:0,(anonymous_8)
DA:1,0
DA:2,0
DA:3,0
DA:4,0
DA:5,0
DA:6,0
DA:9,0
DA:25,0
DA:26,0
DA:27,0
DA:28,0
DA:31,0
DA:33,0
DA:34,0
DA:35,0
DA:37,0
DA:42,0
DA:44,0
DA:45,0
DA:47,0
DA:50,0
DA:51,0
DA:53,0
DA:54,0
DA:56,0
DA:59,0
DA:60,0
DA:69,0
DA:70,0
DA:71,0
DA:72,0
DA:74,0
DA:76,0
DA:77,0
DA:78,0
DA:80,0
DA:83,0
DA:84,0
DA:85,0
DA:87,0
DA:89,0
DA:90,0
DA:91,0
DA:93,0
DA:96,0
DA:97,0
DA:98,0
DA:100,0
DA:104,0
DA:107,0
DA:108,0
DA:109,0
DA:111,0
DA:115,0
DA:116,0
DA:122,0
DA:125,0
DA:126,0
DA:132,0
DA:135,0
DA:137,0
DA:139,0
DA:141,0
DA:143,0
DA:145,0
DA:147,0
DA:151,0
DA:152,0
DA:157,0
DA:158,0
DA:160,0
DA:161,0
DA:164,0
DA:167,0
DA:168,0
DA:171,0
DA:172,0
DA:174,0
DA:175,0
DA:178,0
DA:181,0
DA:183,0
DA:185,0
LF:83
LH:0
BRDA:2,0,0,0
BRDA:2,0,1,0
BRDA:2,1,0,0
BRDA:2,1,1,0
BRDA:3,2,0,0
BRDA:3,2,1,0
BRDA:3,3,0,0
BRDA:3,3,1,0
BRDA:4,4,0,0
BRDA:4,4,1,0
BRDA:4,5,0,0
BRDA:4,5,1,0
BRDA:5,6,0,0
BRDA:5,6,1,0
BRDA:9,7,0,0
BRDA:14,8,0,0
BRDA:15,9,0,0
BRDA:16,10,0,0
BRDA:17,11,0,0
BRDA:18,12,0,0
BRDA:19,13,0,0
BRDA:20,14,0,0
BRDA:21,15,0,0
BRDA:25,16,0,0
BRDA:25,16,1,0
BRDA:26,17,0,0
BRDA:26,17,1,0
BRDA:27,18,0,0
BRDA:27,18,1,0
BRDA:28,19,0,0
BRDA:28,19,1,0
BRDA:31,20,0,0
BRDA:31,20,1,0
BRDA:37,21,0,0
BRDA:37,21,1,0
BRDA:38,22,0,0
BRDA:38,22,1,0
BRDA:38,22,2,0
BRDA:44,23,0,0
BRDA:44,23,1,0
BRDA:44,24,0,0
BRDA:44,24,1,0
BRDA:47,25,0,0
BRDA:47,25,1,0
BRDA:47,26,0,0
BRDA:47,26,1,0
BRDA:47,26,2,0
BRDA:53,27,0,0
BRDA:53,27,1,0
BRDA:53,28,0,0
BRDA:53,28,1,0
BRDA:56,29,0,0
BRDA:56,29,1,0
BRDA:56,30,0,0
BRDA:56,30,1,0
BRDA:59,31,0,0
BRDA:59,31,1,0
BRDA:60,32,0,0
BRDA:60,32,1,0
BRDA:60,32,2,0
BRDA:60,32,3,0
BRDA:60,32,4,0
BRDA:60,33,0,0
BRDA:60,33,1,0
BRDA:61,34,0,0
BRDA:61,34,1,0
BRDA:62,35,0,0
BRDA:62,35,1,0
BRDA:63,36,0,0
BRDA:63,36,1,0
BRDA:64,37,0,0
BRDA:64,37,1,0
BRDA:70,38,0,0
BRDA:70,38,1,0
BRDA:71,39,0,0
BRDA:71,39,1,0
BRDA:71,40,0,0
BRDA:71,40,1,0
BRDA:74,41,0,0
BRDA:74,41,1,0
BRDA:74,42,0,0
BRDA:74,42,1,0
BRDA:76,43,0,0
BRDA:76,43,1,0
BRDA:77,44,0,0
BRDA:77,44,1,0
BRDA:77,45,0,0
BRDA:77,45,1,0
BRDA:80,46,0,0
BRDA:80,46,1,0
BRDA:80,47,0,0
BRDA:80,47,1,0
BRDA:80,47,2,0
BRDA:80,47,3,0
BRDA:83,48,0,0
BRDA:83,48,1,0
BRDA:84,49,0,0
BRDA:84,49,1,0
BRDA:84,50,0,0
BRDA:84,50,1,0
BRDA:87,51,0,0
BRDA:87,51,1,0
BRDA:87,52,0,0
BRDA:87,52,1,0
BRDA:89,53,0,0
BRDA:89,53,1,0
BRDA:90,54,0,0
BRDA:90,54,1,0
BRDA:90,55,0,0
BRDA:90,55,1,0
BRDA:93,56,0,0
BRDA:93,56,1,0
BRDA:93,57,0,0
BRDA:93,57,1,0
BRDA:93,57,2,0
BRDA:93,57,3,0
BRDA:96,58,0,0
BRDA:96,58,1,0
BRDA:97,59,0,0
BRDA:97,59,1,0
BRDA:97,60,0,0
BRDA:97,60,1,0
BRDA:100,61,0,0
BRDA:100,61,1,0
BRDA:100,62,0,0
BRDA:100,62,1,0
BRDA:100,62,2,0
BRDA:100,62,3,0
BRDA:108,63,0,0
BRDA:108,63,1,0
BRDA:109,64,0,0
BRDA:109,64,1,0
BRDA:109,65,0,0
BRDA:109,65,1,0
BRDA:111,66,0,0
BRDA:111,66,1,0
BRDA:112,67,0,0
BRDA:112,67,1,0
BRDA:113,68,0,0
BRDA:113,68,1,0
BRDA:113,69,0,0
BRDA:113,69,1,0
BRDA:115,70,0,0
BRDA:115,70,1,0
BRDA:115,71,0,0
BRDA:115,71,1,0
BRDA:115,72,0,0
BRDA:115,72,1,0
BRDA:116,73,0,0
BRDA:116,73,1,0
BRDA:116,74,0,0
BRDA:116,74,1,0
BRDA:116,74,2,0
BRDA:116,74,3,0
BRDA:116,75,0,0
BRDA:116,75,1,0
BRDA:117,76,0,0
BRDA:117,76,1,0
BRDA:117,77,0,0
BRDA:117,77,1,0
BRDA:122,78,0,0
BRDA:122,78,1,0
BRDA:122,79,0,0
BRDA:122,79,1,0
BRDA:122,80,0,0
BRDA:122,80,1,0
BRDA:125,81,0,0
BRDA:125,81,1,0
BRDA:125,82,0,0
BRDA:125,82,1,0
BRDA:125,83,0,0
BRDA:125,83,1,0
BRDA:126,84,0,0
BRDA:126,84,1,0
BRDA:126,85,0,0
BRDA:126,85,1,0
BRDA:126,85,2,0
BRDA:126,85,3,0
BRDA:126,86,0,0
BRDA:126,86,1,0
BRDA:127,87,0,0
BRDA:127,87,1,0
BRDA:127,88,0,0
BRDA:127,88,1,0
BRDA:132,89,0,0
BRDA:132,89,1,0
BRDA:132,90,0,0
BRDA:132,90,1,0
BRDA:132,91,0,0
BRDA:132,91,1,0
BRDA:135,92,0,0
BRDA:135,92,1,0
BRDA:135,92,2,0
BRDA:135,92,3,0
BRDA:135,92,4,0
BRDA:135,92,5,0
BRDA:135,92,6,0
BRDA:135,92,7,0
BRDA:135,92,8,0
BRDA:137,93,0,0
BRDA:137,93,1,0
BRDA:139,94,0,0
BRDA:139,94,1,0
BRDA:147,95,0,0
BRDA:147,95,1,0
BRDA:148,96,0,0
BRDA:148,96,1,0
BRDA:148,97,0,0
BRDA:148,97,1,0
BRDA:148,98,0,0
BRDA:148,98,1,0
BRDA:151,99,0,0
BRDA:151,99,1,0
BRDA:151,100,0,0
BRDA:151,100,1,0
BRDA:152,101,0,0
BRDA:152,101,1,0
BRDA:152,102,0,0
BRDA:152,102,1,0
BRDA:152,102,2,0
BRDA:152,102,3,0
BRDA:157,103,0,0
BRDA:157,103,1,0
BRDA:158,104,0,0
BRDA:158,104,1,0
BRDA:158,105,0,0
BRDA:158,105,1,0
BRDA:158,105,2,0
BRDA:160,106,0,0
BRDA:160,106,1,0
BRDA:161,107,0,0
BRDA:161,107,1,0
BRDA:161,108,0,0
BRDA:161,108,1,0
BRDA:161,108,2,0
BRDA:164,109,0,0
BRDA:164,109,1,0
BRDA:164,110,0,0
BRDA:164,110,1,0
BRDA:167,111,0,0
BRDA:167,111,1,0
BRDA:167,112,0,0
BRDA:167,112,1,0
BRDA:168,113,0,0
BRDA:168,113,1,0
BRDA:168,114,0,0
BRDA:168,114,1,0
BRDA:171,115,0,0
BRDA:171,115,1,0
BRDA:172,116,0,0
BRDA:172,116,1,0
BRDA:174,117,0,0
BRDA:174,117,1,0
BRDA:175,118,0,0
BRDA:175,118,1,0
BRDA:178,119,0,0
BRDA:178,119,1,0
BRDA:178,120,0,0
BRDA:178,120,1,0
BRF:259
BRH:0
end_of_record
TN:
SF:/Users/pragalbha/Documents/GoComet/frontend-service/components/client/dispatch/details/common.jsx
FN:2,(anonymous_0)
FN:29,(anonymous_1)
FN:29,(anonymous_2)
FNF:3
FNH:0
FNDA:0,(anonymous_0)
FNDA:0,(anonymous_1)
FNDA:0,(anonymous_2)
DA:2,0
DA:27,0
DA:29,0
DA:31,0
DA:32,0
DA:33,0
DA:34,0
DA:35,0
DA:36,0
DA:37,0
DA:38,0
DA:39,0
DA:40,0
DA:41,0
DA:42,0
DA:43,0
DA:44,0
DA:45,0
DA:46,0
DA:47,0
DA:49,0
DA:50,0
DA:51,0
DA:52,0
DA:54,0
DA:87,0
LF:26
LH:0
BRDA:27,0,0,0
BRDA:27,0,1,0
BRDA:29,1,0,0
BRDA:29,1,1,0
BRDA:29,2,0,0
BRDA:29,2,1,0
BRDA:57,3,0,0
BRDA:57,3,1,0
BRDA:58,4,0,0
BRDA:58,4,1,0
BRDA:59,5,0,0
BRDA:59,5,1,0
BRDA:60,6,0,0
BRDA:60,6,1,0
BRDA:61,7,0,0
BRDA:61,7,1,0
BRDA:63,8,0,0
BRDA:63,8,1,0
BRDA:64,9,0,0
BRDA:64,9,1,0
BRDA:65,10,0,0
BRDA:65,10,1,0
BRDA:67,11,0,0
BRDA:67,11,1,0
BRDA:68,12,0,0
BRDA:68,12,1,0
BRDA:69,13,0,0
BRDA:69,13,1,0
BRDA:70,14,0,0
BRDA:70,14,1,0
BRDA:71,15,0,0
BRDA:71,15,1,0
BRDA:87,16,0,0
BRDA:87,16,1,0
BRF:34
BRH:0
end_of_record
TN:
SF:/Users/pragalbha/Documents/GoComet/frontend-service/components/client/dispatch/details/index.jsx
FN:38,(anonymous_0)
FN:44,(anonymous_1)
FN:66,(anonymous_2)
FN:72,(anonymous_3)
FN:79,(anonymous_4)
FN:95,(anonymous_5)
FN:101,(anonymous_6)
FN:106,(anonymous_7)
FN:111,(anonymous_8)
FN:118,(anonymous_9)
FN:125,(anonymous_10)
FN:131,(anonymous_11)
FN:137,(anonymous_12)
FN:143,(anonymous_13)
FN:150,(anonymous_14)
FN:274,(anonymous_15)
FN:275,(anonymous_16)
FN:276,(anonymous_17)
FN:277,(anonymous_18)
FN:278,(anonymous_19)
FN:279,(anonymous_20)
FN:282,(anonymous_21)
FN:295,(anonymous_22)
FNF:23
FNH:0
FNDA:0,(anonymous_0)
FNDA:0,(anonymous_1)
FNDA:0,(anonymous_2)
FNDA:0,(anonymous_3)
FNDA:0,(anonymous_4)
FNDA:0,(anonymous_5)
FNDA:0,(anonymous_6)
FNDA:0,(anonymous_7)
FNDA:0,(anonymous_8)
FNDA:0,(anonymous_9)
FNDA:0,(anonymous_10)
FNDA:0,(anonymous_11)
FNDA:0,(anonymous_12)
FNDA:0,(anonymous_13)
FNDA:0,(anonymous_14)
FNDA:0,(anonymous_15)
FNDA:0,(anonymous_16)
FNDA:0,(anonymous_17)
FNDA:0,(anonymous_18)
FNDA:0,(anonymous_19)
FNDA:0,(anonymous_20)
FNDA:0,(anonymous_21)
FNDA:0,(anonymous_22)
DA:28,0
DA:31,0
DA:36,0
DA:39,0
DA:40,0
DA:41,0
DA:45,0
DA:48,0
DA:51,0
DA:53,0
DA:56,0
DA:57,0
DA:59,0
DA:60,0
DA:61,0
DA:67,0
DA:68,0
DA:72,0
DA:73,0
DA:74,0
DA:76,0
DA:79,0
DA:80,0
DA:82,0
DA:92,0
DA:95,0
DA:96,0
DA:97,0
DA:101,0
DA:102,0
DA:103,0
DA:106,0
DA:107,0
DA:108,0
DA:111,0
DA:112,0
DA:113,0
DA:114,0
DA:119,0
DA:120,0
DA:125,0
DA:126,0
DA:131,0
DA:132,0
DA:137,0
DA:138,0
DA:139,0
DA:140,0
DA:143,0
DA:144,0
DA:145,0
DA:146,0
DA:147,0
DA:151,0
DA:164,0
DA:165,0
DA:166,0
DA:168,0
DA:171,0
DA:186,0
DA:260,0
DA:282,0
DA:283,0
DA:284,0
DA:285,0
DA:288,0
DA:289,0
DA:290,0
DA:291,0
DA:292,0
DA:293,0
DA:295,0
DA:296,0
DA:297,0
DA:301,0
DA:306,0
LF:76
LH:0
BRDA:51,0,0,0
BRDA:51,0,1,0
BRDA:51,1,0,0
BRDA:51,1,1,0
BRDA:56,2,0,0
BRDA:56,2,1,0
BRDA:56,3,0,0
BRDA:56,3,1,0
BRDA:56,3,2,0
BRDA:59,4,0,0
BRDA:59,4,1,0
BRDA:67,5,0,0
BRDA:67,5,1,0
BRDA:92,6,0,0
BRDA:92,6,1,0
BRDA:96,7,0,0
BRDA:96,7,1,0
BRDA:113,8,0,0
BRDA:113,8,1,0
BRDA:139,9,0,0
BRDA:139,9,1,0
BRDA:145,10,0,0
BRDA:145,10,1,0
BRDA:154,11,0,0
BRDA:165,12,0,0
BRDA:165,12,1,0
BRDA:166,13,0,0
BRDA:166,13,1,0
BRDA:168,14,0,0
BRDA:168,14,1,0
BRDA:168,14,2,0
BRDA:172,15,0,0
BRDA:172,15,1,0
BRDA:188,16,0,0
BRDA:188,16,1,0
BRDA:211,17,0,0
BRDA:211,17,1,0
BRDA:211,17,2,0
BRDA:289,18,0,0
BRDA:289,18,1,0
BRDA:290,19,0,0
BRDA:290,19,1,0
BRDA:291,20,0,0
BRDA:291,20,1,0
BRDA:295,21,0,0
BRDA:295,21,1,0
BRDA:295,22,0,0
BRDA:295,22,1,0
BRDA:296,23,0,0
BRDA:296,23,1,0
BRDA:296,24,0,0
BRDA:296,24,1,0
BRDA:296,24,2,0
BRDA:302,25,0,0
BRDA:302,25,1,0
BRDA:316,26,0,0
BRDA:316,26,1,0
BRDA:317,27,0,0
BRDA:317,27,1,0
BRF:59
BRH:0
end_of_record
TN:
SF:/Users/pragalbha/Documents/GoComet/frontend-service/components/client/dispatch/details/styles.jsx
FNF:0
FNH:0
DA:6,0
DA:110,0
DA:119,0
DA:123,0
DA:132,0
DA:142,0
DA:148,0
DA:152,0
DA:156,0
LF:9
LH:0
BRF:0
BRH:0
end_of_record
TN:
SF:/Users/pragalbha/Documents/GoComet/frontend-service/components/client/dispatch/details/EnquiryDetails/index.jsx
FN:27,(anonymous_0)
FN:28,(anonymous_1)
FN:39,(anonymous_2)
FN:349,(anonymous_3)
FN:357,(anonymous_4)
FN:366,(anonymous_5)
FN:375,(anonymous_6)
FN:381,(anonymous_7)
FN:386,(anonymous_8)
FN:389,(anonymous_9)
FN:397,(anonymous_10)
FN:398,(anonymous_11)
FN:403,(anonymous_12)
FN:497,(anonymous_13)
FN:498,(anonymous_14)
FN:501,(anonymous_15)
FNF:16
FNH:0
FNDA:0,(anonymous_0)
FNDA:0,(anonymous_1)
FNDA:0,(anonymous_2)
FNDA:0,(anonymous_3)
FNDA:0,(anonymous_4)
FNDA:0,(anonymous_5)
FNDA:0,(anonymous_6)
FNDA:0,(anonymous_7)
FNDA:0,(anonymous_8)
FNDA:0,(anonymous_9)
FNDA:0,(anonymous_10)
FNDA:0,(anonymous_11)
FNDA:0,(anonymous_12)
FNDA:0,(anonymous_13)
FNDA:0,(anonymous_14)
FNDA:0,(anonymous_15)
DA:19,0
DA:22,0
DA:27,0
DA:28,0
DA:29,0
DA:32,0
DA:33,0
DA:36,0
DA:39,0
DA:40,0
DA:41,0
DA:42,0
DA:79,0
DA:80,0
DA:94,0
DA:97,0
DA:98,0
DA:99,0
DA:101,0
DA:349,0
DA:350,0
DA:357,0
DA:358,0
DA:365,0
DA:366,0
DA:367,0
DA:368,0
DA:372,0
DA:375,0
DA:376,0
DA:377,0
DA:378,0
DA:381,0
DA:382,0
DA:383,0
DA:385,0
DA:386,0
DA:390,0
DA:391,0
DA:397,0
DA:398,0
DA:404,0
DA:413,0
DA:414,0
DA:415,0
DA:418,0
DA:420,0
DA:488,0
DA:501,0
DA:502,0
DA:503,0
DA:504,0
DA:505,0
DA:506,0
DA:508,0
LF:55
LH:0
BRDA:28,0,0,0
BRDA:28,0,1,0
BRDA:32,1,0,0
BRDA:32,1,1,0
BRDA:40,2,0,0
BRDA:41,3,0,0
BRDA:41,3,1,0
BRDA:79,4,0,0
BRDA:79,4,1,0
BRDA:82,5,0,0
BRDA:83,6,0,0
BRDA:84,7,0,0
BRDA:85,8,0,0
BRDA:87,9,0,0
BRDA:88,10,0,0
BRDA:89,11,0,0
BRDA:90,12,0,0
BRDA:91,13,0,0
BRDA:92,14,0,0
BRDA:93,15,0,0
BRDA:94,16,0,0
BRDA:94,16,1,0
BRDA:97,17,0,0
BRDA:97,17,1,0
BRDA:98,18,0,0
BRDA:98,18,1,0
BRDA:99,19,0,0
BRDA:99,19,1,0
BRDA:99,20,0,0
BRDA:99,20,1,0
BRDA:105,21,0,0
BRDA:105,21,1,0
BRDA:110,22,0,0
BRDA:110,22,1,0
BRDA:115,23,0,0
BRDA:115,23,1,0
BRDA:120,24,0,0
BRDA:120,24,1,0
BRDA:125,25,0,0
BRDA:125,25,1,0
BRDA:130,26,0,0
BRDA:130,26,1,0
BRDA:135,27,0,0
BRDA:135,27,1,0
BRDA:140,28,0,0
BRDA:140,28,1,0
BRDA:145,29,0,0
BRDA:145,29,1,0
BRDA:150,30,0,0
BRDA:150,30,1,0
BRDA:155,31,0,0
BRDA:155,31,1,0
BRDA:162,32,0,0
BRDA:162,32,1,0
BRDA:173,33,0,0
BRDA:173,33,1,0
BRDA:184,34,0,0
BRDA:184,34,1,0
BRDA:195,35,0,0
BRDA:195,35,1,0
BRDA:202,36,0,0
BRDA:202,36,1,0
BRDA:208,37,0,0
BRDA:208,37,1,0
BRDA:213,38,0,0
BRDA:213,38,1,0
BRDA:218,39,0,0
BRDA:218,39,1,0
BRDA:223,40,0,0
BRDA:223,40,1,0
BRDA:228,41,0,0
BRDA:228,41,1,0
BRDA:233,42,0,0
BRDA:233,42,1,0
BRDA:238,43,0,0
BRDA:238,43,1,0
BRDA:243,44,0,0
BRDA:243,44,1,0
BRDA:248,45,0,0
BRDA:248,45,1,0
BRDA:253,46,0,0
BRDA:253,46,1,0
BRDA:258,47,0,0
BRDA:258,47,1,0
BRDA:263,48,0,0
BRDA:263,48,1,0
BRDA:263,49,0,0
BRDA:263,49,1,0
BRDA:269,50,0,0
BRDA:269,50,1,0
BRDA:274,51,0,0
BRDA:274,51,1,0
BRDA:279,52,0,0
BRDA:279,52,1,0
BRDA:279,53,0,0
BRDA:279,53,1,0
BRDA:285,54,0,0
BRDA:285,54,1,0
BRDA:285,55,0,0
BRDA:285,55,1,0
BRDA:290,56,0,0
BRDA:290,56,1,0
BRDA:295,57,0,0
BRDA:295,57,1,0
BRDA:300,58,0,0
BRDA:300,58,1,0
BRDA:305,59,0,0
BRDA:305,59,1,0
BRDA:310,60,0,0
BRDA:310,60,1,0
BRDA:315,61,0,0
BRDA:315,61,1,0
BRDA:320,62,0,0
BRDA:320,62,1,0
BRDA:325,63,0,0
BRDA:325,63,1,0
BRDA:330,64,0,0
BRDA:330,64,1,0
BRDA:330,65,0,0
BRDA:330,65,1,0
BRDA:337,66,0,0
BRDA:337,66,1,0
BRDA:337,67,0,0
BRDA:337,67,1,0
BRDA:338,68,0,0
BRDA:338,68,1,0
BRDA:338,69,0,0
BRDA:338,69,1,0
BRDA:339,70,0,0
BRDA:339,70,1,0
BRDA:339,71,0,0
BRDA:339,71,1,0
BRDA:340,72,0,0
BRDA:340,72,1,0
BRDA:340,72,2,0
BRDA:340,72,3,0
BRDA:340,73,0,0
BRDA:340,73,1,0
BRDA:341,74,0,0
BRDA:341,74,1,0
BRDA:342,75,0,0
BRDA:342,75,1,0
BRDA:349,76,0,0
BRDA:349,76,1,0
BRDA:357,77,0,0
BRDA:357,77,1,0
BRDA:359,78,0,0
BRDA:359,78,1,0
BRDA:360,79,0,0
BRDA:360,79,1,0
BRDA:361,80,0,0
BRDA:361,80,1,0
BRDA:366,81,0,0
BRDA:366,81,1,0
BRDA:366,82,0,0
BRDA:367,83,0,0
BRDA:367,83,1,0
BRDA:367,84,0,0
BRDA:367,84,1,0
BRDA:377,85,0,0
BRDA:377,85,1,0
BRDA:390,86,0,0
BRDA:390,86,1,0
BRDA:412,87,0,0
BRDA:414,88,0,0
BRDA:414,88,1,0
BRDA:415,89,0,0
BRDA:415,89,1,0
BRDA:418,90,0,0
BRDA:418,90,1,0
BRDA:420,91,0,0
BRDA:420,91,1,0
BRDA:455,92,0,0
BRDA:455,92,1,0
BRDA:463,93,0,0
BRDA:463,93,1,0
BRDA:463,93,2,0
BRDA:503,94,0,0
BRDA:503,94,1,0
BRDA:504,95,0,0
BRDA:504,95,1,0
BRDA:505,96,0,0
BRDA:505,96,1,0
BRDA:506,97,0,0
BRDA:506,97,1,0
BRF:185
BRH:0
end_of_record
TN:
SF:/Users/pragalbha/Documents/GoComet/frontend-service/components/client/dispatch/details/EnquiryDetails/styles.jsx
FN:46,(anonymous_0)
FNF:1
FNH:0
FNDA:0,(anonymous_0)
DA:5,0
DA:39,0
DA:46,0
DA:52,0
LF:4
LH:0
BRDA:46,0,0,0
BRDA:46,0,1,0
BRF:2
BRH:0
end_of_record
TN:
SF:/Users/pragalbha/Documents/GoComet/frontend-service/components/client/dispatch/details/EnquiryDetails/ModalMessages/MessageAndActivity.jsx
FN:20,(anonymous_0)
FN:25,(anonymous_1)
FN:29,(anonymous_2)
FN:45,(anonymous_3)
FN:54,(anonymous_4)
FN:59,(anonymous_5)
FN:61,(anonymous_6)
FN:66,(anonymous_7)
FN:78,(anonymous_8)
FN:83,(anonymous_9)
FN:89,(anonymous_10)
FN:93,(anonymous_11)
FN:112,(anonymous_12)
FN:138,(anonymous_13)
FN:139,(anonymous_14)
FN:140,(anonymous_15)
FN:141,(anonymous_16)
FNF:17
FNH:0
FNDA:0,(anonymous_0)
FNDA:0,(anonymous_1)
FNDA:0,(anonymous_2)
FNDA:0,(anonymous_3)
FNDA:0,(anonymous_4)
FNDA:0,(anonymous_5)
FNDA:0,(anonymous_6)
FNDA:0,(anonymous_7)
FNDA:0,(anonymous_8)
FNDA:0,(anonymous_9)
FNDA:0,(anonymous_10)
FNDA:0,(anonymous_11)
FNDA:0,(anonymous_12)
FNDA:0,(anonymous_13)
FNDA:0,(anonymous_14)
FNDA:0,(anonymous_15)
FNDA:0,(anonymous_16)
DA:21,0
DA:22,0
DA:26,0
DA:29,0
DA:30,0
DA:40,0
DA:41,0
DA:45,0
DA:46,0
DA:47,0
DA:49,0
DA:50,0
DA:54,0
DA:55,0
DA:56,0
DA:59,0
DA:60,0
DA:61,0
DA:62,0
DA:66,0
DA:67,0
DA:73,0
DA:74,0
DA:75,0
DA:78,0
DA:79,0
DA:80,0
DA:83,0
DA:84,0
DA:85,0
DA:87,0
DA:89,0
DA:94,0
DA:95,0
DA:96,0
DA:99,0
DA:112,0
DA:113,0
DA:114,0
DA:116,0
DA:135,0
LF:41
LH:0
BRDA:40,0,0,0
BRDA:40,0,1,0
BRDA:40,1,0,0
BRDA:40,1,1,0
BRDA:46,2,0,0
BRDA:46,2,1,0
BRDA:49,3,0,0
BRDA:49,3,1,0
BRDA:49,4,0,0
BRDA:49,4,1,0
BRDA:95,5,0,0
BRDA:95,5,1,0
BRDA:114,6,0,0
BRDA:114,6,1,0
BRF:14
BRH:0
end_of_record
TN:
SF:/Users/pragalbha/Documents/GoComet/frontend-service/components/client/dispatch/details/EnquiryDetails/ModalMessages/index.jsx
FN:6,(anonymous_0)
FN:26,(anonymous_1)
FNF:2
FNH:0
FNDA:0,(anonymous_0)
FNDA:0,(anonymous_1)
DA:6,0
DA:7,0
DA:24,0
LF:3
LH:0
BRF:0
BRH:0
end_of_record
TN:
SF:/Users/pragalbha/Documents/GoComet/frontend-service/components/client/dispatch/details/EnquiryDetails/ModalMessages/styles.jsx
FNF:0
FNH:0
DA:4,0
DA:9,0
LF:2
LH:0
BRF:0
BRH:0
end_of_record
TN:
SF:/Users/pragalbha/Documents/GoComet/frontend-service/components/client/dispatch/details/EnquiryDetails/VendorDetails/AddTrucks.jsx
FN:12,(anonymous_0)
FN:44,(anonymous_1)
FN:61,(anonymous_2)
FN:69,(anonymous_3)
FN:85,(anonymous_4)
FN:86,(anonymous_5)
FN:99,(anonymous_6)
FN:115,(anonymous_7)
FN:134,(anonymous_8)
FN:161,(anonymous_9)
FNF:10
FNH:0
FNDA:0,(anonymous_0)
FNDA:0,(anonymous_1)
FNDA:0,(anonymous_2)
FNDA:0,(anonymous_3)
FNDA:0,(anonymous_4)
FNDA:0,(anonymous_5)
FNDA:0,(anonymous_6)
FNDA:0,(anonymous_7)
FNDA:0,(anonymous_8)
FNDA:0,(anonymous_9)
DA:10,0
DA:12,0
DA:15,0
DA:28,0
DA:39,0
DA:42,0
DA:44,0
DA:45,0
DA:46,0
DA:47,0
DA:48,0
DA:50,0
DA:51,0
DA:52,0
DA:55,0
DA:58,0
DA:61,0
DA:62,0
DA:63,0
DA:65,0
DA:66,0
DA:68,0
DA:69,0
DA:71,0
DA:72,0
DA:75,0
DA:78,0
DA:81,0
DA:85,0
DA:87,0
DA:100,0
DA:101,0
DA:102,0
DA:116,0
DA:117,0
DA:118,0
DA:135,0
DA:136,0
DA:137,0
DA:157,0
LF:40
LH:0
BRDA:19,0,0,0
BRDA:19,0,1,0
BRDA:22,1,0,0
BRDA:22,1,1,0
BRDA:24,2,0,0
BRDA:24,2,1,0
BRDA:47,3,0,0
BRDA:47,3,1,0
BRDA:50,4,0,0
BRDA:50,4,1,0
BRDA:65,5,0,0
BRDA:65,5,1,0
BRDA:86,6,0,0
BRDA:86,6,1,0
BRDA:100,7,0,0
BRDA:100,7,1,0
BRDA:101,8,0,0
BRDA:101,8,1,0
BRDA:116,9,0,0
BRDA:116,9,1,0
BRDA:117,10,0,0
BRDA:117,10,1,0
BRDA:135,11,0,0
BRDA:135,11,1,0
BRDA:136,12,0,0
BRDA:136,12,1,0
BRF:26
BRH:0
end_of_record
TN:
SF:/Users/pragalbha/Documents/GoComet/frontend-service/components/client/dispatch/details/EnquiryDetails/VendorDetails/AddVendors.jsx
FN:72,(anonymous_0)
FN:83,(anonymous_1)
FN:96,(anonymous_2)
FN:136,(anonymous_3)
FN:141,(anonymous_4)
FN:165,(anonymous_5)
FN:205,(anonymous_6)
FN:216,(anonymous_7)
FN:232,(anonymous_8)
FN:239,(anonymous_9)
FN:248,(anonymous_10)
FN:253,(anonymous_11)
FN:288,(anonymous_12)
FN:289,(anonymous_13)
FN:296,(anonymous_14)
FN:310,(anonymous_15)
FN:314,(anonymous_16)
FN:317,(anonymous_17)
FN:340,(anonymous_18)
FN:352,(anonymous_19)
FN:358,(anonymous_20)
FN:361,(anonymous_21)
FN:366,(anonymous_22)
FN:384,(anonymous_23)
FN:397,(anonymous_24)
FN:401,(anonymous_25)
FN:419,(anonymous_26)
FN:443,(anonymous_27)
FN:451,(anonymous_28)
FN:452,(anonymous_29)
FN:454,(anonymous_30)
FN:475,(anonymous_31)
FN:477,(anonymous_32)
FN:548,(anonymous_33)
FN:564,(anonymous_34)
FN:580,(anonymous_35)
FN:616,(anonymous_36)
FN:617,(anonymous_37)
FN:618,(anonymous_38)
FN:619,(anonymous_39)
FN:622,(anonymous_40)
FNF:41
FNH:0
FNDA:0,(anonymous_0)
FNDA:0,(anonymous_1)
FNDA:0,(anonymous_2)
FNDA:0,(anonymous_3)
FNDA:0,(anonymous_4)
FNDA:0,(anonymous_5)
FNDA:0,(anonymous_6)
FNDA:0,(anonymous_7)
FNDA:0,(anonymous_8)
FNDA:0,(anonymous_9)
FNDA:0,(anonymous_10)
FNDA:0,(anonymous_11)
FNDA:0,(anonymous_12)
FNDA:0,(anonymous_13)
FNDA:0,(anonymous_14)
FNDA:0,(anonymous_15)
FNDA:0,(anonymous_16)
FNDA:0,(anonymous_17)
FNDA:0,(anonymous_18)
FNDA:0,(anonymous_19)
FNDA:0,(anonymous_20)
FNDA:0,(anonymous_21)
FNDA:0,(anonymous_22)
FNDA:0,(anonymous_23)
FNDA:0,(anonymous_24)
FNDA:0,(anonymous_25)
FNDA:0,(anonymous_26)
FNDA:0,(anonymous_27)
FNDA:0,(anonymous_28)
FNDA:0,(anonymous_29)
FNDA:0,(anonymous_30)
FNDA:0,(anonymous_31)
FNDA:0,(anonymous_32)
FNDA:0,(anonymous_33)
FNDA:0,(anonymous_34)
FNDA:0,(anonymous_35)
FNDA:0,(anonymous_36)
FNDA:0,(anonymous_37)
FNDA:0,(anonymous_38)
FNDA:0,(anonymous_39)
FNDA:0,(anonymous_40)
DA:34,0
DA:35,0
DA:36,0
DA:38,0
DA:39,0
DA:45,0
DA:51,0
DA:55,0
DA:64,0
DA:70,0
DA:72,0
DA:73,0
DA:74,0
DA:80,0
DA:83,0
DA:84,0
DA:86,0
DA:88,0
DA:90,0
DA:92,0
DA:96,0
DA:123,0
DA:133,0
DA:134,0
DA:136,0
DA:137,0
DA:138,0
DA:141,0
DA:142,0
DA:144,0
DA:158,0
DA:160,0
DA:161,0
DA:163,0
DA:165,0
DA:166,0
DA:167,0
DA:168,0
DA:182,0
DA:183,0
DA:184,0
DA:185,0
DA:188,0
DA:199,0
DA:205,0
DA:217,0
DA:232,0
DA:239,0
DA:248,0
DA:258,0
DA:289,0
DA:296,0
DA:299,0
DA:303,0
DA:304,0
DA:305,0
DA:307,0
DA:310,0
DA:311,0
DA:314,0
DA:315,0
DA:317,0
DA:318,0
DA:319,0
DA:322,0
DA:323,0
DA:325,0
DA:327,0
DA:328,0
DA:329,0
DA:340,0
DA:341,0
DA:342,0
DA:343,0
DA:345,0
DA:349,0
DA:352,0
DA:353,0
DA:354,0
DA:355,0
DA:358,0
DA:359,0
DA:360,0
DA:361,0
DA:363,0
DA:366,0
DA:367,0
DA:370,0
DA:371,0
DA:373,0
DA:374,0
DA:376,0
DA:384,0
DA:397,0
DA:402,0
DA:403,0
DA:420,0
DA:421,0
DA:422,0
DA:443,0
DA:451,0
DA:452,0
DA:455,0
DA:475,0
DA:478,0
DA:549,0
DA:565,0
DA:580,0
DA:605,0
DA:622,0
DA:625,0
DA:626,0
DA:627,0
DA:628,0
DA:629,0
LF:115
LH:0
BRDA:72,0,0,0
BRDA:73,1,0,0
BRDA:73,1,1,0
BRDA:73,2,0,0
BRDA:73,2,1,0
BRDA:73,2,2,0
BRDA:84,3,0,0
BRDA:84,3,1,0
BRDA:84,3,2,0
BRDA:84,3,3,0
BRDA:101,4,0,0
BRDA:142,5,0,0
BRDA:142,5,1,0
BRDA:152,6,0,0
BRDA:153,7,0,0
BRDA:154,8,0,0
BRDA:155,9,0,0
BRDA:156,10,0,0
BRDA:157,11,0,0
BRDA:158,12,0,0
BRDA:158,12,1,0
BRDA:166,13,0,0
BRDA:166,13,1,0
BRDA:168,14,0,0
BRDA:168,14,1,0
BRDA:205,15,0,0
BRDA:205,15,1,0
BRDA:218,16,0,0
BRDA:218,16,1,0
BRDA:219,17,0,0
BRDA:219,17,1,0
BRDA:224,18,0,0
BRDA:224,18,1,0
BRDA:232,19,0,0
BRDA:232,19,1,0
BRDA:239,20,0,0
BRDA:239,20,1,0
BRDA:248,21,0,0
BRDA:248,21,1,0
BRDA:258,22,0,0
BRDA:258,22,1,0
BRDA:265,23,0,0
BRDA:265,23,1,0
BRDA:266,24,0,0
BRDA:266,24,1,0
BRDA:269,25,0,0
BRDA:269,25,1,0
BRDA:303,26,0,0
BRDA:303,26,1,0
BRDA:315,27,0,0
BRDA:315,27,1,0
BRDA:317,28,0,0
BRDA:317,28,1,0
BRDA:318,29,0,0
BRDA:318,29,1,0
BRDA:319,30,0,0
BRDA:319,30,1,0
BRDA:325,31,0,0
BRDA:325,31,1,0
BRDA:327,32,0,0
BRDA:327,32,1,0
BRDA:328,33,0,0
BRDA:328,33,1,0
BRDA:332,34,0,0
BRDA:332,34,1,0
BRDA:340,35,0,0
BRDA:340,35,1,0
BRDA:341,36,0,0
BRDA:341,36,1,0
BRDA:342,37,0,0
BRDA:342,37,1,0
BRDA:342,38,0,0
BRDA:342,38,1,0
BRDA:343,39,0,0
BRDA:343,39,1,0
BRDA:353,40,0,0
BRDA:353,40,1,0
BRDA:354,41,0,0
BRDA:354,41,1,0
BRDA:359,42,0,0
BRDA:359,42,1,0
BRDA:360,43,0,0
BRDA:360,43,1,0
BRDA:361,44,0,0
BRDA:361,44,1,0
BRDA:363,45,0,0
BRDA:363,45,1,0
BRDA:370,46,0,0
BRDA:370,46,1,0
BRDA:373,47,0,0
BRDA:373,47,1,0
BRDA:391,48,0,0
BRDA:391,48,1,0
BRDA:401,49,0,0
BRDA:401,49,1,0
BRDA:402,50,0,0
BRDA:402,50,1,0
BRDA:414,51,0,0
BRDA:414,51,1,0
BRDA:419,52,0,0
BRDA:419,52,1,0
BRDA:420,53,0,0
BRDA:420,53,1,0
BRDA:421,54,0,0
BRDA:421,54,1,0
BRDA:432,55,0,0
BRDA:432,55,1,0
BRDA:450,56,0,0
BRDA:450,56,1,0
BRDA:454,57,0,0
BRDA:454,57,1,0
BRDA:477,58,0,0
BRDA:477,58,1,0
BRDA:481,59,0,0
BRDA:481,59,1,0
BRDA:487,60,0,0
BRDA:487,60,1,0
BRDA:495,61,0,0
BRDA:495,61,1,0
BRDA:506,62,0,0
BRDA:506,62,1,0
BRDA:506,63,0,0
BRDA:506,63,1,0
BRDA:512,64,0,0
BRDA:512,64,1,0
BRDA:518,65,0,0
BRDA:518,65,1,0
BRDA:562,66,0,0
BRDA:562,66,1,0
BRDA:562,67,0,0
BRDA:562,67,1,0
BRDA:577,68,0,0
BRDA:577,68,1,0
BRDA:580,69,0,0
BRDA:628,70,0,0
BRDA:628,70,1,0
BRF:136
BRH:0
end_of_record
TN:
SF:/Users/pragalbha/Documents/GoComet/frontend-service/components/client/dispatch/details/EnquiryDetails/VendorDetails/EditSubDispatch.jsx
FN:37,(anonymous_0)
FN:57,(anonymous_1)
FN:73,(anonymous_2)
FN:86,(anonymous_3)
FN:148,(anonymous_4)
FN:151,(anonymous_5)
FN:151,(anonymous_6)
FN:157,(anonymous_7)
FN:182,(anonymous_8)
FN:185,(anonymous_9)
FN:198,(anonymous_10)
FN:205,(anonymous_11)
FN:209,(anonymous_12)
FN:214,(anonymous_13)
FN:220,(anonymous_14)
FN:229,(anonymous_15)
FN:237,(anonymous_16)
FN:261,(anonymous_17)
FN:277,(anonymous_18)
FN:359,(anonymous_19)
FN:418,(anonymous_20)
FN:419,(anonymous_21)
FN:420,(anonymous_22)
FN:421,(anonymous_23)
FN:422,(anonymous_24)
FN:425,(anonymous_25)
FNF:26
FNH:0
FNDA:0,(anonymous_0)
FNDA:0,(anonymous_1)
FNDA:0,(anonymous_2)
FNDA:0,(anonymous_3)
FNDA:0,(anonymous_4)
FNDA:0,(anonymous_5)
FNDA:0,(anonymous_6)
FNDA:0,(anonymous_7)
FNDA:0,(anonymous_8)
FNDA:0,(anonymous_9)
FNDA:0,(anonymous_10)
FNDA:0,(anonymous_11)
FNDA:0,(anonymous_12)
FNDA:0,(anonymous_13)
FNDA:0,(anonymous_14)
FNDA:0,(anonymous_15)
FNDA:0,(anonymous_16)
FNDA:0,(anonymous_17)
FNDA:0,(anonymous_18)
FNDA:0,(anonymous_19)
FNDA:0,(anonymous_20)
FNDA:0,(anonymous_21)
FNDA:0,(anonymous_22)
FNDA:0,(anonymous_23)
FNDA:0,(anonymous_24)
FNDA:0,(anonymous_25)
DA:33,0
DA:37,0
DA:45,0
DA:47,0
DA:48,0
DA:51,0
DA:52,0
DA:54,0
DA:57,0
DA:58,0
DA:59,0
DA:67,0
DA:73,0
DA:74,0
DA:75,0
DA:83,0
DA:86,0
DA:89,0
DA:93,0
DA:94,0
DA:97,0
DA:98,0
DA:101,0
DA:104,0
DA:108,0
DA:109,0
DA:112,0
DA:113,0
DA:114,0
DA:118,0
DA:119,0
DA:121,0
DA:124,0
DA:125,0
DA:126,0
DA:129,0
DA:130,0
DA:131,0
DA:132,0
DA:134,0
DA:138,0
DA:144,0
DA:146,0
DA:147,0
DA:148,0
DA:151,0
DA:154,0
DA:157,0
DA:167,0
DA:169,0
DA:170,0
DA:172,0
DA:176,0
DA:182,0
DA:183,0
DA:184,0
DA:185,0
DA:186,0
DA:187,0
DA:189,0
DA:190,0
DA:191,0
DA:198,0
DA:199,0
DA:200,0
DA:201,0
DA:202,0
DA:205,0
DA:206,0
DA:207,0
DA:208,0
DA:209,0
DA:211,0
DA:214,0
DA:215,0
DA:216,0
DA:218,0
DA:219,0
DA:220,0
DA:222,0
DA:223,0
DA:225,0
DA:226,0
DA:228,0
DA:229,0
DA:230,0
DA:233,0
DA:237,0
DA:238,0
DA:239,0
DA:241,0
DA:242,0
DA:243,0
DA:244,0
DA:246,0
DA:247,0
DA:248,0
DA:249,0
DA:250,0
DA:251,0
DA:252,0
DA:253,0
DA:254,0
DA:257,0
DA:261,0
DA:268,0
DA:269,0
DA:270,0
DA:271,0
DA:272,0
DA:274,0
DA:278,0
DA:292,0
DA:293,0
DA:303,0
DA:305,0
DA:307,0
DA:308,0
DA:310,0
DA:359,0
DA:397,0
DA:425,0
DA:426,0
DA:427,0
DA:436,0
DA:437,0
DA:438,0
DA:439,0
DA:441,0
LF:129
LH:0
BRDA:47,0,0,0
BRDA:47,0,1,0
BRDA:51,1,0,0
BRDA:51,1,1,0
BRDA:77,2,0,0
BRDA:77,2,1,0
BRDA:78,3,0,0
BRDA:78,3,1,0
BRDA:79,4,0,0
BRDA:79,4,1,0
BRDA:80,5,0,0
BRDA:80,5,1,0
BRDA:93,6,0,0
BRDA:93,6,1,0
BRDA:101,7,0,0
BRDA:101,7,1,0
BRDA:104,8,0,0
BRDA:104,8,1,0
BRDA:105,9,0,0
BRDA:105,9,1,0
BRDA:105,9,2,0
BRDA:105,9,3,0
BRDA:105,9,4,0
BRDA:105,9,5,0
BRDA:112,10,0,0
BRDA:112,10,1,0
BRDA:118,11,0,0
BRDA:118,11,1,0
BRDA:118,12,0,0
BRDA:118,12,1,0
BRDA:124,13,0,0
BRDA:124,13,1,0
BRDA:129,14,0,0
BRDA:129,14,1,0
BRDA:131,15,0,0
BRDA:131,15,1,0
BRDA:132,16,0,0
BRDA:132,16,1,0
BRDA:138,17,0,0
BRDA:138,17,1,0
BRDA:138,18,0,0
BRDA:138,18,1,0
BRDA:146,19,0,0
BRDA:146,19,1,0
BRDA:148,20,0,0
BRDA:148,20,1,0
BRDA:151,21,0,0
BRDA:151,21,1,0
BRDA:157,22,0,0
BRDA:157,22,1,0
BRDA:167,23,0,0
BRDA:167,23,1,0
BRDA:169,24,0,0
BRDA:169,24,1,0
BRDA:170,25,0,0
BRDA:170,25,1,0
BRDA:170,26,0,0
BRDA:170,26,1,0
BRDA:172,27,0,0
BRDA:172,27,1,0
BRDA:172,28,0,0
BRDA:172,28,1,0
BRDA:184,29,0,0
BRDA:184,29,1,0
BRDA:186,30,0,0
BRDA:186,30,1,0
BRDA:189,31,0,0
BRDA:189,31,1,0
BRDA:192,32,0,0
BRDA:192,32,1,0
BRDA:200,33,0,0
BRDA:200,33,1,0
BRDA:201,34,0,0
BRDA:201,34,1,0
BRDA:207,35,0,0
BRDA:207,35,1,0
BRDA:208,36,0,0
BRDA:208,36,1,0
BRDA:209,37,0,0
BRDA:209,37,1,0
BRDA:211,38,0,0
BRDA:211,38,1,0
BRDA:216,39,0,0
BRDA:216,39,1,0
BRDA:220,40,0,0
BRDA:220,40,1,0
BRDA:222,41,0,0
BRDA:222,41,1,0
BRDA:223,42,0,0
BRDA:223,42,1,0
BRDA:228,43,0,0
BRDA:228,43,1,0
BRDA:228,44,0,0
BRDA:228,44,1,0
BRDA:229,45,0,0
BRDA:229,45,1,0
BRDA:230,46,0,0
BRDA:230,46,1,0
BRDA:230,47,0,0
BRDA:230,47,1,0
BRDA:239,48,0,0
BRDA:239,48,1,0
BRDA:248,49,0,0
BRDA:248,49,1,0
BRDA:249,50,0,0
BRDA:249,50,1,0
BRDA:249,51,0,0
BRDA:249,51,1,0
BRDA:250,52,0,0
BRDA:250,52,1,0
BRDA:253,53,0,0
BRDA:253,53,1,0
BRDA:269,54,0,0
BRDA:269,54,1,0
BRDA:293,55,0,0
BRDA:293,55,1,0
BRDA:296,56,0,0
BRDA:303,57,0,0
BRDA:303,57,1,0
BRDA:307,58,0,0
BRDA:307,58,1,0
BRDA:307,59,0,0
BRDA:307,59,1,0
BRDA:312,60,0,0
BRDA:312,60,1,0
BRDA:427,61,0,0
BRDA:427,61,1,0
BRDA:438,62,0,0
BRDA:438,62,1,0
BRDA:439,63,0,0
BRDA:439,63,1,0
BRF:131
BRH:0
end_of_record
TN:
SF:/Users/pragalbha/Documents/GoComet/frontend-service/components/client/dispatch/details/EnquiryDetails/VendorDetails/SetQuantity.jsx
FN:22,(anonymous_0)
FN:25,(anonymous_1)
FN:39,(anonymous_2)
FN:45,(anonymous_3)
FN:50,(anonymous_4)
FN:55,(anonymous_5)
FN:81,(anonymous_6)
FN:92,(anonymous_7)
FN:126,(anonymous_8)
FN:145,(anonymous_9)
FN:164,(anonymous_10)
FN:183,(anonymous_11)
FN:210,(anonymous_12)
FN:231,(anonymous_13)
FN:254,(anonymous_14)
FNF:15
FNH:0
FNDA:0,(anonymous_0)
FNDA:0,(anonymous_1)
FNDA:0,(anonymous_2)
FNDA:0,(anonymous_3)
FNDA:0,(anonymous_4)
FNDA:0,(anonymous_5)
FNDA:0,(anonymous_6)
FNDA:0,(anonymous_7)
FNDA:0,(anonymous_8)
FNDA:0,(anonymous_9)
FNDA:0,(anonymous_10)
FNDA:0,(anonymous_11)
FNDA:0,(anonymous_12)
FNDA:0,(anonymous_13)
FNDA:0,(anonymous_14)
DA:16,0
DA:17,0
DA:18,0
DA:19,0
DA:22,0
DA:25,0
DA:26,0
DA:27,0
DA:28,0
DA:29,0
DA:31,0
DA:32,0
DA:34,0
DA:36,0
DA:39,0
DA:40,0
DA:41,0
DA:42,0
DA:45,0
DA:46,0
DA:48,0
DA:49,0
DA:50,0
DA:52,0
DA:54,0
DA:55,0
DA:57,0
DA:60,0
DA:63,0
DA:64,0
DA:74,0
DA:76,0
DA:77,0
DA:79,0
DA:84,0
DA:85,0
DA:86,0
DA:93,0
DA:94,0
DA:95,0
DA:105,0
DA:111,0
DA:113,0
DA:116,0
DA:118,0
DA:127,0
DA:128,0
DA:129,0
DA:146,0
DA:147,0
DA:148,0
DA:165,0
DA:166,0
DA:167,0
DA:183,0
DA:197,0
DA:200,0
DA:202,0
DA:211,0
DA:212,0
DA:213,0
DA:231,0
DA:251,0
LF:63
LH:0
BRDA:26,0,0,0
BRDA:26,0,1,0
BRDA:27,1,0,0
BRDA:27,1,1,0
BRDA:28,2,0,0
BRDA:28,2,1,0
BRDA:31,3,0,0
BRDA:31,3,1,0
BRDA:48,4,0,0
BRDA:48,4,1,0
BRDA:63,5,0,0
BRDA:63,5,1,0
BRDA:74,6,0,0
BRDA:74,6,1,0
BRDA:76,7,0,0
BRDA:76,7,1,0
BRDA:76,8,0,0
BRDA:76,8,1,0
BRDA:77,9,0,0
BRDA:77,9,1,0
BRDA:77,10,0,0
BRDA:77,10,1,0
BRDA:81,11,0,0
BRDA:81,11,1,0
BRDA:81,12,0,0
BRDA:81,12,1,0
BRDA:84,13,0,0
BRDA:84,13,1,0
BRDA:85,14,0,0
BRDA:85,14,1,0
BRDA:85,15,0,0
BRDA:85,15,1,0
BRDA:88,16,0,0
BRDA:88,16,1,0
BRDA:93,17,0,0
BRDA:93,17,1,0
BRDA:94,18,0,0
BRDA:94,18,1,0
BRDA:111,19,0,0
BRDA:111,19,1,0
BRDA:113,20,0,0
BRDA:113,20,1,0
BRDA:116,21,0,0
BRDA:116,21,1,0
BRDA:127,22,0,0
BRDA:127,22,1,0
BRDA:128,23,0,0
BRDA:128,23,1,0
BRDA:146,24,0,0
BRDA:146,24,1,0
BRDA:147,25,0,0
BRDA:147,25,1,0
BRDA:165,26,0,0
BRDA:165,26,1,0
BRDA:166,27,0,0
BRDA:166,27,1,0
BRDA:197,28,0,0
BRDA:197,28,1,0
BRDA:200,29,0,0
BRDA:200,29,1,0
BRDA:211,30,0,0
BRDA:211,30,1,0
BRDA:212,31,0,0
BRDA:212,31,1,0
BRDA:218,32,0,0
BRDA:218,32,1,0
BRDA:234,33,0,0
BRDA:234,33,1,0
BRF:68
BRH:0
end_of_record
TN:
SF:/Users/pragalbha/Documents/GoComet/frontend-service/components/client/dispatch/details/EnquiryDetails/VendorDetails/index.jsx
FN:43,(anonymous_0)
FN:63,(anonymous_1)
FN:99,(anonymous_2)
FN:102,(anonymous_3)
FN:108,(anonymous_4)
FN:111,(anonymous_5)
FN:115,(anonymous_6)
FN:136,(anonymous_7)
FN:137,(anonymous_8)
FN:140,(anonymous_9)
FN:158,(anonymous_10)
FN:165,(anonymous_11)
FN:179,(anonymous_12)
FN:189,(anonymous_13)
FN:199,(anonymous_14)
FN:208,(anonymous_15)
FN:217,(anonymous_16)
FN:231,(anonymous_17)
FN:233,(anonymous_18)
FN:245,(anonymous_19)
FN:251,(anonymous_20)
FN:269,(anonymous_21)
FN:270,(anonymous_22)
FN:301,(anonymous_23)
FN:303,(anonymous_24)
FN:304,(anonymous_25)
FN:307,(anonymous_26)
FN:340,(anonymous_27)
FN:452,(anonymous_28)
FN:453,(anonymous_29)
FN:454,(anonymous_30)
FN:455,(anonymous_31)
FN:456,(anonymous_32)
FN:457,(anonymous_33)
FN:458,(anonymous_34)
FN:461,(anonymous_35)
FNF:36
FNH:0
FNDA:0,(anonymous_0)
FNDA:0,(anonymous_1)
FNDA:0,(anonymous_2)
FNDA:0,(anonymous_3)
FNDA:0,(anonymous_4)
FNDA:0,(anonymous_5)
FNDA:0,(anonymous_6)
FNDA:0,(anonymous_7)
FNDA:0,(anonymous_8)
FNDA:0,(anonymous_9)
FNDA:0,(anonymous_10)
FNDA:0,(anonymous_11)
FNDA:0,(anonymous_12)
FNDA:0,(anonymous_13)
FNDA:0,(anonymous_14)
FNDA:0,(anonymous_15)
FNDA:0,(anonymous_16)
FNDA:0,(anonymous_17)
FNDA:0,(anonymous_18)
FNDA:0,(anonymous_19)
FNDA:0,(anonymous_20)
FNDA:0,(anonymous_21)
FNDA:0,(anonymous_22)
FNDA:0,(anonymous_23)
FNDA:0,(anonymous_24)
FNDA:0,(anonymous_25)
FNDA:0,(anonymous_26)
FNDA:0,(anonymous_27)
FNDA:0,(anonymous_28)
FNDA:0,(anonymous_29)
FNDA:0,(anonymous_30)
FNDA:0,(anonymous_31)
FNDA:0,(anonymous_32)
FNDA:0,(anonymous_33)
FNDA:0,(anonymous_34)
FNDA:0,(anonymous_35)
DA:40,0
DA:41,0
DA:43,0
DA:44,0
DA:45,0
DA:47,0
DA:51,0
DA:55,0
DA:59,0
DA:63,0
DA:87,0
DA:90,0
DA:91,0
DA:92,0
DA:93,0
DA:94,0
DA:95,0
DA:99,0
DA:100,0
DA:102,0
DA:103,0
DA:108,0
DA:109,0
DA:111,0
DA:112,0
DA:113,0
DA:115,0
DA:116,0
DA:117,0
DA:122,0
DA:133,0
DA:134,0
DA:136,0
DA:137,0
DA:140,0
DA:141,0
DA:142,0
DA:143,0
DA:144,0
DA:146,0
DA:147,0
DA:149,0
DA:151,0
DA:152,0
DA:153,0
DA:158,0
DA:159,0
DA:160,0
DA:161,0
DA:165,0
DA:166,0
DA:167,0
DA:169,0
DA:170,0
DA:171,0
DA:173,0
DA:179,0
DA:180,0
DA:181,0
DA:183,0
DA:184,0
DA:186,0
DA:189,0
DA:190,0
DA:191,0
DA:193,0
DA:194,0
DA:196,0
DA:199,0
DA:200,0
DA:208,0
DA:209,0
DA:210,0
DA:211,0
DA:213,0
DA:214,0
DA:217,0
DA:218,0
DA:231,0
DA:233,0
DA:245,0
DA:251,0
DA:252,0
DA:253,0
DA:254,0
DA:255,0
DA:269,0
DA:270,0
DA:271,0
DA:301,0
DA:303,0
DA:304,0
DA:307,0
DA:340,0
DA:436,0
DA:461,0
DA:462,0
DA:463,0
DA:464,0
DA:465,0
DA:466,0
LF:101
LH:0
BRDA:44,0,0,0
BRDA:44,0,1,0
BRDA:45,1,0,0
BRDA:45,1,1,0
BRDA:45,1,2,0
BRDA:45,1,3,0
BRDA:134,2,0,0
BRDA:134,2,1,0
BRDA:141,3,0,0
BRDA:141,3,1,0
BRDA:142,4,0,0
BRDA:142,4,1,0
BRDA:143,5,0,0
BRDA:143,5,1,0
BRDA:146,6,0,0
BRDA:146,6,1,0
BRDA:146,7,0,0
BRDA:146,7,1,0
BRDA:146,7,2,0
BRDA:160,8,0,0
BRDA:160,8,1,0
BRDA:166,9,0,0
BRDA:166,9,1,0
BRDA:169,10,0,0
BRDA:169,10,1,0
BRDA:169,11,0,0
BRDA:169,11,1,0
BRDA:180,12,0,0
BRDA:180,12,1,0
BRDA:181,13,0,0
BRDA:181,13,1,0
BRDA:183,14,0,0
BRDA:183,14,1,0
BRDA:184,15,0,0
BRDA:184,15,1,0
BRDA:186,16,0,0
BRDA:186,16,1,0
BRDA:190,17,0,0
BRDA:190,17,1,0
BRDA:191,18,0,0
BRDA:191,18,1,0
BRDA:191,19,0,0
BRDA:191,19,1,0
BRDA:191,20,0,0
BRDA:191,20,1,0
BRDA:193,21,0,0
BRDA:193,21,1,0
BRDA:194,22,0,0
BRDA:194,22,1,0
BRDA:194,23,0,0
BRDA:194,23,1,0
BRDA:194,24,0,0
BRDA:194,24,1,0
BRDA:209,25,0,0
BRDA:209,25,1,0
BRDA:218,26,0,0
BRDA:218,26,1,0
BRDA:228,27,0,0
BRDA:228,27,1,0
BRDA:228,27,2,0
BRDA:230,28,0,0
BRDA:230,28,1,0
BRDA:252,29,0,0
BRDA:252,30,0,0
BRDA:252,31,0,0
BRDA:252,31,1,0
BRDA:269,32,0,0
BRDA:269,32,1,0
BRDA:269,33,0,0
BRDA:269,34,0,0
BRDA:269,34,1,0
BRDA:270,35,0,0
BRDA:270,35,1,0
BRDA:270,36,0,0
BRDA:270,37,0,0
BRDA:270,37,1,0
BRDA:274,38,0,0
BRDA:274,38,1,0
BRDA:288,39,0,0
BRDA:288,39,1,0
BRDA:307,40,0,0
BRDA:307,41,0,0
BRDA:307,41,1,0
BRDA:307,42,0,0
BRDA:307,42,1,0
BRDA:314,43,0,0
BRDA:314,43,1,0
BRDA:314,44,0,0
BRDA:314,44,1,0
BRDA:326,45,0,0
BRDA:326,45,1,0
BRDA:340,46,0,0
BRDA:340,47,0,0
BRDA:340,47,1,0
BRDA:340,48,0,0
BRDA:340,48,1,0
BRDA:373,49,0,0
BRDA:373,49,1,0
BRDA:388,50,0,0
BRDA:388,50,1,0
BRDA:388,50,2,0
BRDA:462,51,0,0
BRDA:462,51,1,0
BRDA:464,52,0,0
BRDA:464,52,1,0
BRF:105
BRH:0
end_of_record
TN:
SF:/Users/pragalbha/Documents/GoComet/frontend-service/components/client/dispatch/details/EnquiryDetails/VendorDetails/styles.jsx
FNF:0
FNH:0
DA:8,0
DA:89,0
DA:93,0
DA:111,0
DA:122,0
DA:150,0
DA:153,0
DA:162,0
DA:174,0
DA:188,0
DA:195,0
LF:11
LH:0
BRF:0
BRH:0
end_of_record
TN:
SF:/Users/pragalbha/Documents/GoComet/frontend-service/components/client/dispatch/details/EnquiryDetails/VendorDetails/helpers/index.jsx
FN:18,(anonymous_0)
FN:30,(anonymous_1)
FN:48,(anonymous_2)
FN:61,(anonymous_3)
FN:74,(anonymous_4)
FN:84,(anonymous_5)
FN:107,(anonymous_6)
FN:121,(anonymous_7)
FN:139,(anonymous_8)
FN:150,(anonymous_9)
FN:161,(anonymous_10)
FN:173,(anonymous_11)
FN:183,(anonymous_12)
FN:192,(anonymous_13)
FN:202,(anonymous_14)
FN:229,(anonymous_15)
FNF:16
FNH:0
FNDA:0,(anonymous_0)
FNDA:0,(anonymous_1)
FNDA:0,(anonymous_2)
FNDA:0,(anonymous_3)
FNDA:0,(anonymous_4)
FNDA:0,(anonymous_5)
FNDA:0,(anonymous_6)
FNDA:0,(anonymous_7)
FNDA:0,(anonymous_8)
FNDA:0,(anonymous_9)
FNDA:0,(anonymous_10)
FNDA:0,(anonymous_11)
FNDA:0,(anonymous_12)
FNDA:0,(anonymous_13)
FNDA:0,(anonymous_14)
FNDA:0,(anonymous_15)
DA:16,0
DA:18,0
DA:19,0
DA:20,0
DA:21,0
DA:23,0
DA:24,0
DA:25,0
DA:27,0
DA:30,0
DA:43,0
DA:49,0
DA:50,0
DA:62,0
DA:63,0
DA:75,0
DA:85,0
DA:86,0
DA:88,0
DA:108,0
DA:110,0
DA:122,0
DA:124,0
DA:140,0
DA:146,0
DA:147,0
DA:155,0
DA:156,0
DA:157,0
DA:158,0
DA:160,0
DA:161,0
DA:162,0
DA:163,0
DA:165,0
DA:167,0
DA:173,0
DA:183,0
DA:192,0
DA:202,0
DA:224,0
DA:225,0
DA:230,0
DA:237,0
LF:44
LH:0
BRDA:19,0,0,0
BRDA:19,0,1,0
BRDA:20,1,0,0
BRDA:20,1,1,0
BRDA:23,2,0,0
BRDA:23,2,1,0
BRDA:23,3,0,0
BRDA:23,3,1,0
BRDA:24,4,0,0
BRDA:24,4,1,0
BRDA:49,5,0,0
BRDA:49,5,1,0
BRDA:51,6,0,0
BRDA:51,6,1,0
BRDA:52,7,0,0
BRDA:52,7,1,0
BRDA:62,8,0,0
BRDA:62,8,1,0
BRDA:64,9,0,0
BRDA:64,9,1,0
BRDA:65,10,0,0
BRDA:65,10,1,0
BRDA:85,11,0,0
BRDA:85,11,1,0
BRDA:86,12,0,0
BRDA:86,12,1,0
BRDA:89,13,0,0
BRDA:89,13,1,0
BRDA:91,14,0,0
BRDA:91,14,1,0
BRDA:108,15,0,0
BRDA:108,15,1,0
BRDA:111,16,0,0
BRDA:111,16,1,0
BRDA:112,17,0,0
BRDA:112,17,1,0
BRDA:122,18,0,0
BRDA:122,18,1,0
BRDA:126,19,0,0
BRDA:126,19,1,0
BRDA:129,20,0,0
BRDA:129,20,1,0
BRDA:140,21,0,0
BRDA:140,21,1,0
BRDA:141,22,0,0
BRDA:141,22,1,0
BRDA:146,23,0,0
BRDA:146,23,1,0
BRDA:155,24,0,0
BRDA:155,25,0,0
BRDA:155,26,0,0
BRDA:155,27,0,0
BRDA:155,27,1,0
BRDA:156,28,0,0
BRDA:156,29,0,0
BRDA:156,30,0,0
BRDA:156,31,0,0
BRDA:156,31,1,0
BRDA:157,32,0,0
BRDA:157,32,1,0
BRDA:158,33,0,0
BRDA:158,33,1,0
BRDA:158,34,0,0
BRDA:158,34,1,0
BRDA:162,35,0,0
BRDA:162,35,1,0
BRDA:165,36,0,0
BRDA:165,36,1,0
BRDA:169,37,0,0
BRDA:169,37,1,0
BRDA:178,38,0,0
BRDA:178,38,1,0
BRDA:188,39,0,0
BRDA:188,39,1,0
BRDA:204,40,0,0
BRDA:204,40,1,0
BRDA:204,41,0,0
BRDA:204,41,1,0
BRDA:204,42,0,0
BRDA:204,42,1,0
BRDA:210,43,0,0
BRDA:210,43,1,0
BRDA:224,44,0,0
BRDA:224,44,1,0
BRF:84
BRH:0
end_of_record
TN:
SF:/Users/pragalbha/Documents/GoComet/frontend-service/components/client/dispatch/details/Header/CancelAndArchive.jsx
FN:16,(anonymous_0)
FN:21,(anonymous_1)
FN:39,(anonymous_2)
FN:41,(anonymous_3)
FN:48,(anonymous_4)
FN:83,(anonymous_5)
FN:115,(anonymous_6)
FN:116,(anonymous_7)
FNF:8
FNH:0
FNDA:0,(anonymous_0)
FNDA:0,(anonymous_1)
FNDA:0,(anonymous_2)
FNDA:0,(anonymous_3)
FNDA:0,(anonymous_4)
FNDA:0,(anonymous_5)
FNDA:0,(anonymous_6)
FNDA:0,(anonymous_7)
DA:8,0
DA:9,0
DA:12,0
DA:16,0
DA:17,0
DA:18,0
DA:21,0
DA:22,0
DA:23,0
DA:30,0
DA:39,0
DA:40,0
DA:41,0
DA:42,0
DA:43,0
DA:49,0
DA:52,0
DA:53,0
DA:55,0
DA:84,0
DA:111,0
DA:119,0
LF:22
LH:0
BRDA:22,0,0,0
BRDA:22,0,1,0
BRDA:42,1,0,0
BRDA:42,1,1,0
BRDA:83,2,0,0
BRDA:83,2,1,0
BRF:6
BRH:0
end_of_record
TN:
SF:/Users/pragalbha/Documents/GoComet/frontend-service/components/client/dispatch/details/Header/index.jsx
FN:23,(anonymous_0)
FN:110,(anonymous_1)
FN:120,(anonymous_2)
FN:135,(anonymous_3)
FN:137,(anonymous_4)
FN:147,(anonymous_5)
FN:149,(anonymous_6)
FN:173,(anonymous_7)
FN:174,(anonymous_8)
FN:175,(anonymous_9)
FNF:10
FNH:0
FNDA:0,(anonymous_0)
FNDA:0,(anonymous_1)
FNDA:0,(anonymous_2)
FNDA:0,(anonymous_3)
FNDA:0,(anonymous_4)
FNDA:0,(anonymous_5)
FNDA:0,(anonymous_6)
FNDA:0,(anonymous_7)
FNDA:0,(anonymous_8)
FNDA:0,(anonymous_9)
DA:23,0
DA:42,0
DA:44,0
DA:137,0
DA:149,0
DA:170,0
LF:6
LH:0
BRDA:42,0,0,0
BRDA:42,0,1,0
BRDA:46,1,0,0
BRDA:46,1,1,0
BRDA:52,2,0,0
BRDA:52,2,1,0
BRDA:53,3,0,0
BRDA:53,3,1,0
BRDA:53,4,0,0
BRDA:53,4,1,0
BRDA:60,5,0,0
BRDA:60,5,1,0
BRDA:60,5,2,0
BRDA:82,6,0,0
BRDA:82,6,1,0
BRDA:83,7,0,0
BRDA:83,7,1,0
BRDA:83,8,0,0
BRDA:83,8,1,0
BRDA:96,9,0,0
BRDA:96,9,1,0
BRDA:96,10,0,0
BRDA:96,10,1,0
BRDA:97,11,0,0
BRDA:97,11,1,0
BRDA:106,12,0,0
BRDA:106,12,1,0
BRDA:130,13,0,0
BRDA:130,13,1,0
BRF:29
BRH:0
end_of_record
TN:
SF:/Users/pragalbha/Documents/GoComet/frontend-service/components/client/dispatch/details/InvoiceListAndUpload/index.jsx
FN:34,(anonymous_0)
FN:39,(anonymous_1)
FN:45,(anonymous_2)
FN:47,(anonymous_3)
FN:62,(anonymous_4)
FN:67,(anonymous_5)
FN:69,(anonymous_6)
FN:72,(anonymous_7)
FN:76,(anonymous_8)
FN:76,(anonymous_9)
FN:82,(anonymous_10)
FN:82,(anonymous_11)
FN:88,(anonymous_12)
FN:130,(anonymous_13)
FN:138,(anonymous_14)
FN:141,(anonymous_15)
FN:159,(anonymous_16)
FN:172,(anonymous_17)
FN:177,(anonymous_18)
FN:203,(anonymous_19)
FN:333,(anonymous_20)
FN:334,(anonymous_21)
FN:335,(anonymous_22)
FN:338,(anonymous_23)
FNF:24
FNH:0
FNDA:0,(anonymous_0)
FNDA:0,(anonymous_1)
FNDA:0,(anonymous_2)
FNDA:0,(anonymous_3)
FNDA:0,(anonymous_4)
FNDA:0,(anonymous_5)
FNDA:0,(anonymous_6)
FNDA:0,(anonymous_7)
FNDA:0,(anonymous_8)
FNDA:0,(anonymous_9)
FNDA:0,(anonymous_10)
FNDA:0,(anonymous_11)
FNDA:0,(anonymous_12)
FNDA:0,(anonymous_13)
FNDA:0,(anonymous_14)
FNDA:0,(anonymous_15)
FNDA:0,(anonymous_16)
FNDA:0,(anonymous_17)
FNDA:0,(anonymous_18)
FNDA:0,(anonymous_19)
FNDA:0,(anonymous_20)
FNDA:0,(anonymous_21)
FNDA:0,(anonymous_22)
FNDA:0,(anonymous_23)
DA:29,0
DA:35,0
DA:36,0
DA:39,0
DA:40,0
DA:45,0
DA:46,0
DA:47,0
DA:48,0
DA:49,0
DA:50,0
DA:54,0
DA:62,0
DA:63,0
DA:64,0
DA:67,0
DA:68,0
DA:69,0
DA:72,0
DA:73,0
DA:76,0
DA:77,0
DA:82,0
DA:83,0
DA:89,0
DA:110,0
DA:111,0
DA:123,0
DA:125,0
DA:126,0
DA:129,0
DA:130,0
DA:131,0
DA:132,0
DA:133,0
DA:135,0
DA:137,0
DA:138,0
DA:141,0
DA:142,0
DA:143,0
DA:144,0
DA:145,0
DA:146,0
DA:155,0
DA:159,0
DA:173,0
DA:180,0
DA:181,0
DA:182,0
DA:184,0
DA:203,0
DA:320,0
DA:338,0
DA:339,0
DA:340,0
DA:341,0
DA:346,0
DA:347,0
DA:348,0
DA:349,0
DA:351,0
LF:62
LH:0
BRDA:48,0,0,0
BRDA:48,0,1,0
BRDA:76,1,0,0
BRDA:76,1,1,0
BRDA:82,2,0,0
BRDA:82,2,1,0
BRDA:111,3,0,0
BRDA:111,3,1,0
BRDA:123,4,0,0
BRDA:123,4,1,0
BRDA:125,5,0,0
BRDA:125,5,1,0
BRDA:130,6,0,0
BRDA:130,6,1,0
BRDA:131,7,0,0
BRDA:131,8,0,0
BRDA:131,8,1,0
BRDA:132,9,0,0
BRDA:132,9,1,0
BRDA:137,10,0,0
BRDA:137,10,1,0
BRDA:138,11,0,0
BRDA:138,11,1,0
BRDA:142,12,0,0
BRDA:142,12,1,0
BRDA:143,13,0,0
BRDA:143,13,1,0
BRDA:144,14,0,0
BRDA:144,14,1,0
BRDA:145,15,0,0
BRDA:145,15,1,0
BRDA:145,16,0,0
BRDA:145,16,1,0
BRDA:145,16,2,0
BRDA:145,17,0,0
BRDA:145,17,1,0
BRDA:157,18,0,0
BRDA:157,18,1,0
BRDA:157,19,0,0
BRDA:157,19,1,0
BRDA:176,20,0,0
BRDA:176,20,1,0
BRDA:178,21,0,0
BRDA:178,22,0,0
BRDA:178,23,0,0
BRDA:178,24,0,0
BRDA:180,25,0,0
BRDA:180,25,1,0
BRDA:182,26,0,0
BRDA:182,26,1,0
BRDA:182,27,0,0
BRDA:182,27,1,0
BRDA:188,28,0,0
BRDA:188,28,1,0
BRDA:193,29,0,0
BRDA:193,29,1,0
BRDA:208,30,0,0
BRDA:208,30,1,0
BRDA:213,31,0,0
BRDA:213,31,1,0
BRDA:213,32,0,0
BRDA:213,32,1,0
BRDA:213,33,0,0
BRDA:213,33,1,0
BRDA:223,34,0,0
BRDA:223,34,1,0
BRDA:223,34,2,0
BRDA:248,35,0,0
BRDA:248,35,1,0
BRDA:248,36,0,0
BRDA:248,36,1,0
BRDA:276,37,0,0
BRDA:276,37,1,0
BRDA:276,38,0,0
BRDA:276,38,1,0
BRDA:339,39,0,0
BRDA:339,39,1,0
BRF:77
BRH:0
end_of_record
TN:
SF:/Users/pragalbha/Documents/GoComet/frontend-service/components/client/dispatch/details/InvoiceListAndUpload/styles.jsx
FNF:0
FNH:0
DA:4,0
DA:12,0
DA:21,0
LF:3
LH:0
BRF:0
BRH:0
end_of_record
TN:
SF:/Users/pragalbha/Documents/GoComet/frontend-service/components/client/dispatch/details/InvoiceListAndUpload/UploadInvoice/index.jsx
FN:33,(anonymous_0)
FN:40,(anonymous_1)
FN:45,(anonymous_2)
FN:50,(anonymous_3)
FN:57,(anonymous_4)
FN:70,(anonymous_5)
FN:79,(anonymous_6)
FN:79,(anonymous_7)
FN:84,(anonymous_8)
FN:92,(anonymous_9)
FN:92,(anonymous_10)
FN:94,(anonymous_11)
FN:98,(anonymous_12)
FN:114,(anonymous_13)
FN:158,(anonymous_14)
FN:169,(anonymous_15)
FN:178,(anonymous_16)
FN:186,(anonymous_17)
FN:199,(anonymous_18)
FN:224,(anonymous_19)
FN:259,(anonymous_20)
FN:281,(anonymous_21)
FN:297,(anonymous_22)
FN:303,(anonymous_23)
FN:322,(anonymous_24)
FN:329,(anonymous_25)
FN:348,(anonymous_26)
FN:357,(anonymous_27)
FN:424,(anonymous_28)
FN:425,(anonymous_29)
FN:426,(anonymous_30)
FN:427,(anonymous_31)
FNF:32
FNH:0
FNDA:0,(anonymous_0)
FNDA:0,(anonymous_1)
FNDA:0,(anonymous_2)
FNDA:0,(anonymous_3)
FNDA:0,(anonymous_4)
FNDA:0,(anonymous_5)
FNDA:0,(anonymous_6)
FNDA:0,(anonymous_7)
FNDA:0,(anonymous_8)
FNDA:0,(anonymous_9)
FNDA:0,(anonymous_10)
FNDA:0,(anonymous_11)
FNDA:0,(anonymous_12)
FNDA:0,(anonymous_13)
FNDA:0,(anonymous_14)
FNDA:0,(anonymous_15)
FNDA:0,(anonymous_16)
FNDA:0,(anonymous_17)
FNDA:0,(anonymous_18)
FNDA:0,(anonymous_19)
FNDA:0,(anonymous_20)
FNDA:0,(anonymous_21)
FNDA:0,(anonymous_22)
FNDA:0,(anonymous_23)
FNDA:0,(anonymous_24)
FNDA:0,(anonymous_25)
FNDA:0,(anonymous_26)
FNDA:0,(anonymous_27)
FNDA:0,(anonymous_28)
FNDA:0,(anonymous_29)
FNDA:0,(anonymous_30)
FNDA:0,(anonymous_31)
DA:26,0
DA:27,0
DA:29,0
DA:30,0
DA:33,0
DA:34,0
DA:35,0
DA:36,0
DA:37,0
DA:38,0
DA:40,0
DA:45,0
DA:46,0
DA:47,0
DA:50,0
DA:51,0
DA:53,0
DA:54,0
DA:55,0
DA:56,0
DA:57,0
DA:58,0
DA:59,0
DA:60,0
DA:62,0
DA:65,0
DA:66,0
DA:70,0
DA:71,0
DA:72,0
DA:73,0
DA:74,0
DA:75,0
DA:79,0
DA:80,0
DA:81,0
DA:84,0
DA:92,0
DA:94,0
DA:95,0
DA:97,0
DA:98,0
DA:99,0
DA:100,0
DA:101,0
DA:106,0
DA:110,0
DA:127,0
DA:129,0
DA:130,0
DA:131,0
DA:132,0
DA:133,0
DA:136,0
DA:158,0
DA:169,0
DA:178,0
DA:186,0
DA:199,0
DA:224,0
DA:259,0
DA:281,0
DA:298,0
DA:303,0
DA:322,0
DA:329,0
DA:350,0
DA:357,0
DA:415,0
LF:69
LH:0
BRDA:35,0,0,0
BRDA:35,0,1,0
BRDA:37,1,0,0
BRDA:37,1,1,0
BRDA:54,2,0,0
BRDA:54,2,1,0
BRDA:58,3,0,0
BRDA:58,3,1,0
BRDA:58,4,0,0
BRDA:58,4,1,0
BRDA:59,5,0,0
BRDA:59,5,1,0
BRDA:60,6,0,0
BRDA:60,6,1,0
BRDA:62,7,0,0
BRDA:62,7,1,0
BRDA:66,8,0,0
BRDA:66,8,1,0
BRDA:72,9,0,0
BRDA:72,9,1,0
BRDA:74,10,0,0
BRDA:74,10,1,0
BRDA:79,11,0,0
BRDA:79,11,1,0
BRDA:80,12,0,0
BRDA:80,12,1,0
BRDA:92,13,0,0
BRDA:92,13,1,0
BRDA:99,14,0,0
BRDA:99,14,1,0
BRDA:99,15,0,0
BRDA:99,15,1,0
BRDA:100,16,0,0
BRDA:100,16,1,0
BRDA:129,17,0,0
BRDA:129,17,1,0
BRDA:130,18,0,0
BRDA:130,18,1,0
BRDA:132,19,0,0
BRDA:132,19,1,0
BRDA:149,20,0,0
BRDA:149,20,1,0
BRDA:156,21,0,0
BRDA:156,21,1,0
BRDA:211,22,0,0
BRDA:211,22,1,0
BRDA:218,23,0,0
BRDA:218,23,1,0
BRDA:221,24,0,0
BRDA:221,24,1,0
BRDA:226,25,0,0
BRDA:226,25,1,0
BRDA:239,26,0,0
BRDA:239,26,1,0
BRDA:241,27,0,0
BRDA:241,27,1,0
BRDA:245,28,0,0
BRDA:245,28,1,0
BRDA:253,29,0,0
BRDA:253,29,1,0
BRDA:270,30,0,0
BRDA:270,30,1,0
BRDA:292,31,0,0
BRDA:292,31,1,0
BRDA:297,32,0,0
BRDA:297,32,1,0
BRDA:314,33,0,0
BRDA:314,33,1,0
BRDA:319,34,0,0
BRDA:319,34,1,0
BRDA:320,35,0,0
BRDA:320,35,1,0
BRDA:322,36,0,0
BRDA:322,36,1,0
BRDA:322,36,2,0
BRDA:340,37,0,0
BRDA:340,37,1,0
BRDA:346,38,0,0
BRDA:346,38,1,0
BRDA:347,39,0,0
BRDA:347,39,1,0
BRDA:350,40,0,0
BRDA:350,40,1,0
BRDA:350,40,2,0
BRDA:370,41,0,0
BRDA:370,41,1,0
BRDA:380,42,0,0
BRDA:380,42,1,0
BRF:88
BRH:0
end_of_record
TN:
SF:/Users/pragalbha/Documents/GoComet/frontend-service/components/client/dispatch/details/InvoiceListAndUpload/UploadInvoice/styles.jsx
FNF:0
FNH:0
DA:5,0
DA:18,0
DA:56,0
DA:71,0
DA:88,0
DA:101,0
LF:6
LH:0
BRF:0
BRH:0
end_of_record
TN:
SF:/Users/pragalbha/Documents/GoComet/frontend-service/components/client/dispatch/details/InvoiceListAndUpload/UploadModal/index.jsx
FN:26,(anonymous_0)
FN:33,(anonymous_1)
FN:47,(anonymous_2)
FN:54,(anonymous_3)
FN:66,(anonymous_4)
FN:78,(anonymous_5)
FN:103,(anonymous_6)
FN:112,(anonymous_7)
FN:120,(anonymous_8)
FN:215,(anonymous_9)
FN:216,(anonymous_10)
FN:217,(anonymous_11)
FN:218,(anonymous_12)
FN:221,(anonymous_13)
FNF:14
FNH:0
FNDA:0,(anonymous_0)
FNDA:0,(anonymous_1)
FNDA:0,(anonymous_2)
FNDA:0,(anonymous_3)
FNDA:0,(anonymous_4)
FNDA:0,(anonymous_5)
FNDA:0,(anonymous_6)
FNDA:0,(anonymous_7)
FNDA:0,(anonymous_8)
FNDA:0,(anonymous_9)
FNDA:0,(anonymous_10)
FNDA:0,(anonymous_11)
FNDA:0,(anonymous_12)
FNDA:0,(anonymous_13)
DA:22,0
DA:26,0
DA:27,0
DA:29,0
DA:30,0
DA:33,0
DA:34,0
DA:35,0
DA:36,0
DA:44,0
DA:47,0
DA:48,0
DA:49,0
DA:50,0
DA:51,0
DA:54,0
DA:64,0
DA:66,0
DA:67,0
DA:74,0
DA:78,0
DA:88,0
DA:89,0
DA:90,0
DA:91,0
DA:93,0
DA:100,0
DA:103,0
DA:110,0
DA:112,0
DA:134,0
DA:136,0
DA:137,0
DA:155,0
DA:201,0
DA:221,0
DA:222,0
DA:224,0
LF:38
LH:0
BRDA:35,0,0,0
BRDA:35,0,1,0
BRDA:40,1,0,0
BRDA:40,1,1,0
BRDA:48,2,0,0
BRDA:90,3,0,0
BRDA:90,3,1,0
BRDA:91,4,0,0
BRDA:91,4,1,0
BRDA:93,5,0,0
BRDA:93,5,1,0
BRDA:94,6,0,0
BRDA:94,6,1,0
BRDA:94,6,2,0
BRDA:94,6,3,0
BRDA:94,6,4,0
BRDA:103,7,0,0
BRDA:103,7,1,0
BRDA:136,8,0,0
BRDA:136,8,1,0
BRDA:229,9,0,0
BRDA:229,9,1,0
BRF:22
BRH:0
end_of_record
TN:
SF:/Users/pragalbha/Documents/GoComet/frontend-service/components/client/dispatch/details/InvoiceListAndUpload/UploadModal/styles.jsx
FNF:0
FNH:0
DA:5,0
DA:15,0
LF:2
LH:0
BRF:0
BRH:0
end_of_record
TN:
SF:/Users/pragalbha/Documents/GoComet/frontend-service/components/client/dispatch/list/Cards.jsx
FN:8,(anonymous_0)
FN:21,(anonymous_1)
FN:30,(anonymous_2)
FN:85,(anonymous_3)
FN:86,(anonymous_4)
FN:87,(anonymous_5)
FNF:6
FNH:0
FNDA:0,(anonymous_0)
FNDA:0,(anonymous_1)
FNDA:0,(anonymous_2)
FNDA:0,(anonymous_3)
FNDA:0,(anonymous_4)
FNDA:0,(anonymous_5)
DA:8,0
DA:21,0
DA:22,0
DA:25,0
DA:26,0
DA:29,0
DA:30,0
DA:31,0
DA:44,0
DA:45,0
DA:59,0
DA:76,0
LF:12
LH:0
BRDA:25,0,0,0
BRDA:25,0,1,0
BRDA:30,1,0,0
BRDA:30,1,1,0
BRDA:30,2,0,0
BRDA:44,3,0,0
BRDA:44,3,1,0
BRDA:44,4,0,0
BRDA:44,4,1,0
BRF:9
BRH:0
end_of_record
TN:
SF:/Users/pragalbha/Documents/GoComet/frontend-service/components/client/dispatch/list/DispatchCard.jsx
FN:30,(anonymous_0)
FN:32,(anonymous_1)
FN:35,(anonymous_2)
FN:40,(anonymous_3)
FN:41,(anonymous_4)
FN:45,(anonymous_5)
FN:67,(anonymous_6)
FN:92,(anonymous_7)
FN:128,(anonymous_8)
FN:132,(anonymous_9)
FN:139,(anonymous_10)
FN:148,(anonymous_11)
FN:149,(anonymous_12)
FN:158,(anonymous_13)
FN:243,(anonymous_14)
FN:270,(anonymous_15)
FN:271,(anonymous_16)
FN:274,(anonymous_17)
FNF:18
FNH:0
FNDA:0,(anonymous_0)
FNDA:0,(anonymous_1)
FNDA:0,(anonymous_2)
FNDA:0,(anonymous_3)
FNDA:0,(anonymous_4)
FNDA:0,(anonymous_5)
FNDA:0,(anonymous_6)
FNDA:0,(anonymous_7)
FNDA:0,(anonymous_8)
FNDA:0,(anonymous_9)
FNDA:0,(anonymous_10)
FNDA:0,(anonymous_11)
FNDA:0,(anonymous_12)
FNDA:0,(anonymous_13)
FNDA:0,(anonymous_14)
FNDA:0,(anonymous_15)
FNDA:0,(anonymous_16)
FNDA:0,(anonymous_17)
DA:27,0
DA:28,0
DA:30,0
DA:31,0
DA:32,0
DA:33,0
DA:35,0
DA:36,0
DA:38,0
DA:40,0
DA:41,0
DA:42,0
DA:45,0
DA:47,0
DA:48,0
DA:50,0
DA:52,0
DA:53,0
DA:67,0
DA:68,0
DA:69,0
DA:70,0
DA:92,0
DA:116,0
DA:117,0
DA:118,0
DA:119,0
DA:120,0
DA:122,0
DA:123,0
DA:124,0
DA:125,0
DA:127,0
DA:129,0
DA:130,0
DA:131,0
DA:133,0
DA:134,0
DA:135,0
DA:137,0
DA:140,0
DA:141,0
DA:148,0
DA:149,0
DA:154,0
DA:159,0
DA:160,0
DA:243,0
DA:266,0
DA:274,0
DA:275,0
DA:276,0
DA:277,0
LF:53
LH:0
BRDA:30,0,0,0
BRDA:31,1,0,0
BRDA:31,1,1,0
BRDA:32,2,0,0
BRDA:32,2,1,0
BRDA:35,3,0,0
BRDA:35,3,1,0
BRDA:48,4,0,0
BRDA:48,4,1,0
BRDA:52,5,0,0
BRDA:52,5,1,0
BRDA:68,6,0,0
BRDA:68,6,1,0
BRDA:68,7,0,0
BRDA:68,7,1,0
BRDA:69,8,0,0
BRDA:69,8,1,0
BRDA:78,9,0,0
BRDA:78,9,1,0
BRDA:116,10,0,0
BRDA:116,10,1,0
BRDA:118,11,0,0
BRDA:118,11,1,0
BRDA:119,12,0,0
BRDA:119,12,1,0
BRDA:120,13,0,0
BRDA:120,13,1,0
BRDA:129,14,0,0
BRDA:129,14,1,0
BRDA:129,15,0,0
BRDA:129,15,1,0
BRDA:133,16,0,0
BRDA:133,16,1,0
BRDA:133,17,0,0
BRDA:133,17,1,0
BRDA:134,18,0,0
BRDA:134,18,1,0
BRDA:135,19,0,0
BRDA:135,19,1,0
BRDA:157,20,0,0
BRDA:157,20,1,0
BRDA:159,21,0,0
BRDA:159,21,1,0
BRDA:159,22,0,0
BRDA:159,22,1,0
BRDA:160,23,0,0
BRDA:160,23,1,0
BRDA:166,24,0,0
BRDA:166,24,1,0
BRDA:166,25,0,0
BRDA:166,25,1,0
BRDA:172,26,0,0
BRDA:172,26,1,0
BRDA:173,27,0,0
BRDA:173,27,1,0
BRDA:173,28,0,0
BRDA:173,28,1,0
BRDA:175,29,0,0
BRDA:175,29,1,0
BRDA:175,30,0,0
BRDA:175,30,1,0
BRDA:176,31,0,0
BRDA:176,31,1,0
BRDA:176,32,0,0
BRDA:176,32,1,0
BRDA:184,33,0,0
BRDA:184,33,1,0
BRDA:201,34,0,0
BRDA:201,34,1,0
BRDA:215,35,0,0
BRDA:215,35,1,0
BRDA:216,36,0,0
BRDA:216,36,1,0
BRDA:223,37,0,0
BRDA:223,37,1,0
BRDA:224,38,0,0
BRDA:224,38,1,0
BRDA:224,38,2,0
BRDA:227,39,0,0
BRDA:227,39,1,0
BRDA:238,40,0,0
BRDA:238,40,1,0
BRDA:243,41,0,0
BRDA:243,41,1,0
BRDA:275,42,0,0
BRDA:275,42,1,0
BRDA:276,43,0,0
BRDA:276,43,1,0
BRF:88
BRH:0
end_of_record
TN:
SF:/Users/pragalbha/Documents/GoComet/frontend-service/components/client/dispatch/list/DispatchOperationsMenu.jsx
FN:8,(anonymous_0)
FN:10,(anonymous_1)
FN:29,(anonymous_2)
FN:45,(anonymous_3)
FN:60,(anonymous_4)
FN:72,(anonymous_5)
FN:87,(anonymous_6)
FN:107,(anonymous_7)
FN:108,(anonymous_8)
FNF:9
FNH:0
FNDA:0,(anonymous_0)
FNDA:0,(anonymous_1)
FNDA:0,(anonymous_2)
FNDA:0,(anonymous_3)
FNDA:0,(anonymous_4)
FNDA:0,(anonymous_5)
FNDA:0,(anonymous_6)
FNDA:0,(anonymous_7)
FNDA:0,(anonymous_8)
DA:8,0
DA:10,0
DA:17,0
DA:20,0
DA:24,0
DA:30,0
DA:31,0
DA:46,0
DA:47,0
DA:61,0
DA:62,0
DA:73,0
DA:74,0
DA:82,0
DA:88,0
DA:103,0
LF:16
LH:0
BRDA:8,0,0,0
BRDA:8,0,1,0
BRDA:20,1,0,0
BRDA:20,1,1,0
BRDA:21,2,0,0
BRDA:21,2,1,0
BRDA:25,3,0,0
BRDA:25,3,1,0
BRDA:25,3,2,0
BRDA:41,4,0,0
BRDA:41,4,1,0
BRDA:55,5,0,0
BRDA:55,5,1,0
BRF:13
BRH:0
end_of_record
TN:
SF:/Users/pragalbha/Documents/GoComet/frontend-service/components/client/dispatch/list/TopBar.jsx
FN:10,(anonymous_0)
FN:15,(anonymous_1)
FN:20,(anonymous_2)
FN:58,(anonymous_3)
FN:59,(anonymous_4)
FNF:5
FNH:0
FNDA:0,(anonymous_0)
FNDA:0,(anonymous_1)
FNDA:0,(anonymous_2)
FNDA:0,(anonymous_3)
FNDA:0,(anonymous_4)
DA:11,0
DA:12,0
DA:15,0
DA:16,0
DA:17,0
DA:21,0
DA:23,0
DA:56,0
LF:8
LH:0
BRF:0
BRH:0
end_of_record
TN:
SF:/Users/pragalbha/Documents/GoComet/frontend-service/components/client/dispatch/list/WorkflowTimeline.jsx
FN:5,(anonymous_0)
FNF:1
FNH:0
FNDA:0,(anonymous_0)
DA:5,0
DA:16,0
DA:17,0
DA:18,0
DA:20,0
DA:21,0
DA:35,0
LF:7
LH:0
BRDA:16,0,0,0
BRDA:16,0,1,0
BRDA:17,1,0,0
BRDA:17,1,1,0
BRDA:20,2,0,0
BRDA:20,2,1,0
BRF:6
BRH:0
end_of_record
TN:
SF:/Users/pragalbha/Documents/GoComet/frontend-service/components/client/dispatch/list/index.jsx
FN:34,(anonymous_0)
FN:41,(anonymous_1)
FN:42,(anonymous_2)
FN:47,(anonymous_3)
FN:54,(anonymous_4)
FN:55,(anonymous_5)
FN:60,(anonymous_6)
FN:72,(anonymous_7)
FN:86,(anonymous_8)
FN:91,(anonymous_9)
FN:96,(anonymous_10)
FN:104,(anonymous_11)
FN:234,(anonymous_12)
FN:235,(anonymous_13)
FN:236,(anonymous_14)
FN:237,(anonymous_15)
FN:238,(anonymous_16)
FN:239,(anonymous_17)
FN:240,(anonymous_18)
FN:243,(anonymous_19)
FNF:20
FNH:0
FNDA:0,(anonymous_0)
FNDA:0,(anonymous_1)
FNDA:0,(anonymous_2)
FNDA:0,(anonymous_3)
FNDA:0,(anonymous_4)
FNDA:0,(anonymous_5)
FNDA:0,(anonymous_6)
FNDA:0,(anonymous_7)
FNDA:0,(anonymous_8)
FNDA:0,(anonymous_9)
FNDA:0,(anonymous_10)
FNDA:0,(anonymous_11)
FNDA:0,(anonymous_12)
FNDA:0,(anonymous_13)
FNDA:0,(anonymous_14)
FNDA:0,(anonymous_15)
FNDA:0,(anonymous_16)
FNDA:0,(anonymous_17)
FNDA:0,(anonymous_18)
FNDA:0,(anonymous_19)
DA:28,0
DA:35,0
DA:36,0
DA:37,0
DA:38,0
DA:41,0
DA:42,0
DA:47,0
DA:48,0
DA:54,0
DA:55,0
DA:60,0
DA:61,0
DA:62,0
DA:72,0
DA:73,0
DA:74,0
DA:75,0
DA:77,0
DA:86,0
DA:87,0
DA:88,0
DA:91,0
DA:92,0
DA:93,0
DA:96,0
DA:97,0
DA:98,0
DA:99,0
DA:101,0
DA:105,0
DA:121,0
DA:122,0
DA:123,0
DA:125,0
DA:218,0
DA:243,0
DA:244,0
DA:247,0
DA:248,0
DA:249,0
DA:250,0
DA:251,0
DA:252,0
DA:253,0
DA:255,0
LF:46
LH:0
BRDA:75,0,0,0
BRDA:75,0,1,0
BRDA:98,1,0,0
BRDA:98,1,1,0
BRDA:112,2,0,0
BRDA:122,3,0,0
BRDA:122,4,0,0
BRDA:122,4,1,0
BRDA:123,5,0,0
BRDA:123,5,1,0
BRDA:123,6,0,0
BRDA:123,6,1,0
BRDA:142,7,0,0
BRDA:142,7,1,0
BRDA:142,7,2,0
BRDA:147,8,0,0
BRDA:147,8,1,0
BRDA:159,9,0,0
BRDA:159,9,1,0
BRDA:243,10,0,0
BRDA:249,11,0,0
BRDA:249,11,1,0
BRF:22
BRH:0
end_of_record
TN:
SF:/Users/pragalbha/Documents/GoComet/frontend-service/components/client/dispatch/list/styles.jsx
FNF:0
FNH:0
DA:5,0
DA:9,0
DA:35,0
DA:41,0
DA:52,0
LF:5
LH:0
BRF:0
BRH:0
end_of_record
TN:
SF:/Users/pragalbha/Documents/GoComet/frontend-service/components/client/dispatch/list/Filters/helper.jsx
FN:44,(anonymous_0)
FN:60,(anonymous_1)
FN:61,(anonymous_2)
FN:62,(anonymous_3)
FN:63,(anonymous_4)
FN:64,(anonymous_5)
FN:65,(anonymous_6)
FN:66,(anonymous_7)
FN:67,(anonymous_8)
FN:68,(anonymous_9)
FN:69,(anonymous_10)
FN:87,(anonymous_11)
FN:94,(anonymous_12)
FN:104,(anonymous_13)
FN:146,(anonymous_14)
FN:170,(anonymous_15)
FN:176,(anonymous_16)
FNF:17
FNH:0
FNDA:0,(anonymous_0)
FNDA:0,(anonymous_1)
FNDA:0,(anonymous_2)
FNDA:0,(anonymous_3)
FNDA:0,(anonymous_4)
FNDA:0,(anonymous_5)
FNDA:0,(anonymous_6)
FNDA:0,(anonymous_7)
FNDA:0,(anonymous_8)
FNDA:0,(anonymous_9)
FNDA:0,(anonymous_10)
FNDA:0,(anonymous_11)
FNDA:0,(anonymous_12)
FNDA:0,(anonymous_13)
FNDA:0,(anonymous_14)
FNDA:0,(anonymous_15)
FNDA:0,(anonymous_16)
DA:4,1
DA:44,1
DA:58,0
DA:60,0
DA:61,0
DA:62,0
DA:63,0
DA:64,0
DA:65,0
DA:66,0
DA:67,0
DA:68,0
DA:69,0
DA:70,0
DA:71,0
DA:87,1
DA:94,1
DA:95,0
DA:96,0
DA:104,1
DA:121,0
DA:123,0
DA:126,0
DA:127,0
DA:130,0
DA:131,0
DA:132,0
DA:133,0
DA:134,0
DA:135,0
DA:136,0
DA:137,0
DA:138,0
DA:139,0
DA:140,0
DA:141,0
DA:142,0
DA:143,0
DA:146,1
DA:147,0
DA:149,0
DA:150,0
DA:151,0
DA:170,0
DA:171,0
DA:172,0
DA:176,0
DA:177,0
DA:178,0
DA:182,0
LF:50
LH:6
BRDA:60,0,0,0
BRDA:60,0,1,0
BRDA:61,1,0,0
BRDA:61,1,1,0
BRDA:62,2,0,0
BRDA:62,2,1,0
BRDA:63,3,0,0
BRDA:63,3,1,0
BRDA:64,4,0,0
BRDA:64,4,1,0
BRDA:65,5,0,0
BRDA:65,5,1,0
BRDA:66,6,0,0
BRDA:66,6,1,0
BRDA:67,7,0,0
BRDA:67,7,1,0
BRDA:68,8,0,0
BRDA:68,8,1,0
BRDA:69,9,0,0
BRDA:69,9,1,0
BRDA:70,10,0,0
BRDA:70,10,1,0
BRDA:72,11,0,0
BRDA:72,11,1,0
BRDA:73,12,0,0
BRDA:73,12,1,0
BRDA:74,13,0,0
BRDA:74,13,1,0
BRDA:75,14,0,0
BRDA:75,14,1,0
BRDA:76,15,0,0
BRDA:76,15,1,0
BRDA:77,16,0,0
BRDA:77,16,1,0
BRDA:78,17,0,0
BRDA:78,17,1,0
BRDA:79,18,0,0
BRDA:79,18,1,0
BRDA:80,19,0,0
BRDA:80,19,1,0
BRDA:81,20,0,0
BRDA:81,20,1,0
BRDA:82,21,0,0
BRDA:82,21,1,0
BRDA:89,22,0,0
BRDA:89,22,1,0
BRDA:89,23,0,0
BRDA:89,23,1,0
BRDA:89,24,0,0
BRDA:89,24,1,0
BRDA:90,25,0,0
BRDA:90,25,1,0
BRDA:90,26,0,0
BRDA:90,26,1,0
BRDA:90,27,0,0
BRDA:90,27,1,0
BRDA:95,28,0,0
BRDA:95,28,1,0
BRDA:98,29,0,0
BRDA:98,29,1,0
BRDA:99,30,0,0
BRDA:99,30,1,0
BRDA:121,31,0,0
BRDA:121,31,1,0
BRDA:126,32,0,0
BRDA:126,32,1,0
BRDA:126,33,0,0
BRDA:126,33,1,0
BRDA:127,34,0,0
BRDA:127,34,1,0
BRDA:127,35,0,0
BRDA:127,35,1,0
BRDA:130,36,0,0
BRDA:130,36,1,0
BRDA:130,37,0,0
BRDA:130,37,1,0
BRDA:131,38,0,0
BRDA:131,38,1,0
BRDA:131,39,0,0
BRDA:131,39,1,0
BRDA:132,40,0,0
BRDA:132,40,1,0
BRDA:132,41,0,0
BRDA:132,41,1,0
BRDA:133,42,0,0
BRDA:133,42,1,0
BRDA:133,43,0,0
BRDA:133,43,1,0
BRDA:134,44,0,0
BRDA:134,44,1,0
BRDA:134,45,0,0
BRDA:134,45,1,0
BRDA:135,46,0,0
BRDA:135,46,1,0
BRDA:135,47,0,0
BRDA:135,47,1,0
BRDA:136,48,0,0
BRDA:136,48,1,0
BRDA:136,49,0,0
BRDA:136,49,1,0
BRDA:137,50,0,0
BRDA:137,50,1,0
BRDA:137,51,0,0
BRDA:137,51,1,0
BRDA:138,52,0,0
BRDA:138,52,1,0
BRDA:138,53,0,0
BRDA:138,53,1,0
BRDA:139,54,0,0
BRDA:139,54,1,0
BRDA:139,55,0,0
BRDA:139,55,1,0
BRDA:140,56,0,0
BRDA:140,56,1,0
BRDA:140,57,0,0
BRDA:140,57,1,0
BRDA:141,58,0,0
BRDA:141,58,1,0
BRDA:141,59,0,0
BRDA:141,59,1,0
BRDA:142,60,0,0
BRDA:142,60,1,0
BRDA:142,61,0,0
BRDA:142,61,1,0
BRDA:147,62,0,0
BRDA:147,62,1,0
BRDA:147,63,0,0
BRDA:147,63,1,0
BRDA:171,64,0,0
BRDA:171,64,1,0
BRDA:171,65,0,0
BRDA:171,65,1,0
BRDA:171,66,0,0
BRDA:171,66,1,0
BRDA:171,67,0,0
BRDA:171,67,1,0
BRDA:177,68,0,0
BRDA:177,68,1,0
BRDA:177,69,0,0
BRDA:177,69,1,0
BRF:140
BRH:0
end_of_record
TN:
SF:/Users/pragalbha/Documents/GoComet/frontend-service/components/client/dispatch/list/Filters/index.jsx
FN:15,(anonymous_0)
FN:25,(anonymous_1)
FN:30,(anonymous_2)
FN:35,(anonymous_3)
FN:57,(anonymous_4)
FN:247,(anonymous_5)
FN:248,(anonymous_6)
FN:249,(anonymous_7)
FN:252,(anonymous_8)
FNF:9
FNH:3
FNDA:2,(anonymous_0)
FNDA:4,(anonymous_1)
FNDA:0,(anonymous_2)
FNDA:0,(anonymous_3)
FNDA:0,(anonymous_4)
FNDA:0,(anonymous_5)
FNDA:0,(anonymous_6)
FNDA:0,(anonymous_7)
FNDA:2,(anonymous_8)
DA:15,1
DA:25,4
DA:30,2
DA:31,0
DA:32,0
DA:35,2
DA:36,0
DA:37,0
DA:42,0
DA:48,0
DA:53,0
DA:54,0
DA:57,2
DA:58,0
DA:59,0
DA:60,0
DA:78,2
DA:80,2
DA:209,2
DA:241,1
DA:252,1
DA:253,2
DA:255,2
LF:23
LH:12
BRDA:26,0,0,0
BRDA:26,0,1,4
BRDA:27,1,0,0
BRDA:27,1,1,4
BRDA:78,2,0,2
BRDA:78,2,1,0
BRDA:85,3,0,2
BRDA:85,3,1,2
BRDA:85,4,0,2
BRDA:85,4,1,2
BRDA:91,5,0,2
BRDA:91,5,1,2
BRDA:91,6,0,2
BRDA:91,6,1,2
BRDA:99,7,0,2
BRDA:99,7,1,2
BRDA:107,8,0,2
BRDA:107,8,1,2
BRDA:113,9,0,2
BRDA:113,9,1,2
BRDA:113,10,0,2
BRDA:113,10,1,0
BRDA:115,11,0,2
BRDA:115,11,1,2
BRDA:122,12,0,2
BRDA:122,12,1,2
BRDA:122,13,0,2
BRDA:122,13,1,0
BRDA:124,14,0,2
BRDA:124,14,1,2
BRDA:130,15,0,2
BRDA:130,15,1,2
BRDA:130,16,0,2
BRDA:130,16,1,0
BRDA:133,17,0,2
BRDA:133,17,1,2
BRDA:140,18,0,2
BRDA:140,18,1,2
BRDA:140,19,0,2
BRDA:140,19,1,0
BRDA:142,20,0,2
BRDA:142,20,1,2
BRDA:149,21,0,2
BRDA:149,21,1,2
BRDA:149,22,0,2
BRDA:149,22,1,0
BRDA:151,23,0,2
BRDA:151,23,1,2
BRDA:161,24,0,2
BRDA:161,24,1,2
BRDA:171,25,0,2
BRDA:171,25,1,2
BRDA:180,26,0,2
BRDA:180,26,1,2
BRDA:189,27,0,2
BRDA:189,27,1,2
BRDA:198,28,0,2
BRDA:198,28,1,2
BRDA:204,29,0,2
BRDA:204,29,1,2
BRDA:253,30,0,2
BRDA:253,30,1,0
BRF:62
BRH:53
end_of_record
TN:
SF:/Users/pragalbha/Documents/GoComet/frontend-service/components/client/dispatch/list/SideBar/index.jsx
FN:12,(anonymous_0)
FN:40,(anonymous_1)
FN:54,(anonymous_2)
FN:69,(anonymous_3)
FN:88,(anonymous_4)
FN:155,(anonymous_5)
FN:156,(anonymous_6)
FN:159,(anonymous_7)
FNF:8
FNH:0
FNDA:0,(anonymous_0)
FNDA:0,(anonymous_1)
FNDA:0,(anonymous_2)
FNDA:0,(anonymous_3)
FNDA:0,(anonymous_4)
FNDA:0,(anonymous_5)
FNDA:0,(anonymous_6)
FNDA:0,(anonymous_7)
DA:12,0
DA:13,0
DA:23,0
DA:24,0
DA:36,0
DA:43,0
DA:45,0
DA:46,0
DA:47,0
DA:48,0
DA:49,0
DA:51,0
DA:54,0
DA:55,0
DA:57,0
DA:77,0
DA:79,0
DA:89,0
DA:147,0
DA:159,0
DA:160,0
DA:162,0
LF:22
LH:0
BRDA:23,0,0,0
BRDA:23,0,1,0
BRDA:45,1,0,0
BRDA:45,1,1,0
BRDA:46,2,0,0
BRDA:46,2,1,0
BRDA:47,3,0,0
BRDA:47,3,1,0
BRDA:48,4,0,0
BRDA:48,4,1,0
BRDA:48,5,0,0
BRDA:48,5,1,0
BRDA:88,6,0,0
BRDA:88,6,1,0
BRDA:94,7,0,0
BRDA:94,7,1,0
BRDA:99,8,0,0
BRDA:99,8,1,0
BRDA:105,9,0,0
BRDA:105,9,1,0
BRDA:120,10,0,0
BRDA:120,10,1,0
BRDA:160,11,0,0
BRDA:160,11,1,0
BRDA:166,12,0,0
BRDA:166,12,1,0
BRF:26
BRH:0
end_of_record
TN:
SF:/Users/pragalbha/Documents/GoComet/frontend-service/components/client/dispatch/list/SideBar/styles.jsx
FNF:0
FNH:0
DA:6,0
DA:42,0
DA:47,0
DA:55,0
DA:57,0
DA:61,0
DA:83,0
DA:87,0
DA:94,0
LF:9
LH:0
BRF:0
BRH:0
end_of_record
